Time                 Symbol       Volume     VolCutoff Criteria  
2025-09-30 09:19:00  ACLGATI      54752      50217.0   35%       LOW VOLUME   NA:LV
2025-09-30 09:20:00  WHEELS       17057      14242.0   50%       LOW VOLUME   NA:PNQ
2025-09-30 09:24:00  CHEMCON      71783      65249.0   40%                    Short :profit  3/1.25
2025-09-30 09:26:00  RNBDENIMS    30869      30858.0   40%       LOW VOLUME   NA:LV
2025-09-30 09:28:00  MANINDS      213280     210304.0  45%                    NA:NE
2025-09-30 09:28:00  VIPCLOTHNG   102659     99044.0   50%                    NA:LV
2025-09-30 09:29:00  MANINDS      310385     233671.0  50%                    NA:NE
2025-09-30 09:35:00  MANINDS      231778     210304.0  45%                    NA:NE
2025-09-30 09:37:00  OSWALGREEN   98638      97923.0   35%                    NA:LV
2025-09-30 09:37:00  INDORAMA     84089      60734.0   50%       LOW VOLUME   NA:CTUC
2025-09-30 09:38:00  OSWALGREEN   115017     111912.0  40%                    NA:LV
2025-09-30 09:38:00  WHEELS       11653      11393.0   40%       LOW VOLUME   SHORT : Profit 2/1
2025-09-30 09:41:00  CYBERTECH    104936     25947.0   50%       LOW VOLUME   NA:NDH
2025-09-30 09:41:00  MANINDS      299802     233671.0  50%                    short:profit 3/1.25


2025-09-30 09:50:00  IFGLEXPOR    52531      49876.0   50%       LOW VOLUME   long:profit 3/1.5
2025-09-30 09:51:00  IFGLEXPOR    67252      49876.0   50%       LOW VOLUME   NA:PAT
2025-09-30 10:06:00  IFGLEXPOR    42516      39900.0   40%       LOW VOLUME   NA:PAT
2025-09-30 10:15:00  TATAINVEST   34519      33459.0   35%       LOW VOLUME   long:profit 3/1.5
2025-09-30 10:19:00  IFGLEXPOR    56287      49876.0   50%       LOW VOLUME   NA:PAT
2025-09-30 10:20:00  IFGLEXPOR    179854     49876.0   50%       LOW VOLUME   NA:PAT
2025-09-30 10:21:00  IFGLEXPOR    220915     49876.0   50%       LOW VOLUME   NA:PAT
2025-09-30 10:54:00  IFGLEXPOR    1013627    49876.0   50%       LOW VOLUME   NA:PAT
2025-09-30 10:54:00  TATAINVEST   114011     47798.0   50%       LOW VOLUME   NA:PAT
2025-09-30 11:02:00  IFGLEXPOR    52695      49876.0   50%       LOW VOLUME   NA:PAT
2025-09-30 11:03:00  CYBERTECH    29584      25947.0   50%       LOW VOLUME   NA:PAT
2025-09-30 11:04:00  CYBERTECH    109816     25947.0   50%       LOW VOLUME   NA:PAT
2025-09-30 11:11:00  CYBERTECH    126467     25947.0   50%       LOW VOLUME   NA:PAT
2025-09-30 11:24:00  TNPL         166678     163555.0  50%                    long:LOSS 
2025-09-30 11:54:00  CYBERTECH    85956      25947.0   50%       LOW VOLUME   NA:PAT
2025-09-30 12:09:00  ASAL         16785      16192.0   50%       LOW VOLUME   NA:NDH
2025-09-30 12:13:00  TATAINVEST   42171      38238.0   40%       LOW VOLUME   NA:PAT
2025-09-30 13:06:00  CEMPRO       223485     217812.0  40%                    NA:PNQ
2025-09-30 13:06:00  MANINDS      367978     233671.0  50%                    NA:NE
2025-09-30 13:06:00  ARIHANTSUP   22027      13738.0   50%       LOW VOLUME   NA:NDH
2025-09-30 13:18:00  ASAL         27677      16192.0   50%       LOW VOLUME   NA:NDH 
2025-09-30 13:20:00  CYBERTECH    33256      25947.0   50%       LOW VOLUME   NA:PAT
2025-09-30 13:32:00  CYBERTECH    31927      25947.0   50%       LOW VOLUME   NA:PAT
2025-09-30 13:33:00  CYBERTECH    59502      25947.0   50%       LOW VOLUME   NA:PAT
2025-09-30 13:50:00  IFGLEXPOR    119592     49876.0   50%       LOW VOLUME   NA:PAT
2025-09-30 13:55:00  PROZONER     418814     410754.0  50%                    Long:LOSS
2025-09-30 14:22:00  PROZONER     401604     369679.0  45%                    NA:PAT
2025-09-30 14:26:00  PROZONER     560681     410754.0  50%                    NA:PAT
2025-09-30 14:35:00  TICL         86165      78364.0   50%                    NA:LV
2025-09-30 14:35:00  PROZONER     352333     328604.0  40%                    NA:PAT 
2025-09-30 14:37:00  TATAINVEST   41418      38238.0   40%       LOW VOLUME   NA:PAT
2025-09-30 14:44:00  IFGLEXPOR    177886     49876.0   50%       LOW VOLUME   NA:PAT
2025-09-30 14:57:00  CYBERTECH    48479      25947.0   50%       LOW VOLUME   NA:PAT
2025-09-30 14:58:00  CYBERTECH    71228      25947.0   50%       LOW VOLUME   NA:PAT
2025-09-30 15:02:00  GANECOS      20155      17889.0   35%       LOW VOLUME   NA:NE
2025-09-30 15:03:00  CYBERTECH    36726      25947.0   50%       LOW VOLUME   NA:PAT
2025-09-30 15:04:00  CYBERTECH    70002      25947.0   50%       LOW VOLUME   NA:PAT
2025-09-30 15:15:00  IFGLEXPOR    37306      34913.0   35%       LOW VOLUME   NA:PAT
    
