Time                 Symbol       Volume     VolCutoff Criteria   turnover   Days High %UC   
2025-10-08 09:25:00  ESSARSHPNG   52244      40439.0   Dynamic   1564.0     no       12.06
2025-10-08 09:26:00  CENTEXT      93113      83034.0   Dynamic   2961.0     no       14.62
2025-10-08 09:27:00  SALZERELEC   43741      34189.0   Dynamic   37514.0    yes      6.91 
2025-10-08 09:28:00  RANASUG      79828      55939.0   Dynamic   1180.0     no       15.83
2025-10-08 09:28:00  ESSARSHPNG   53102      40439.0   Dynamic   1633.0     yes      9.07 
2025-10-08 09:31:00  HCC          527753     398032.0  Dynamic   15015.0    yes      15.43
2025-10-08 09:31:00  MMTC         355654     154172.0  Dynamic   25497.0    yes      14.44
2025-10-08 09:32:00  AKSHOPTFBR   66322      57188.0   Dynamic   537.0      no       6.17 
2025-10-08 09:33:00  YATRA        551054     503755.0  Dynamic   96429.0    yes      9.94 
2025-10-08 09:33:00  ESSARSHPNG   100964     40439.0   Dynamic   3180.0     no       6.48 
2025-10-08 09:34:00  JAICORPLTD   502434     421316.0  Dynamic   80641.0    yes      7.6  
2025-10-08 09:34:00  ITI          513397     162350.0  Dynamic   180279.0   yes      10.76
2025-10-08 09:35:00  ITI          606440     162350.0  Dynamic   214225.0   yes      10.11
2025-10-08 09:40:00  HCC          891100     398032.0  Dynamic   25886.0    yes      13.05
2025-10-08 09:40:00  MMTC         242046     154172.0  Dynamic   17425.0    yes      13.96
2025-10-08 09:41:00  MMTC         718610     154172.0  Dynamic   52336.0    yes      12.65
2025-10-08 09:43:00  ITI          516890     162350.0  Dynamic   184245.0   yes      9.12 
2025-10-08 09:44:00  INDRAMEDCO   174062     63759.0   Dynamic   108093.0   yes      10.85
2025-10-08 09:49:00  IFCI         1170755    486149.0  Dynamic   70117.0    yes      13.44
2025-10-08 09:50:00  IFCI         1586782    486149.0  Dynamic   95731.0    yes      12.61
2025-10-08 09:53:00  SEQUENT      125328     118888.0  Dynamic   26770.0    yes      13.82
2025-10-08 09:54:00  INDRAMEDCO   150523     63759.0   Dynamic   92511.0    no       12.01
2025-10-08 09:54:00  NATIONALUM   1465042    606553.0  Dynamic   327115.0   yes      6.94 
2025-10-08 09:55:00  SEQUENT      150214     118888.0  Dynamic   32556.0    yes      12.18
2025-10-08 09:56:00  INFIBEAM     657096     644903.0  Dynamic   12202.0    yes      17.18
2025-10-08 09:57:00  INFIBEAM     2023642    644903.0  Dynamic   38044.0    yes      15.74
2025-10-08 09:59:00  VASCONEQ     395597     314384.0  Dynamic   28606.0    yes      18.28
2025-10-08 10:00:00  ITI          206073     162350.0  Dynamic   73640.0    no       8.84 
2025-10-08 10:06:00  IFCI         647664     486149.0  Dynamic   39177.0    yes      12.32
2025-10-08 10:06:00  ESSARSHPNG   53292      40439.0   Dynamic   1688.0     no       5.87 
2025-10-08 10:07:00  ITI          580484     162350.0  Dynamic   211006.0   yes      7.0  
2025-10-08 10:10:00  INDRAMEDCO   68475      63759.0   Dynamic   41486.0    no       13.63
2025-10-08 10:10:00  SALZERELEC   92395      34189.0   Dynamic   79936.0    no       5.98 
2025-10-08 10:10:00  RBLBANK      875286     834249.0  Dynamic   245386.0   yes      7.33 
2025-10-08 10:11:00  ESSARSHPNG   100925     40439.0   Dynamic   3283.0     yes      3.1  
2025-10-08 10:13:00  ESSARSHPNG   392503     40439.0   Dynamic   12996.0    no       1.3  
2025-10-08 10:18:00  INFIBEAM     800768     644903.0  Dynamic   15303.0    yes      13.87
2025-10-08 10:21:00  SALZERELEC   101251     34189.0   Dynamic   89450.0    yes      3.79 
2025-10-08 10:23:00  RAMCOSYS     24115      21655.0   Dynamic   13378.0    yes      0.0  
2025-10-08 10:25:00  VAKRANGEE    340653     257194.0  Dynamic   2943.0     yes      2.78 
2025-10-08 10:25:00  AVG          37768      13579.0   Dynamic   9987.0     yes      0.0  
2025-10-08 10:26:00  ITI          654845     162350.0  Dynamic   239051.0   yes      6.55 
2025-10-08 10:44:00  SEQUENT      171661     118888.0  Dynamic   37379.0    yes      11.65
2025-10-08 10:46:00  NILAINFRA    150423     108739.0  Dynamic   1673.0     yes      8.09 
2025-10-08 10:48:00  CHEMCON      57904      50839.0   Dynamic   16381.0    no       16.88
2025-10-08 10:48:00  INFIBEAM     2018902    644903.0  Dynamic   40055.0    yes      9.68 
2025-10-08 10:49:00  CHEMCON      60388      50839.0   Dynamic   17093.0    no       16.82
2025-10-08 11:11:00  IFCI         1430137    486149.0  Dynamic   86023.0    yes      12.95
2025-10-08 11:13:00  SALZERELEC   39389      34189.0   Dynamic   34771.0    yes      3.87 
2025-10-08 11:17:00  ITI          302744     162350.0  Dynamic   109608.0   no       7.43 
2025-10-08 11:24:00  ITI          227795     162350.0  Dynamic   82906.0    yes      6.87 
2025-10-08 11:25:00  ITI          243701     162350.0  Dynamic   88744.0    yes      6.81 
2025-10-08 11:36:00  TIRUPATIFL   59028      53332.0   Dynamic   2683.0     yes      9.53 
2025-10-08 11:38:00  RBLBANK      954631     834249.0  Dynamic   271593.0   yes      5.76 
2025-10-08 11:51:00  SALZERELEC   36835      34189.0   Dynamic   32501.0    yes      3.92 
2025-10-08 12:11:00  ITI          188379     162350.0  Dynamic   69342.0    yes      5.66 
2025-10-08 12:12:00  ITI          517206     162350.0  Dynamic   190952.0   yes      5.35 
2025-10-08 12:20:00  SANDUMA      67469      59394.0   Dynamic   12725.0    no       19.55
2025-10-08 12:22:00  NATIONALUM   700613     606553.0  Dynamic   157729.0   yes      6.06 
2025-10-08 12:26:00  SALZERELEC   127540     34189.0   Dynamic   113281.0   yes      3.23 
2025-10-08 12:32:00  UTKARSHBNK   220590     208920.0  Dynamic   4996.0     yes      15.5 
2025-10-08 12:44:00  GRAPHITE     138349     126918.0  Dynamic   83099.0    yes      14.73
2025-10-08 12:52:00  GRAPHITE     157206     126918.0  Dynamic   95463.0    yes      13.48
2025-10-08 12:58:00  GRAPHITE     190635     126918.0  Dynamic   117031.0   yes      12.25
2025-10-08 13:11:00  ITI          250109     162350.0  Dynamic   91365.0    no       6.47 
2025-10-08 13:19:00  ITI          177749     162350.0  Dynamic   65181.0    no       6.07 
2025-10-08 13:19:00  MMTC         181907     154172.0  Dynamic   12955.0    no       15.19
2025-10-08 13:20:00  WHEELS       19231      16351.0   Dynamic   18056.0    yes      12.51
2025-10-08 13:44:00  VASCONEQ     402271     314384.0  Dynamic   29165.0    yes      17.97
2025-10-08 13:45:00  WHEELS       17916      16351.0   Dynamic   17128.0    yes      10.5 
2025-10-08 13:51:00  SALZERELEC   278303     34189.0   Dynamic   250695.0   no       1.79 
2025-10-08 14:00:00  SBC          658714     653426.0  Dynamic   14623.0    no       21.17
2025-10-08 14:01:00  SBC          747189     653426.0  Dynamic   16610.0    no       21.01
2025-10-08 14:03:00  ITI          179016     162350.0  Dynamic   65663.0    no       6.04 
2025-10-08 14:04:00  ITI          467189     162350.0  Dynamic   171972.0   yes      5.66 
2025-10-08 14:06:00  ITI          978361     162350.0  Dynamic   363363.0   yes      4.73 
2025-10-08 14:16:00  HDFCGOLD     606403     423565.0  Dynamic   63581.0    yes      16.59
2025-10-08 14:20:00  JAICORPLTD   858789     421316.0  Dynamic   140781.0   yes      5.35 
2025-10-08 14:33:00  JAICORPLTD   516130     421316.0  Dynamic   86013.0    yes      3.63 
2025-10-08 14:34:00  JAICORPLTD   1050306    421316.0  Dynamic   177145.0   yes      2.4  
2025-10-08 14:35:00  INDRAMEDCO   119520     63759.0   Dynamic   66214.0    no       24.26
2025-10-08 14:36:00  SALZERELEC   49518      34189.0   Dynamic   44863.0    yes      1.2  
2025-10-08 14:37:00  GOLDIETF     2004084    365842.0  Dynamic   210709.0   yes      16.47
2025-10-08 14:42:00  ITI          689869     162350.0  Dynamic   256321.0   yes      4.68 
2025-10-08 15:10:00  GOLDIETF     601367     365842.0  Dynamic   63276.0    yes      16.38
2025-10-08 15:18:00  IFCI         569764     486149.0  Dynamic   33696.0    no       14.88
