Time                 Symbol       Volume     VolCutoff Criteria   turnover   Days High %UC   
2025-10-24 09:17:00  COASTCORP    498214     120772    UV        2680.0     no       14.92    NA:NDH
2025-10-24 09:17:00  ARIHANTCAP   2143357    888901    UV        46602.0    no       15.32    NA:NDH
2025-10-24 09:17:00  SIKKO        293143     39710     UV        7232.0     no       1.96     NA:CTUC
2025-10-24 09:17:00  BHAGERIA     418709     60321     UV        18705.0    no       22.63    hit
2025-10-24 09:17:00  LATTEYS      178129     73953     UV        1099.0     no       4.51     NA:NDH
2025-10-24 09:17:00  THYROCARE    6163355    180014    UV        8119.0     yes      18.95    NA:SS
2025-10-24 09:17:00  PFS          2842915    516905    UV        29569.0    no       8.06     hit
2025-10-24 09:18:00  SANDUMA      207969     207220    UV        3376.0     yes      17.36    2%
2025-10-24 09:19:00  ADANIPOWER   4875754    4874342   UV        132728.0   yes      18.91    LOSS
2025-10-24 09:19:00  POKARNA      134486     125982    UV        18188.0    no       18.      hit:profit
2025-10-24 09:19:00  AGIIL        111695     104124    UV        3151.0     no       19.71    NA:LV 
2025-10-24 09:20:00  FCSSOFT      1968425    1949791   UV        387.0      no       24.38    NA:LV
2025-10-24 09:20:00  RMDRIP       44973      42901     UV        413.0      yes      16.58    NA:LV
2025-10-24 09:21:00  SCI          1714059    1621266   UV        25528.0    yes      19.1     hit:profit:MB
2025-10-24 09:21:00  GRWRHITECH   73855      72118     UV        37305.0    yes      12.23    loss
2025-10-24 09:22:00  ROLEXRINGS   30625      29551     UV        553.0      yes      19.32    NA:LV
2025-10-24 09:22:00  MEGASOFT     184932     182956    UV        666.0      yes      1.57     NA:LV
2025-10-24 09:23:00  LCCINFOTEC   95380      85288     UV        112.0      no       4.36     NA:LV
2025-10-24 09:23:00  RNBDENIMS    77785      77145     UV        1073.0     no       11.62    NA:LV
2025-10-24 09:27:00  LAURUSLABS   2311066    2182863   UV        138510.0   no       13.23    NA:NDH
2025-10-24 09:28:00  OILCOUNTUB   30821      29181     UV        202.0      yes      10.13    NA:LV
2025-10-24 09:28:00  LEXUS        33335      33122     UV        15.0       no       21.56    NA:LV
2025-10-24 09:29:00  MARINE       212342     204451    UV        2034.0     no       9.6      NA:LV
2025-10-24 09:29:00  BSOFT        1074851    1052420   UV        12911.0    yes      21.23    2%
2025-10-24 09:29:00  UTKARSHBNK   1438374    1434809   UV        999.0      no       22.73    hit:profit:MB
2025-10-24 09:31:00  FEDERALBNK   6805050    6775989   UV        23514.0    yes      8.33     NA:NDH
2025-10-24 09:31:00  MITCON       24589      22539     UV        846.0      yes      13.23    NA:LV
2025-10-24 09:31:00  DCBBANK      1433143    1414703   UV        9265.0     yes      20.61    hit:profit
2025-10-24 09:32:00  GFLLIMITED   48496      44324     UV        415.0      no       23.69    NA:LV
2025-10-24 09:33:00  SHAREINDIA   358044     356603    UV        2386.0     yes      9.73     loss
2025-10-24 09:33:00  NATIONALUM   7531334    7394876   UV        58214.0    yes      5.59     hit
2025-10-24 09:34:00  JKTYRE       655774     597055    UV        230646.0   yes      20.28    NA:SS
2025-10-24 09:35:00  KITEX        1104326    1090373   UV        9161.0     no       19.46    hit:loss
2025-10-24 09:39:00  SAMMAANCAP   13139576   12967871  UV        46892.0    yes      6.22     hit:profit
2025-10-24 09:40:00  GIPCL        381716     274499    UV        24243.0    yes      20.19    NA:NDH
2025-10-24 09:40:00  HARDWYN      537304     463638    UV        1137.0     yes      17.14    NA:LV
2025-10-24 09:41:00  CGCL         3957457    3948868   UV        7553.0     no       17.12    NA:NDH
2025-10-24 09:42:00  MANAKCOAT    282465     281770    UV        1757.0     no       16.55    NA:LV
2025-10-24 09:42:00  UNIPARTS     116445     116282    UV        968.0      no       24.17    NA:LV
2025-10-24 09:43:00  BBOX         130923     124047    UV        6116.0     yes      3.54     NA:LV
2025-10-24 09:43:00  INDORAMA     121576     121468    UV        33.0       yes      18.12    NA:LV
2025-10-24 09:43:00  KERNEX       64831      64184     UV        1671.0     no       11.34    NA:LV
2025-10-24 09:45:00  HINDALCO     4680850    4651889   UV        64723.0    yes      6.03     hit:loss
2025-10-24 09:45:00  RAJRATAN     101861     98951     UV        4155.0     no       22.49    NA:NDH
2025-10-24 09:45:00  GRAVITA      290306     289052    UV        31792.0    no       16.06    2%
2025-10-24 09:46:00  SOUTHBANK    7392510    7088111   UV        20153.0    no       20.37    NA:NDH
2025-10-24 09:47:00  VEDL         7997544    7832775   UV        249298.0   yes      6.65     loss
2025-10-24 09:47:00  BAGFILMS     135078     130090    UV        105.0      no       18.      NA:LV
2025-10-24 09:47:00  SAGCEM       351375     343671    UV        4463.0     no       19.16    NA:NDH
2025-10-24 09:48:00  TVSELECT     40448      39170     UV        1033.0     yes      19.55    NA:LV
2025-10-24 09:48:00  BALUFORGE    193531     172317    UV        33848.0    yes      10.      NA:NDH
2025-10-24 09:50:00  DONEAR       39571      39365     UV        149.0      yes      20.06    NA:LV
2025-10-24 09:52:00  PVTBANKADD   22064      20659     UV        548.0      no       19.56    NA:LV
2025-10-24 09:56:00  GULPOLY      85136      80537     UV        1799.0     no       22.72    NA:LV
2025-10-24 09:56:00  JGCHEM       331439     310762    UV        25566.0    yes      12.03    2%
2025-10-24 09:57:00  INOXGREEN    752851     727315    UV        7126.0     no       12.9     NA:NDH
2025-10-24 09:59:00  CEATLTD      140997     140723    UV        2286.0     yes      21.29    NA:NDH
2025-10-24 10:00:00  INTERARCH    28505      28159     UV        2235.0     yes      17.61    NA:NDH
2025-10-24 10:01:00  IDEAFORGE    551850     547599    UV        4521.0     no       14.61    NA:NDH
2025-10-24 10:07:00  NOCIL        330251     313480    UV        3643.0     yes      16.21    2%
2025-10-24 10:09:00  ANUHPHR      156478     130832    UV        3338.0     yes      12.74    NA:LV
2025-10-24 10:10:00  HINDZINC     2522328    2482111   UV        21366.0    yes      6.99     loss
2025-10-24 10:10:00  SBFC         2252287    1968642   UV        70922.0    yes      15.78    NA:SS
2025-10-24 10:12:00  HINDCOPPER   5518722    5504832   UV        22935.0    yes      15.55    NA:NDH
