Time                 Symbol       Volume     VolCutoff Criteria   turnover   Days High 
2025-10-06 09:17:00  BIRLACORPN   55973      51528.0   35%       73991.0    yes      LOW VOLUME
2025-10-06 09:17:00  INDBANK      57216      24684.0   50%       2176.0     yes      LOW VOLUME
2025-10-06 09:21:00  SANDUMA      515678     103610.0  50%       106008.0   yes      
2025-10-06 09:33:00  BBTC         29024      26754.0   50%       57261.0    yes      LOW VOLUME
2025-10-06 09:33:00  ORIENTTECH   399021     115928.0  50%       194642.0   yes      
2025-10-06 09:35:00  ORIENTTECH   458137     115928.0  50%       226411.0   yes      
2025-10-06 09:39:00  AAATECH      25186      11438.0   50%       3073.0     yes      LOW VOLUME
2025-10-06 09:42:00  INDBANK      194080     24684.0   50%       7676.0     yes      LOW VOLUME
2025-10-06 09:44:00  MMTC         325122     314647.0  35%       23152.0    yes      
2025-10-06 09:47:00  IFGLEXPOR    63608      49876.0   50%       19833.0    yes      LOW VOLUME
2025-10-06 09:51:00  AAATECH      8207       8007.0    35%       999.0      yes      LOW VOLUME
2025-10-06 09:51:00  TARACHAND    78359      70677.0   50%       6449.0     yes      LOW VOLUME
2025-10-06 09:55:00  IFGLEXPOR    49797      44888.0   45%       16035.0    yes      LOW VOLUME
2025-10-06 10:06:00  SANDUMA      356082     103610.0  50%       74599.0    yes      
2025-10-06 10:07:00  SANDUMA      378894     103610.0  50%       79530.0    yes      
2025-10-06 10:10:00  TARACHAND    160580     70677.0   50%       13328.0    yes      LOW VOLUME
2025-10-06 10:16:00  AAATECH      34567      11438.0   50%       4249.0     yes      LOW VOLUME
2025-10-06 10:21:00  IFGLEXPOR    45784      44888.0   45%       14758.0    yes      LOW VOLUME
2025-10-06 10:22:00  IFGLEXPOR    84812      49876.0   50%       27543.0    yes      LOW VOLUME
2025-10-06 10:27:00  CYBERTECH    38713      25947.0   50%       8886.0     yes      LOW VOLUME
2025-10-06 10:30:00  ORIENTTECH   102407     92743.0   40%       49903.0    yes      
2025-10-06 10:32:00  SIGMA        15972      11266.0   50%       884.0      yes      LOW VOLUME
2025-10-06 10:35:00  SIGMA        28997      11266.0   50%       1650.0     yes      LOW VOLUME
2025-10-06 10:36:00  SIGMA        78348      11266.0   50%       4650.0     yes      LOW VOLUME
2025-10-06 10:37:00  SIGMA        91917      11266.0   50%       5529.0     yes      LOW VOLUME
2025-10-06 10:45:00  ORIENTTECH   293654     115928.0  50%       145344.0   yes      
2025-10-06 10:46:00  ORIENTTECH   828731     115928.0  50%       418509.0   yes      
2025-10-06 10:53:00  SIGMA        22428      11266.0   50%       1384.0     yes      LOW VOLUME
2025-10-06 10:57:00  SMCGLOBAL    31036      30572.0   40%       4481.0     yes      LOW VOLUME
2025-10-06 11:05:00  SIGMA        8109       7887.0    35%       501.0      yes      LOW VOLUME
2025-10-06 11:25:00  SIGMA        30780      11266.0   50%       1935.0     yes      LOW VOLUME
2025-10-06 11:29:00  SIGMA        14619      11266.0   50%       923.0      yes      LOW VOLUME
2025-10-06 11:36:00  AAATECH      8080       8007.0    35%       993.0      yes      LOW VOLUME
2025-10-06 11:41:00  AAATECH      12833      11438.0   50%       1584.0     yes      LOW VOLUME
2025-10-06 11:57:00  SANDUMA      91059      82888.0   40%       18986.0    yes      
2025-10-06 11:58:00  IFGLEXPOR    299612     49876.0   50%       100924.0   yes      LOW VOLUME
2025-10-06 11:58:00  SANDUMA      235438     103610.0  50%       49324.0    yes      
2025-10-06 11:59:00  ATLANTAA     472393     138320.0  50%       31055.0    yes      
2025-10-06 12:26:00  SANDUMA      104363     103610.0  50%       21996.0    yes      
2025-10-06 12:37:00  SANDUMA      96071      93249.0   45%       20261.0    yes      
2025-10-06 12:38:00  SANDUMA      97697      93249.0   45%       20614.0    yes      
2025-10-06 12:57:00  TARACHAND    102464     70677.0   50%       8666.0     yes      LOW VOLUME
2025-10-06 13:00:00  JAYSREETEA   42270      29038.0   50%       4142.0     yes      LOW VOLUME
2025-10-06 13:34:00  ITDC         307226     100708.0  50%       218822.0   yes      
2025-10-06 13:55:00  ATLANTAA     195121     138320.0  50%       12866.0    yes      
2025-10-06 13:58:00  SANDUMA      77092      72527.0   35%       15958.0    yes      
2025-10-06 13:59:00  SANDUMA      113019     103610.0  50%       23413.0    yes      
2025-10-06 14:13:00  ABLBL        598169     568225.0  45%       87793.0    yes      
2025-10-06 14:30:00  SIGMA        10944      10140.0   45%       666.0      yes      LOW VOLUME
2025-10-06 14:33:00  TARACHAND    89787      70677.0   50%       7586.0     yes      LOW VOLUME
2025-10-06 14:48:00  CHEMCON      68348      65249.0   40%       19414.0    yes      
2025-10-06 15:08:00  ORIENTTECH   158479     115928.0  50%       79873.0    yes      
2025-10-06 15:09:00  MAHKTECH     580434     524824.0  35%       20530.0    yes      
2025-10-06 15:09:00  TICL         69790      62691.0   40%       1815.0     yes      
2025-10-06 15:09:00  ORIENTTECH   368214     115928.0  50%       187844.0   yes      
2025-10-06 15:10:00  AAATECH      57052      11438.0   50%       7188.0     yes      LOW VOLUME
2025-10-06 15:11:00  AAATECH      71483      11438.0   50%       9030.0     yes      LOW VOLUME
2025-10-06 15:20:00  INTLCONV     51693      45562.0   35%       5716.0     yes      LOW VOLUME
2025-10-06 15:26:00  SIGMA        28076      11266.0   50%       1763.0     yes      LOW VOLUME
2025-10-06 15:27:00  SHAILY       83073      79637.0   35%       184339.0   yes      
2025-10-06 15:27:00  SIGMA        49024      11266.0   50%       3113.0     yes      LOW VOLUME
2025-10-06 15:28:00  SIGMA        87902      11266.0   50%       5652.0     yes      LOW VOLUME
2025-10-06 15:29:00  SPECIALITY   13602      12571.0   40%       2040.0     yes      LOW VOLUME
