*Time                 Symbol       Volume     VolCutoff Criteria   turnover   Days High %UC   
2025-10-15 09:20:00  GENESYS      75953      73576.0   50%       41375.0    yes      5.65    NA:NE
2025-10-15 09:21:00  TATAINVEST   95465      47798.0   50%       95656.0    yes      23.95   NA:NDH
2025-10-15 09:25:00  QUICKHEAL    200920     147902.0  50%       69207.0    yes      7.39    Short:profit
2025-10-15 09:26:00  TARAPUR      34703      19240.0   50%       1208.0     yes      0.0     NA:CTUC 
2025-10-15 09:42:00  GENESYS      103683     73576.0   50%       57197.0    yes      4.33    NA:NE
2025-10-15 09:43:00  GENESYS      169449     73576.0   50%       95400.0    yes      2.23    NA:NE
2025-10-15 09:44:00  GENESYS      216884     73576.0   50%       122659.0   yes      1.77    NA:NE


 
2025-10-15 10:01:00  HILTON       33296      27580.0   50%       1598.0     yes      3.06    Long:profit
2025-10-15 10:05:00  GENESYS      178518     73576.0   50%       101934.0   yes      0.8     NA:CTUC
2025-10-15 10:25:00  UNIPARTS     54216      52327.0   45%       28699.0    yes      12.27   Long:profit
2025-10-15 10:39:00  TVSELECT     15562      13710.0   35%       9508.0     yes      14.12   NA:LV
2025-10-15 11:47:00  SANDUMA      168071     103610.0  50%       35996.0    yes      15.15   Long:profit (MB)
2025-10-15 12:00:00  SANDUMA      354335     103610.0  50%       77805.0    yes      12.31   NA:PAT
2025-10-15 12:01:00  SANDUMA      492213     103610.0  50%       109109.0   yes      11.26   NA:PAT
2025-10-15 12:05:00  SANDUMA      696992     103610.0  50%       157973.0   yes      8.81    NA:PAT
2025-10-15 12:23:00  SANDUMA      729591     103610.0  50%       172862.0   yes      4.09    NA:PAT
2025-10-15 12:25:00  QUICKHEAL    138201     133111.0  45%       47437.0    no       7.76    NA:NDH
2025-10-15 12:50:00  SANDUMA      190049     103610.0  50%       44546.0    no       5.22    NA:PAT
2025-10-15 13:26:00  SANDUMA      197241     103610.0  50%       46350.0    no       4.95    NA:PAT
2025-10-15 13:48:00  SANDUMA      292797     103610.0  50%       68154.0    no       5.95    NA:PAT
2025-10-15 14:30:00  SANDUMA      647480     103610.0  50%       152805.0   yes      4.5     NA:PAT
2025-10-15 14:57:00  QUICKHEAL    364780     147902.0  50%       128092.0   yes      5.34    NA:NE
2025-10-15 14:58:00  AGIIL        263359     52062.0   50%       68868.0    yes      7.84    Long:profit
