Time                 Symbol       Volume     VolCutoff Criteria   turnover   Days High %UC   
2025-10-10 09:24:00  ITI          223678     162350.0  Dynamic   76733.0    yes      18.12
2025-10-10 09:26:00  ITI          298163     162350.0  Dynamic   104193.0   yes      15.95
2025-10-10 09:33:00  DANGEE       33833      26868.0   Dynamic   152.0      yes      2.67 
2025-10-10 09:35:00  SALZERELEC   42802      34189.0   Dynamic   38432.0    yes      16.25
2025-10-10 09:41:00  RPOWER       1066597    972283.0  Dynamic   49202.0    yes      15.63
2025-10-10 09:42:00  MIRZAINT     114922     113936.0  Dynamic   4780.0     yes      5.96 
2025-10-10 09:43:00  RPOWER       1681952    972283.0  Dynamic   79304.0    yes      13.13
2025-10-10 09:44:00  RPOWER       1824352    972283.0  Dynamic   87313.0    yes      11.45
2025-10-10 09:45:00  JPPOWER      2042704    1860668.0 Dynamic   37790.0    yes      16.43
2025-10-10 09:47:00  ITI          187886     162350.0  Dynamic   67207.0    yes      13.28
2025-10-10 09:48:00  JPPOWER      1942419    1860668.0 Dynamic   36323.0    yes      15.19
2025-10-10 09:49:00  VASCONEQ     341276     314384.0  Dynamic   25254.0    yes      15.5 
2025-10-10 09:50:00  AVANTEL      388325     295074.0  Dynamic   83447.0    yes      15.72
2025-10-10 09:51:00  SANGAMIND    18511      18129.0   Dynamic   8380.0     no       6.23 
2025-10-10 09:54:00  SANDHAR      41678      35899.0   Dynamic   21039.0    yes      14.05
2025-10-10 09:54:00  PRECWIRE     84328      47937.0   Dynamic   18669.0    yes      16.01
2025-10-10 09:54:00  YESBANK      4215825    2803132.0 Dynamic   96669.0    yes      7.54 
2025-10-10 09:55:00  YESBANK      6453435    2803132.0 Dynamic   148687.0   yes      7.03 
2025-10-10 09:56:00  HCC          785160     398032.0  Dynamic   22840.0    yes      14.51
2025-10-10 09:56:00  RPOWER       3674220    972283.0  Dynamic   185622.0   yes      5.58 
2025-10-10 09:57:00  JPPOWER      3059811    1860668.0 Dynamic   57983.0    yes      13.67
2025-10-10 09:59:00  YESBANK      4449242    2803132.0 Dynamic   103890.0   yes      5.61 
2025-10-10 10:00:00  YESBANK      9612289    2803132.0 Dynamic   225793.0   yes      4.98 
2025-10-10 10:00:00  PSB          242438     209965.0  Dynamic   7256.0     yes      17.81
2025-10-10 10:03:00  ISGEC        21866      16448.0   Dynamic   20478.0    yes      11.56
2025-10-10 10:04:00  ISGEC        25343      16448.0   Dynamic   24034.0    yes      10.17
2025-10-10 10:05:00  TATSILV      1376940    583108.0  Dynamic   22141.0    no       6.97 
2025-10-10 10:07:00  SILVERIETF   454083     403223.0  Dynamic   71836.0    no       15.73
2025-10-10 10:07:00  YESBANK      4511312    2803132.0 Dynamic   106738.0   yes      4.23 
2025-10-10 10:08:00  SILVERIETF   745512     403223.0  Dynamic   118544.0   no       15.14
2025-10-10 10:11:00  YESBANK      7842873    2803132.0 Dynamic   187131.0   yes      3.35 
2025-10-10 10:12:00  MAHABANK     877156     558179.0  Dynamic   50980.0    yes      16.83
2025-10-10 10:12:00  YESBANK      12131602   2803132.0 Dynamic   291037.0   yes      2.79 
2025-10-10 10:14:00  SALZERELEC   80449      34189.0   Dynamic   76451.0    yes      9.84 
2025-10-10 10:16:00  YESBANK      10192499   2803132.0 Dynamic   246760.0   yes      1.86 
2025-10-10 10:22:00  SOUTHBANK    901365     590076.0  Dynamic   29186.0    yes      15.29
2025-10-10 10:28:00  UCOBANK      839039     564117.0  Dynamic   26858.0    yes      15.28
2025-10-10 10:28:00  AGIIL        54217      37973.0   Dynamic   15061.0    yes      7.56 
2025-10-10 10:30:00  JYOTICNC     90855      67430.0   Dynamic   90446.0    yes      10.18
2025-10-10 10:38:00  YESBANK      4777640    2803132.0 Dynamic   114568.0   no       2.84 
2025-10-10 10:38:00  AGIIL        66053      37973.0   Dynamic   18614.0    yes      6.03 
2025-10-10 10:40:00  VPRPL        300342     186637.0  Dynamic   29668.0    yes      7.89 
2025-10-10 10:42:00  JYOTICNC     122631     67430.0   Dynamic   122876.0   yes      9.46 
2025-10-10 10:46:00  SOUTHBANK    1252988    590076.0  Dynamic   40659.0    yes      15.04
2025-10-10 11:03:00  YESBANK      7374312    2803132.0 Dynamic   177352.0   no       2.54 
2025-10-10 11:03:00  JYOTICNC     91717      67430.0   Dynamic   91983.0    yes      9.36 
2025-10-10 11:06:00  SOUTHBANK    1506285    590076.0  Dynamic   48924.0    yes      14.93
2025-10-10 11:14:00  TTML         470591     139749.0  Dynamic   27812.0    yes      5.09 
2025-10-10 11:36:00  INDUSINDBK   562747     377639.0  Dynamic   429320.0   yes      8.02 
2025-10-10 11:36:00  ITC          965746     859017.0  Dynamic   389340.0   yes      9.1  
2025-10-10 11:36:00  SILVERIETF   1029643    403223.0  Dynamic   163497.0   no       15.3 
2025-10-10 11:36:00  SUZLON       2681840    2465040.0 Dynamic   146321.0   yes      7.18 
2025-10-10 11:36:00  AGIIL        141825     37973.0   Dynamic   39839.0    no       6.37 
2025-10-10 11:36:00  PAISALO      1211369    976356.0  Dynamic   47195.0    no       19.4 
2025-10-10 11:40:00  JYOTICNC     78057      67430.0   Dynamic   77269.0    no       10.8 
2025-10-10 11:42:00  TATACOMM     147798     98533.0   Dynamic   280994.0   yes      7.1  
2025-10-10 11:42:00  ZEEL         1589792    705455.0  Dynamic   178136.0   yes      17.64
2025-10-10 11:55:00  TATACOMM     183970     98533.0   Dynamic   357638.0   yes      4.74 
2025-10-10 12:04:00  INDORAMA     53545      41972.0   Dynamic   3279.0     yes      12.79
2025-10-10 12:16:00  AGIIL        112639     37973.0   Dynamic   32947.0    yes      2.15 
2025-10-10 12:24:00  TATACOMM     125746     98533.0   Dynamic   236591.0   no       8.22 
2025-10-10 13:02:00  RPOWER       1395317    972283.0  Dynamic   68580.0    no       8.52 
2025-10-10 13:14:00  REDINGTON    576667     533324.0  Dynamic   168070.0   yes      10.59
2025-10-10 13:39:00  AGIIL        54860      37973.0   Dynamic   15904.0    no       3.07 
2025-10-10 13:39:00  INDOTHAI     100992     83364.0   Dynamic   38034.0    yes      0.07 
2025-10-10 13:40:00  SOUTHBANK    624917     590076.0  Dynamic   20810.0    yes      12.1 
2025-10-10 13:44:00  ELECON       98439      97246.0   Dynamic   55416.0    no       28.71
2025-10-10 13:45:00  SOUTHBANK    879519     590076.0  Dynamic   29464.0    yes      11.43
2025-10-10 13:46:00  SOUTHBANK    1130640    590076.0  Dynamic   38080.0    yes      10.84
2025-10-10 13:47:00  UTKARSHBNK   312692     208920.0  Dynamic   7192.0     yes      15.43
2025-10-10 14:01:00  SOUTHBANK    1257350    590076.0  Dynamic   42373.0    yes      10.77
2025-10-10 14:13:00  SOUTHBANK    1273591    590076.0  Dynamic   43531.0    yes      9.22 
2025-10-10 14:17:00  SOUTHBANK    1084351    590076.0  Dynamic   37182.0    yes      8.87 
2025-10-10 14:21:00  CENTEXT      180158     83034.0   Dynamic   6230.0     yes      0.67 
2025-10-10 14:44:00  SANDUMA      73477      59394.0   Dynamic   15010.0    no       19.49
2025-10-10 14:52:00  AGIIL        287640     37973.0   Dynamic   84537.0    no       1.67 
2025-10-10 14:54:00  GICRE        207826     156061.0  Dynamic   80979.0    yes      16.46
2025-10-10 14:58:00  SOUTHBANK    1100589    590076.0  Dynamic   37706.0    yes      8.96 
2025-10-10 15:01:00  RPOWER       2405118    972283.0  Dynamic   118019.0   no       8.7  
2025-10-10 15:01:00  VPRPL        272200     186637.0  Dynamic   26893.0    no       7.86 
2025-10-10 15:05:00  SANDUMA      125593     59394.0   Dynamic   25873.0    no       18.48
2025-10-10 15:09:00  INFIBEAM     737833     644903.0  Dynamic   14439.0    no       18.34
2025-10-10 15:12:00  RGL          106194     93155.0   Dynamic   14422.0    no       20.14
2025-10-10 15:17:00  SAIL         927670     729851.0  Dynamic   122916.0   no       13.28
2025-10-10 15:29:00  TATSILV      739841     583108.0  Dynamic   11985.0    no       6.17 
