Time                 Symbol       Volume     VolCutoff Criteria  
2025-09-29 09:17:00  MCL          63397      19156.5   50%       LOW VOLUME
2025-09-29 09:17:00  MCL          63397      19826.147767124294Dynamic   LOW VOLUME
2025-09-29 09:19:00  ADANIPOWER   565291     462603.3072512687Dynamic   
2025-09-29 09:19:00  DOLLAR       34786      32982.6   35%       LOW VOLUME
2025-09-29 09:20:00  FCL          88160      84157.5   35%       
2025-09-29 09:20:00  FCL          88160      65422.847531168045Dynamic   
2025-09-29 09:20:00  SAMMAANCAP   1673969    873832.0671417712Dynamic   
2025-09-29 09:21:00  FCL          189685     120225.0  50%       
2025-09-29 09:21:00  FCL          189685     65422.847531168045Dynamic   
2025-09-29 09:21:00  SAMMAANCAP   2872259    873832.0671417712Dynamic   
2025-09-29 09:24:00  ANANTRAJ     426812     315254.7434173482Dynamic   
2025-09-29 09:25:00  BRNL         146398     115280.0  50%       
2025-09-29 09:25:00  BRNL         146398     63660.92009563376Dynamic   
2025-09-29 09:31:00  MUNJALAU     94325      93679.12265830522Dynamic   
2025-09-29 09:31:00  VASCONEQ     526144     314384.0853710064Dynamic   
2025-09-29 09:33:00  BHARATGEAR   176697     33348.0   50%       LOW VOLUME
2025-09-29 09:33:00  BHARATGEAR   176697     28426.81462883254Dynamic   LOW VOLUME
2025-09-29 09:33:00  SAMMAANCAP   2231017    873832.0671417712Dynamic   
2025-09-29 09:34:00  BHARATGEAR   227576     33348.0   50%       LOW VOLUME
2025-09-29 09:34:00  BHARATGEAR   227576     28426.81462883254Dynamic   LOW VOLUME
2025-09-29 09:39:00  ASAL         34147      16192.0   50%       LOW VOLUME
2025-09-29 09:39:00  ASAL         34147      17773.71262570577Dynamic   LOW VOLUME
2025-09-29 09:41:00  VASCONEQ     485552     314384.0853710064Dynamic   
2025-09-29 09:43:00  HDFCSILVER   403508     274227.4601831337Dynamic   
2025-09-29 09:47:00  ANANTRAJ     357494     315254.7434173482Dynamic   
2025-09-29 09:50:00  VIVIDHA      240318     210776.0  50%       
2025-09-29 09:50:00  VIVIDHA      240318     94235.94393641088Dynamic   
2025-09-29 09:54:00  ANANTRAJ     350046     315254.7434173482Dynamic   
2025-09-29 09:55:00  RACLGEAR     14939      14185.35  45%       LOW VOLUME
2025-09-29 09:56:00  BHARATGEAR   92980      33348.0   50%       LOW VOLUME
2025-09-29 09:56:00  BHARATGEAR   92980      28426.81462883254Dynamic   LOW VOLUME
2025-09-29 10:02:00  VASCONEQ     381167     314384.0853710064Dynamic   
2025-09-29 10:12:00  SPLPETRO     57480      49986.5   50%       LOW VOLUME
2025-09-29 10:12:00  SPLPETRO     57480      36981.719990893806Dynamic   LOW VOLUME
2025-09-29 10:16:00  SARVESHWAR   559074     554012.5372840957Dynamic   
2025-09-29 10:23:00  GOLDIETF     2100833    1698610.5 50%       
2025-09-29 10:23:00  GOLDIETF     2100833    365842.2041761579Dynamic   
2025-09-29 10:25:00  ASAL         37060      16192.0   50%       LOW VOLUME
2025-09-29 10:25:00  ASAL         37060      17773.71262570577Dynamic   LOW VOLUME
2025-09-29 10:31:00  AXISILVER    402366     222022.0  50%       
2025-09-29 10:31:00  AXISILVER    402366     97474.32557268436Dynamic   
2025-09-29 10:37:00  BHARATGEAR   41105      33348.0   50%       LOW VOLUME
2025-09-29 10:37:00  BHARATGEAR   41105      28426.81462883254Dynamic   LOW VOLUME
2025-09-29 10:38:00  SPLPETRO     101993     49986.5   50%       LOW VOLUME
2025-09-29 10:38:00  SPLPETRO     101993     36981.719990893806Dynamic   LOW VOLUME
2025-09-29 10:42:00  GMRP&UI      4038253    945086.5  50%       
2025-09-29 10:42:00  GMRP&UI      4038253    249913.28655887305Dynamic   
2025-09-29 10:45:00  MUNJALAU     216867     208863.0  50%       
2025-09-29 10:45:00  MUNJALAU     216867     93679.12265830522Dynamic   
2025-09-29 10:46:00  FIRSTCRY     363723     337590.96402558417Dynamic   
2025-09-29 10:48:00  NITCO        517797     118710.0  50%       
2025-09-29 10:48:00  NITCO        517797     64885.787571177556Dynamic   
2025-09-29 10:50:00  MUNJALAU     150383     146204.0999999999835%       
2025-09-29 10:50:00  MUNJALAU     150383     93679.12265830522Dynamic   
2025-09-29 10:56:00  SPLPETRO     75039      49986.5   50%       LOW VOLUME
2025-09-29 10:56:00  SPLPETRO     75039      36981.719990893806Dynamic   LOW VOLUME
2025-09-29 10:59:00  WOCKPHARMA   94229      92143.65189372783Dynamic   
2025-09-29 11:10:00  DCAL         92341      79207.0   50%       
2025-09-29 11:10:00  DCAL         92341      49880.31059401018Dynamic   
2025-09-29 11:14:00  TVSELECT     24404      19585.0   50%       LOW VOLUME
2025-09-29 11:14:00  TVSELECT     24404      20113.291899733355Dynamic   LOW VOLUME
2025-09-29 11:18:00  TVSELECT     23684      19585.0   50%       LOW VOLUME
2025-09-29 11:18:00  TVSELECT     23684      20113.291899733355Dynamic   LOW VOLUME
2025-09-29 11:21:00  SPLPETRO     95017      49986.5   50%       LOW VOLUME
2025-09-29 11:21:00  SPLPETRO     95017      36981.719990893806Dynamic   LOW VOLUME
2025-09-29 11:32:00  TVSELECT     22053      19585.0   50%       LOW VOLUME
2025-09-29 11:32:00  TVSELECT     22053      20113.291899733355Dynamic   LOW VOLUME
2025-09-29 11:35:00  SPLPETRO     43542      39989.20000000000440%       LOW VOLUME
2025-09-29 11:35:00  SPLPETRO     43542      36981.719990893806Dynamic   LOW VOLUME
2025-09-29 11:47:00  BHARATGEAR   29721      26678.4   40%       LOW VOLUME
2025-09-29 11:47:00  BHARATGEAR   29721      28426.81462883254Dynamic   LOW VOLUME
2025-09-29 11:54:00  SPLPETRO     44935      39989.20000000000440%       LOW VOLUME
2025-09-29 11:54:00  SPLPETRO     44935      36981.719990893806Dynamic   LOW VOLUME
2025-09-29 11:55:00  SPLPETRO     73472      49986.5   50%       LOW VOLUME
2025-09-29 11:55:00  SPLPETRO     73472      36981.719990893806Dynamic   LOW VOLUME
2025-09-29 12:05:00  SPLPETRO     51906      49986.5   50%       LOW VOLUME
2025-09-29 12:05:00  SPLPETRO     51906      36981.719990893806Dynamic   LOW VOLUME
2025-09-29 12:31:00  BSLGOLDETF   246219     173486.0  50%       
2025-09-29 12:31:00  BSLGOLDETF   246219     83033.76184829889Dynamic   
2025-09-29 12:32:00  SPECIALITY   49827      15714.0   50%       LOW VOLUME
2025-09-29 12:32:00  SPECIALITY   49827      17430.87621915421Dynamic   LOW VOLUME
2025-09-29 12:39:00  GEOJITFSL    109217     90325.42084048162Dynamic   
2025-09-29 12:45:00  CYBERTECH    18848      18162.89999999999835%       LOW VOLUME
2025-09-29 12:46:00  STALLION     487840     297314.745735685Dynamic   
2025-09-29 12:59:00  SPLPETRO     37264      34990.54999999999635%       LOW VOLUME
2025-09-29 12:59:00  SPLPETRO     37264      36981.719990893806Dynamic   LOW VOLUME
2025-09-29 13:14:00  VASCONEQ     352284     314384.0853710064Dynamic   
2025-09-29 13:16:00  CYBERTECH    19671      18162.89999999999835%       LOW VOLUME
2025-09-29 13:17:00  VASCONEQ     354554     314384.0853710064Dynamic   
2025-09-29 13:21:00  VASCONEQ     594382     314384.0853710064Dynamic   
2025-09-29 13:22:00  VASCONEQ     758857     314384.0853710064Dynamic   
2025-09-29 13:23:00  WOCKPHARMA   147397     142533.65 35%       
2025-09-29 13:23:00  WOCKPHARMA   147397     92143.65189372783Dynamic   
2025-09-29 13:24:00  VASCONEQ     771805     314384.0853710064Dynamic   
2025-09-29 13:24:00  SPECIALITY   12528      10999.8   35%       LOW VOLUME
2025-09-29 13:25:00  VASCONEQ     1138928    1076222.0 40%       
2025-09-29 13:25:00  VASCONEQ     1138928    314384.0853710064Dynamic   
2025-09-29 13:26:00  VASCONEQ     2086738    1345277.5 50%       
2025-09-29 13:26:00  VASCONEQ     2086738    314384.0853710064Dynamic   
2025-09-29 13:30:00  SAMMAANCAP   897412     873832.0671417712Dynamic   
2025-09-29 13:38:00  BHARATGEAR   57946      33348.0   50%       LOW VOLUME
2025-09-29 13:38:00  BHARATGEAR   57946      28426.81462883254Dynamic   LOW VOLUME
2025-09-29 13:44:00  CYBERTECH    28112      25947.0   50%       LOW VOLUME
2025-09-29 13:44:00  CYBERTECH    28112      24148.462266894214Dynamic   LOW VOLUME
2025-09-29 14:02:00  CYBERTECH    27296      25947.0   50%       LOW VOLUME
2025-09-29 14:02:00  CYBERTECH    27296      24148.462266894214Dynamic   LOW VOLUME
2025-09-29 14:04:00  CYBERTECH    74290      25947.0   50%       LOW VOLUME
2025-09-29 14:04:00  CYBERTECH    74290      24148.462266894214Dynamic   LOW VOLUME
2025-09-29 14:05:00  PSUBNKBEES   1100429    941422.5  50%       
2025-09-29 14:05:00  PSUBNKBEES   1100429    249283.08180808264Dynamic   
2025-09-29 14:15:00  VASCONEQ     1398377    1345277.5 50%       
2025-09-29 14:15:00  VASCONEQ     1398377    314384.0853710064Dynamic   
2025-09-29 14:20:00  HFCL         1152860    852729.5052962702Dynamic   
2025-09-29 14:21:00  SAMMAANCAP   1086721    873832.0671417712Dynamic   
2025-09-29 14:29:00  IDEA         12746119   10764292.537443658Dynamic   
2025-09-29 14:34:00  AETHER       1354523    47953.0   50%       LOW VOLUME
2025-09-29 14:34:00  AETHER       1354523    35996.73332552775Dynamic   LOW VOLUME
2025-09-29 14:44:00  SANDUMA      77656      72527.0   35%       
2025-09-29 14:44:00  SANDUMA      77656      59394.1839989261Dynamic   
2025-09-29 14:52:00  WESTLIFE     52956      46548.6   35%       LOW VOLUME
2025-09-29 14:52:00  WESTLIFE     52956      44520.333760308145Dynamic   LOW VOLUME
2025-09-29 14:54:00  VASCONEQ     538920     314384.0853710064Dynamic   
2025-09-29 14:55:00  VASCONEQ     1000840    941694.249999999935%       
2025-09-29 14:55:00  VASCONEQ     1000840    314384.0853710064Dynamic   
2025-09-29 14:58:00  BHARATGEAR   25075      23343.6   35%       LOW VOLUME
2025-09-29 15:00:00  BHARATGEAR   55995      33348.0   50%       LOW VOLUME
2025-09-29 15:00:00  BHARATGEAR   55995      28426.81462883254Dynamic   LOW VOLUME
2025-09-29 15:00:00  WOCKPHARMA   107859     92143.65189372783Dynamic   
2025-09-29 15:00:00  ADANIPOWER   930456     462603.3072512687Dynamic   
2025-09-29 15:01:00  WOCKPHARMA   147372     142533.65 35%       
2025-09-29 15:01:00  WOCKPHARMA   147372     92143.65189372783Dynamic   
2025-09-29 15:01:00  ENRIN        125276     112850.12513658094Dynamic   
2025-09-29 15:04:00  SBIN         884037     629112.3530788568Dynamic   
2025-09-29 15:04:00  INDIGO       407959     183956.991066256Dynamic   
2025-09-29 15:04:00  MAXHEALTH    1608013    1113243.0 50%       
2025-09-29 15:04:00  MAXHEALTH    1608013    277981.76916957047Dynamic   
2025-09-29 15:05:00  INDIGO       419814     412897.1  35%       
2025-09-29 15:05:00  INDIGO       419814     183956.991066256Dynamic   
2025-09-29 15:08:00  WESTLIFE     55108      53198.4   40%       LOW VOLUME
2025-09-29 15:08:00  WESTLIFE     55108      44520.333760308145Dynamic   LOW VOLUME
2025-09-29 15:08:00  REDINGTON    636184     533324.2852135883Dynamic   
2025-09-29 15:13:00  INDIGO       429426     412897.1  35%       
2025-09-29 15:13:00  INDIGO       429426     183956.991066256Dynamic   
2025-09-29 15:14:00  WOCKPHARMA   106977     92143.65189372783Dynamic   
2025-09-29 15:14:00  REDINGTON    657060     533324.2852135883Dynamic   
2025-09-29 15:16:00  MSUMI        867809     721538.5507927901Dynamic   
2025-09-29 15:16:00  MUNJALAU     101057     93679.12265830522Dynamic   
2025-09-29 15:16:00  TICL         85145      78364.0   50%       
2025-09-29 15:16:00  TICL         85145      49534.595342770765Dynamic   
2025-09-29 15:16:00  BLSE         113675     36734.5   50%       LOW VOLUME
2025-09-29 15:16:00  BLSE         113675     30271.2962673151Dynamic   LOW VOLUME
2025-09-29 15:16:00  ITCHOTELS    492519     319658.0430440043Dynamic   
2025-09-29 15:17:00  TICL         161255     78364.0   50%       
2025-09-29 15:17:00  TICL         161255     49534.595342770765Dynamic   
2025-09-29 15:17:00  MAXHEALTH    1476953    1113243.0 50%       
2025-09-29 15:17:00  MAXHEALTH    1476953    277981.76916957047Dynamic   
2025-09-29 15:18:00  FCL          103366     96180.0   40%       
2025-09-29 15:18:00  FCL          103366     65422.847531168045Dynamic   
2025-09-29 15:19:00  FCL          135543     120225.0  50%       
2025-09-29 15:19:00  FCL          135543     65422.847531168045Dynamic   
2025-09-29 15:19:00  ITCHOTELS    410025     319658.0430440043Dynamic   
2025-09-29 15:24:00  ADANIPOWER   695553     462603.3072512687Dynamic   
2025-09-29 15:24:00  SAMMAANCAP   883087     873832.0671417712Dynamic   
2025-09-29 15:25:00  HINDZINC     306259     298330.1280132722Dynamic   
