Time                 Symbol       Volume     VolCutoff Criteria   turnover   Days High %UC   
2025-10-13 09:17:00  UNIVASTU     4887       -278950.0 Dynamic   447.0      yes      14.66
2025-10-13 09:18:00  UNIVASTU     6906       -278950.0 Dynamic   642.0      no       12.77
2025-10-13 09:19:00  BBOX         18261      -61993.0  Dynamic   10468.0    yes      5.39 
2025-10-13 09:19:00  SGFIN        2007       -196093.0 Dynamic   751.0      yes      17.77
2025-10-13 09:20:00  SGFIN        4096       -196093.0 Dynamic   1553.0     yes      16.2 
2025-10-13 09:21:00  MONQ50       17046      -30123.0  Dynamic   1696.0     no       4.67 
2025-10-13 09:21:00  SANDUMA      157453     58367.0   Dynamic   32813.0    yes      18.31
2025-10-13 09:21:00  GCSL         12668      -173780.0 Dynamic   3306.0     no       6.15 
2025-10-13 09:22:00  POWERMECH    3130       -215591.0 Dynamic   8639.0     yes      16.51
2025-10-13 09:22:00  NITINSPIN    3129       -181605.0 Dynamic   1025.0     yes      17.65
2025-10-13 09:24:00  MONQ50       21157      -30123.0  Dynamic   2115.0     no       4.15 
2025-10-13 09:24:00  TARAPUR      5048       -336552.0 Dynamic   155.0      no       14.25
2025-10-13 09:25:00  TARAPUR      6882       -336552.0 Dynamic   213.0      no       13.18
2025-10-13 09:33:00  NDTV         6955       -169726.0 Dynamic   688.0      yes      16.71
2025-10-13 09:37:00  DANGEE       107562     -227898.0 Dynamic   546.0      yes      0.0  
2025-10-13 09:37:00  JUSTDIAL     24332      -126653.0 Dynamic   20842.0    yes      16.62
2025-10-13 09:38:00  BBOX         2666       -61993.0  Dynamic   1513.0     no       6.43 
2025-10-13 09:38:00  RBZJEWEL     22869      -52799.0  Dynamic   3449.0     yes      15.93
2025-10-13 09:39:00  WAAREERTL    304819     216166.0  Dynamic   383615.0   yes      8.05 
2025-10-13 09:40:00  AFFORDABLE   7783       -149239.0 Dynamic   2109.0     yes      0.67 
2025-10-13 09:44:00  KECL         89380      -67779.0  Dynamic   11442.0    yes      8.84 
2025-10-13 09:45:00  BLSE         6132       -184858.0 Dynamic   1050.0     no       28.71
2025-10-13 09:51:00  UNIVASTU     14133      -278950.0 Dynamic   1368.0     no       8.31 
2025-10-13 09:56:00  WINDMACHIN   2766       -161728.0 Dynamic   826.0      yes      18.59
2025-10-13 10:00:00  WINDMACHIN   6017       -161728.0 Dynamic   1823.0     yes      16.83
2025-10-13 10:06:00  SANDHAR      14607      -123326.0 Dynamic   7756.0     yes      17.02
2025-10-13 10:07:00  GROWWSLVR    21229      13184.0   Dynamic   3605.0     yes      10.02
2025-10-13 10:12:00  ADANIPOWER   918739     799118.0  Dynamic   138169.0   yes      19.45
2025-10-13 10:14:00  MAPMYINDIA   27357      -252849.0 Dynamic   50118.0    no       11.62
2025-10-13 10:15:00  MAPMYINDIA   51457      -252849.0 Dynamic   94784.0    no       11.01
2025-10-13 10:18:00  RBZJEWEL     4101       -52799.0  Dynamic   617.0      yes      16.16
2025-10-13 10:19:00  BLSE         3533       -184858.0 Dynamic   595.0      no       30.81
2025-10-13 10:23:00  NIRAJ        6000       -409099.0 Dynamic   198.0      no       27.39
2025-10-13 10:31:00  SANDHAR      12640      -123326.0 Dynamic   6742.0     yes      16.49
2025-10-13 10:32:00  TARACHAND    14668      -31357.0  Dynamic   1341.0     yes      14.17
2025-10-13 10:33:00  TARACHAND    30412      -31357.0  Dynamic   2843.0     yes      11.62
2025-10-13 10:40:00  TICL         25401      -7140.0   Dynamic   762.0      yes      9.73 
2025-10-13 10:41:00  LATTEYS      7080       -183318.0 Dynamic   169.0      yes      14.37
2025-10-13 10:44:00  LATTEYS      14394      -183318.0 Dynamic   350.0      yes      12.72
2025-10-13 10:45:00  LATTEYS      26018      -183318.0 Dynamic   632.0      yes      12.67
2025-10-13 10:45:00  SHANKARA     32205      28101.0   Dynamic   4561.0     yes      4.77 
2025-10-13 10:49:00  NDTV         14379      -169726.0 Dynamic   1379.0     no       20.46
2025-10-13 10:58:00  LATTEYS      27213      -183318.0 Dynamic   680.0      yes      9.56 
2025-10-13 11:01:00  TATAINVEST   9218       -123105.0 Dynamic   86280.0    yes      19.17
2025-10-13 11:07:00  MAPMYINDIA   19638      -252849.0 Dynamic   35525.0    no       13.03
2025-10-13 11:08:00  TATAINVEST   2166       -123105.0 Dynamic   20293.0    yes      19.05
2025-10-13 11:09:00  TATAINVEST   4248       -123105.0 Dynamic   39842.0    yes      18.93
2025-10-13 11:09:00  LATTEYS      9750       -183318.0 Dynamic   239.0      no       11.53
2025-10-13 11:16:00  KECL         35841      -67779.0  Dynamic   4559.0     no       9.54 
2025-10-13 11:17:00  KECL         87380      -67779.0  Dynamic   11228.0    yes      8.44 
2025-10-13 11:19:00  KECL         117778     -67779.0  Dynamic   15297.0    yes      7.28 
2025-10-13 11:23:00  TARACHAND    15765      -31357.0  Dynamic   1470.0     yes      11.9 
2025-10-13 11:27:00  INDOCO       51825      46705.0   Dynamic   16299.0    yes      9.62 
2025-10-13 11:29:00  GCSL         11645      -173780.0 Dynamic   3025.0     no       6.62 
2025-10-13 11:35:00  MAPMYINDIA   2956       -252849.0 Dynamic   5341.0     no       13.17
2025-10-13 11:35:00  ACLGATI      4868       -27862.0  Dynamic   279.0      no       22.97
2025-10-13 11:36:00  MAPMYINDIA   6114       -252849.0 Dynamic   11066.0    no       12.97
2025-10-13 11:37:00  MAPMYINDIA   10364      -252849.0 Dynamic   18763.0    no       12.95
2025-10-13 11:37:00  UNIVASTU     15886      -278950.0 Dynamic   1612.0     yes      3.37 
2025-10-13 11:40:00  MANAKCOAT    246396     130452.0  Dynamic   40823.0    yes      5.44 
2025-10-13 11:40:00  ESTER        5464       -3358.0   Dynamic   656.0      no       15.52
2025-10-13 11:41:00  UNIVASTU     11391      -278950.0 Dynamic   1166.0     yes      2.44 
2025-10-13 11:42:00  UNIVASTU     42819      -278950.0 Dynamic   4434.0     yes      1.28 
2025-10-13 11:45:00  KECL         24201      -67779.0  Dynamic   3100.0     no       8.77 
2025-10-13 11:45:00  SANDUMA      66519      58367.0   Dynamic   13697.0    no       19.74
2025-10-13 11:46:00  KECL         79673      -67779.0  Dynamic   10278.0    no       8.02 
2025-10-13 11:48:00  LYKALABS     4915       -338505.0 Dynamic   487.0      yes      14.46
2025-10-13 11:58:00  KECL         19846      -67779.0  Dynamic   2564.0     no       7.84 
2025-10-13 11:59:00  SANDUMA      79460      58367.0   Dynamic   16559.0    yes      18.31
2025-10-13 12:08:00  MANAKCOAT    220515     130452.0  Dynamic   36376.0    yes      5.9  
2025-10-13 12:09:00  JUBLINGREA   107620     102866.0  Dynamic   75764.0    yes      10.99
2025-10-13 12:13:00  KECL         8038       -67779.0  Dynamic   1028.0     no       8.99 
2025-10-13 12:26:00  UNIVASTU     3042       -278950.0 Dynamic   295.0      no       8.24 
2025-10-13 12:28:00  UNIVASTU     3192       -278950.0 Dynamic   313.0      no       7.09 
2025-10-13 12:31:00  KECL         21692      -67779.0  Dynamic   2786.0     no       8.48 
2025-10-13 12:32:00  KECL         28648      -67779.0  Dynamic   3692.0     no       8.12 
2025-10-13 12:33:00  KECL         43307      -67779.0  Dynamic   5620.0     yes      7.38 
2025-10-13 12:49:00  SANDUMA      91584      58367.0   Dynamic   19228.0    yes      17.43
2025-10-13 12:50:00  SANDUMA      145671     58367.0   Dynamic   30610.0    yes      17.33
2025-10-13 13:07:00  JUSTDIAL     11795      -126653.0 Dynamic   10178.0    yes      15.75
2025-10-13 13:08:00  JUSTDIAL     31712      -126653.0 Dynamic   27591.0    yes      14.81
2025-10-13 13:09:00  JUSTDIAL     37083      -126653.0 Dynamic   32483.0    yes      14.04
2025-10-13 13:14:00  ESSARSHPNG   22375      -80353.0  Dynamic   693.0      yes      16.43
2025-10-13 13:15:00  ESSARSHPNG   22950      -80353.0  Dynamic   713.0      yes      16.06
2025-10-13 13:19:00  TATAINVEST   14559      -123105.0 Dynamic   137830.0   yes      17.82
2025-10-13 13:20:00  TATAINVEST   22695      -123105.0 Dynamic   216669.0   yes      16.83
2025-10-13 13:23:00  ERIS         4617       -55855.0  Dynamic   7400.0     yes      19.5 
2025-10-13 13:26:00  TATAINVEST   20289      -123105.0 Dynamic   194795.0   yes      16.18
2025-10-13 13:29:00  AURIONPRO    3587       -21891.0  Dynamic   4135.0     yes      16.15
2025-10-13 13:30:00  AURIONPRO    7259       -21891.0  Dynamic   8409.0     yes      15.59
2025-10-13 13:32:00  MUNJALSHOW   19559      -251844.0 Dynamic   2404.0     no       35.29
2025-10-13 13:36:00  TICL         26929      -7140.0   Dynamic   816.0      yes      8.65 
2025-10-13 13:37:00  TICL         30891      -7140.0   Dynamic   942.0      yes      7.93 
2025-10-13 13:40:00  TATAINVEST   29587      -123105.0 Dynamic   287970.0   yes      14.6 
2025-10-13 13:42:00  TATAINVEST   30708      -123105.0 Dynamic   300324.0   yes      14.05
2025-10-13 13:51:00  AKG          6020       -327512.0 Dynamic   84.0       no       20.58
2025-10-13 13:56:00  MUNJALSHOW   2239       -251844.0 Dynamic   276.0      no       34.97
2025-10-13 13:57:00  MUNJALSHOW   2282       -251844.0 Dynamic   281.0      no       34.85
2025-10-13 13:58:00  CHEMCON      25735      2240.0    Dynamic   6955.0     yes      17.34
2025-10-13 13:59:00  SGFIN        4449       -196093.0 Dynamic   1687.0     yes      16.17
2025-10-13 13:59:00  WORTH        4180       -265415.0 Dynamic   690.0      yes      16.71
2025-10-13 14:01:00  LALPATHLAB   2479       -53436.0  Dynamic   7933.0     yes      16.13
2025-10-13 14:02:00  TICL         22239      -7140.0   Dynamic   688.0      yes      6.37 
2025-10-13 14:03:00  CHEMCON      17471      2240.0    Dynamic   4756.0     yes      16.5 
2025-10-13 14:04:00  AURIONPRO    10423      -21891.0  Dynamic   12349.0    yes      13.01
2025-10-13 14:10:00  ORIENTTECH   106240     84718.0   Dynamic   49492.0    yes      6.51 
2025-10-13 14:12:00  SUPRIYA      2943       -13333.0  Dynamic   2131.0     yes      19.68
2025-10-13 14:13:00  SUPRIYA      5679       -13333.0  Dynamic   4123.0     yes      19.35
2025-10-13 14:14:00  MUNJALSHOW   2078       -251844.0 Dynamic   258.0      no       33.82
2025-10-13 14:15:00  MUNJALSHOW   4771       -251844.0 Dynamic   594.0      no       33.57
2025-10-13 14:15:00  MANAKCOAT    146656     130452.0  Dynamic   23901.0    no       7.19 
2025-10-13 14:16:00  AURIONPRO    11265      -21891.0  Dynamic   13565.0    yes      11.19
2025-10-13 14:17:00  GMMPFAUDLR   2045       -252708.0 Dynamic   2203.0     yes      17.96
2025-10-13 14:17:00  LALPATHLAB   2958       -53436.0  Dynamic   9519.0     yes      15.48
2025-10-13 14:18:00  TATAINVEST   15119      -123105.0 Dynamic   150132.0   yes      12.33
2025-10-13 14:25:00  BBOX         6012       -61993.0  Dynamic   3407.0     no       6.6  
2025-10-13 14:26:00  BBOX         18100      -61993.0  Dynamic   10299.0    yes      6.18 
2025-10-13 14:27:00  KECL         34792      -67779.0  Dynamic   4391.0     no       10.41
2025-10-13 14:29:00  BBOX         22685      -61993.0  Dynamic   12946.0    yes      5.86 
2025-10-13 14:30:00  CHEMCON      7701       2240.0    Dynamic   2112.0     yes      15.6 
2025-10-13 14:34:00  TATAINVEST   13559      -123105.0 Dynamic   135251.0   yes      11.82
2025-10-13 14:39:00  ORIENTTECH   131506     84718.0   Dynamic   63590.0    yes      2.62 
2025-10-13 14:41:00  CHEMCON      36298      2240.0    Dynamic   10131.0    yes      13.62
2025-10-13 14:47:00  BBOX         10942      -61993.0  Dynamic   6261.0     yes      5.58 
2025-10-13 14:51:00  ONESOURCE    1646       -29332.0  Dynamic   3075.0     yes      20.17
2025-10-13 14:54:00  TATAINVEST   19040      -123105.0 Dynamic   189772.0   yes      11.91
2025-10-13 14:55:00  TATAINVEST   35946      -123105.0 Dynamic   358382.0   yes      11.88
2025-10-13 15:03:00  TATAINVEST   8450       -123105.0 Dynamic   84061.0    yes      12.12
2025-10-13 15:05:00  CHEMCON      12647      2240.0    Dynamic   3434.0     no       16.8 
2025-10-13 15:05:00  SANDUMA      61616      58367.0   Dynamic   12628.0    no       20.3 
2025-10-13 15:06:00  SANDHAR      1949       -123326.0 Dynamic   1035.0     yes      17.0 
2025-10-13 15:06:00  MANAKCOAT    411038     130452.0  Dynamic   67086.0    no       7.03 
2025-10-13 15:07:00  SANDHAR      5800       -123326.0 Dynamic   3084.0     yes      16.86
2025-10-13 15:10:00  AGIIL        4972       -103061.0 Dynamic   1352.0     no       26.99
2025-10-13 15:15:00  SANDUMA      59472      58367.0   Dynamic   12258.0    no       19.61
2025-10-13 15:16:00  TATAINVEST   23120      -123105.0 Dynamic   229142.0   no       12.54
2025-10-13 15:16:00  JUBLINGREA   120446     102866.0  Dynamic   85125.0    no       10.56
2025-10-13 15:17:00  BHAGERIA     2366       -231111.0 Dynamic   414.0      no       27.22
2025-10-13 15:18:00  TATAINVEST   26784      -123105.0 Dynamic   267117.0   yes      11.84
2025-10-13 15:20:00  ANANDRATHI   3142       -34639.0  Dynamic   9232.0     no       20.73
2025-10-13 15:22:00  AGIIL        13559      -103061.0 Dynamic   3741.0     no       25.19
2025-10-13 15:23:00  ACLGATI      3151       -27862.0  Dynamic   183.0      no       21.52
2025-10-13 15:23:00  KECL         6397       -67779.0  Dynamic   809.0      no       10.18
2025-10-13 15:23:00  GCSL         8397       -173780.0 Dynamic   2326.0     yes      0.0  
2025-10-13 15:24:00  SANDUMA      96456      58367.0   Dynamic   19859.0    no       19.75
2025-10-13 15:25:00  AGIIL        18682      -103061.0 Dynamic   5250.0     no       22.92
2025-10-13 15:27:00  RELTD        3436       -40933.0  Dynamic   502.0      no       14.74
2025-10-13 15:28:00  SANDHAR      3827       -123326.0 Dynamic   2047.0     yes      16.18
