Time                 Symbol       Volume     VolCutoff Criteria   turnover   Days High %UC   
2025-10-17 09:17:00  BBTC         6718       -259219.0 Dynamic   12999.0    yes      17.06
2025-10-17 09:17:00  CIEINDIA     25064      -43238.0  Dynamic   11002.0    yes      16.48
2025-10-17 09:17:00  WHIRLPOOL    20938      15110.0   Dynamic   26968.0    yes      15.32
2025-10-17 09:18:00  GENESYS      29199      -21930.0  Dynamic   17410.0    yes      16.33
2025-10-17 09:18:00  TARAPUR      20536      -336552.0 Dynamic   788.0      yes      0.0  
2025-10-17 09:19:00  SHAREINDIA   666899     185700.0  Dynamic   130712.0   yes      9.37 
2025-10-17 09:19:00  ASTEC        6663       -306483.0 Dynamic   5180.0     yes      12.35
2025-10-17 09:19:00  GROWWSLVR    34110      13184.0   Dynamic   5764.0     yes      22.1 
2025-10-17 09:19:00  PVSL         5213       -153044.0 Dynamic   811.0      yes      18.72
2025-10-17 09:20:00  PANAMAPET    2463       -273102.0 Dynamic   678.0      yes      19.2 
2025-10-17 09:21:00  TALBROAUTO   8180       -5178.0   Dynamic   2432.0     yes      18.9 
2025-10-17 09:21:00  ASTEC        10869      -306483.0 Dynamic   8717.0     no       8.91 
2025-10-17 09:21:00  SILVER360    4930       -236126.0 Dynamic   807.0      yes      26.14
2025-10-17 09:21:00  GROWWGOLD    43015      37092.0   Dynamic   5500.0     yes      16.35
2025-10-17 09:21:00  GODAVARIB    15576      -235206.0 Dynamic   4346.0     no       3.67 
2025-10-17 09:22:00  TALBROAUTO   22294      -5178.0   Dynamic   6767.0     yes      16.46
2025-10-17 09:22:00  CIEINDIA     65553      -43238.0  Dynamic   29217.0    yes      14.72
2025-10-17 09:22:00  ASTEC        12533      -306483.0 Dynamic   10192.0    no       7.41 
2025-10-17 09:23:00  TALBROAUTO   27261      -5178.0   Dynamic   8312.0     yes      15.94
2025-10-17 09:24:00  RUSTOMJEE    21547      -350180.0 Dynamic   12390.0    yes      9.79 
2025-10-17 09:24:00  IMFA         5951       -69048.0  Dynamic   6955.0     yes      18.44
2025-10-17 09:26:00  AGIIL        5663       -103061.0 Dynamic   1500.0     no       20.81
2025-10-17 09:28:00  KALPATARU    16130      5636.0    Dynamic   6381.0     no       2.54 
2025-10-17 09:30:00  KALPATARU    68682      5636.0    Dynamic   27775.0    yes      0.31 
2025-10-17 09:31:00  SHAREINDIA   209244     185700.0  Dynamic   40572.0    no       10.55
2025-10-17 09:33:00  SHAREINDIA   275745     185700.0  Dynamic   53944.0    no       9.57 
2025-10-17 09:34:00  SHAREINDIA   381268     185700.0  Dynamic   74603.0    no       9.55 
2025-10-17 09:34:00  ASTEC        18737      -306483.0 Dynamic   15251.0    no       7.31 
2025-10-17 09:35:00  WHIRLPOOL    22057      15110.0   Dynamic   28116.0    no       16.52
2025-10-17 09:35:00  RACLGEAR     3611       -383336.0 Dynamic   4132.0     no       12.91
2025-10-17 09:37:00  NDTV         26874      -169726.0 Dynamic   2643.0     yes      5.87 
2025-10-17 09:37:00  CIEINDIA     99936      -43238.0  Dynamic   45586.0    yes      12.09
2025-10-17 09:37:00  BLSE         2752       -184858.0 Dynamic   488.0      yes      20.8 
2025-10-17 09:41:00  TATAINVEST   68142      -123105.0 Dynamic   62895.0    yes      17.77
2025-10-17 09:41:00  SAMPANN      5070       -85965.0  Dynamic   192.0      yes      14.5 
2025-10-17 09:43:00  GENESYS      39191      -21930.0  Dynamic   23513.0    yes      15.61
2025-10-17 09:47:00  SPECIALITY   3399       -384044.0 Dynamic   493.0      yes      16.84
2025-10-17 09:51:00  SHAREINDIA   230919     185700.0  Dynamic   45105.0    no       9.74 
2025-10-17 09:57:00  WHIRLPOOL    56110      15110.0   Dynamic   73386.0    yes      13.56
2025-10-17 09:59:00  WHIRLPOOL    57427      15110.0   Dynamic   75488.0    yes      12.99
2025-10-17 10:06:00  GENESYS      8800       -21930.0  Dynamic   5331.0     no       14.48
2025-10-17 10:07:00  RAMCOSYS     5204       -305739.0 Dynamic   3138.0     yes      6.32 
2025-10-17 10:13:00  WHIRLPOOL    33373      15110.0   Dynamic   43852.0    yes      13.04
2025-10-17 10:14:00  ASTEC        7044       -306483.0 Dynamic   5835.0     yes      5.44 
2025-10-17 10:14:00  WHIRLPOOL    38093      15110.0   Dynamic   50321.0    yes      12.44
2025-10-17 10:15:00  ASTEC        33468      -306483.0 Dynamic   27929.0    yes      4.67 
2025-10-17 10:15:00  WHIRLPOOL    48377      15110.0   Dynamic   63945.0    yes      12.37
2025-10-17 10:16:00  ASTEC        34452      -306483.0 Dynamic   28850.0    yes      4.3  
2025-10-17 10:16:00  WHIRLPOOL    76238      15110.0   Dynamic   101267.0   yes      11.82
2025-10-17 10:17:00  GSLSU        10692      -97649.0  Dynamic   1044.0     no       5.96 
2025-10-17 10:17:00  ASTEC        35822      -306483.0 Dynamic   30125.0    yes      3.86 
2025-10-17 10:18:00  CIEINDIA     9070       -43238.0  Dynamic   4070.0     no       13.94
2025-10-17 10:19:00  MARINE       85898      55212.0   Dynamic   20185.0    yes      1.53 
2025-10-17 10:24:00  SANDHAR      8146       -123326.0 Dynamic   4394.0     yes      17.32
2025-10-17 10:27:00  BLSE         5748       -184858.0 Dynamic   1015.0     no       21.47
2025-10-17 10:28:00  BLS          573121     560509.0  Dynamic   191107.0   yes      16.78
2025-10-17 10:28:00  BLSE         7478       -184858.0 Dynamic   1329.0     yes      20.65
2025-10-17 10:29:00  BLSE         16844      -184858.0 Dynamic   3032.0     yes      19.12
2025-10-17 10:30:00  BLS          718234     560509.0  Dynamic   242979.0   yes      15.1 
2025-10-17 10:31:00  SANDHAR      32539      -123326.0 Dynamic   17799.0    yes      15.69
2025-10-17 10:31:00  WHIRLPOOL    29620      15110.0   Dynamic   39406.0    yes      11.64
2025-10-17 10:32:00  WHIRLPOOL    78447      15110.0   Dynamic   105009.0   yes      10.96
2025-10-17 10:33:00  GENESYS      3924       -21930.0  Dynamic   2377.0     no       14.49
2025-10-17 10:34:00  GENESYS      9066       -21930.0  Dynamic   5526.0     yes      13.8 
2025-10-17 10:36:00  BLSE         9239       -184858.0 Dynamic   1674.0     yes      18.34
2025-10-17 10:37:00  BLSE         15054      -184858.0 Dynamic   2732.0     yes      18.15
2025-10-17 10:39:00  FORCEMOT     4199       -1760.0   Dynamic   73965.0    yes      13.24
2025-10-17 10:51:00  GSLSU        28889      -97649.0  Dynamic   2861.0     no       4.44 
2025-10-17 10:52:00  GSLSU        51423      -97649.0  Dynamic   5129.0     no       3.68 
2025-10-17 10:53:00  GSLSU        82277      -97649.0  Dynamic   8294.0     yes      2.6  
2025-10-17 10:53:00  ADANIPOWER   985435     799118.0  Dynamic   161523.0   yes      15.21
2025-10-17 10:54:00  CEATLTD      2165       -32407.0  Dynamic   8110.0     yes      18.49
2025-10-17 10:59:00  NIFTY1       7616       -6617.0   Dynamic   2150.0     yes      18.33
2025-10-17 11:01:00  NIFTY1       9002       -6617.0   Dynamic   2546.0     yes      18.09
2025-10-17 11:06:00  FAZE3Q       8862       -24253.0  Dynamic   4495.0     no       20.16
2025-10-17 11:10:00  WHIRLPOOL    33051      15110.0   Dynamic   44004.0    yes      11.56
2025-10-17 11:11:00  ASTEC        5293       -306483.0 Dynamic   4425.0     no       4.48 
2025-10-17 11:14:00  CANTABIL     7707       -66395.0  Dynamic   1870.0     yes      21.06
2025-10-17 11:18:00  GSLSU        19237      -97649.0  Dynamic   1867.0     no       6.57 
2025-10-17 11:19:00  POKARNA      10705      -58363.0  Dynamic   8467.0     yes      16.46
2025-10-17 11:20:00  POKARNA      10849      -58363.0  Dynamic   8601.0     yes      16.19
2025-10-17 11:21:00  RUSTOMJEE    73564      -350180.0 Dynamic   42833.0    yes      8.42 
2025-10-17 11:21:00  WHIRLPOOL    27289      15110.0   Dynamic   36442.0    yes      11.23
2025-10-17 11:22:00  CIEINDIA     16103      -43238.0  Dynamic   7118.0     no       15.68
2025-10-17 11:23:00  WHIRLPOOL    68451      15110.0   Dynamic   91930.0    yes      10.6 
2025-10-17 11:24:00  WHIRLPOOL    69621      15110.0   Dynamic   93647.0    yes      10.42
2025-10-17 11:26:00  CIEINDIA     6213       -43238.0  Dynamic   2748.0     no       15.59
2025-10-17 11:27:00  AUTOBEES     279238     191447.0  Dynamic   78399.0    yes      17.24
2025-10-17 11:29:00  SHAREINDIA   222865     185700.0  Dynamic   43461.0    no       9.92 
2025-10-17 11:29:00  ABINFRA      28609      -239560.0 Dynamic   572.0      yes      3.4  
2025-10-17 11:30:00  ABINFRA      93545      -239560.0 Dynamic   1890.0     no       2.33 
2025-10-17 11:33:00  CIEINDIA     9108       -43238.0  Dynamic   4034.0     no       15.44
2025-10-17 11:34:00  BBTC         14726      -259219.0 Dynamic   29717.0    yes      12.25
2025-10-17 11:34:00  CIEINDIA     10028      -43238.0  Dynamic   4445.0     no       15.35
2025-10-17 11:35:00  BBTC         20039      -259219.0 Dynamic   40479.0    yes      12.14
2025-10-17 11:38:00  WHIRLPOOL    33445      15110.0   Dynamic   45167.0    yes      9.98 
2025-10-17 11:39:00  WHIRLPOOL    89895      15110.0   Dynamic   121808.0   yes      9.62 
2025-10-17 11:46:00  BBTC         24109      -259219.0 Dynamic   49014.0    yes      11.42
2025-10-17 11:53:00  WHIRLPOOL    29764      15110.0   Dynamic   40086.0    no       10.28
2025-10-17 11:54:00  WHIRLPOOL    31294      15110.0   Dynamic   42241.0    yes      10.04
2025-10-17 11:55:00  BBTC         16058      -259219.0 Dynamic   32813.0    yes      10.85
2025-10-17 12:04:00  UTIAMC       5464       -7044.0   Dynamic   7660.0     yes      18.0 
2025-10-17 12:08:00  MAPMYINDIA   3758       -252849.0 Dynamic   6922.0     yes      20.4 
2025-10-17 12:11:00  PDSL         13472      -66008.0  Dynamic   4109.0     no       22.36
2025-10-17 12:11:00  WHIRLPOOL    56005      15110.0   Dynamic   76223.0    yes      9.13 
2025-10-17 12:16:00  ASTEC        75024      -306483.0 Dynamic   58669.0    no       11.69
2025-10-17 12:20:00  BBTC         47655      -259219.0 Dynamic   98836.0    yes      9.22 
2025-10-17 12:23:00  WESTLIFE     8528       -45654.0  Dynamic   5134.0     no       21.92
2025-10-17 12:27:00  KALPATARU    28278      5636.0    Dynamic   11334.0    no       1.21 
2025-10-17 12:31:00  BBTC         50052      -259219.0 Dynamic   104308.0   yes      8.69 
2025-10-17 12:38:00  WHIRLPOOL    91431      15110.0   Dynamic   125562.0   yes      8.16 
2025-10-17 12:46:00  PRITI        37497      -311551.0 Dynamic   2915.0     yes      0.0  
2025-10-17 12:51:00  BBTC         19459      -259219.0 Dynamic   39671.0    no       11.11
2025-10-17 12:54:00  WHIRLPOOL    38884      15110.0   Dynamic   53228.0    yes      8.5  
2025-10-17 12:59:00  WHIRLPOOL    64960      15110.0   Dynamic   89294.0    yes      8.05 
2025-10-17 13:03:00  WHIRLPOOL    82794      15110.0   Dynamic   114082.0   yes      7.79 
2025-10-17 13:10:00  WHIRLPOOL    72491      15110.0   Dynamic   99835.0    yes      7.85 
2025-10-17 13:19:00  BBTC         15097      -259219.0 Dynamic   30144.0    no       13.45
2025-10-17 13:20:00  BBTC         25194      -259219.0 Dynamic   50481.0    no       13.05
2025-10-17 13:21:00  BBTC         36454      -259219.0 Dynamic   73386.0    no       12.52
2025-10-17 13:23:00  ASTEC        8982       -306483.0 Dynamic   7007.0     no       11.97
