Time                 Symbol       Volume     VolCutoff Criteria   turnover   Days High %UC   
2025-10-08 09:25:00  ESSARSHPNG   52244      51619.0   45%       1564.0     no       12.06     profit : short 2.5/1.25 
2025-10-08 09:27:00  SALZERELEC   43741      39869.0   45%       37514.0    yes      6.91      NA:NE
2025-10-08 09:28:00  RANASUG      79828      75587.0   40%       1180.0     no       15.83     NA:LV
2025-10-08 09:28:00  ESSARSHPNG   53102      51619.0   45%       1633.0     yes      9.07      NA:PAT
2025-10-08 09:31:00  MMTC         355654     314647.0  35%       25497.0    yes      14.44     NA:NE
2025-10-08 09:33:00  ESSARSHPNG   100964     57354.0   50%       3180.0     no       6.48      LOSS 
2025-10-08 09:34:00  ITI          513397     486698.0  50%       180279.0   yes      10.76     NA:NE
2025-10-08 09:35:00  ITI          606440     486698.0  50%       214225.0   yes      10.11     LOSS 
2025-10-08 09:41:00  MMTC         718610     449496.0  50%       52336.0    yes      12.65     NA:NE
2025-10-08 09:43:00  ITI          516890     486698.0  50%       184245.0   yes      9.12      NA:PAT
2025-10-08 09:44:00  INDRAMEDCO   174062     115554.0  50%       108093.0   yes      10.85     NA: MO (short was there ) 

/// looking for longsx
2025-10-08 09:54:00  INDRAMEDCO   150523     115554.0  50%       92511.0    no       12.01     NA:NDH & PNQ
2025-10-08 10:06:00  ESSARSHPNG   53292      51619.0   45%       1688.0     no       5.87      NA:NDH
2025-10-08 10:07:00  ITI          580484     486698.0  50%       211006.0   yes      7.0       NA:NE
2025-10-08 10:10:00  SALZERELEC   92395      44298.0   50%       79936.0    no       5.98      PORFIT: LONG
2025-10-08 10:11:00  ESSARSHPNG   100925     57354.0   50%       3283.0     yes      3.1       NA:CTUC
2025-10-08 10:13:00  ESSARSHPNG   392503     57354.0   50%       12996.0    no       1.3       NA:CTUC
2025-10-08 10:21:00  RAMCOSYS     16826      15359.0   35%       9255.0     yes      0.85      NA:CTUC
2025-10-08 10:21:00  SALZERELEC   101251     44298.0   50%       89450.0    yes      3.79      NA:PAT
2025-10-08 10:23:00  RAMCOSYS     24115      21942.0   50%       13378.0    yes      0.0       NA:CTUC
2025-10-08 10:25:00  AVG          37768      10701.0   50%       9987.0     yes      0.0       NA:CTUC
2025-10-08 10:26:00  ITI          654845     486698.0  50%       239051.0   yes      6.55      NA:NE
2025-10-08 10:48:00  CHEMCON      57904      57093.0   35%       16381.0    no       16.88     NA:NDH
2025-10-08 10:49:00  CHEMCON      60388      57093.0   35%       17093.0    no       16.82     NA:NDH
2025-10-08 11:13:00  SALZERELEC   39389      35439.0   40%       34771.0    yes      3.87      NA:PAT
2025-10-08 11:51:00  SALZERELEC   36835      35439.0   40%       32501.0    yes      3.92      NA:PAT
2025-10-08 12:12:00  ITI          517206     486698.0  50%       190952.0   yes      5.35      NA:NE
2025-10-08 12:26:00  SALZERELEC   127540     44298.0   50%       113281.0   yes      3.23      NA:PAT
2025-10-08 13:20:00  WHEELS       19231      14242.0   50%       18056.0    yes      12.51     LOSS
2025-10-08 13:23:00  WHEELS       11873      11393.0   40%       11304.0    yes      10.95     NA:PAT
2025-10-08 13:45:00  WHEELS       17916      14242.0   50%       17128.0    yes      10.5      NA:PAT
2025-10-08 13:51:00  SALZERELEC   278303     44298.0   50%       250695.0   no       1.79      NA:PAT
2025-10-08 14:04:00  ITI          467189     438028.0  45%       171972.0   yes      5.66      NA:NE
2025-10-08 14:06:00  ITI          978361     486698.0  50%       363363.0   yes      4.73      NA:NE
2025-10-08 14:35:00  INDRAMEDCO   119520     115554.0  50%       66214.0    no       24.26     NA:NDH
2025-10-08 14:36:00  SALZERELEC   49518      44298.0   50%       44863.0    yes      1.2       NA:PAT
2025-10-08 14:42:00  ITI          689869     486698.0  50%       256321.0   yes      4.68 
