Time                 Symbol       Volume     VolCutoff Criteria   turnover   Days High %UC   
2025-10-23 09:30:00  TATAINVEST   181978     47798.0   50%       153771.0   no       24.26

///// taking longs 
2025-10-23 09:47:00  BHAGERIA     51967      30160.0   50%       11280.0    yes      7.62   LONG:PROFIT
2025-10-23 09:48:00  BHAGERIA     75501      30160.0   50%       16523.0    yes      6.74   NA:PAT
2025-10-23 09:50:00  SGFIN        38135      35016.0   50%       14682.0    no       24.    NA:NDH
2025-10-23 10:19:00  HINDCON      11822      11338.0   50%       436.0      yes      2.52   NA:LV
2025-10-23 10:23:00  BHAGERIA     63584      30160.0   50%       14084.0    yes      5.46   NA:PAT
2025-10-23 10:51:00  BHAGERIA     30744      30160.0   50%       6736.0     no       6.61   NA:PAT
2025-10-23 10:51:00  LATTEYS      31165      29581.0   40%       1070.0     no       7.37   NA:NDH
2025-10-23 11:13:00  TATAINVEST   70459      47798.0   50%       59467.0    no       24.31  NA:NDH 
2025-10-23 11:18:00  SIKKO        42119      19855.0   50%       5143.0     yes      1.73   NA:CTUC
2025-10-23 11:36:00  HARSHA       27736      25019.0   35%       11603.0    no       11.58  NA:LV
2025-10-23 11:39:00  ORIENTTECH   100065     92743.0   40%       50303.0    yes      3.29   NA:CTUC
2025-10-23 12:10:00  BHAGERIA     40239      30160.0   50%       8915.0     no       5.44   NA:PAT
2025-10-23 12:24:00  DONEAR       22285      19682.0   50%       2355.0     yes      4.13   NA:NDH 
2025-10-23 12:33:00  BAGFILMS     103101     65045.0   50%       823.0      yes      3.13   NA:CTUC
2025-10-23 12:58:00  SIKKO        30865      19855.0   50%       3735.0     no       2.64   NA:CTUC 
2025-10-23 13:40:00  BHAGERIA     22292      21112.0   35%       4933.0     no       5.55   NA:CTUC
2025-10-23 14:19:00  BHAGERIA     68814      30160.0   50%       15346.0    yes      4.75   NA:CTUC
2025-10-23 14:37:00  BHAGERIA     57755      30160.0   50%       12951.0    yes      4.17   NA:CTUC 
2025-10-23 14:41:00  SCI          910060     810633.0  50%       228425.0   yes      10.74  NA:NE
2025-10-23 14:48:00  BHAGERIA     39557      30160.0   50%       8859.0     yes      4.3    NA:PAT
2025-10-23 14:49:00  BHAGERIA     196520     30160.0   50%       44229.0    no       3.79   NA:PAT
