Time                 Symbol       Volume     VolCutoff Criteria   turnover   Days High 
2025-10-06 09:17:00  BIRLACORPN   55973      51528.0   35%       73991.0    yes      LOW VOLUME     short 
2025-10-06 09:17:00  INDBANK      57216      24684.0   50%       2176.0     yes      LOW VOLUME     NA
2025-10-06 09:21:00  SANDUMA      515678     103610.0  50%       106008.0   yes                     LOSS
2025-10-06 09:33:00  BBTC         29024      26754.0   50%       57261.0    yes      LOW VOLUME     short 
2025-10-06 09:33:00  ORIENTTECH   399021     115928.0  50%       194642.0   yes                      na 
2025-10-06 09:39:00  AAATECH      25186      11438.0   50%       3073.0     yes      LOW VOLUME     NA
2025-10-06 09:44:00  MMTC         325122     314647.0  35%       23152.0    yes                     na 
2025-10-06 09:47:00  IFGLEXPOR    63608      49876.0   50%       19833.0    yes      LOW VOLUME
2025-10-06 09:51:00  TARACHAND    78359      70677.0   50%       6449.0     yes      LOW VOLUME     too close to UC
2025-10-06 10:27:00  CYBERTECH    38713      25947.0   50%       8886.0     yes      LOW VOLUME     na - day high false
2025-10-06 10:32:00  SIGMA        15972      11266.0   50%       884.0      yes      LOW VOLUME     profit - 
2025-10-06 10:57:00  SMCGLOBAL    31036      30572.0   40%       4481.0     yes      LOW VOLUME      
2025-10-06 11:59:00  ATLANTAA     472393     138320.0  50%       31055.0    yes                     
2025-10-06 13:00:00  JAYSREETEA   42270      29038.0   50%       4142.0     yes      LOW VOLUME     
2025-10-06 13:34:00  ITDC         307226     100708.0  50%       218822.0   yes                     
2025-10-06 14:13:00  ABLBL        598169     568225.0  45%       87793.0    yes                     
2025-10-06 14:48:00  CHEMCON      68348      65249.0   40%       19414.0    yes                     
2025-10-06 15:09:00  MAHKTECH     580434     524824.0  35%       20530.0    yes                      
2025-10-06 15:09:00  TICL         69790      62691.0   40%       1815.0     yes                     
