Time                 Symbol       Volume     VolCutoff Criteria   turnover   Days High 
2025-10-06 09:17:00  BIRLACORPN   55973      47561.0   Dynamic   73991.0    yes      LOW VOLUME
2025-10-06 09:17:00  DHANBANK     168195     119493.0  Dynamic   4516.0     yes      
2025-10-06 09:17:00  INDBANK      57216      23378.0   Dynamic   2176.0     yes      LOW VOLUME
2025-10-06 09:21:00  SANDUMA      515678     59394.0   Dynamic   106008.0   yes      
2025-10-06 09:24:00  TFCILTD      1933484    623000.0  Dynamic   146461.0   yes      
2025-10-06 09:27:00  AVANTEL      384967     295074.0  Dynamic   82475.0    yes      
2025-10-06 09:32:00  INOXGREEN    157829     134333.0  Dynamic   33837.0    yes      
2025-10-06 09:33:00  BBTC         29024      24634.0   Dynamic   57261.0    yes      LOW VOLUME
2025-10-06 09:33:00  ORIENTTECH   399021     63893.0   Dynamic   194642.0   yes      
2025-10-06 09:35:00  SAIL         751484     729851.0  Dynamic   100774.0   yes      
2025-10-06 09:35:00  ORIENTTECH   458137     63893.0   Dynamic   226411.0   yes      
2025-10-06 09:36:00  KFINTECH     252931     160494.0  Dynamic   268942.0   yes      
2025-10-06 09:39:00  AAATECH      25186      14179.0   Dynamic   3073.0     yes      LOW VOLUME
2025-10-06 09:42:00  INDBANK      194080     23378.0   Dynamic   7676.0     yes      LOW VOLUME
2025-10-06 09:44:00  MMTC         325122     154172.0  Dynamic   23152.0    yes      
2025-10-06 09:44:00  BAJEL        90227      70682.0   Dynamic   19817.0    yes      
2025-10-06 09:47:00  IFGLEXPOR    63608      36928.0   Dynamic   19833.0    yes      LOW VOLUME
2025-10-06 09:51:00  TARACHAND    78359      46319.0   Dynamic   6449.0     yes      LOW VOLUME
2025-10-06 09:55:00  IFGLEXPOR    49797      36928.0   Dynamic   16035.0    yes      LOW VOLUME
2025-10-06 10:06:00  SANDUMA      356082     59394.0   Dynamic   74599.0    yes      
2025-10-06 10:07:00  SANDUMA      378894     59394.0   Dynamic   79530.0    yes      
2025-10-06 10:10:00  TARACHAND    160580     46319.0   Dynamic   13328.0    yes      LOW VOLUME
2025-10-06 10:16:00  AAATECH      34567      14179.0   Dynamic   4249.0     yes      LOW VOLUME
2025-10-06 10:20:00  KTKBANK      225723     166232.0  Dynamic   39533.0    yes      
2025-10-06 10:21:00  IFGLEXPOR    45784      36928.0   Dynamic   14758.0    yes      LOW VOLUME
2025-10-06 10:22:00  IFGLEXPOR    84812      36928.0   Dynamic   27543.0    yes      LOW VOLUME
2025-10-06 10:27:00  CYBERTECH    38713      24148.0   Dynamic   8886.0     yes      LOW VOLUME
2025-10-06 10:30:00  ORIENTTECH   102407     63893.0   Dynamic   49903.0    yes      
2025-10-06 10:32:00  SIGMA        15972      14041.0   Dynamic   884.0      yes      LOW VOLUME
2025-10-06 10:35:00  SIGMA        28997      14041.0   Dynamic   1650.0     yes      LOW VOLUME
2025-10-06 10:36:00  SIGMA        78348      14041.0   Dynamic   4650.0     yes      LOW VOLUME
2025-10-06 10:37:00  IDEA         43814730   10764293.0Dynamic   375054.0   yes      
2025-10-06 10:37:00  SIGMA        91917      14041.0   Dynamic   5529.0     yes      LOW VOLUME
2025-10-06 10:43:00  AVALON       93458      86695.0   Dynamic   103028.0   yes      
2025-10-06 10:45:00  ORIENTTECH   293654     63893.0   Dynamic   145344.0   yes      
2025-10-06 10:46:00  ORIENTTECH   828731     63893.0   Dynamic   418509.0   yes      
2025-10-06 10:53:00  SIGMA        22428      14041.0   Dynamic   1384.0     yes      LOW VOLUME
2025-10-06 11:10:00  PROZONER     212631     145399.0  Dynamic   13009.0    yes      
2025-10-06 11:25:00  SIGMA        30780      14041.0   Dynamic   1935.0     yes      LOW VOLUME
2025-10-06 11:29:00  SIGMA        14619      14041.0   Dynamic   923.0      yes      LOW VOLUME
2025-10-06 11:48:00  MARICO       353810     260039.0  Dynamic   251435.0   yes      
2025-10-06 11:57:00  SANDUMA      91059      59394.0   Dynamic   18986.0    yes      
2025-10-06 11:58:00  IFGLEXPOR    299612     36928.0   Dynamic   100924.0   yes      LOW VOLUME
2025-10-06 11:58:00  ATLANTAA     72093      71665.0   Dynamic   4600.0     yes      
2025-10-06 11:58:00  SANDUMA      235438     59394.0   Dynamic   49324.0    yes      
2025-10-06 11:59:00  ATLANTAA     472393     71665.0   Dynamic   31055.0    yes      
2025-10-06 12:26:00  ADANIPOWER   612414     462603.0  Dynamic   92401.0    yes      
2025-10-06 12:26:00  SANDUMA      104363     59394.0   Dynamic   21996.0    yes      
2025-10-06 12:33:00  PREMEXPLN    176330     172443.0  Dynamic   116598.0   yes      
2025-10-06 12:37:00  SANDUMA      96071      59394.0   Dynamic   20261.0    yes      
2025-10-06 12:38:00  SANDUMA      97697      59394.0   Dynamic   20614.0    yes      
2025-10-06 12:55:00  SBC          770346     653426.0  Dynamic   17217.0    yes      
2025-10-06 12:57:00  TARACHAND    102464     46319.0   Dynamic   8666.0     yes      LOW VOLUME
2025-10-06 13:00:00  JAYSREETEA   42270      25981.0   Dynamic   4142.0     yes      LOW VOLUME
2025-10-06 13:16:00  SANDUMA      62014      59394.0   Dynamic   12833.0    yes      
2025-10-06 13:20:00  GOLDBEES     1182836    1037499.0 Dynamic   117172.0   yes      
2025-10-06 13:22:00  INFIBEAM     1218624    644903.0  Dynamic   21253.0    yes      
2025-10-06 13:23:00  GOLDBEES     1136302    1037499.0 Dynamic   112619.0   yes      
2025-10-06 13:34:00  ITDC         307226     58307.0   Dynamic   218822.0   yes      
2025-10-06 13:38:00  MSTCLTD      91172      69497.0   Dynamic   50131.0    yes      
2025-10-06 13:55:00  ATLANTAA     195121     71665.0   Dynamic   12866.0    yes      
2025-10-06 13:58:00  SANDUMA      77092      59394.0   Dynamic   15958.0    yes      
2025-10-06 13:59:00  SANDUMA      113019     59394.0   Dynamic   23413.0    yes      
2025-10-06 14:08:00  ADANIPOWER   549460     462603.0  Dynamic   83925.0    yes      
2025-10-06 14:13:00  ABLBL        598169     192271.0  Dynamic   87793.0    yes      
2025-10-06 14:32:00  IXIGO        496478     473107.0  Dynamic   158203.0   yes      
2025-10-06 14:33:00  TARACHAND    89787      46319.0   Dynamic   7586.0     yes      LOW VOLUME
2025-10-06 14:48:00  CHEMCON      68348      50839.0   Dynamic   19414.0    yes      
2025-10-06 14:51:00  KIOCL        675848     411845.0  Dynamic   427068.0   yes      
2025-10-06 14:59:00  IOC          1083897    642778.0  Dynamic   168221.0   yes      
2025-10-06 15:05:00  PROZONER     145613     145399.0  Dynamic   8933.0     yes      
2025-10-06 15:08:00  ORIENTTECH   158479     63893.0   Dynamic   79873.0    yes      
2025-10-06 15:09:00  MAHKTECH     580434     214995.0  Dynamic   20530.0    yes      
2025-10-06 15:09:00  TICL         69790      49535.0   Dynamic   1815.0     yes      
2025-10-06 15:09:00  ORIENTTECH   368214     63893.0   Dynamic   187844.0   yes      
2025-10-06 15:10:00  AAATECH      57052      14179.0   Dynamic   7188.0     yes      LOW VOLUME
2025-10-06 15:11:00  AAATECH      71483      14179.0   Dynamic   9030.0     yes      LOW VOLUME
2025-10-06 15:14:00  SAIL         767748     729851.0  Dynamic   101911.0   yes      
2025-10-06 15:18:00  AVANTEL      307475     295074.0  Dynamic   65723.0    yes      
2025-10-06 15:20:00  INTLCONV     51693      43905.0   Dynamic   5716.0     yes      LOW VOLUME
2025-10-06 15:26:00  SIGMA        28076      14041.0   Dynamic   1763.0     yes      LOW VOLUME
2025-10-06 15:27:00  SHAILY       83073      63117.0   Dynamic   184339.0   yes      
2025-10-06 15:27:00  SIGMA        49024      14041.0   Dynamic   3113.0     yes      LOW VOLUME
2025-10-06 15:28:00  IMAGICAA     122971     116050.0  Dynamic   6912.0     yes      
2025-10-06 15:28:00  SIGMA        87902      14041.0   Dynamic   5652.0     yes      LOW VOLUME
