Time                 Symbol       Volume     VolCutoff Criteria   turnover   Days High 
2025-10-07 09:22:00  INOXGREEN    377783     363658.0  50%       84960.0    yes      NA-  CTUC
2025-10-07 09:22:00  RAMKY        29026      28329.0   35%       17659.0    no       NA - PNQ
2025-10-07 09:24:00  CYIENTDLM    62591      62253.0   35%       28992.0    yes      profit done - live 2.5%
2025-10-07 09:25:00  RACLGEAR     18960      15762.0   50%       24629.0    yes      NA- looking for short till 9:45
2025-10-07 09:26:00  INTLCONV     53462      52071.0   40%       6028.0     yes      NA - PNQ
2025-10-07 09:30:00  TARACHAND    65967      63609.0   45%       5904.0     yes      NA- looking for short till 9:45
2025-10-07 09:31:00  MCLEODRUSS   374118     356691.0  35%       19406.0    yes      NA -LV & CTUC
2025-10-07 09:31:00  AMDIND       23360      21771.0   45%       1493.0     yes      NA -PNQ
2025-10-07 09:35:00  INDBANK      37450      24684.0   50%       1726.0     no       NA - NDH
2025-10-07 09:35:00  BAJAJINDEF   13011      12974.0   35%       5236.0     yes      NA - LV
2025-10-07 09:37:00  SANDUMA      168970     103610.0  50%       33015.0    no       NA - NDH
2025-10-07 09:39:00  RAMKY        40260      36423.0   45%       25726.0    yes      NA- looking for short till 9:45
2025-10-07 09:41:00  ESTER        62238      55746.0   35%       7525.0     no       NA- looking for short till 9:45
2025-10-07 09:42:00  ATLANTAA     158552     138320.0  50%       11375.0    no       NA- looking for short till 9:45

/// now looking for LONGS 

2025-10-07 09:46:00  AAATECH      16794      11438.0   50%       2000.0     no       NA - NDH
2025-10-07 09:47:00  AAATECH      46700      11438.0   50%       5586.0     no       NA - NDH
2025-10-07 10:02:00  FIRSTCRY     1592244    1501056.0 50%       593429.0   yes      NA - SS
2025-10-07 10:04:00  ESTER        79845      79638.0   50%       9789.0     yes      PROFIT - long 4/1.5
2025-10-07 10:05:00  RAMKY        41949      40470.0   50%       27399.0    yes      NA - NE
2025-10-07 10:06:00  RAMKY        71681      40470.0   50%       47094.0    yes      PROFIT- long 5/1.5
2025-10-07 10:07:00  RAMKY        80599      40470.0   50%       53099.0    yes      NA - PAT
2025-10-07 10:10:00  ESTER        295618     79638.0   50%       37656.0    no       NA - PAT
2025-10-07 10:14:00  ESTER        188488     79638.0   50%       24145.0    yes      NA - PAT
2025-10-07 10:15:00  NOCIL        157330     156740.0  50%       29814.0    yes      LOSS - long 3/1.5
2025-10-07 10:16:00  ESTER        334493     79638.0   50%       44056.0    yes      NA - PAT
2025-10-07 10:17:00  RAMKY        125167     40470.0   50%       84419.0    yes      NA - PAT
2025-10-07 10:22:00  TVSELECT     29150      19585.0   50%       19880.0    yes      LOSS - long 3/1.5
2025-10-07 10:24:00  TVSELECT     47262      19585.0   50%       32608.0    yes      NA - PAT
2025-10-07 10:25:00  AAATECH      135288     11438.0   50%       15693.0    no       NA - NDH
2025-10-07 10:26:00  INDRAMEDCO   152305     115554.0  50%       77554.0    yes      NA - NE ( Awesome multibagger)
2025-10-07 10:26:00  SIGMA        65787      11266.0   50%       3635.0     no       NA - NDH
2025-10-07 10:34:00  RAMKY        109613     40470.0   50%       73901.0    no       NA - NDH
2025-10-07 10:56:00  RAMKY        152914     40470.0   50%       106451.0   yes      NA - PAT
2025-10-07 10:58:00  RAMKY        509868     40470.0   50%       357723.0   yes      NA - PAT
2025-10-07 11:18:00  RHIM         349821     340066.0  50%       174631.0   yes      LOSS - long 3/1.5 (Could be avoided )
2025-10-07 11:19:00  RHIM         537489     340066.0  50%       268530.0   yes      NA - PAT 
2025-10-07 11:41:00  LODHA        2705874    854950.0  50%       2985391.0  no       NA - NDH
2025-10-07 11:42:00  RAMKY        30599      28329.0   35%       20578.0    no       NA - PAT 
2025-10-07 11:43:00  RAMKY        55023      40470.0   50%       37030.0    no       NA - PAT 
2025-10-07 11:55:00  RHIM         494923     340066.0  50%       248699.0   no       NA - PAT 
2025-10-07 12:00:00  ARIHANTSUP   15423      13738.0   50%       6485.0     no       profit - long 3/1.5 (MB)
2025-10-07 12:10:00  SIGMA        18339      11266.0   50%       1024.0     no       NA - NDH
2025-10-07 12:15:00  ARIHANTSUP   15151      13738.0   50%       6586.0     yes      NA - PAT
2025-10-07 12:19:00  ARIHANTSUP   23389      13738.0   50%       10522.0    yes      NA - PAT
2025-10-07 12:20:00  ARIHANTSUP   35498      13738.0   50%       16242.0    no       NA - PAT
2025-10-07 12:23:00  SAGCEM       133006     120285.0  35%       33212.0    yes      NA - LV
2025-10-07 12:31:00  ARIHANTSUP   11183      10991.0   40%       5064.0     no       NA - PAT 
2025-10-07 12:32:00  RAMKY        32266      28329.0   35%       20908.0    no       NA - PAT 
2025-10-07 12:40:00  SANDHAR      42548      38202.0   40%       20338.0    no       LOSS - long 3/1.5
2025-10-07 12:45:00  UNIPARTS     42261      40699.0   35%       19391.0    yes      profit - long 3/1.5 (MB)
2025-10-07 12:56:00  ARIHANTSUP   33597      13738.0   50%       14951.0    no       NA - PAT
2025-10-07 13:17:00  UNIPARTS     46835      46513.0   40%       21781.0    no       NA - PAT
2025-10-07 13:22:00  UNIPARTS     126053     58141.0   50%       59749.0    yes      NA - PAT
2025-10-07 13:42:00  ASAL         17289      16192.0   50%       10486.0    yes      NA - LV
2025-10-07 13:42:00  UNIPARTS     118652     58141.0   50%       57131.0    no       NA - PAT 
2025-10-07 13:58:00  MUKKA        370620     168970.0  50%       9862.0     no       NA - LV
2025-10-07 14:04:00  PIDILITIND   118796     107395.0  35%       175747.0   yes      NA - PNQ
2025-10-07 14:13:00  INDRAMEDCO   407898     115554.0  50%       231156.0   no       NA _ PAT   
2025-10-07 14:17:00  ARIHANTSUP   24270      13738.0   50%       10354.0    no       NA - PAT     
2025-10-07 14:23:00  ATLANTAA     330100     138320.0  50%       24097.0    yes      NA - NE
2025-10-07 14:36:00  JBCHEPHARM   103834     96077.0   50%       171534.0   yes      NA - LV
2025-10-07 14:38:00  RHIM         444341     340066.0  50%       220482.0   no       NA - PAT
2025-10-07 14:52:00  CONFIPET     198556     182966.0  40%       9551.0     yes      NA - PNQ
2025-10-07 14:52:00  ARIHANTSUP   17484      13738.0   50%       7641.0     no       NA - PAT
2025-10-07 15:01:00  UNIPARTS     40916      40699.0   35%       19026.0    no       NA - PAT
2025-10-07 15:02:00  UNIPARTS     51028      46513.0   40%       23838.0    no       NA - PAT
2025-10-07 15:08:00  INDBANK      18740      17279.0   35%       838.0      no       NA - PNQ
2025-10-07 15:11:00  TARACHAND    63907      63609.0   45%       5690.0     no       LOW VOLUME
2025-10-07 15:11:00  RHIM         274619     272053.0  40%       135264.0   no       NA - NDH      
