Time                 Symbol       Volume     VolCutoff Criteria   turnover   Days High %UC   
2025-10-24 09:22:00  SIKKO        80314      19855.0   50%       10922.0    yes      0.47 
2025-10-24 09:22:00  BHAGERIA     103926     30160.0   50%       23778.0    no       19.9 
2025-10-24 09:23:00  SIKKO        179557     19855.0   50%       24488.0    yes      0.18 
2025-10-24 09:24:00  MEGASOFT     66377      64035.0   35%       11741.0    yes      0.0  
2025-10-24 09:24:00  POKARNA      54385      50393.0   40%       50717.0    yes      15.04
2025-10-24 09:25:00  SANDUMA      89063      82888.0   40%       19618.0    yes      15.83
2025-10-24 09:26:00  SANDUMA      142385     103610.0  50%       31645.0    yes      14.79
2025-10-24 09:27:00  BHAGERIA     106628     30160.0   50%       24548.0    no       19.16
2025-10-24 09:30:00  COASTCORP    45264      42270.0   35%       2039.0     no       19.36
2025-10-24 09:31:00  ARIHANTCAP   453278     444450.0  50%       52811.0    no       16.4 
2025-10-24 09:31:00  MITCON       10842      10143.0   45%       846.0      yes      13.23
2025-10-24 09:33:00  MITCON       13654      11270.0   50%       1091.0     yes      10.55
2025-10-24 09:36:00  SIKKO        21217      19855.0   50%       2795.0     no       3.73 
2025-10-24 09:36:00  MITCON       13720      11270.0   50%       1118.0     yes      8.38 
2025-10-24 09:37:00  BHAGERIA     85144      30160.0   50%       19845.0    yes      17.69
2025-10-24 09:37:00  PFS          789434     258452.0  50%       31183.0    no       6.18 
2025-10-24 09:38:00  MITCON       17619      11270.0   50%       1470.0     yes      5.84 
2025-10-24 09:38:00  BHAGERIA     183455     30160.0   50%       43160.0    no       16.6 
2025-10-24 09:39:00  SIKKO        24775      19855.0   50%       3298.0     no       2.64 
2025-10-24 09:39:00  RNBDENIMS    31652      30858.0   40%       4836.0     no       8.19 
2025-10-24 09:41:00  RNBDENIMS    33838      30858.0   40%       5229.0     yes      6.99 
2025-10-24 09:44:00  PFS          621307     258452.0  50%       24685.0    yes      5.56 
2025-10-24 09:47:00  ARIHANTCAP   360572     355560.0  40%       42201.0    no       15.87
2025-10-24 10:14:00  ARIHANTCAP   548912     444450.0  50%       63273.0    no       17.65
2025-10-24 10:37:00  BHAGERIA     89026      30160.0   50%       21186.0    yes      15.27
2025-10-24 10:39:00  POKARNA      62379      56692.0   45%       59924.0    yes      11.68
2025-10-24 10:44:00  BHAGERIA     91685      30160.0   50%       22061.0    yes      14.01
2025-10-24 10:45:00  BHAGERIA     168921     30160.0   50%       41085.0    yes      12.79
2025-10-24 10:45:00  POKARNA      73445      62991.0   50%       71737.0    yes      9.84 
2025-10-24 10:49:00  POKARNA      48088      44094.0   35%       47150.0    yes      9.42 
2025-10-24 11:05:00  LATTEYS      26763      25884.0   35%       876.0      no       15.97
2025-10-24 11:07:00  BHAGERIA     36488      30160.0   50%       8740.0     no       14.53
2025-10-24 11:15:00  SIKKO        203583     19855.0   50%       23019.0    no       20.84
2025-10-24 11:41:00  BHAGERIA     100548     30160.0   50%       24291.0    no       13.55
2025-10-24 11:53:00  PFS          661565     258452.0  50%       26641.0    yes      4.15 
2025-10-24 12:05:00  SCI          835693     810633.0  50%       222386.0   yes      12.74
2025-10-24 12:05:00  ARROWGREEN   27546      24955.0   45%       17175.0    yes      5.73 
2025-10-24 12:06:00  UTKARSHBNK   552227     502183.0  35%       10520.0    no       15.64
2025-10-24 12:30:00  UTKARSHBNK   1025006    717404.0  50%       20346.0    yes      10.98
2025-10-24 12:34:00  UTKARSHBNK   1780739    717404.0  50%       36701.0    yes      6.89 
2025-10-24 12:35:00  UTKARSHBNK   2561347    717404.0  50%       53404.0    no       5.66 
2025-10-24 12:36:00  SCI          753862     729570.0  45%       202472.0   yes      11.7 
2025-10-24 12:52:00  UTKARSHBNK   965875     717404.0  50%       19984.0    no       6.48 
2025-10-24 13:24:00  AARTECH      30618      22953.0   50%       1967.0     yes      0.96 
2025-10-24 13:36:00  SCI          682998     648506.0  40%       185229.0   yes      10.62
2025-10-24 13:42:00  BHAGERIA     39138      30160.0   50%       9273.0     no       15.78
2025-10-24 13:46:00  SCI          603212     567443.0  35%       163688.0   yes      10.55
2025-10-24 14:29:00  ARROWGREEN   26297      24955.0   45%       17286.0    yes      0.28 
2025-10-24 14:31:00  PFS          181408     180917.0  35%       7131.0     no       6.69 
2025-10-24 14:39:00  BBOX         45781      43416.0   35%       26061.0    yes      2.71 
2025-10-24 14:45:00  UTKARSHBNK   6745543    717404.0  50%       147660.0   yes      0.64 
