Time                 Symbol       Volume     VolCutoff Criteria   turnover   Days High %UC   
2025-10-23 09:22:00  ROLEXRINGS   124603     29551     UV        399.0      yes      16.78    LOSS:LONG 
2025-10-23 09:22:00  SOUTHBANK    17146758   7088111   UV        55894.0    no       17.71
2025-10-23 09:22:00  COASTCORP    474460     120772    UV        533.0      yes      0.0      NA:CTUC
2025-10-23 09:22:00  SHAREINDIA   699056     356603    UV        6465.0     no       14.73
2025-10-23 09:22:00  GFLLIMITED   110092     44324     UV        536.0      no       22.28
2025-10-23 09:22:00  TATAINVEST   1603655    95596     UV        85670.0    no       21.95
2025-10-23 09:22:00  GULPOLY      486268     80537     UV        9733.0     no       10.72
2025-10-23 09:22:00  GOKEX        785517     603322    UV        30828.0    no       9.7  
2025-10-23 09:22:00  UNIPARTS     163896     116282    UV        4865.0     no       27.11
2025-10-23 09:22:00  BHAGERIA     469104     60321     UV        16134.0    yes      9.49     PROFIT:LONG
2025-10-23 09:22:00  SKYGOLD      1282791    1242468   UV        21692.0    no       21.48
2025-10-23 09:22:00  DCBBANK      4675624    1414703   UV        69309.0    no       20.46
2025-10-23 09:22:00  GOLDBEES     24479875   16887903  UV        102618.0   no       26.56
2025-10-23 09:22:00  LEXUS        255146     33122     UV        998.0      no       4.89 
2025-10-23 09:22:00  CEATLTD      246063     140723    UV        83855.0    no       18.68
2025-10-23 09:22:00  LATTEYS      337580     73953     UV        1259.0     no       6.9  
2025-10-23 09:22:00  ADANIPOWER   6398072    4874342   UV        52389.0    no       21.19
2025-10-23 09:22:00  POKARNA      240905     125982    UV        14545.0    no       11.0 
2025-10-23 09:22:00  SANDUMA      555378     207220    UV        11987.0    no       23.17
2025-10-23 09:22:00  RAJRATAN     188290     98951     UV        16199.0    yes      18.98    NA:NE
2025-10-23 09:22:00  ITETF        376851     346668    UV        797.0      no       17.91
2025-10-23 09:22:00  TATSILV      15821030   6959738   UV        9976.0     no       28.98
2025-10-23 09:22:00  GROWWSLVR    338305     170913    UV        1900.0     no       34.57
2025-10-23 09:22:00  RMDRIP       67762      42901     UV        0.0        no       18.43
2025-10-23 09:22:00  TIJARIA      59309      30876     UV        186.0      no       4.48 
2025-10-23 09:22:00  VSSL         256902     63597     UV        3141.0     no       15.49
2025-10-23 09:22:00  KITEX        1201526    1090373   UV        17927.0    no       7.52 
2025-10-23 09:23:00  SIKKO        41449      39710     UV        321.0      no       13.87
2025-10-23 09:24:00  HIMATSEIDE   688103     682818    UV        2138.0     no       13.25
2025-10-23 09:25:00  DHANBANK     633380     607441    UV        1613.0     no       21.67
2025-10-23 09:26:00  VARDHACRLC   58368      45557     UV        695.0      no       18.82
2025-10-23 09:26:00  NIBL         40869      37644     UV        127.0      no       21.0 
2025-10-23 09:27:00  BSOFT        1088693    1052420   UV        43098.0    yes      13.15    PROFIT:LONG
2025-10-23 09:27:00  GRWRHITECH   72659      72118     UV        5770.0     no       10.03
2025-10-23 09:27:00  WELSPUNLIV   4787680    4755587   UV        8525.0     no       14.15
2025-10-23 09:28:00  NECCLTD      76763      71863     UV        112.0      yes      12.02    PROFIT:LONG
2025-10-23 09:28:00  GSLSU        107779     106554    UV        171.0      no       25.45
2025-10-23 09:28:00  APEX         405161     401728    UV        1100.0     no       11.01
2025-10-23 09:29:00  HAPPYFORGE   25502      24418     UV        1224.0     no       11.72
2025-10-23 09:29:00  IGIL         965308     931043    UV        31910.0    no       5.58 
2025-10-23 09:30:00  VTL          1359753    1276347   UV        42019.0    yes      10.21    LOSS:LONG
2025-10-23 09:30:00  NIRAJ        32347      28244     UV        276.0      no       15.62
2025-10-23 09:30:00  BBTC         53738      53509     UV        2970.0     yes      19.06    PROFIT:LONG
2025-10-23 09:30:00  AVANTIFEED   954168     941541    UV        11155.0    no       13.87
2025-10-23 09:30:00  SPORTKING    312269     271023    UV        4294.0     no       12.62
2025-10-23 09:31:00  NIF100BEES   25514      25506     UV        22.0       no       19.2 
2025-10-23 09:32:00  MITCON       22914      22539     UV        86.0       no       27.37
2025-10-23 09:33:00  SCI          1860664    1621266   UV        106650.0   yes      15.39    PROFIT:LONG
2025-10-23 09:33:00  AVANTEL      2448168    2440555   UV        16572.0    no       18.82
2025-10-23 09:33:00  UNIMECH      47891      47244     UV        853.0      no       5.22 
2025-10-23 09:34:00  INDORAMA     125379     121468    UV        716.0      no       21.94
2025-10-23 09:34:00  DBCORP       105652     89750     UV        6228.0     yes      14.75    LOSS:LONG
2025-10-23 09:34:00  AFIL         1300682    1181531   UV        2179.0     no       24.76
2025-10-23 09:36:00  NDTV         88316      78365     UV        957.0      no       10.96
2025-10-23 09:39:00  ICICIB22     435873     286523    UV        40121.0    yes      19.15
2025-10-23 09:39:00  APTECHT      60234      59494     UV        105.0      no       19.99
2025-10-23 09:39:00  MEDIASSIST   313283     287867    UV        107.0      yes      20.38
2025-10-23 09:39:00  ORIENTTECH   308601     231857    UV        11461.0    yes      5.58     PROFIT:LONG
2025-10-23 09:39:00  TOLINS       687487     670325    UV        1113.0     no       10.55
2025-10-23 09:40:00  MEGASOFT     188093     182956    UV        1191.0     yes      0.0  
2025-10-23 09:41:00  RAMCOSYS     47211      43883     UV        3741.0     no       8.3  
2025-10-23 09:42:00  TIRUPATIFL   183466     175588    UV        1840.0     yes      12.7     LOSS:LONG
2025-10-23 09:43:00  IT           239076     237278    UV        307.0      yes      17.3     NA:NEM
2025-10-23 09:43:00  IDFCFIRSTB   16713709   16611472  UV        117720.0   yes      8.17     PROFIT:LONG
2025-10-23 09:43:00  APOLLOPIPE   68074      64020     UV        7787.0     no       20.      
2025-10-23 09:44:00  KERNEX       65661      64184     UV        1921.0     no       16.55
2025-10-23 09:44:00  PSB          1465045    1445866   UV        2147.0     yes      17.31    LOSS:LONG
2025-10-23 09:44:00  SGFIN        113398     70033     UV        17860.0    no       24.31
2025-10-23 09:45:00  TRIDENT      10113241   10109503  UV        2087.0     no       15.97
2025-10-23 09:47:00  ARVIND       401324     395773    UV        17711.0    yes      11.4 
2025-10-23 09:47:00  SAKHTISUG    118547     117098    UV        68.0       no       17.97
2025-10-23 09:48:00  VAIBHAVGBL   372037     369287    UV        2129.0     no       18.25
2025-10-23 09:48:00  KPRMILL      421431     410503    UV        15411.0    no       14.39
2025-10-23 09:48:00  INTERARCH    28176      28159     UV        538.0      no       20.36
2025-10-23 09:49:00  CENTRALBK    4663684    4661767   UV        1729.0     yes      18.97
2025-10-23 09:52:00  MAFANG       258545     257991    UV        929.0      yes      0.06 
2025-10-23 09:52:00  DONEAR       39869      39365     UV        337.0      yes      13.22
2025-10-23 09:52:00  METAL        1187579    1047927   UV        3863.0     no       18.65
2025-10-23 09:53:00  BHARATFORG   1012714    1011199   UV        8472.0     yes      5.43 
2025-10-23 09:53:00  XELPMOC      24448      23942     UV        150.0      yes      17.43
2025-10-23 09:53:00  BANKBEES     441513     418669    UV        60318.0    yes      19.1 
2025-10-23 09:53:00  HDFCSENSEX   29226      25221     UV        1505.0     yes      18.01
2025-10-23 09:54:00  HAPPSTMNDS   329608     324899    UV        4051.0     yes      16.4 
2025-10-23 09:56:00  SIYSIL       78932      74727     UV        3208.0     no       18.25
2025-10-23 09:57:00  SAMBHAAV     98943      96486     UV        50.0       yes      19.98
2025-10-23 09:57:00  BANKINDIA    5812694    5771713   UV        7479.0     yes      7.7  
2025-10-23 09:58:00  ALIVUS       361651     77416     UV        323847.0   no       19.96
2025-10-23 09:59:00  WHIRLPOOL    188659     172322    UV        22711.0    no       21.56
2025-10-23 10:00:00  J&KBANK      1767107    1766003   UV        3824.0     yes      17.83
2025-10-23 10:00:00  UCOBANK      6674601    6614104   UV        6025.0     yes      18.6 
2025-10-23 10:01:00  MANGLMCEM    87132      76394     UV        11808.0    yes      14.47
2025-10-23 10:01:00  MMFL         57136      56560     UV        402.0      yes      14.21
2025-10-23 10:03:00  IOB          5853790    5805869   UV        2165.0     yes      19.29
2025-10-23 10:05:00  HDFCGROWTH   22906      22047     UV        270.0      yes      18.68
2025-10-23 10:06:00  MTARTECH     240702     226400    UV        35186.0    yes      13.61
2025-10-23 10:06:00  PRITI        43161      42809     UV        62.0       yes      21.15
2025-10-23 10:06:00  ATHERENERG   3158891    3139937   UV        14031.0    no       24.27
2025-10-23 10:06:00  SCILAL       421404     418511    UV        655.0      yes      16.75
2025-10-23 10:08:00  WHEELS       28624      28483     UV        305.0      no       21.36
2025-10-23 10:08:00  EVIETF       97039      89761     UV        323.0      no       19.3 
2025-10-23 10:09:00  RKSWAMY      39594      39545     UV        26.0       no       21.23
2025-10-23 10:10:00  MARINE       209799     204451    UV        3135.0     yes      8.31 
2025-10-23 10:10:00  HCC          3873423    3867847   UV        458.0      yes      17.85
2025-10-23 10:11:00  PRSMJOHNSN   826605     664759    UV        64365.0    yes      15.86
2025-10-23 10:11:00  HDFCNIFIT    81973      77668     UV        380.0      yes      17.05
2025-10-23 10:11:00  ZEEMEDIA     2241208    1930103   UV        6076.0     no       26.2 
2025-10-23 10:12:00  HINDCON      22733      22675     UV        15.0       no       12.16
2025-10-23 10:12:00  DIVOPPBEES   83405      83063     UV        55.0       yes      18.69
2025-10-23 10:12:00  SUBROS       121936     119996    UV        3851.0     no       20.4 
2025-10-23 10:13:00  INOXGREEN    748095     727315    UV        8466.0     no       14.03
2025-10-23 10:13:00  NITINSPIN    75084      74495     UV        1117.0     no       15.75
2025-10-23 10:13:00  ARIES        276581     272854    UV        1729.0     no       9.7  
