Time                 Symbol       Volume     VolCutoff Criteria
2025-09-26 09:17:00  RITES        666866     301197.5  50%     
2025-09-26 09:23:00  MCL          107630     19156.5   50%     NOT LOW VOLUME      profit 
2025-09-26 09:26:00  MCL          66923      19156.5   50%     LOW VOLUME
2025-09-26 09:33:00  FCL          352401     120225.0  50%     
2025-09-26 09:33:00  AURUM        84029      69019.0   50%     LOW VOLUME
2025-09-26 09:38:00  RITES        677575     301197.5  50%     
2025-09-26 09:43:00  MCL          77420      19156.5   50%     LOW VOLUME
2025-09-26 09:47:00  FCL          94677      84157.5   35%     
2025-09-26 09:55:00  BHARATGEAR   29769      26678.4   40%     LOW VOLUME
2025-09-26 09:56:00  BHARATGEAR   36160      33348.0   50%     LOW VOLUME
2025-09-26 09:58:00  BHARATGEAR   44325      33348.0   50%     LOW VOLUME
2025-09-26 09:59:00  BHARATGEAR   93576      33348.0   50%     LOW VOLUME
2025-09-26 10:04:00  AURUM        63567      62117.1   45%     LOW VOLUME
2025-09-26 10:16:00  RITES        215938     210838.25 35%     
2025-09-26 10:17:00  TVSELECT     15268      13709.5   35%     LOW VOLUME
2025-09-26 10:29:00  AURUM        51287      48313.299 35%     LOW VOLUME
2025-09-26 10:30:00  AURUM        124202     69019.0   50%     LOW VOLUME
2025-09-26 10:32:00  RACLGEAR     11841      11033.05  35%     LOW VOLUME
2025-09-26 10:39:00  BHARATGEAR   33313      30013.2   45%     LOW VOLUME
2025-09-26 10:41:00  BHARATGEAR   56936      33348.0   50%     LOW VOLUME
2025-09-26 10:46:00  BHARATGEAR   88194      33348.0   50%     LOW VOLUME
2025-09-26 10:59:00  BHARATGEAR   88952      33348.0   50%     LOW VOLUME
2025-09-26 11:02:00  LAMBODHARA   20643      19657.8   45%     LOW VOLUME
2025-09-26 11:05:00  AURUM        56114      55215.20000000000440%     LOW VOLUME
2025-09-26 11:32:00  LAMBODHARA   16543      15289.4   35%     LOW VOLUME
2025-09-26 11:33:00  AURUM        64950      62117.1   45%     LOW VOLUME
2025-09-26 11:40:00  BHARATGEAR   25144      23343.6   35%     LOW VOLUME
2025-09-26 11:41:00  BHARATGEAR   28409      26678.4   40%     LOW VOLUME
2025-09-26 12:01:00  MANYAVAR     146542     82976.5   50%     
2025-09-26 12:06:00  BHARATGEAR   197247     33348.0   50%     LOW VOLUME
2025-09-26 12:14:00  ASAL         14840      14572.80000000000145%     LOW VOLUME
2025-09-26 12:16:00  ASAL         34823      16192.0   50%     LOW VOLUME
2025-09-26 12:18:00  RITES        227398     210838.25 35%     
2025-09-26 12:39:00  RACLGEAR     130539     15761.5   50%     LOW VOLUME
2025-09-26 12:44:00  RACLGEAR     14907      14185.35  45%     LOW VOLUME
2025-09-26 13:07:00  AURUM        59053      55215.20000000000440%     LOW VOLUME
2025-09-26 13:14:00  AURUM        161398     69019.0   50%     LOW VOLUME
2025-09-26 13:15:00  ASAL         20997      16192.0   50%     LOW VOLUME
2025-09-26 13:16:00  ASAL         45191      16192.0   50%     LOW VOLUME
2025-09-26 13:22:00  ASAL         107899     16192.0   50%     LOW VOLUME
2025-09-26 13:26:00  AURUM        98899      69019.0   50%     LOW VOLUME
2025-09-26 13:29:00  ASAL         111732     16192.0   50%     LOW VOLUME
2025-09-26 13:53:00  RACLGEAR     49177      15761.5   50%     LOW VOLUME
2025-09-26 14:42:00  ASAL         11805      11334.4   35%     LOW VOLUME
2025-09-26 14:52:00  MOSILVER     248000     95215.0   50%     
2025-09-26 14:59:00  BSE500IETF   901004     111035.5  50%     
2025-09-26 15:05:00  FCL          135472     120225.0  50%     
2025-09-26 15:08:00  TVSELECT     17116      15668.0   40%     LOW VOLUME
2025-09-26 15:16:00  FCL          130080     120225.0  50%     
2025-09-26 15:18:00  FCL          132631     120225.0  50%     
2025-09-26 15:19:00  BHARATGEAR   242692     33348.0   50%     LOW VOLUME
