Time                 Symbol       Volume     VolCutoff Criteria   turnover   Days High %UC   
2025-10-28 09:18:00  ARIHANTCAP   572382     444450.0  50%       62556.0    yes      17.89
2025-10-28 09:20:00  BHARATWIRE   349653     92040.0   50%       79081.0    yes      9.69 
2025-10-28 09:22:00  TMB          32893      30180.0   45%       15410.0    yes      17.13
2025-10-28 09:23:00  TMB          40729      33534.0   50%       19212.0    yes      16.33
2025-10-28 09:23:00  KALAMANDIR   1010843    625942.0  50%       221223.0   yes      7.41 
2025-10-28 09:24:00  KALAMANDIR   1225754    625942.0  50%       269960.0   no       6.73 
2025-10-28 09:26:00  GODAVARIB    31597      29638.0   50%       8386.0     yes      8.5  
2025-10-28 09:28:00  QUESS        141631     135212.0  50%       36350.0    no       13.73
2025-10-28 09:32:00  SURAJEST     94498      88520.0   40%       29176.0    yes      8.4  
2025-10-28 09:33:00  SURAJEST     139185     110650.0  50%       43419.0    yes      7.29 
2025-10-28 09:35:00  BHARATWIRE   218303     92040.0   50%       49579.0    no       9.23 
2025-10-28 09:37:00  TMB          60243      33534.0   50%       28947.0    yes      14.2 
2025-10-28 09:42:00  BHAGERIA     28431      27144.0   45%       6656.0     no       19.26
2025-10-28 09:42:00  SPARC        106316     104079.0  45%       15237.0    yes      11.58
2025-10-28 09:43:00  SPARC        197395     115643.0  50%       28301.0    yes      11.54
2025-10-28 09:46:00  HATSUN       28620      28166.0   35%       31648.0    no       17.19
2025-10-28 10:03:00  HATSUN       93024      40238.0   50%       108219.0   yes      11.39
2025-10-28 10:07:00  BHARATWIRE   138325     92040.0   50%       30593.0    no       12.17
2025-10-28 10:09:00  KALAMANDIR   1374563    625942.0  50%       303998.0   no       6.29 
2025-10-28 10:10:00  HATSUN       32380      32190.0   40%       37611.0    no       11.56
2025-10-28 10:18:00  BHARATWIRE   85723      82836.0   45%       19001.0    no       11.92
2025-10-28 10:20:00  SURAJEST     196731     110650.0  50%       62393.0    yes      5.53 
2025-10-28 10:30:00  MANAKCOAT    131856     126796.0  45%       21677.0    no       31.61
2025-10-28 10:37:00  WSI          47289      45940.0   40%       4241.0     no       9.92 
2025-10-28 11:02:00  SPARC        147141     115643.0  50%       21202.0    no       10.98
2025-10-28 12:14:00  HATSUN       32745      32190.0   40%       37734.0    no       12.45
2025-10-28 12:40:00  PRECWIRE     72894      67059.0   45%       16481.0    yes      11.83
2025-10-28 12:41:00  TTKPRESTIG   55105      33611.0   50%       39444.0    no       8.45 
2025-10-28 12:56:00  TTKPRESTIG   54139      33611.0   50%       39161.0    no       7.32 
2025-10-28 12:57:00  TTKPRESTIG   121949     33611.0   50%       89663.0    yes      5.58 
2025-10-28 12:58:00  TTKPRESTIG   194220     33611.0   50%       146374.0   no       3.01 
2025-10-28 13:02:00  TTKPRESTIG   47967      33611.0   50%       36249.0    no       2.73 
2025-10-28 13:10:00  PRECWIRE     70805      67059.0   45%       16250.0    yes      10.17
2025-10-28 13:32:00  MANAKCOAT    100416     98620.0   35%       16780.0    no       29.49
2025-10-28 13:37:00  PRECWIRE     103278     74510.0   50%       23839.0    yes      9.54 
2025-10-28 13:38:00  PRECWIRE     129223     74510.0   50%       29902.0    yes      9.27 
2025-10-28 13:43:00  PRECWIRE     188573     74510.0   50%       44311.0    yes      7.6  
