Time       Symbol       Volume     VolCutoff  Turnover     %UC                              Link 
09:26      AGIIL        2700       -103061.0  731.0      18.88 https://kite.zerodha.com/markets/ext/chart/web/tvc/NSE/AGIIL/6257921
09:27      BBOX         7033       -61993.0   3863.0     5.82  https://kite.zerodha.com/markets/ext/chart/web/tvc/NSE/BBOX/879361
09:27      RRKABEL      22030      -80114.0   31816.0    15.55 https://kite.zerodha.com/markets/ext/chart/web/tvc/NSE/RRKABEL/4752897
09:28      RRKABEL      41528      -80114.0   60108.0    15.3  https://kite.zerodha.com/markets/ext/chart/web/tvc/NSE/RRKABEL/4752897
09:29      TVSELECT     27845      -332389.0  17488.0    15.72 https://kite.zerodha.com/markets/ext/chart/web/tvc/NSE/TVSELECT/2883841
09:29      YESBANK      1489657    1449271.0  34366.0    9.49  https://kite.zerodha.com/markets/ext/chart/web/tvc/NSE/YESBANK/3050241
09:29      UNIPARTS     31815      -77156.0   16264.0    16.99 https://kite.zerodha.com/markets/ext/chart/web/tvc/NSE/UNIPARTS/3342593
09:29      POWERINDIA   18278      -3245.0    357865.0   0.67  https://kite.zerodha.com/markets/ext/chart/web/tvc/NSE/POWERINDIA/4724993
09:30      ORCHPHARMA   9470       -185626.0  7465.0     17.27 https://kite.zerodha.com/markets/ext/chart/web/tvc/NSE/ORCHPHARMA/237057
09:30      THANGAMAYL   44093      -322406.0  129069.0   6.73  https://kite.zerodha.com/markets/ext/chart/web/tvc/NSE/THANGAMAYL/4638209
09:32      THANGAMAYL   66164      -322406.0  197824.0   4.49  https://kite.zerodha.com/markets/ext/chart/web/tvc/NSE/THANGAMAYL/4638209
09:34      BIRLACORPN   4717       -21815.0   5739.0     16.93 https://kite.zerodha.com/markets/ext/chart/web/tvc/NSE/BIRLACORPN/122881
09:34      BALAMINES    2288       -305221.0  3333.0     16.41 https://kite.zerodha.com/markets/ext/chart/web/tvc/NSE/BALAMINES/3712257
09:37      POWERINDIA   28352      -3245.0    558818.0   0.0   https://kite.zerodha.com/markets/ext/chart/web/tvc/NSE/POWERINDIA/4724993
09:38      SCHNEIDER    6613       -80324.0   5846.0     7.34  https://kite.zerodha.com/markets/ext/chart/web/tvc/NSE/SCHNEIDER/7995905
09:39      SUPRIYA      13492      -13333.0   10924.0    16.35 https://kite.zerodha.com/markets/ext/chart/web/tvc/NSE/SUPRIYA/1891841
09:40      DREDGECORP   37355      -391521.0  34213.0    6.81  https://kite.zerodha.com/markets/ext/chart/web/tvc/NSE/DREDGECORP/2885377
09:41      IMFA         4858       -69048.0   6015.0     17.28 https://kite.zerodha.com/markets/ext/chart/web/tvc/NSE/IMFA/4924161
09:43      ROUTE        7293       -157619.0  5361.0     18.16 https://kite.zerodha.com/markets/ext/chart/web/tvc/NSE/ROUTE/32769
09:44      MUFIN        226706     158673.0   28350.0    14.74 https://kite.zerodha.com/markets/ext/chart/web/tvc/NSE/MUFIN/5064449
09:45      DREDGECORP   30693      -391521.0  28350.0    5.91  https://kite.zerodha.com/markets/ext/chart/web/tvc/NSE/DREDGECORP/2885377
09:46      DREDGECORP   37337      -391521.0  34518.0    5.81  https://kite.zerodha.com/markets/ext/chart/web/tvc/NSE/DREDGECORP/2885377
09:46      LGBBROSLTD   12484      -418573.0  21435.0    12.87 https://kite.zerodha.com/markets/ext/chart/web/tvc/NSE/LGBBROSLTD/4690177
09:46      IMFA         7630       -69048.0   9511.0     16.49 https://kite.zerodha.com/markets/ext/chart/web/tvc/NSE/IMFA/4924161
09:46      SAGILITY     1598859    1257628.0  85203.0    18.18 https://kite.zerodha.com/markets/ext/chart/web/tvc/NSE/SAGILITY/6925313
09:47      BLSE         9505       -184858.0  1857.0     22.77 https://kite.zerodha.com/markets/ext/chart/web/tvc/NSE/BLSE/5776897
09:49      RBZJEWEL     11300      -52799.0   1752.0     15.48 https://kite.zerodha.com/markets/ext/chart/web/tvc/NSE/RBZJEWEL/5343745
09:50      SJS          27555      15273.0    47695.0    13.16 https://kite.zerodha.com/markets/ext/chart/web/tvc/NSE/SJS/1700609
09:51      ELIN         8291       -17046.0   1787.0     15.89 https://kite.zerodha.com/markets/ext/chart/web/tvc/NSE/ELIN/3436289
09:51      NAVINFLUOR   6800       -89828.0   40616.0    18.64 https://kite.zerodha.com/markets/ext/chart/web/tvc/NSE/NAVINFLUOR/3756033
09:52      THANGAMAYL   8481       -322406.0  24998.0    5.99  https://kite.zerodha.com/markets/ext/chart/web/tvc/NSE/THANGAMAYL/4638209
09:53      THANGAMAYL   14265      -322406.0  42069.0    5.94  https://kite.zerodha.com/markets/ext/chart/web/tvc/NSE/THANGAMAYL/4638209
09:54      TVSELECT     6797       -332389.0  4295.0     15.02 https://kite.zerodha.com/markets/ext/chart/web/tvc/NSE/TVSELECT/2883841
09:54      NAVINFLUOR   4552       -89828.0   27246.0    18.39 https://kite.zerodha.com/markets/ext/chart/web/tvc/NSE/NAVINFLUOR/3756033
09:55      IMFA         7008       -69048.0   8785.0     15.84 https://kite.zerodha.com/markets/ext/chart/web/tvc/NSE/IMFA/4924161
09:57      SANGINITA    34130      -185399.0  410.0      1.25  https://kite.zerodha.com/markets/ext/chart/web/tvc/NSE/SANGINITA/2824193
10:00      DHARMAJ      1622       -356492.0  428.0      20.47 https://kite.zerodha.com/markets/ext/chart/web/tvc/NSE/DHARMAJ/3328257
10:00      CEATLTD      12553      -32407.0   52616.0    15.34 https://kite.zerodha.com/markets/ext/chart/web/tvc/NSE/CEATLTD/3905025
10:01      SJS          26211      15273.0    45943.0    11.74 https://kite.zerodha.com/markets/ext/chart/web/tvc/NSE/SJS/1700609
10:02      YESBANK      1605929    1449271.0  37129.0    9.26  https://kite.zerodha.com/markets/ext/chart/web/tvc/NSE/YESBANK/3050241
10:04      ADANIPOWER   880170     799118.0   138671.0   19.37 https://kite.zerodha.com/markets/ext/chart/web/tvc/NSE/ADANIPOWER/4451329
10:04      KMEW         7639       -151394.0  21717.0    14.02 https://kite.zerodha.com/markets/ext/chart/web/tvc/NSE/KMEW/6933505
10:06      SCHNEIDER    11523      -80324.0   10412.0    5.02  https://kite.zerodha.com/markets/ext/chart/web/tvc/NSE/SCHNEIDER/7995905
10:07      SUPRIYA      5673       -13333.0   4609.0     15.94 https://kite.zerodha.com/markets/ext/chart/web/tvc/NSE/SUPRIYA/1891841
10:07      YESBANK      2623746    1449271.0  60845.0    8.93  https://kite.zerodha.com/markets/ext/chart/web/tvc/NSE/YESBANK/3050241
10:08      YESBANK      3035731    1449271.0  70793.0    8.32  https://kite.zerodha.com/markets/ext/chart/web/tvc/NSE/YESBANK/3050241
10:09      SUPRIYA      24184      -13333.0   19726.0    15.49 https://kite.zerodha.com/markets/ext/chart/web/tvc/NSE/SUPRIYA/1891841
10:09      YESBANK      4768120    1449271.0  111765.0   7.76  https://kite.zerodha.com/markets/ext/chart/web/tvc/NSE/YESBANK/3050241
10:11      SUPRIYA      26218      -13333.0   21533.0    14.7  https://kite.zerodha.com/markets/ext/chart/web/tvc/NSE/SUPRIYA/1891841
10:12      SUPRIYA      38366      -13333.0   31612.0    14.33 https://kite.zerodha.com/markets/ext/chart/web/tvc/NSE/SUPRIYA/1891841
10:12      DREDGECORP   20951      -391521.0  19069.0    7.48  https://kite.zerodha.com/markets/ext/chart/web/tvc/NSE/DREDGECORP/2885377
10:13      CEATLTD      3590       -32407.0   14960.0    16.02 https://kite.zerodha.com/markets/ext/chart/web/tvc/NSE/CEATLTD/3905025
10:16      LGBBROSLTD   38268      -418573.0  67214.0    10.34 https://kite.zerodha.com/markets/ext/chart/web/tvc/NSE/LGBBROSLTD/4690177
10:17      TATVA        39483      32251.0    60974.0    9.77  https://kite.zerodha.com/markets/ext/chart/web/tvc/NSE/TATVA/1321473
10:20      SUPRIYA      13361      -13333.0   11044.0    13.97 https://kite.zerodha.com/markets/ext/chart/web/tvc/NSE/SUPRIYA/1891841
10:22      BBOX         9448       -61993.0   5228.0     5.02  https://kite.zerodha.com/markets/ext/chart/web/tvc/NSE/BBOX/879361
10:22      DREDGECORP   11425      -391521.0  10284.0    8.68  https://kite.zerodha.com/markets/ext/chart/web/tvc/NSE/DREDGECORP/2885377
10:24      SUPRIYA      18987      -13333.0   15781.0    13.34 https://kite.zerodha.com/markets/ext/chart/web/tvc/NSE/SUPRIYA/1891841
10:24      LGBBROSLTD   31169      -418573.0  54892.0    10.04 https://kite.zerodha.com/markets/ext/chart/web/tvc/NSE/LGBBROSLTD/4690177
10:25      LGBBROSLTD   40966      -418573.0  72538.0    9.45  https://kite.zerodha.com/markets/ext/chart/web/tvc/NSE/LGBBROSLTD/4690177
10:28      DREDGECORP   14789      -391521.0  13366.0    8.24  https://kite.zerodha.com/markets/ext/chart/web/tvc/NSE/DREDGECORP/2885377
10:33      SJS          19465      15273.0    34064.0    11.92 https://kite.zerodha.com/markets/ext/chart/web/tvc/NSE/SJS/1700609
10:34      SJS          27374      15273.0    47981.0    11.74 https://kite.zerodha.com/markets/ext/chart/web/tvc/NSE/SJS/1700609
10:34      THANGAMAYL   5840       -322406.0  17220.0    5.95  https://kite.zerodha.com/markets/ext/chart/web/tvc/NSE/THANGAMAYL/4638209
10:35      ECLERX       4373       4057.0     21157.0    17.4  https://kite.zerodha.com/markets/ext/chart/web/tvc/NSE/ECLERX/3885825
10:35      IMFA         6495       -69048.0   8268.0     14.07 https://kite.zerodha.com/markets/ext/chart/web/tvc/NSE/IMFA/4924161
10:36      IMFA         9858       -69048.0   12550.0    14.06 https://kite.zerodha.com/markets/ext/chart/web/tvc/NSE/IMFA/4924161
10:41      RPEL         6004       -325090.0  5470.0     15.41 https://kite.zerodha.com/markets/ext/chart/web/tvc/NSE/RPEL/6332161
10:43      LGBBROSLTD   5735       -418573.0  10146.0    9.54  https://kite.zerodha.com/markets/ext/chart/web/tvc/NSE/LGBBROSLTD/4690177
10:51      IDEA         9707094    1934822.0  93673.0    8.7   https://kite.zerodha.com/markets/ext/chart/web/tvc/NSE/IDEA/3677697
10:55      THANGAMAYL   4735       -322406.0  13891.0    6.5   https://kite.zerodha.com/markets/ext/chart/web/tvc/NSE/THANGAMAYL/4638209
10:55      BLSE         117393     -184858.0  23448.0    20.07 https://kite.zerodha.com/markets/ext/chart/web/tvc/NSE/BLSE/5776897
10:57      GSLSU        26055      -97649.0   3153.0     17.72 https://kite.zerodha.com/markets/ext/chart/web/tvc/NSE/GSLSU/3737345
11:01      BANDHANBNK   1043562    794033.0   162691.0   11.2  https://kite.zerodha.com/markets/ext/chart/web/tvc/NSE/BANDHANBNK/579329
11:05      DREDGECORP   3772       -391521.0  3414.0     8.07  https://kite.zerodha.com/markets/ext/chart/web/tvc/NSE/DREDGECORP/2885377
11:05      SUZLON       4963838    1402888.0  298972.0   8.19  https://kite.zerodha.com/markets/ext/chart/web/tvc/NSE/SUZLON/3076609
11:07      MVGJL        5699       -31927.0   1168.0     12.86 https://kite.zerodha.com/markets/ext/chart/web/tvc/NSE/MVGJL/4867841
11:07      SCHNEIDER    2448       -80324.0   2178.0     6.67  https://kite.zerodha.com/markets/ext/chart/web/tvc/NSE/SCHNEIDER/7995905
11:08      MVGJL        14079      -31927.0   2902.0     12.26 https://kite.zerodha.com/markets/ext/chart/web/tvc/NSE/MVGJL/4867841
11:12      BLSE         29399      -184858.0  5904.0     19.43 https://kite.zerodha.com/markets/ext/chart/web/tvc/NSE/BLSE/5776897
11:14      SUZLON       1834549    1402888.0  110220.0   8.46  https://kite.zerodha.com/markets/ext/chart/web/tvc/NSE/SUZLON/3076609
11:16      SUZLON       3242580    1402888.0  195657.0   7.99  https://kite.zerodha.com/markets/ext/chart/web/tvc/NSE/SUZLON/3076609
11:17      SUZLON       8038306    1402888.0  487684.0   7.4   https://kite.zerodha.com/markets/ext/chart/web/tvc/NSE/SUZLON/3076609
11:22      LGBBROSLTD   3553       -418573.0  6283.0     9.58  https://kite.zerodha.com/markets/ext/chart/web/tvc/NSE/LGBBROSLTD/4690177
11:28      THANGAMAYL   24566      -322406.0  72816.0    5.4   https://kite.zerodha.com/markets/ext/chart/web/tvc/NSE/THANGAMAYL/4638209
11:36      SUZLON       1666115    1402888.0  100767.0   7.74  https://kite.zerodha.com/markets/ext/chart/web/tvc/NSE/SUZLON/3076609
11:38      ALKEM        4231       -5861.0    24138.0    8.52  https://kite.zerodha.com/markets/ext/chart/web/tvc/NSE/ALKEM/2995969
11:38      LGBBROSLTD   23903      -418573.0  42540.0    8.89  https://kite.zerodha.com/markets/ext/chart/web/tvc/NSE/LGBBROSLTD/4690177
11:39      SUZLON       1644884    1402888.0  99828.0    7.37  https://kite.zerodha.com/markets/ext/chart/web/tvc/NSE/SUZLON/3076609
11:44      SUZLON       3114825    1402888.0  189350.0   7.19  https://kite.zerodha.com/markets/ext/chart/web/tvc/NSE/SUZLON/3076609
11:46      SUZLON       3240881    1402888.0  197208.0   7.08  https://kite.zerodha.com/markets/ext/chart/web/tvc/NSE/SUZLON/3076609
11:47      SUZLON       4941203    1402888.0  301908.0   6.64  https://kite.zerodha.com/markets/ext/chart/web/tvc/NSE/SUZLON/3076609
12:00      INTERARCH    2216       -409806.0  4959.0     18.16 https://kite.zerodha.com/markets/ext/chart/web/tvc/NSE/INTERARCH/6376705
12:03      POWERINDIA   23701      -3245.0    484899.0   0.71  https://kite.zerodha.com/markets/ext/chart/web/tvc/NSE/POWERINDIA/4724993
12:13      TVSELECT     11136      -332389.0  7116.0     13.73 https://kite.zerodha.com/markets/ext/chart/web/tvc/NSE/TVSELECT/2883841
12:15      POWERINDIA   3929       -3245.0    80293.0    0.83  https://kite.zerodha.com/markets/ext/chart/web/tvc/NSE/POWERINDIA/4724993
12:20      SIYSIL       6184       -180876.0  4879.0     17.6  https://kite.zerodha.com/markets/ext/chart/web/tvc/NSE/SIYSIL/3608577
12:33      BLSE         66772      -184858.0  13688.0    16.99 https://kite.zerodha.com/markets/ext/chart/web/tvc/NSE/BLSE/5776897
12:35      BLSE         68575      -184858.0  14122.0    16.45 https://kite.zerodha.com/markets/ext/chart/web/tvc/NSE/BLSE/5776897
12:46      SIYSIL       13051      -180876.0  10415.0    16.28 https://kite.zerodha.com/markets/ext/chart/web/tvc/NSE/SIYSIL/3608577
12:57      SIYSIL       12143      -180876.0  9799.0     14.99 https://kite.zerodha.com/markets/ext/chart/web/tvc/NSE/SIYSIL/3608577
12:58      SIYSIL       13958      -180876.0  11339.0    14.22 https://kite.zerodha.com/markets/ext/chart/web/tvc/NSE/SIYSIL/3608577
13:00      YESBANK      2288777    1449271.0  53512.0    8.04  https://kite.zerodha.com/markets/ext/chart/web/tvc/NSE/YESBANK/3050241
13:02      BALAJITELE   21769      -83584.0   2613.0     15.72 https://kite.zerodha.com/markets/ext/chart/web/tvc/NSE/BALAJITELE/2344449
13:02      SIYSIL       10458      -180876.0  8526.0     13.82 https://kite.zerodha.com/markets/ext/chart/web/tvc/NSE/SIYSIL/3608577
13:03      SIYSIL       15025      -180876.0  12313.0    13.23 https://kite.zerodha.com/markets/ext/chart/web/tvc/NSE/SIYSIL/3608577
13:05      SIYSIL       48773      -180876.0  40830.0    10.85 https://kite.zerodha.com/markets/ext/chart/web/tvc/NSE/SIYSIL/3608577
13:06      SHARDAMOTR   5041       -160867.0  5505.0     15.0  https://kite.zerodha.com/markets/ext/chart/web/tvc/NSE/SHARDAMOTR/2695681
13:06      BLSE         18099      -184858.0  3706.0     17.11 https://kite.zerodha.com/markets/ext/chart/web/tvc/NSE/BLSE/5776897
13:16      SIYSIL       17310      -180876.0  14454.0    11.13 https://kite.zerodha.com/markets/ext/chart/web/tvc/NSE/SIYSIL/3608577
13:17      SIYSIL       18683      -180876.0  15624.0    10.97 https://kite.zerodha.com/markets/ext/chart/web/tvc/NSE/SIYSIL/3608577
13:17      RBZJEWEL     51952      -52799.0   8416.0     10.5  https://kite.zerodha.com/markets/ext/chart/web/tvc/NSE/RBZJEWEL/5343745
13:27      RBZJEWEL     30248      -52799.0   4924.0     9.95  https://kite.zerodha.com/markets/ext/chart/web/tvc/NSE/RBZJEWEL/5343745
13:29      SIYSIL       23000      -180876.0  19098.0    11.75 https://kite.zerodha.com/markets/ext/chart/web/tvc/NSE/SIYSIL/3608577
13:31      DREDGECORP   8386       -391521.0  7727.0     6.17  https://kite.zerodha.com/markets/ext/chart/web/tvc/NSE/DREDGECORP/2885377
13:33      DREDGECORP   9189       -391521.0  8493.0     5.84  https://kite.zerodha.com/markets/ext/chart/web/tvc/NSE/DREDGECORP/2885377
13:35      SANDHAR      2723       -123326.0  1481.0     19.22 https://kite.zerodha.com/markets/ext/chart/web/tvc/NSE/SANDHAR/613633
13:37      ANMOL        12417      -172054.0  193.0      18.2  https://kite.zerodha.com/markets/ext/chart/web/tvc/NSE/ANMOL/954113
13:38      PRECWIRE     9617       -18971.0   2173.0     19.56 https://kite.zerodha.com/markets/ext/chart/web/tvc/NSE/PRECWIRE/695553
13:38      SIYSIL       38034      -180876.0  31834.0    10.87 https://kite.zerodha.com/markets/ext/chart/web/tvc/NSE/SIYSIL/3608577
13:41      ANMOL        8610       -172054.0  136.0      15.96 https://kite.zerodha.com/markets/ext/chart/web/tvc/NSE/ANMOL/954113
13:42      INDORAMA     5000       -66921.0   363.0      22.21 https://kite.zerodha.com/markets/ext/chart/web/tvc/NSE/INDORAMA/2814209
13:44      ANMOL        10214      -172054.0  163.0      14.87 https://kite.zerodha.com/markets/ext/chart/web/tvc/NSE/ANMOL/954113
13:49      IMFA         11168      -69048.0   14008.0    15.77 https://kite.zerodha.com/markets/ext/chart/web/tvc/NSE/IMFA/4924161
13:53      WANBURY      16109      -148011.0  4379.0     16.53 https://kite.zerodha.com/markets/ext/chart/web/tvc/NSE/WANBURY/3600129
14:06      SIYSIL       18969      -180876.0  15942.0    10.41 https://kite.zerodha.com/markets/ext/chart/web/tvc/NSE/SIYSIL/3608577
14:09      DCW          676195     472680.0   48057.0    6.06  https://kite.zerodha.com/markets/ext/chart/web/tvc/NSE/DCW/209153
14:11      ABINFRA      46412      -239560.0  951.0      0.49  https://kite.zerodha.com/markets/ext/chart/web/tvc/NSE/ABINFRA/6917121
14:12      ABINFRA      47521      -239560.0  977.0      0.19  https://kite.zerodha.com/markets/ext/chart/web/tvc/NSE/ABINFRA/6917121
