Time       Symbol       Volume     VolCutoff  Turnover     %UC                              Link 
09:17      HILTON       316533     55160      14973.0    0.93  https://kite.zerodha.com/markets/ext/chart/web/tvc/NSE/HILTON/3744513        NA:CTUC
09:17      UTKARSHBNK   2345360    1434809    6312.0     18.69 https://kite.zerodha.com/markets/ext/chart/web/tvc/NSE/UTKARSHBNK/4443649    NA:PNQ
09:17      AHLUCONT     131236     46852      44124.0    6.97  https://kite.zerodha.com/markets/ext/chart/web/tvc/NSE/AHLUCONT/4565249      NA:NE
09:18      UNIVCABLES   93719      48373      17532.0    14.35 https://kite.zerodha.com/markets/ext/chart/web/tvc/NSE/UNIVCABLES/923393     long:loss
09:18      BBTCL        21790      21502      2618.0     4.29  https://kite.zerodha.com/markets/ext/chart/web/tvc/NSE/BBTCL/3111169         NA:LV 
09:18      UNIPARTS     118184     116282     15349.0    10.4  https://kite.zerodha.com/markets/ext/chart/web/tvc/NSE/UNIPARTS/3342593      long:loss
09:19      SPAL         76233      51798      21584.0    7.18  https://kite.zerodha.com/markets/ext/chart/web/tvc/NSE/SPAL/4672513          long:loss
09:20      VLSFINANCE   60196      22560      2732.0     5.5   https://kite.zerodha.com/markets/ext/chart/web/tvc/NSE/VLSFINANCE/951041     NA:NE
09:20      TARIL        2577783    1011859    70419.0    3.11  https://kite.zerodha.com/markets/ext/chart/web/tvc/NSE/TARIL/3884545         NA:CTUC
09:20      IRB          10168919   9576824    27806.0    14.38 https://kite.zerodha.com/markets/ext/chart/web/tvc/NSE/IRB/3920129           NA:PNQ
09:20      BLSE         92407      73469      4934.0     17.54 https://kite.zerodha.com/markets/ext/chart/web/tvc/NSE/BLSE/5776897          long:profit
09:21      SKFINDIA     40945      33652      30783.0    10.32 https://kite.zerodha.com/markets/ext/chart/web/tvc/NSE/SKFINDIA/815617       long:loss
09:22      DPABHUSHAN   44707      43166      1521.0     11.63 https://kite.zerodha.com/markets/ext/chart/web/tvc/NSE/DPABHUSHAN/239617     NA:LV
09:23      GLENMARK     1453873    845534     323585.0   12.92 https://kite.zerodha.com/markets/ext/chart/web/tvc/NSE/GLENMARK/1895937      NA:PNQ 
09:23      SEQUENT      636551     602716     6080.0     18.54 https://kite.zerodha.com/markets/ext/chart/web/tvc/NSE/SEQUENT/3659777       NA:NEM
09:23      V2RETAIL     98346      86322      11911.0    0.75  https://kite.zerodha.com/markets/ext/chart/web/tvc/NSE/V2RETAIL/3780097      NA:CTUC
09:23      IDEAFORGE    609562     547599     19456.0    10.31 https://kite.zerodha.com/markets/ext/chart/web/tvc/NSE/IDEAFORGE/4387841     ----
09:24      RAJESHEXPO   454155     434911     10827.0    13.7  https://kite.zerodha.com/markets/ext/chart/web/tvc/NSE/RAJESHEXPO/1894657    long:loss
09:25      NH           737561     304098     103974.0   12.34 https://kite.zerodha.com/markets/ext/chart/web/tvc/NSE/NH/3031041            long:profit
09:26      PRECWIRE     174601     149019     3179.0     18.62 https://kite.zerodha.com/markets/ext/chart/web/tvc/NSE/PRECWIRE/695553       NA:NEM
09:28      DCBBANK      1433449    1414703    10007.0    15.98 https://kite.zerodha.com/markets/ext/chart/web/tvc/NSE/DCBBANK/3513601       ----
09:28      ECOSMOBLTY   205036     179701     13164.0    10.91 https://kite.zerodha.com/markets/ext/chart/web/tvc/NSE/ECOSMOBLTY/6415361    NA:NE
09:30      JYOTICNC     261320     251895     18564.0    15.15 https://kite.zerodha.com/markets/ext/chart/web/tvc/NSE/JYOTICNC/5461505      long:loss 
09:32      AETHER       109786     95906      12897.0    17.82 https://kite.zerodha.com/markets/ext/chart/web/tvc/NSE/AETHER/2511361        long:profit
09:32      BORANA       150877     95135      7910.0     15.98 https://kite.zerodha.com/markets/ext/chart/web/tvc/NSE/BORANA/194027265      NA:LV
09:33      GMRP&UI      2101882    1890173    43758.0    15.32 https://kite.zerodha.com/markets/ext/chart/web/tvc/NSE/GMRP&UI/2183425       NA:PNQ
09:35      ENGINERSIN   2684006    2683368    26060.0    15.54 https://kite.zerodha.com/markets/ext/chart/web/tvc/NSE/ENGINERSIN/1256193    long:loss
09:36      CUB          2009372    1841122    47376.0    16.55 https://kite.zerodha.com/markets/ext/chart/web/tvc/NSE/CUB/1459457           ----
09:36      AJAXENGG     136977     136377     2364.0     2.89  https://kite.zerodha.com/markets/ext/chart/web/tvc/NSE/AJAXENGG/7583745      NA:CTUC
09:37      EQUITASBNK   3248495    3197649    16450.0    14.09 https://kite.zerodha.com/markets/ext/chart/web/tvc/NSE/EQUITASBNK/233729     NA:LV
09:37      UJJIVANSFB   8516563    7779247    88598.0    12.85 https://kite.zerodha.com/markets/ext/chart/web/tvc/NSE/UJJIVANSFB/3898369    NA:NE
09:38      WONDERLA     45017      44763      2954.0     16.1  https://kite.zerodha.com/markets/ext/chart/web/tvc/NSE/WONDERLA/768513       
09:41      CENTRALBK    4724276    4661767    4938.0     16.08 https://kite.zerodha.com/markets/ext/chart/web/tvc/NSE/CENTRALBK/3812865    
09:41      GCSL         127812     77022      37928.0    8.91  https://kite.zerodha.com/markets/ext/chart/web/tvc/NSE/GCSL/194300417       
09:43      INDIAGLYCO   255396     247383     11757.0    13.83 https://kite.zerodha.com/markets/ext/chart/web/tvc/NSE/INDIAGLYCO/389377
09:44      IDBI         7807292    7460508    37344.0    16.6  https://kite.zerodha.com/markets/ext/chart/web/tvc/NSE/IDBI/377857
09:45      MAHABANK     6659441    6507294    10589.0    16.6  https://kite.zerodha.com/markets/ext/chart/web/tvc/NSE/MAHABANK/2912513
09:46      EMCURE       130285     129860     18334.0    5.96  https://kite.zerodha.com/markets/ext/chart/web/tvc/NSE/EMCURE/6245889
09:46      DAMCAPITAL   520475     514566     8090.0     16.2  https://kite.zerodha.com/markets/ext/chart/web/tvc/NSE/DAMCAPITAL/7337473
09:48      RGL          607213     414133     2967.0     18.87 https://kite.zerodha.com/markets/ext/chart/web/tvc/NSE/RGL/3873025
09:50      UCOBANK      6661723    6614104    3297.0     16.17 https://kite.zerodha.com/markets/ext/chart/web/tvc/NSE/UCOBANK/2873089
09:51      TARACHAND    211036     141354     2173.0     12.02 https://kite.zerodha.com/markets/ext/chart/web/tvc/NSE/TARACHAND/6019073
09:52      MUFIN        624122     317794     3632.0     16.98 https://kite.zerodha.com/markets/ext/chart/web/tvc/NSE/MUFIN/5064449
09:53      SALASAR      13539821   13524865   1999.0     9.68  https://kite.zerodha.com/markets/ext/chart/web/tvc/NSE/SALASAR/5468673
09:54      INDORAMA     149484     121468     1006.0     15.96 https://kite.zerodha.com/markets/ext/chart/web/tvc/NSE/INDORAMA/2814209
09:57      CAPACITE     391966     378446     4025.0     14.31 https://kite.zerodha.com/markets/ext/chart/web/tvc/NSE/CAPACITE/5567745
10:00      J&KBANK      1773075    1766003    2748.0     17.97 https://kite.zerodha.com/markets/ext/chart/web/tvc/NSE/J&KBANK/1442049
10:01      PSUBNKBEES   2075362    1882845    33659.0    16.61 https://kite.zerodha.com/markets/ext/chart/web/tvc/NSE/PSUBNKBEES/3848193
10:02      PRICOLLTD    533676     531824     7762.0     15.65 https://kite.zerodha.com/markets/ext/chart/web/tvc/NSE/PRICOLLTD/5025537
10:03      KERNEX       64205      64184      1029.0     5.56  https://kite.zerodha.com/markets/ext/chart/web/tvc/NSE/KERNEX/3358977
10:05      ONEPOINT     487454     418933     2546.0     5.69  https://kite.zerodha.com/markets/ext/chart/web/tvc/NSE/ONEPOINT/2544385
10:06      SUPRAJIT     80029      78201      2155.0     17.4  https://kite.zerodha.com/markets/ext/chart/web/tvc/NSE/SUPRAJIT/2992385
10:08      ORCHPHARMA   73807      73229      1162.0     13.31 https://kite.zerodha.com/markets/ext/chart/web/tvc/NSE/ORCHPHARMA/237057
10:09      SURYODAY     159961     132807     1684.0     14.09 https://kite.zerodha.com/markets/ext/chart/web/tvc/NSE/SURYODAY/760321
10:09      SAKSOFT      441263     434716     2015.0     13.0  https://kite.zerodha.com/markets/ext/chart/web/tvc/NSE/SAKSOFT/3019265
10:09      MSPL         1502477    1381428    6942.0     3.02  https://kite.zerodha.com/markets/ext/chart/web/tvc/NSE/MSPL/3051265
10:09      HPL          301880     279632     4524.0     15.43 https://kite.zerodha.com/markets/ext/chart/web/tvc/NSE/HPL/4781825
10:12      SANDHAR      116647     95506      3531.0     18.54 https://kite.zerodha.com/markets/ext/chart/web/tvc/NSE/SANDHAR/613633
10:14      SIEMENS      412509     410167     20619.0    6.69  https://kite.zerodha.com/markets/ext/chart/web/tvc/NSE/SIEMENS/806401
10:16      TATAMOTORS   14598767   10206547   57182.0    14.37 https://kite.zerodha.com/markets/ext/chart/web/tvc/NSE/TATAMOTORS/884737     NA:PNQ
10:16      ARMANFIN     28300      26521      8093.0     17.73 https://kite.zerodha.com/markets/ext/chart/web/tvc/NSE/ARMANFIN/4419329      NA:LV 
10:18      TATVA        193285     185386     30899.0    12.19 https://kite.zerodha.com/markets/ext/chart/web/tvc/NSE/TATVA/1321473         long:loss
10:20      IRCON        3718891    3493749    21295.0    15.25 https://kite.zerodha.com/markets/ext/chart/web/tvc/NSE/IRCON/1276417          ----
10:20      JUBLINGREA   264107     250507     3506.0     15.02 https://kite.zerodha.com/markets/ext/chart/web/tvc/NSE/JUBLINGREA/712449      ----
10:20      SPANDANA     446367     235715     2975.0     18.97 https://kite.zerodha.com/markets/ext/chart/web/tvc/NSE/SPANDANA/2927361      NA:PNQ
10:22      PSB          1695331    1445866    3530.0     16.08 https://kite.zerodha.com/markets/ext/chart/web/tvc/NSE/PSB/5376257           NA:PNQ
10:30      SHILPAMED    74749      60022      1673.0     9.71  https://kite.zerodha.com/markets/ext/chart/web/tvc/NSE/SHILPAMED/4544513     NA:LV
10:34      WEL          446356     374268     3561.0     13.43 https://kite.zerodha.com/markets/ext/chart/web/tvc/NSE/WEL/2005761           NA:NE 
10:36      CANTABIL     496465     121741     2345.0     18.95 https://kite.zerodha.com/markets/ext/chart/web/tvc/NSE/CANTABIL/5160961      NA:LV
10:39      IOB          8192411    5805869    6009.0     16.06 https://kite.zerodha.com/markets/ext/chart/web/tvc/NSE/IOB/2393089           long:loss 
10:44      RITES        765627     602395     8362.0     16.16 https://kite.zerodha.com/markets/ext/chart/web/tvc/NSE/RITES/962817          long:loss
10:47      INOXINDIA    96288      79335      2307.0     15.34 https://kite.zerodha.com/markets/ext/chart/web/tvc/NSE/INOXINDIA/5275393     long:loss
10:51      ELGIEQUIP    699492     596504     6749.0     15.19 https://kite.zerodha.com/markets/ext/chart/web/tvc/NSE/ELGIEQUIP/239873      long:profit
10:51      ADFFOODS     201211     124172     6840.0     14.64 https://kite.zerodha.com/markets/ext/chart/web/tvc/NSE/ADFFOODS/5058817      NA:SS
10:59      RUSTOMJEE    110233     36309      25312.0    9.34  https://kite.zerodha.com/markets/ext/chart/web/tvc/NSE/RUSTOMJEE/3128065     NA:LV
11:14      RICOAUTO     9978197    5596831    38130.0    5.26  https://kite.zerodha.com/markets/ext/chart/web/tvc/NSE/RICOAUTO/744705       long:loss 
11:31      ONESOURCE    236419     142580     10553.0    13.09 https://kite.zerodha.com/markets/ext/chart/web/tvc/NSE/ONESOURCE/7481345     long:loss
11:42      DSSL         61187      22646      3601.0     13.11 https://kite.zerodha.com/markets/ext/chart/web/tvc/NSE/DSSL/6576641          NA:PNQ
11:48      IPCALAB      630527     210747     23878.0    18.24 https://kite.zerodha.com/markets/ext/chart/web/tvc/NSE/IPCALAB/418049        NA:PNQ
11:49      GVPIL        1145993    602577     2576.0     16.51 https://kite.zerodha.com/markets/ext/chart/web/tvc/NSE/GVPIL/2012673         long:profit
11:55      DCW          1646116    1212059    8032.0     14.79 https://kite.zerodha.com/markets/ext/chart/web/tvc/NSE/DCW/209153            NA:LV
12:05      ORICONENT    723614     563240     3730.0     16.52 https://kite.zerodha.com/markets/ext/chart/web/tvc/NSE/ORICONENT/2600705     NA:LV
12:11      NEOGEN       80545      43242      5858.0     11.93 https://kite.zerodha.com/markets/ext/chart/web/tvc/NSE/NEOGEN/2538753        long:loss
12:52      JUSTDIAL     117582     94161      1680.0     15.62 https://kite.zerodha.com/markets/ext/chart/web/tvc/NSE/JUSTDIAL/7670273      NA:PNQ

