Time       Symbol       Volume     VolCutoff  Turnover     %UC                              Link 
09:25      CUB          5204512    1841122    63725.0    12.67 https://kite.zerodha.com/markets/ext/chart/web/tvc/NSE/CUB/1459457             NA:PNQ 
09:25      ROUTE        106557     82516      8410.0     18.31 https://kite.zerodha.com/markets/ext/chart/web/tvc/NSE/ROUTE/32769             long:profit
09:25      TATAINVEST   97926      95596      1674.0     20.66 https://kite.zerodha.com/markets/ext/chart/web/tvc/NSE/TATAINVEST/414977       NA:NEM
09:25      THANGAMAYL   422139     40873      216392.0   6.71  https://kite.zerodha.com/markets/ext/chart/web/tvc/NSE/THANGAMAYL/4638209      long:profit:MB
09:25      LGBBROSLTD   276351     27126      21102.0    11.63 https://kite.zerodha.com/markets/ext/chart/web/tvc/NSE/LGBBROSLTD/4690177      long:profit
09:25      SANDUMA      278294     207220     6432.0     20.43 https://kite.zerodha.com/markets/ext/chart/web/tvc/NSE/SANDUMA/4699905         NA:PNQ 
09:25      POWERINDIA   163221     159352     103081.0   2.74  https://kite.zerodha.com/markets/ext/chart/web/tvc/NSE/POWERINDIA/4724993      long:profit
09:25      RRKABEL      188402     114825     28882.0    16.35 https://kite.zerodha.com/markets/ext/chart/web/tvc/NSE/RRKABEL/4752897         long:profit
09:25      MUFIN        351909     317794     2910.0     18.09 https://kite.zerodha.com/markets/ext/chart/web/tvc/NSE/MUFIN/5064449           NA:PNQ
09:25      RPEL         58634      40408      1777.0     18.82 https://kite.zerodha.com/markets/ext/chart/web/tvc/NSE/RPEL/6332161            NA:PNQ
09:25      QUADFUTURE   985675     713072     41313.0    8.12  https://kite.zerodha.com/markets/ext/chart/web/tvc/NSE/QUADFUTURE/7446273      long:profit
09:27      NAVINFLUOR   113072     110167     17319.0    19.89 https://kite.zerodha.com/markets/ext/chart/web/tvc/NSE/NAVINFLUOR/3756033      NA:NEM
09:28      JYOTICNC     252213     251895     11598.0    15.13 https://kite.zerodha.com/markets/ext/chart/web/tvc/NSE/JYOTICNC/5461505        -----
09:29      ONEPOINT     512303     418933     4704.0     7.49  https://kite.zerodha.com/markets/ext/chart/web/tvc/NSE/ONEPOINT/2544385        NA:PNQ
09:29      TVSELECT     60170      39170      17488.0    15.72 https://kite.zerodha.com/markets/ext/chart/web/tvc/NSE/TVSELECT/2883841        NA:NDH
09:29      TBOTEK       371342     341760     43795.0    12.45 https://kite.zerodha.com/markets/ext/chart/web/tvc/NSE/TBOTEK/6077441          NA:NE
09:33      TATVA        187454     185386     13546.0    13.1  https://kite.zerodha.com/markets/ext/chart/web/tvc/NSE/TATVA/1321473           long:profit
09:34      JCHAC        30970      22698      21030.0    18.34 https://kite.zerodha.com/markets/ext/chart/web/tvc/NSE/JCHAC/1149697           NA:LV
09:35      UNIPARTS     125909     116282     7768.0     15.62 https://kite.zerodha.com/markets/ext/chart/web/tvc/NSE/UNIPARTS/3342593       long:loss
09:36      WEBELSOLAR   222226     221476     3811.0     25.31 https://kite.zerodha.com/markets/ext/chart/web/tvc/NSE/WEBELSOLAR/3738113     NA:PNQ
09:37      MRPL         3630167    3507707    23470.0    17.4  https://kite.zerodha.com/markets/ext/chart/web/tvc/NSE/MRPL/584449            NA:NDH  
09:38      SUPRIYA      164156     152644     9663.0     16.44 https://kite.zerodha.com/markets/ext/chart/web/tvc/NSE/SUPRIYA/1891841        long:profit 
09:38      BHAGERIA     64701      60321      1043.0     17.43 https://kite.zerodha.com/markets/ext/chart/web/tvc/NSE/BHAGERIA/3430401       NA:PNQ
09:39      CHENNPETRO   1311876    1271429    21910.0    18.62 https://kite.zerodha.com/markets/ext/chart/web/tvc/NSE/CHENNPETRO/524545      NA:PNQ
09:39      TDPOWERSYS   883712     873263     13954.0    19.73 https://kite.zerodha.com/markets/ext/chart/web/tvc/NSE/TDPOWERSYS/6445569     NA:PNQ
09:39      IKS          281578     274413     10989.0    19.85 https://kite.zerodha.com/markets/ext/chart/web/tvc/NSE/IKS/7200001            NA:PNQ
09:40      KHAICHEM     429033     309863     2426.0     11.09 https://kite.zerodha.com/markets/ext/chart/web/tvc/NSE/KHAICHEM/229377        NA:NE
09:41      GARUDA       3494705    3154972    104329.0   7.97  https://kite.zerodha.com/markets/ext/chart/web/tvc/NSE/GARUDA/6604801         long:loss
09:42      SCHAEFFLER   90629      59389      1695.0     21.76 https://kite.zerodha.com/markets/ext/chart/web/tvc/NSE/SCHAEFFLER/258817      NA:SS
09:42      FCL          8128307    240450     4787.0     28.46 https://kite.zerodha.com/markets/ext/chart/web/tvc/NSE/FCL/1586689            NA:PNQ 
09:44      SHRIRAMPPS   973452     919414     6150.0     15.86 https://kite.zerodha.com/markets/ext/chart/web/tvc/NSE/SHRIRAMPPS/1843201     long:loss
09:44      JKTYRE       602983     597055     5443.0     17.9  https://kite.zerodha.com/markets/ext/chart/web/tvc/NSE/JKTYRE/3695361         long:profit
09:46      NIVABUPA     3041208    2964514    9911.0     16.17 https://kite.zerodha.com/markets/ext/chart/web/tvc/NSE/NIVABUPA/6936833       NA:SS
09:47      TBZ          436310     414717     5837.0     14.68 https://kite.zerodha.com/markets/ext/chart/web/tvc/NSE/TBZ/6921473            NA:PSF:TRUE
09:48      GMRP&UI      2305707    1890173    34181.0    11.44 https://kite.zerodha.com/markets/ext/chart/web/tvc/NSE/GMRP&UI/2183425        NA:PSF:TRUE 
09:49      SEPC         7266230    7265976    1895.0     13.5  https://kite.zerodha.com/markets/ext/chart/web/tvc/NSE/SEPC/3918849           NA:PSF:TRUE
09:50      NITCO        355041     237420     2052.0     17.13 https://kite.zerodha.com/markets/ext/chart/web/tvc/NSE/NITCO/3404801          NA:LV
09:51      BBOX         124818     124047     1491.0     5.7   https://kite.zerodha.com/markets/ext/chart/web/tvc/NSE/BBOX/879361            NA:NEM
09:52      TITAN        679926     671188     61104.0    8.57  https://kite.zerodha.com/markets/ext/chart/web/tvc/NSE/TITAN/897537           NA:NEM       
09:54      SCHNEIDER    114836     114722     6975.0     6.39  https://kite.zerodha.com/markets/ext/chart/web/tvc/NSE/SCHNEIDER/7995905      NA:PSF:TRUE 
09:55      CARRARO      142001     141320     14052.0    17.5  https://kite.zerodha.com/markets/ext/chart/web/tvc/NSE/CARRARO/7393025        NA:PSF:FALSE
10:08      ADANIPOWER   16114612   4874342    63842.0    19.9  https://kite.zerodha.com/markets/ext/chart/web/tvc/NSE/ADANIPOWER/4451329     NA:NEM
10:26      NIRAJ        197726     28244      2244.0     7.64  https://kite.zerodha.com/markets/ext/chart/web/tvc/NSE/NIRAJ/65281            NA:LV 
10:30      TOLINS       771475     670325     2161.0     13.79 https://kite.zerodha.com/markets/ext/chart/web/tvc/NSE/TOLINS/6467073         long:loss
10:32      SJS          1426604    172442     15831.0    12.18 https://kite.zerodha.com/markets/ext/chart/web/tvc/NSE/SJS/1700609            NA:PNQ
10:33      IMFA         226145     120372     4917.0     14.43 https://kite.zerodha.com/markets/ext/chart/web/tvc/NSE/IMFA/4924161           long:loss
10:37      JKLAKSHMI    618270     157284     525167.0   19.87 https://kite.zerodha.com/markets/ext/chart/web/tvc/NSE/JKLAKSHMI/3453697      NA:SS
10:41      HARDWYN      1093702    463638     3748.0     17.72 https://kite.zerodha.com/markets/ext/chart/web/tvc/NSE/HARDWYN/2294273        NA:LV
10:51      BANCOINDIA   1148005    989358     24648.0    10.44 https://kite.zerodha.com/markets/ext/chart/web/tvc/NSE/BANCOINDIA/3553281     long:profit
10:54      BLSE         723039     73469      15950.0    20.43 https://kite.zerodha.com/markets/ext/chart/web/tvc/NSE/BLSE/5776897           NA:PNQ
10:55      INDOSTAR     270919     150492     2054.0     13.64 https://kite.zerodha.com/markets/ext/chart/web/tvc/NSE/INDOSTAR/790529        ---- 
11:21      SUZLON       120176708  63941907   212070.0   7.93  https://kite.zerodha.com/markets/ext/chart/web/tvc/NSE/SUZLON/3076609         long:loss
11:32      PSUBANK      114354     39565      83114.0    18.21 https://kite.zerodha.com/markets/ext/chart/web/tvc/NSE/PSUBANK/3855617        NA:SS
11:47      SHAILY       272400     227534     30848.0    14.08 https://kite.zerodha.com/markets/ext/chart/web/tvc/NSE/SHAILY/2234113         long:profit   
12:21      SGMART       321716     166148     8129.0     14.13 https://kite.zerodha.com/markets/ext/chart/web/tvc/NSE/SGMART/194275585       NA:LV
12:46      SIYSIL       187810     74727      10415.0    16.28 https://kite.zerodha.com/markets/ext/chart/web/tvc/NSE/SIYSIL/3608577         long:profit
13:41      INDRAMEDCO   621153     231107     5959.0     19.34 https://kite.zerodha.com/markets/ext/chart/web/tvc/NSE/INDRAMEDCO/1216257     long:profit 
13:51      ETHOSLTD     61701      45874      155621.0   19.32 https://kite.zerodha.com/markets/ext/chart/web/tvc/NSE/ETHOSLTD/2496001       NA:SS 
