Time       Symbol       Volume     VolCutoff  Turnover     %UC                              Link 
09:17      MSPL         1887910    1381428    7550.0     0.0   https://kite.zerodha.com/markets/ext/chart/web/tvc/NSE/MSPL/3051265        NA:CTUC
09:18      ARTEMISMED   137109     132943     8741.0     14.64 https://kite.zerodha.com/markets/ext/chart/web/tvc/NSE/ARTEMISMED/4329729  long:profit
09:18      KIRLOSENG    623232     473282     181163.0   7.21  https://kite.zerodha.com/markets/ext/chart/web/tvc/NSE/KIRLOSENG/5359617   long:profit
09:20      PARAGMILK    1454481    1378324    56876.0    9.76  https://kite.zerodha.com/markets/ext/chart/web/tvc/NSE/PARAGMILK/4385281   long:profit
09:20      ZAGGLE       1485434    743935     68535.0    15.1  https://kite.zerodha.com/markets/ext/chart/web/tvc/NSE/ZAGGLE/4763649      NA:PNQ
09:20      ECOSMOBLTY   361939     179701     18055.0    4.3   https://kite.zerodha.com/markets/ext/chart/web/tvc/NSE/ECOSMOBLTY/6415361  long:profit
09:24      SYRMA        1703289    1523123    177841.0   11.98 https://kite.zerodha.com/markets/ext/chart/web/tvc/NSE/SYRMA/2763009       long:loss 
09:24      SANDUMA      212137     207220     2923.0     17.85 https://kite.zerodha.com/markets/ext/chart/web/tvc/NSE/SANDUMA/4699905     long:profit
09:25      TARIL        1929811    1011859    35443.0    6.32  https://kite.zerodha.com/markets/ext/chart/web/tvc/NSE/TARIL/3884545       NA:PNQ
09:25      UTKARSHBNK   1505714    1434809    3466.0     18.55 https://kite.zerodha.com/markets/ext/chart/web/tvc/NSE/UTKARSHBNK/4443649  NA:NEM
09:25      RESPONIND    150171     68698      9169.0     13.13 https://kite.zerodha.com/markets/ext/chart/web/tvc/NSE/RESPONIND/5202689   NA:LV
09:26      FCL          375855     240450     1026.0     18.62 https://kite.zerodha.com/markets/ext/chart/web/tvc/NSE/FCL/1586689         NA:LV
09:26      TVSELECT     44708      39170      1655.0     16.5  https://kite.zerodha.com/markets/ext/chart/web/tvc/NSE/TVSELECT/2883841    NA:LV
09:26      YATRA        6056584    5557194    92758.0    8.32  https://kite.zerodha.com/markets/ext/chart/web/tvc/NSE/YATRA/4802561       long:loss
09:26      BSE          4514365    4496153    504350.0   3.83  https://kite.zerodha.com/markets/ext/chart/web/tvc/NSE/BSE/5013761         NA:PNQ
09:28      MANKIND      483154     475286     12136.0    10.77 https://kite.zerodha.com/markets/ext/chart/web/tvc/NSE/MANKIND/3937281     NA:NEM
09:31      IFCI         5473566    5261213    44748.0    14.92 https://kite.zerodha.com/markets/ext/chart/web/tvc/NSE/IFCI/381697         NA:PNQ
09:34      AFSL         35249      29403      1365.0     7.1   https://kite.zerodha.com/markets/ext/chart/web/tvc/NSE/AFSL/3401729        NA:LV 
09:34      IOLCP        6330090    5777949    19162.0    7.47  https://kite.zerodha.com/markets/ext/chart/web/tvc/NSE/IOLCP/5225729       long:loss
09:35      MAFANG       264149     257991     1230.0     0.0   https://kite.zerodha.com/markets/ext/chart/web/tvc/NSE/MAFANG/897793       NA:CTUC
09:35      GESHIP       280847     258050     36417.0    14.64 https://kite.zerodha.com/markets/ext/chart/web/tvc/NSE/GESHIP/3526657      long:loss
09:36      GSFC         1954851    1760154    16207.0    13.93 https://kite.zerodha.com/markets/ext/chart/web/tvc/NSE/GSFC/319233         long:profit 
09:36      ADANIENT     770099     762803     37314.0    9.31  https://kite.zerodha.com/markets/ext/chart/web/tvc/NSE/ADANIENT/6401       NA:PNQ
09:39      EIDPARRY     286047     273228     15243.0    14.75 https://kite.zerodha.com/markets/ext/chart/web/tvc/NSE/EIDPARRY/234497     long:loss
09:41      ROUTE        84463      82516      1810.0     15.72 https://kite.zerodha.com/markets/ext/chart/web/tvc/NSE/ROUTE/32769
09:42      GALAPREC     31602      22368      1051.0     11.55 https://kite.zerodha.com/markets/ext/chart/web/tvc/NSE/GALAPREC/6434305
09:43      NDTV         89437      78365      1894.0     4.86  https://kite.zerodha.com/markets/ext/chart/web/tvc/NSE/NDTV/2925313
09:43      JYOTICNC     253130     251895     2431.0     18.02 https://kite.zerodha.com/markets/ext/chart/web/tvc/NSE/JYOTICNC/5461505
09:43      BLSE         130071     73469      12331.0    18.51 https://kite.zerodha.com/markets/ext/chart/web/tvc/NSE/BLSE/5776897
09:45      AEGISLOG     670471     666547     17564.0    14.86 https://kite.zerodha.com/markets/ext/chart/web/tvc/NSE/AEGISLOG/10241
09:45      ADANIPOWER   5617328    4874342    50297.0    18.83 https://kite.zerodha.com/markets/ext/chart/web/tvc/NSE/ADANIPOWER/4451329
09:46      CARYSIL      178349     170838     21903.0    12.63 https://kite.zerodha.com/markets/ext/chart/web/tvc/NSE/CARYSIL/481025
09:46      CAMLINFINE   415946     384966     12743.0    9.83  https://kite.zerodha.com/markets/ext/chart/web/tvc/NSE/CAMLINFINE/1591297
09:46      RPOWER       16261632   15282667   63701.0    16.34 https://kite.zerodha.com/markets/ext/chart/web/tvc/NSE/RPOWER/3906305
09:47      BLS          1842508    1762530    58436.0    13.42 https://kite.zerodha.com/markets/ext/chart/web/tvc/NSE/BLS/4423425
09:48      CAMS         348664     340743     39732.0    5.45  https://kite.zerodha.com/markets/ext/chart/web/tvc/NSE/CAMS/87553
09:51      MINDACORP    296133     292079     20035.0    17.6  https://kite.zerodha.com/markets/ext/chart/web/tvc/NSE/MINDACORP/6629633
09:52      TIMETECHNO   1199011    1137805    15581.0    16.29 https://kite.zerodha.com/markets/ext/chart/web/tvc/NSE/TIMETECHNO/3764993
09:56      APARINDS     111999     111217     15569.0    13.49 https://kite.zerodha.com/markets/ext/chart/web/tvc/NSE/APARINDS/2941697
09:57      HDFCNIFTY    57267      54314      3536.0     18.9  https://kite.zerodha.com/markets/ext/chart/web/tvc/NSE/HDFCNIFTY/2967297
09:57      ITBEES       9610247    8489741    110216.0   16.87 https://kite.zerodha.com/markets/ext/chart/web/tvc/NSE/ITBEES/4885505
10:00      KEC          724470     709335     18185.0    15.85 https://kite.zerodha.com/markets/ext/chart/web/tvc/NSE/KEC/3394561
10:04      ADANIGREEN   1532671    1527657    15238.0    6.05  https://kite.zerodha.com/markets/ext/chart/web/tvc/NSE/ADANIGREEN/912129
10:05      GANECOS      52205      51112      3041.0     18.8  https://kite.zerodha.com/markets/ext/chart/web/tvc/NSE/GANECOS/1777665
10:06      RITCO        50151      49663      5288.0     14.4  https://kite.zerodha.com/markets/ext/chart/web/tvc/NSE/RITCO/2289665
10:08      DREDGECORP   37467      30442      4084.0     9.15  https://kite.zerodha.com/markets/ext/chart/web/tvc/NSE/DREDGECORP/2885377
10:08      GCSL         85537      77022      1857.0     15.82 https://kite.zerodha.com/markets/ext/chart/web/tvc/NSE/GCSL/194300417
10:09      CONCOR       1471508    1183263    538700.0   9.05  https://kite.zerodha.com/markets/ext/chart/web/tvc/NSE/CONCOR/1215745
10:13      ATL          367547     191485     1006.0     14.62 https://kite.zerodha.com/markets/ext/chart/web/tvc/NSE/ATL/4551169
10:18      AAVAS        283285     205087     19913.0    14.17 https://kite.zerodha.com/markets/ext/chart/web/tvc/NSE/AAVAS/1378561        long:profit
10:18      SHILPAMED    94667      60022      1616.0     9.91  https://kite.zerodha.com/markets/ext/chart/web/tvc/NSE/SHILPAMED/4544513    NA:PNQ
10:19      THELEELA     534738     460946     219260.0   9.64  https://kite.zerodha.com/markets/ext/chart/web/tvc/NSE/THELEELA/193795585   NA:SS
10:22      EPL          855702     663225     20990.0    13.52 https://kite.zerodha.com/markets/ext/chart/web/tvc/NSE/EPL/251137           long:loss
10:31      PGIL         175130     123993     27429.0    13.74 https://kite.zerodha.com/markets/ext/chart/web/tvc/NSE/PGIL/3650561         long:profit:MB
10:32      ATGL         679052     582982     1309.0     17.05 https://kite.zerodha.com/markets/ext/chart/web/tvc/NSE/ATGL/1552897         NA:PNQ
10:34      UNIECOM      732229     528130     1857.0     11.9  https://kite.zerodha.com/markets/ext/chart/web/tvc/NSE/UNIECOM/6351105      NA:PNQ
10:42      BBOX         218416     124047     55165.0    4.88  https://kite.zerodha.com/markets/ext/chart/web/tvc/NSE/BBOX/879361          long:loss
10:42      IMFA         151076     120372     1460.0     17.54 https://kite.zerodha.com/markets/ext/chart/web/tvc/NSE/IMFA/4924161         NA:PNQ
10:44      EVINDIA      388517     264225     2692.0     17.65 https://kite.zerodha.com/markets/ext/chart/web/tvc/NSE/EVINDIA/6262017      NA:LV
10:46      MPSLTD       68523      23928      38598.0    10.32 https://kite.zerodha.com/markets/ext/chart/web/tvc/NSE/MPSLTD/2707969       NA:NE
10:47      FSL          1308535    1085680    10445.0    14.78 https://kite.zerodha.com/markets/ext/chart/web/tvc/NSE/FSL/3661825          NA:NE
10:50      SCI          2790581    1621266    33604.0    18.16 https://kite.zerodha.com/markets/ext/chart/web/tvc/NSE/SCI/780289           ----
10:54      HAPPYFORGE   37887      24418      25473.0    6.83  https://kite.zerodha.com/markets/ext/chart/web/tvc/NSE/HAPPYFORGE/5338625   NA:LV
11:03      TICL         432589     156728     1117.0     5.44  https://kite.zerodha.com/markets/ext/chart/web/tvc/NSE/TICL/4992257         NA:LV
11:11      ICIL         705231     563193     5423.0     7.95  https://kite.zerodha.com/markets/ext/chart/web/tvc/NSE/ICIL/3068673         long:profit
11:26      TEJASNET     1223571    978254     29166.0    12.35 https://kite.zerodha.com/markets/ext/chart/web/tvc/NSE/TEJASNET/5409537     -----
11:39      INDIGOPNTS   192972     41848      10223.0    18.97 https://kite.zerodha.com/markets/ext/chart/web/tvc/NSE/INDIGOPNTS/524289    long:profit
11:39      WEBELSOLAR   320761     221476     8402.0     13.24 https://kite.zerodha.com/markets/ext/chart/web/tvc/NSE/WEBELSOLAR/3738113   long:loss
12:40      ABINFRA      182868     58187      1005.0     0.05  https://kite.zerodha.com/markets/ext/chart/web/tvc/NSE/ABINFRA/6917121      NA:CTUC
12:41      MOCAPITAL    1591855    460310     46513.0    17.35 https://kite.zerodha.com/markets/ext/chart/web/tvc/NSE/MOCAPITAL/7696641    NA:SS
12:56      DUCON        489724     394980     1709.0     7.9   https://kite.zerodha.com/markets/ext/chart/web/tvc/NSE/DUCON/7411713        NA:LV
12:58      MEDPLUS      230670     172970     81817.0    16.25 https://kite.zerodha.com/markets/ext/chart/web/tvc/NSE/MEDPLUS/1857025      NA:SS
13:00      SUNDARAM     3023535    448030     2101.0     7.14  https://kite.zerodha.com/markets/ext/chart/web/tvc/NSE/SUNDARAM/4846337     NA:LV
13:01      INDOWIND     676844     165024     5475.0     0.0   https://kite.zerodha.com/markets/ext/chart/web/tvc/NSE/INDOWIND/3827713     NA:CTUC
13:04      MFSL         2858080    553837     269942.0   5.01  https://kite.zerodha.com/markets/ext/chart/web/tvc/NSE/MFSL/548353          ----
13:08      GNFC         615706     363913     27041.0    14.0  https://kite.zerodha.com/markets/ext/chart/web/tvc/NSE/GNFC/300545          ----
13:08      PRECWIRE     419450     149019     32139.0    15.54 https://kite.zerodha.com/markets/ext/chart/web/tvc/NSE/PRECWIRE/695553      NA:SS
13:13      CAMPUS       600204     515653     14784.0    15.79 https://kite.zerodha.com/markets/ext/chart/web/tvc/NSE/CAMPUS/2396673       NA:PNQ
13:17      GLOBUSSPR    386775     166964     54855.0    5.99  https://kite.zerodha.com/markets/ext/chart/web/tvc/NSE/GLOBUSSPR/4460545    NA:PNQ
13:25      ICICIPRULI   1641540    888440     642029.0   8.94  https://kite.zerodha.com/markets/ext/chart/web/tvc/NSE/ICICIPRULI/4774913   NA:SS
13:37      CENTURYPLY   118697     93315      23164.0    14.49 https://kite.zerodha.com/markets/ext/chart/web/tvc/NSE/CENTURYPLY/3406081   NA:PNQ
13:38      LANDMARK     370111     89323      3266.0     18.07 https://kite.zerodha.com/markets/ext/chart/web/tvc/NSE/LANDMARK/3398657     NA:NEM
13:41      PDSL         345429     121942     4035.0     12.43 https://kite.zerodha.com/markets/ext/chart/web/tvc/NSE/PDSL/1347585         long:profit:MB
13:42      MURUDCERA    133015     44743      1285.0     17.28 https://kite.zerodha.com/markets/ext/chart/web/tvc/NSE/MURUDCERA/592129     NA:LV
13:53      SHREEJISPG   2282448    1951069    18986.0    3.54  https://kite.zerodha.com/markets/ext/chart/web/tvc/NSE/SHREEJISPG/194418689 ----
13:59      PAVNAIND     371000     253325     3668.0     17.44 https://kite.zerodha.com/markets/ext/chart/web/tvc/NSE/PAVNAIND/4145153     NA:LV
14:00      WELSPUNLIV   12107006   4755587    12953.0    15.8  https://kite.zerodha.com/markets/ext/chart/web/tvc/NSE/WELSPUNLIV/2880769   NA:PNQ

