Time       Symbol       Volume     VolCutoff  Turnover     %UC                              Link 
09:17      BIGBLOC      151879     94505      2337.0     14.08 https://kite.zerodha.com/markets/ext/chart/web/tvc/NSE/BIGBLOC/4718337             NA:NE
09:17      ORIENTTECH   2312290    231857     210280.0   11.72 https://kite.zerodha.com/markets/ext/chart/web/tvc/NSE/ORIENTTECH/6390017          long:profit:MB
09:17      DSSL         99072      22646      27208.0    8.47  https://kite.zerodha.com/markets/ext/chart/web/tvc/NSE/DSSL/6576641                long:profit
09:17      NIBL         259561     37644      4096.0     5.27  https://kite.zerodha.com/markets/ext/chart/web/tvc/NSE/NIBL/7611649                NA:LV
09:19      RITES        655296     602395     22962.0    16.1  https://kite.zerodha.com/markets/ext/chart/web/tvc/NSE/RITES/962817                NA:PNQ 
09:19      MCL          546001     38313      1813.0     0.0   https://kite.zerodha.com/markets/ext/chart/web/tvc/NSE/MCL/5724161                 NA:CTUC 
09:20      WALCHANNAG   134945     115596     9718.0     15.33 https://kite.zerodha.com/markets/ext/chart/web/tvc/NSE/WALCHANNAG/956417           NA:PNQ
09:20      WEBELSOLAR   251509     221476     4888.0     18.64 https://kite.zerodha.com/markets/ext/chart/web/tvc/NSE/WEBELSOLAR/3738113          NA:PNQ
09:20      REFEX        343268     306395     42829.0    12.54 https://kite.zerodha.com/markets/ext/chart/web/tvc/NSE/REFEX/4547585               NA:PNQ
09:20      MMTC         1067080    898992     9401.0     18.12 https://kite.zerodha.com/markets/ext/chart/web/tvc/NSE/MMTC/4596993                NA:PNQ
09:21      ORIENTCER    130345     79600      1144.0     18.81 https://kite.zerodha.com/markets/ext/chart/web/tvc/NSE/ORIENTCER/3356417           NA:PNQ
09:22      KPIGREEN     4541658    664076     384460.0   12.98 https://kite.zerodha.com/markets/ext/chart/web/tvc/NSE/KPIGREEN/1307649            long:loss
09:24      IFCI         5954340    5261213    53767.0    12.43 https://kite.zerodha.com/markets/ext/chart/web/tvc/NSE/IFCI/381697                 NA:PNQ 
09:26      DEEPAKFERT   295182     276030     29048.0    14.11 https://kite.zerodha.com/markets/ext/chart/web/tvc/NSE/DEEPAKFERT/211713           NA:PNQ
09:28      JSWSTEEL     1603362    1582418    42884.0    5.59  https://kite.zerodha.com/markets/ext/chart/web/tvc/NSE/JSWSTEEL/3001089            ----
09:31      IRCON        3553546    3493749    59011.0    14.67 https://kite.zerodha.com/markets/ext/chart/web/tvc/NSE/IRCON/1276417               NA:PNQ
09:31      JWL          3185678    2561544    118326.0   13.68 https://kite.zerodha.com/markets/ext/chart/web/tvc/NSE/JWL/5177345                 NA:PNQ
09:32      SMCGLOBAL    459499     76429      3435.0     16.68 https://kite.zerodha.com/markets/ext/chart/web/tvc/NSE/SMCGLOBAL/593921            NA:LV
09:32      GLOBUSSPR    180602     166964     8857.0     9.96  https://kite.zerodha.com/markets/ext/chart/web/tvc/NSE/GLOBUSSPR/4460545           long:profit
09:34      MAHABANK     7403637    6507294    84617.0    17.11 https://kite.zerodha.com/markets/ext/chart/web/tvc/NSE/MAHABANK/2912513            ----
09:36      HFCL         13297946   12489220   12883.0    14.71 https://kite.zerodha.com/markets/ext/chart/web/tvc/NSE/HFCL/5619457                NA:PNQ
09:37      GRAPHITE     669396     666474     11212.0    16.27 https://kite.zerodha.com/markets/ext/chart/web/tvc/NSE/GRAPHITE/151553             NA:PNQ
09:38      HINDZINC     2518981    2482111    29009.0    11.44 https://kite.zerodha.com/markets/ext/chart/web/tvc/NSE/HINDZINC/364545             NA:PNQ
09:38      PATELENG     2663946    2651738    2759.0     18.94 https://kite.zerodha.com/markets/ext/chart/web/tvc/NSE/PATELENG/2994945            NA:PNQ
09:38      WABAG        297264     287539     27047.0    15.01 https://kite.zerodha.com/markets/ext/chart/web/tvc/NSE/WABAG/5168129               NA:PNQ
09:39      HEG          2021773    1969049    139321.0   14.12 https://kite.zerodha.com/markets/ext/chart/web/tvc/NSE/HEG/342017                  long:profit:MB
09:39      VPRPL        1404821    1206246    20463.0    17.97 https://kite.zerodha.com/markets/ext/chart/web/tvc/NSE/VPRPL/4695297               NA:PNQ
09:40      IOB          6060564    5805869    20497.0    17.38 https://kite.zerodha.com/markets/ext/chart/web/tvc/NSE/IOB/2393089                 long:loss

09:43      ZYDUSWELL    720560     584571     33558.0    9.07  https://kite.zerodha.com/markets/ext/chart/web/tvc/NSE/ZYDUSWELL/4514561
09:44      IIFLCAPS     551848     457126     34835.0    17.8  https://kite.zerodha.com/markets/ext/chart/web/tvc/NSE/IIFLCAPS/3346433
09:44      KIRIINDUS    260640     259710     4907.0     17.38 https://kite.zerodha.com/markets/ext/chart/web/tvc/NSE/KIRIINDUS/4259585
09:44      RMDRIP       151513     42901      2504.0     18.33 https://kite.zerodha.com/markets/ext/chart/web/tvc/NSE/RMDRIP/194005505
09:49      KHADIM       57166      54986      1361.0     18.92 https://kite.zerodha.com/markets/ext/chart/web/tvc/NSE/KHADIM/108801
09:55      GAEL         419215     412803     3415.0     17.45 https://kite.zerodha.com/markets/ext/chart/web/tvc/NSE/GAEL/2259969
09:56      PSUBANK      40495      39565      2425.0     16.98 https://kite.zerodha.com/markets/ext/chart/web/tvc/NSE/PSUBANK/3855617
09:56      CANTABIL     124266     121741     3228.0     15.59 https://kite.zerodha.com/markets/ext/chart/web/tvc/NSE/CANTABIL/5160961
09:56      KPEL         337416     323221     6165.0     10.98 https://kite.zerodha.com/markets/ext/chart/web/tvc/NSE/KPEL/6932225
09:59      HCC          4969256    3867847    1570.0     18.91 https://kite.zerodha.com/markets/ext/chart/web/tvc/NSE/HCC/352001
10:00      GANDHAR      178836     148507     5812.0     14.71 https://kite.zerodha.com/markets/ext/chart/web/tvc/NSE/GANDHAR/5197569
10:00      SAMMAANCAP   13065275   12967871   21449.0    6.6   https://kite.zerodha.com/markets/ext/chart/web/tvc/NSE/SAMMAANCAP/7712001
10:05      PSB          1472372    1445866    1278.0     15.85 https://kite.zerodha.com/markets/ext/chart/web/tvc/NSE/PSB/5376257
10:08      NEOGEN       55116      43242      2745.0     18.4  https://kite.zerodha.com/markets/ext/chart/web/tvc/NSE/NEOGEN/2538753
10:09      FCL          534350     240450     1300.0     18.53 https://kite.zerodha.com/markets/ext/chart/web/tvc/NSE/FCL/1586689
10:09      RPOWER       15830436   15282667   5231.0     16.3  https://kite.zerodha.com/markets/ext/chart/web/tvc/NSE/RPOWER/3906305
10:10      DOLATALGO    293558     250022     2326.0     15.53 https://kite.zerodha.com/markets/ext/chart/web/tvc/NSE/DOLATALGO/3103745
10:12      NSLNISP      9737948    9661883    4852.0     14.84 https://kite.zerodha.com/markets/ext/chart/web/tvc/NSE/NSLNISP/3630081
10:14      NCC          3071426    3039014    29135.0    14.89 https://kite.zerodha.com/markets/ext/chart/web/tvc/NSE/NCC/593665
10:14      GUJGASLTD    279222     267541     2727.0     16.35 https://kite.zerodha.com/markets/ext/chart/web/tvc/NSE/GUJGASLTD/2713345

10:25      STANLEY      111328     43497      3241.0     18.91 https://kite.zerodha.com/markets/ext/chart/web/tvc/NSE/STANLEY/6201857          NA:LV
10:39      TATAINVEST   155379     95596      7895.0     16.99 https://kite.zerodha.com/markets/ext/chart/web/tvc/NSE/TATAINVEST/414977        NA:PNQ 
10:40      RGL          478358     414133     3052.0     18.21 https://kite.zerodha.com/markets/ext/chart/web/tvc/NSE/RGL/3873025              NA:LV
10:43      SHAKTIPUMP   911830     615247     39282.0    15.56 https://kite.zerodha.com/markets/ext/chart/web/tvc/NSE/SHAKTIPUMP/6546945       NA:PNQ
10:46      INOXINDIA    98335      79335      35859.0    18.67 https://kite.zerodha.com/markets/ext/chart/web/tvc/NSE/INOXINDIA/5275393        NA:SS
11:02      SANDUMA      1907177    207220     11914.0    18.89 https://kite.zerodha.com/markets/ext/chart/web/tvc/NSE/SANDUMA/4699905          NA:PNQ
11:03      WHIRLPOOL    268738     172322     139906.0   18.98 https://kite.zerodha.com/markets/ext/chart/web/tvc/NSE/WHIRLPOOL/4610817        NA:PNQ
11:04      AGIIL        163232     104124     13721.0    17.62 https://kite.zerodha.com/markets/ext/chart/web/tvc/NSE/AGIIL/6257921            NA:LV
11:07      PCBL         1161770    824581     17171.0    12.72 https://kite.zerodha.com/markets/ext/chart/web/tvc/NSE/PCBL/678145              NA:PNQ
11:10      TARC         635903     483759     16860.0    13.23 https://kite.zerodha.com/markets/ext/chart/web/tvc/NSE/TARC/404737              long:loss
11:17      CRAFTSMAN    59798      51528      44815.0    12.8  https://kite.zerodha.com/markets/ext/chart/web/tvc/NSE/CRAFTSMAN/730625         long:profit
11:26      SANGAMIND    43328      33386      1259.0     15.86 https://kite.zerodha.com/markets/ext/chart/web/tvc/NSE/SANGAMIND/1071105        NA:LV 
11:44      SAIL         31884474   9830379    317030.0   5.17  https://kite.zerodha.com/markets/ext/chart/web/tvc/NSE/SAIL/758529              ----
11:57      KECL         164902     121025     1055.0     15.11 https://kite.zerodha.com/markets/ext/chart/web/tvc/NSE/KECL/4664321             NA:LV
12:24      UTIAMC       285614     156792     273812.0   17.59 https://kite.zerodha.com/markets/ext/chart/web/tvc/NSE/UTIAMC/134913            NA:LV
12:24      MRPL         6695562    3507707    38835.0    10.91 https://kite.zerodha.com/markets/ext/chart/web/tvc/NSE/MRPL/584449              long:profit
12:31      SHILPAMED    129094     60022      5533.0     17.98 https://kite.zerodha.com/markets/ext/chart/web/tvc/NSE/SHILPAMED/4544513        NA:LV
12:34      WOCKPHARMA   678671     407239     94719.0    16.04 https://kite.zerodha.com/markets/ext/chart/web/tvc/NSE/WOCKPHARMA/1921537       NA:PNQ
12:42      JAIBALAJI    2850800    1134619    18029.0    11.94 https://kite.zerodha.com/markets/ext/chart/web/tvc/NSE/JAIBALAJI/2881537        NA:PNQ
12:47      APEX         503836     401728     4379.0     13.09 https://kite.zerodha.com/markets/ext/chart/web/tvc/NSE/APEX/5535489             NA:PNQ
12:47      BROOKS       184771     30841      1866.0     13.3  https://kite.zerodha.com/markets/ext/chart/web/tvc/NSE/BROOKS/6434817           NA:LV
12:57      ROLEXRINGS   258461     29551      4436.0     18.52 https://kite.zerodha.com/markets/ext/chart/web/tvc/NSE/ROLEXRINGS/1351425       NA:LV 
13:03      BTML         615236     388283     2009.0     13.42 https://kite.zerodha.com/markets/ext/chart/web/tvc/NSE/BTML/3622401             NA:LV
13:12      CHENNPETRO   2229957    1271429    17782.0    12.24 https://kite.zerodha.com/markets/ext/chart/web/tvc/NSE/CHENNPETRO/524545        NA:PNQ
13:13      TRITURBINE   1364911    791270     278851.0   18.66 https://kite.zerodha.com/markets/ext/chart/web/tvc/NSE/TRITURBINE/6549505       NA:LV 
13:25      FEDFINA      1521175    1288822    3380.0     13.77 https://kite.zerodha.com/markets/ext/chart/web/tvc/NSE/FEDFINA/5202433          NA:LV
13:32      GEOJITFSL    692702     394942     1585.0     18.19 https://kite.zerodha.com/markets/ext/chart/web/tvc/NSE/GEOJITFSL/3045377        NA:PNQ
13:43      QUADFUTURE   1193396    713072     22209.0    14.12 https://kite.zerodha.com/markets/ext/chart/web/tvc/NSE/QUADFUTURE/7446273       NA:PNQ
13:47      KIRLPNU      113770     99909      8226.0     17.5  https://kite.zerodha.com/markets/ext/chart/web/tvc/NSE/KIRLPNU/3886081          NA:SS
13:48      SAPPHIRE     718679     577814     17259.0    15.02 https://kite.zerodha.com/markets/ext/chart/web/tvc/NSE/SAPPHIRE/1719809         NA:PNQ
13:59      SAREGAMA     758207     330021     3063.0     18.94 https://kite.zerodha.com/markets/ext/chart/web/tvc/NSE/SAREGAMA/1252353         NA:LV

