Time       Symbol       Quantity   VolCutoff  High/Low     %UC                              Link 
09:17      HINDZINC     17         2482111    low        21.93 https://kite.zerodha.com/markets/ext/chart/web/tvc/NSE/HINDZINC/364545      NA:PNQ
09:17      WALCHANNAG   50.0       115596     high       15.28 https://kite.zerodha.com/markets/ext/chart/web/tvc/NSE/WALCHANNAG/956417    NA:PNQ
09:17      SHILPAMED    32.0       60022      high       13.15 https://kite.zerodha.com/markets/ext/chart/web/tvc/NSE/SHILPAMED/4544513    long:profit
09:17      METAL        909.0      1047927    low        32.19 https://kite.zerodha.com/markets/ext/chart/web/tvc/NSE/METAL/6590465        NA:PNQ
09:17      MCX          4.0        476918     low        21.94 https://kite.zerodha.com/markets/ext/chart/web/tvc/NSE/MCX/7982337          NA:PNQ
09:18      GOLDBEES     85.0       16887903   low        49.13 https://kite.zerodha.com/markets/ext/chart/web/tvc/NSE/GOLDBEES/3693569     NA:PNQ
09:21      DREDGECORP   8.0        30442      high       18.23 https://kite.zerodha.com/markets/ext/chart/web/tvc/NSE/DREDGECORP/2885377   NA:PNQ
09:22      WEBELSOLAR   125.0      221476     low        22.22 https://kite.zerodha.com/markets/ext/chart/web/tvc/NSE/WEBELSOLAR/3738113   NA:PNQ
09:22      BALUFORGE    22.0       172317     high       6.97  https://kite.zerodha.com/markets/ext/chart/web/tvc/NSE/BALUFORGE/6043393    NA:PNQ
09:23      HINDCOPPER   17.0       5504832    low        43.45 https://kite.zerodha.com/markets/ext/chart/web/tvc/NSE/HINDCOPPER/4592385   NA:PNQ
09:23      SANDUMA      46.0       207220     low        25.89 https://kite.zerodha.com/markets/ext/chart/web/tvc/NSE/SANDUMA/4699905      NA:PNQ
09:24      MTARTECH     3.0        226400     high       12.78 https://kite.zerodha.com/markets/ext/chart/web/tvc/NSE/MTARTECH/693505      NA:PNQ
09:25      BARBEQUE     45         99840      high       0.2   https://kite.zerodha.com/markets/ext/chart/web/tvc/NSE/BARBEQUE/800513      NA:LV
09:28      VEDL         15         7832775    high       18.44 https://kite.zerodha.com/markets/ext/chart/web/tvc/NSE/VEDL/784129          NA:PNQ
09:30      SOUTHBANK    270.0      7088111    low        22.96 https://kite.zerodha.com/markets/ext/chart/web/tvc/NSE/SOUTHBANK/1522689    NA:PNQ
09:39      TATSILV      370.0      6959738    low        67.95 https://kite.zerodha.com/markets/ext/chart/web/tvc/NSE/TATSILV/5485569      NA:PNQ
09:39      LIQUIDCASE   88.0       9109743    high       4.97  https://kite.zerodha.com/markets/ext/chart/web/tvc/NSE/LIQUIDCASE/5568001   NA:LV

09:44      IRFC         80.0       10279932   high       7.49  https://kite.zerodha.com/markets/ext/chart/web/tvc/NSE/IRFC/519425
09:45      GALAPREC     12.0       22368      high       10.06 https://kite.zerodha.com/markets/ext/chart/web/tvc/NSE/GALAPREC/6434305
09:46      SELAN        16.0       41715      high       2.95  https://kite.zerodha.com/markets/ext/chart/web/tvc/NSE/SELAN/3481089
09:47      NATIONALUM   27.0       7394876    high       13.27 https://kite.zerodha.com/markets/ext/chart/web/tvc/NSE/NATIONALUM/1629185
09:49      JWL          29.0       2561544    high       14.98 https://kite.zerodha.com/markets/ext/chart/web/tvc/NSE/JWL/5177345
09:49      AGIIL        37         104124     high       16.98 https://kite.zerodha.com/markets/ext/chart/web/tvc/NSE/AGIIL/6257921
09:51      IKIO         58.0       362028     high       5.69  https://kite.zerodha.com/markets/ext/chart/web/tvc/NSE/IKIO/4306433
09:55      RVNL         28.0       5681235    high       7.71  https://kite.zerodha.com/markets/ext/chart/web/tvc/NSE/RVNL/2445313
09:58      BEL          21.0       13206172   high       8.0   https://kite.zerodha.com/markets/ext/chart/web/tvc/NSE/BEL/98049
10:06      PARAS        13.0       624523     high       16.64 https://kite.zerodha.com/markets/ext/chart/web/tvc/NSE/PARAS/1513217
10:07      GROWWLIQID   92.0       211389     high       4.94  https://kite.zerodha.com/markets/ext/chart/web/tvc/NSE/GROWWLIQID/6514433
10:11      SPARC        74.0       231286     high       13.33 https://kite.zerodha.com/markets/ext/chart/web/tvc/NSE/SPARC/3785729

10:16      APEX         31.0       401728     high       12.78 https://kite.zerodha.com/markets/ext/chart/web/tvc/NSE/APEX/5535489          NA:PNQ
10:18      AONELIQUID   9.0        24608      high       4.96  https://kite.zerodha.com/markets/ext/chart/web/tvc/NSE/AONELIQUID/7800833    NA:LV
10:26      SERVOTECH    140.0      615125     high       0.5   https://kite.zerodha.com/markets/ext/chart/web/tvc/NSE/SERVOTECH/1409793     NA:CTUC
10:29      INFOBEAN     11.0       201052     high       9.1   https://kite.zerodha.com/markets/ext/chart/web/tvc/NSE/INFOBEAN/2822913      NA:PNQ
10:35      GRINFRA      9.0        23559      high       16.08 https://kite.zerodha.com/markets/ext/chart/web/tvc/NSE/GRINFRA/1293825       NA:SS
10:41      TECHNOE      9.0        196663     high       11.78 https://kite.zerodha.com/markets/ext/chart/web/tvc/NSE/TECHNOE/1649921       NA:PNQ
10:46      STLTECH      83.0       3188258    high       6.79  https://kite.zerodha.com/markets/ext/chart/web/tvc/NSE/STLTECH/2383105       NA:PNQ
11:10      KERNEX       7          64184      high       17.18 https://kite.zerodha.com/markets/ext/chart/web/tvc/NSE/KERNEX/3358977        NA:PNQ
11:22      CONCOR       19.0       1183263    high       6.32  https://kite.zerodha.com/markets/ext/chart/web/tvc/NSE/CONCOR/1215745        budget
11:30      PFC          24.0       4669261    high       4.44  https://kite.zerodha.com/markets/ext/chart/web/tvc/NSE/PFC/3660545           budget
11:31      ARVIND       30.0       395773     high       15.47 https://kite.zerodha.com/markets/ext/chart/web/tvc/NSE/ARVIND/49409          budget
11:36      RECLTD       26.0       5545209    high       6.36  https://kite.zerodha.com/markets/ext/chart/web/tvc/NSE/RECLTD/3930881        budget
11:39      NIITLTD      121.0      393136     high       9.61  https://kite.zerodha.com/markets/ext/chart/web/tvc/NSE/NIITLTD/2949633       budget
11:53      NUVAMA       7.0        134022     high       9.28  https://kite.zerodha.com/markets/ext/chart/web/tvc/NSE/NUVAMA/4792577        budget
11:56      DATAPATTNS   3.0        284369     low        22.24 https://kite.zerodha.com/markets/ext/chart/web/tvc/NSE/DATAPATTNS/1883649    budget
12:00      GROWWDEFNC   125.0      325550     low        21.78 https://kite.zerodha.com/markets/ext/chart/web/tvc/NSE/GROWWDEFNC/6594049    budget
12:02      MODEFENCE    113.0      2161566    low        21.74 https://kite.zerodha.com/markets/ext/chart/web/tvc/NSE/MODEFENCE/6385665     budget
12:13      URJA         909.0      1016471    high       6.95  https://kite.zerodha.com/markets/ext/chart/web/tvc/NSE/URJA/5171969          budget
12:21      ANGELONE     4.0        965804     low        22.2  https://kite.zerodha.com/markets/ext/chart/web/tvc/NSE/ANGELONE/82945        budget
12:21      MOCAPITAL    232.0      460310     low        31.01 https://kite.zerodha.com/markets/ext/chart/web/tvc/NSE/MOCAPITAL/7696641     budget
12:22      PSUBNKBEES   104.0      1882845    low        26.01 https://kite.zerodha.com/markets/ext/chart/web/tvc/NSE/PSUBNKBEES/3848193    budget
12:22      MIDCAPIETF   476.0      764476     low        22.04 https://kite.zerodha.com/markets/ext/chart/web/tvc/NSE/MIDCAPIETF/4390913    budget
12:26      E2E          4.0        94810      high       0.73  https://kite.zerodha.com/markets/ext/chart/web/tvc/NSE/E2E/2287873           budget
12:26      HDFCNIFTY    35.0       54314      low        21.59 https://kite.zerodha.com/markets/ext/chart/web/tvc/NSE/HDFCNIFTY/2967297     budget
12:27      GROWWRAIL    303.0      383899     low        23.05 https://kite.zerodha.com/markets/ext/chart/web/tvc/NSE/GROWWRAIL/7558913     budget
12:28      HCC          526.0      3867847    low        23.88 https://kite.zerodha.com/markets/ext/chart/web/tvc/NSE/HCC/352001            budget
12:29      GRSE         4.0        1117482    low        35.28 https://kite.zerodha.com/markets/ext/chart/web/tvc/NSE/GRSE/1401601          budget
12:30      BDL          7.0        1670418    low        22.0  https://kite.zerodha.com/markets/ext/chart/web/tvc/NSE/BDL/548865            budget
12:30      MIDHANI      29.0       415436     low        32.56 https://kite.zerodha.com/markets/ext/chart/web/tvc/NSE/MIDHANI/630529        budget
12:30      AVANTIFEED   12.0       941541     low        21.89 https://kite.zerodha.com/markets/ext/chart/web/tvc/NSE/AVANTIFEED/2031617    budget
12:31      HDFCSML250   64         924740     low        23.37 https://kite.zerodha.com/markets/ext/chart/web/tvc/NSE/HDFCSML250/3643649    budget
