Time       Symbol       Quantity   VolCutoff  High/Low     %UC                              Link 
09:19      UJJIVANSFB   153.0      7779247    high       14.76 https://kite.zerodha.com/markets/ext/chart/web/tvc/NSE/UJJIVANSFB/3898369    long:profit
09:20      HINDZINC     14.0       2482111    high       5.56  https://kite.zerodha.com/markets/ext/chart/web/tvc/NSE/HINDZINC/364545       NA:PNQ
09:22      RALLIS       37.0       852324     low        22.43 https://kite.zerodha.com/markets/ext/chart/web/tvc/NSE/RALLIS/720897         NA:PNQ
09:22      TANLA        20.0       1038677    high       11.16 https://kite.zerodha.com/markets/ext/chart/web/tvc/NSE/TANLA/3577857         NA:PNQ
09:23      ABSLAMC      12.0       302263     high       13.15 https://kite.zerodha.com/markets/ext/chart/web/tvc/NSE/ABSLAMC/1540609       NA:PNQ
09:23      APLAPOLLO    4.0        639499     high       5.48  https://kite.zerodha.com/markets/ext/chart/web/tvc/NSE/APLAPOLLO/6599681     NA:NE
09:24      SELAN        20.0       41715      high       9.4   https://kite.zerodha.com/markets/ext/chart/web/tvc/NSE/SELAN/3481089         NA:PNQ    
09:26      DLF          15.0       2301295    high       8.77  https://kite.zerodha.com/markets/ext/chart/web/tvc/NSE/DLF/3771393           NA:PNQ
09:28      DBOL         106.0      86772      high       2.75  https://kite.zerodha.com/markets/ext/chart/web/tvc/NSE/DBOL/2788609          NA:CTUC
09:28      MCX          4          476918     high       8.9   https://kite.zerodha.com/markets/ext/chart/web/tvc/NSE/MCX/7982337           NA:PNQ
09:29      HOMEFIRST    8.0        349393     high       12.31 https://kite.zerodha.com/markets/ext/chart/web/tvc/NSE/HOMEFIRST/526337      NA:PNQ
09:29      MAKEINDIA    65.0       27530      high       17.87 https://kite.zerodha.com/markets/ext/chart/web/tvc/NSE/MAKEINDIA/2042625     NA:LV
09:29      WEBELSOLAR   126.0      221476     high       18.03 https://kite.zerodha.com/markets/ext/chart/web/tvc/NSE/WEBELSOLAR/3738113    NA:PNQ
09:32      HINDCOPPER   18.0       5504832    high       16.61 https://kite.zerodha.com/markets/ext/chart/web/tvc/NSE/HINDCOPPER/4592385    NA:PNQ
09:37      JINDALSAW    53.0       1358289    low        22.17 https://kite.zerodha.com/markets/ext/chart/web/tvc/NSE/JINDALSAW/774145      NA:PNQ
09:38      JTLIND       125.0      2488905    high       5.95  https://kite.zerodha.com/markets/ext/chart/web/tvc/NSE/JTLIND/1865473        NA:PNQ
09:39      AWHCL        18.0       67215      high       13.1  https://kite.zerodha.com/markets/ext/chart/web/tvc/NSE/AWHCL/460033          NA:PNQ

09:45      BLISSGVS     60.0       1145260    high       12.69 https://kite.zerodha.com/markets/ext/chart/web/tvc/NSE/BLISSGVS/4931841
09:46      CUPID        25.0       4993749    low        24.84 https://kite.zerodha.com/markets/ext/chart/web/tvc/NSE/CUPID/4741121
09:48      INFOBEAN     11.0       201052     low        28.15 https://kite.zerodha.com/markets/ext/chart/web/tvc/NSE/INFOBEAN/2822913
09:48      MMTC         151.0      898992     high       18.42 https://kite.zerodha.com/markets/ext/chart/web/tvc/NSE/MMTC/4596993
09:49      IIFL         17.0       1338338    high       6.13  https://kite.zerodha.com/markets/ext/chart/web/tvc/NSE/IIFL/3023105
09:52      CREDITACC    6.0        432729     low        22.01 https://kite.zerodha.com/markets/ext/chart/web/tvc/NSE/CREDITACC/1131777
09:52      GENESYS      30.0       147151     low        25.53 https://kite.zerodha.com/markets/ext/chart/web/tvc/NSE/GENESYS/2791681
09:55      THANGAMAYL   2.0        40873      high       8.68  https://kite.zerodha.com/markets/ext/chart/web/tvc/NSE/THANGAMAYL/4638209
09:56      EQUITASBNK   136.0      3197649    high       15.52 https://kite.zerodha.com/markets/ext/chart/web/tvc/NSE/EQUITASBNK/233729
09:56      SAIL         63         9830379    high       6.93  https://kite.zerodha.com/markets/ext/chart/web/tvc/NSE/SAIL/758529
09:57      BAJAJHLDNG   0          58618      high       9.96  https://kite.zerodha.com/markets/ext/chart/web/tvc/NSE/BAJAJHLDNG/78081
10:01      DRREDDY      7.0        1459243    high       7.67  https://kite.zerodha.com/markets/ext/chart/web/tvc/NSE/DRREDDY/225537
10:01      NATIONALUM   26.0       7394876    high       5.86  https://kite.zerodha.com/markets/ext/chart/web/tvc/NSE/NATIONALUM/1629185
10:12      SOUTHBANK    212.0      7088111    high       18.35 https://kite.zerodha.com/markets/ext/chart/web/tvc/NSE/SOUTHBANK/1522689

10:18      BANDHANBNK   66.0       4769818    high       4.99  https://kite.zerodha.com/markets/ext/chart/web/tvc/NSE/BANDHANBNK/579329       NA:PNQ
10:31      MAHABANK     149.0      6507294    high       17.3  https://kite.zerodha.com/markets/ext/chart/web/tvc/NSE/MAHABANK/2912513        NA:PNQ
10:37      SURYODAY     75.0       132807     low        27.31 https://kite.zerodha.com/markets/ext/chart/web/tvc/NSE/SURYODAY/760321         NA:LV
10:40      KITEX        59.0       1090373    high       9.47  https://kite.zerodha.com/markets/ext/chart/web/tvc/NSE/KITEX/7398145           NA:PNQ
10:43      HGINFRA      16.0       82689      low        28.79 https://kite.zerodha.com/markets/ext/chart/web/tvc/NSE/HGINFRA/428033          NA:PNQ
10:43      DBREALTY     94.0       846337     high       15.03 https://kite.zerodha.com/markets/ext/chart/web/tvc/NSE/DBREALTY/4639745        NA:PNQ
10:47      BALUFORGE    25.0       172317     low        21.81 https://kite.zerodha.com/markets/ext/chart/web/tvc/NSE/BALUFORGE/6043393       NA:PNQ             short:profit
10:55      EKC          87.0       1366127    high       7.28  https://kite.zerodha.com/markets/ext/chart/web/tvc/NSE/EKC/3351297             NA:PNQ
11:07      BRIGADE      13.0       391315     low        22.87 https://kite.zerodha.com/markets/ext/chart/web/tvc/NSE/BRIGADE/3887105         NA:SS
11:12      ANANDRATHI   3.0        139390     low        21.76 https://kite.zerodha.com/markets/ext/chart/web/tvc/NSE/ANANDRATHI/1829121      NA:LV
11:14      PFS          333.0      516905     low        23.31 https://kite.zerodha.com/markets/ext/chart/web/tvc/NSE/PFS/5786113             NA:LV
11:23      ECOSMOBLTY   55.0       179701     low        25.75 https://kite.zerodha.com/markets/ext/chart/web/tvc/NSE/ECOSMOBLTY/6415361      NA:LV
11:41      SANDUMA      47.0       207220     low        22.88 https://kite.zerodha.com/markets/ext/chart/web/tvc/NSE/SANDUMA/4699905         NA:PNQ              NA:NE
11:51      STYLEBAAZA   28.0       423810     high       5.32  https://kite.zerodha.com/markets/ext/chart/web/tvc/NSE/STYLEBAAZA/6429185      NA:PNQ
11:58      PIDILITIND   6.0        306844     high       10.3  https://kite.zerodha.com/markets/ext/chart/web/tvc/NSE/PIDILITIND/681985       NA:PNQ
12:00      MEDICO       192        179304     high       4.31  https://kite.zerodha.com/markets/ext/chart/web/tvc/NSE/MEDICO/2474753          NA:LV
12:09      DREDGECORP   10.0       30442      low        25.27 https://kite.zerodha.com/markets/ext/chart/web/tvc/NSE/DREDGECORP/2885377      NA:PNQ
12:40      MOGSEC       158.0      36674      high       4.88  https://kite.zerodha.com/markets/ext/chart/web/tvc/NSE/MOGSEC/385793           NA:LV
12:40      NDRAUTO      14.0       51563      low        21.54 https://kite.zerodha.com/markets/ext/chart/web/tvc/NSE/NDRAUTO/5697281         NA:LV
12:40      SGMART       28.0       166148     high       15.4  https://kite.zerodha.com/markets/ext/chart/web/tvc/NSE/SGMART/194275585        NA:LV
13:06      TARSONS      49.0       58372      low        21.77 https://kite.zerodha.com/markets/ext/chart/web/tvc/NSE/TARSONS/1777409         NA:LV
13:08      INNOVACAP    13.0       41369      high       6.07  https://kite.zerodha.com/markets/ext/chart/web/tvc/NSE/INNOVACAP/5391873       NA:LV
13:40      BAJAJCON     31.0       977975     high       12.22 https://kite.zerodha.com/markets/ext/chart/web/tvc/NSE/BAJAJCON/4999937        NA:PNQ
13:43      IXIGO        50.0       5045656    low        44.17 https://kite.zerodha.com/markets/ext/chart/web/tvc/NSE/IXIGO/6161153           NA:PNQ
13:46      SMCGLOBAL    138.0      76429      low        23.07 https://kite.zerodha.com/markets/ext/chart/web/tvc/NSE/SMCGLOBAL/593921        NA:LV
13:54      DPABHUSHAN   6.0        43166      low        21.85 https://kite.zerodha.com/markets/ext/chart/web/tvc/NSE/DPABHUSHAN/239617       NA:LV
