Time       Symbol       Quantity   VolCutoff  High/Low     %UC                              Link  
09:17      CREDITACC    7          432729     high       12.54 https://kite.zerodha.com/markets/ext/chart/web/tvc/NSE/CREDITACC/1131777       NA:PNQ
09:17      RBA          151.0      1174518    high       16.2  https://kite.zerodha.com/markets/ext/chart/web/tvc/NSE/RBA/382465              NA:PNQ
09:17      STYLEBAAZA   30         423810     high       13.27 https://kite.zerodha.com/markets/ext/chart/web/tvc/NSE/STYLEBAAZA/6429185      NA:PNQ
09:18      SHOPERSTOP   29.0       45875      low        31.48 https://kite.zerodha.com/markets/ext/chart/web/tvc/NSE/SHOPERSTOP/3024129      NA:PNQ
09:18      SANDUMA      45.0       207220     high       18.33 https://kite.zerodha.com/markets/ext/chart/web/tvc/NSE/SANDUMA/4699905         NA:PNQ
09:21      JINDALSAW    54.0       1358289    low        23.21 https://kite.zerodha.com/markets/ext/chart/web/tvc/NSE/JINDALSAW/774145        NA:PNQ
09:22      IFCI         175.0      5261213    low        21.92 https://kite.zerodha.com/markets/ext/chart/web/tvc/NSE/IFCI/381697             NA:PNQ
09:22      DREDGECORP   9.0        30442      low        21.84 https://kite.zerodha.com/markets/ext/chart/web/tvc/NSE/DREDGECORP/2885377      NA:PNQ
09:22      MMTC         156.0      898992     low        21.92 https://kite.zerodha.com/markets/ext/chart/web/tvc/NSE/MMTC/4596993            NA:PNQ
09:23      THANGAMAYL   2.0        40873      high       4.9   https://kite.zerodha.com/markets/ext/chart/web/tvc/NSE/THANGAMAYL/4638209      NA:PNQ
09:24      SELAN        22.0       41715      high       14.46 https://kite.zerodha.com/markets/ext/chart/web/tvc/NSE/SELAN/3481089           NA:PNQ
09:24      BALAMINES    8.0        43980      high       18.33 https://kite.zerodha.com/markets/ext/chart/web/tvc/NSE/BALAMINES/3712257       NA:PNQ
09:25      J&KBANK      97.0       1766003    high       15.38 https://kite.zerodha.com/markets/ext/chart/web/tvc/NSE/J&KBANK/1442049         NA:PNQ
09:25      HINDZINC     14.0       2482111    high       8.88  https://kite.zerodha.com/markets/ext/chart/web/tvc/NSE/HINDZINC/364545         NA:PNQ
09:25      MRPL         68.0       3507707    high       14.48 https://kite.zerodha.com/markets/ext/chart/web/tvc/NSE/MRPL/584449             NA:PNQ
09:26      WALCHANNAG   66.0       115596     high       14.93 https://kite.zerodha.com/markets/ext/chart/web/tvc/NSE/WALCHANNAG/956417       NA:PNQ
09:26      MAKEINDIA    65.0       27530      low        22.15 https://kite.zerodha.com/markets/ext/chart/web/tvc/NSE/MAKEINDIA/2042625       NA:LV
09:26      KERNEX       7          64184      high       16.39 https://kite.zerodha.com/markets/ext/chart/web/tvc/NSE/KERNEX/3358977          NA:LV
09:26      BAJAJELEC    25.0       81211      low        24.8  https://kite.zerodha.com/markets/ext/chart/web/tvc/NSE/BAJAJELEC/3848705       NA:PNQ
09:26      KIRIINDUS    20.0       259710     high       17.96 https://kite.zerodha.com/markets/ext/chart/web/tvc/NSE/KIRIINDUS/4259585       NA:PNQ
09:32      INDIAMART    4.0        91510      high       16.03 https://kite.zerodha.com/markets/ext/chart/web/tvc/NSE/INDIAMART/2745857       NA:PNQ
09:33      TECH         243.0      101380     low        23.78 https://kite.zerodha.com/markets/ext/chart/web/tvc/NSE/TECH/1654273            NA:LV
09:33      GOLDBEES     74.0       16887903   high       7.29  https://kite.zerodha.com/markets/ext/chart/web/tvc/NSE/GOLDBEES/3693569        NA:PNQ
09:33      TARIL        40.0       1011859    high       17.84 https://kite.zerodha.com/markets/ext/chart/web/tvc/NSE/TARIL/3884545           NA:PNQ
09:37      AGIIL        36.0       104124     low        22.01 https://kite.zerodha.com/markets/ext/chart/web/tvc/NSE/AGIIL/6257921           NA:LV
09:38      MCX          4          476918     high       8.43  https://kite.zerodha.com/markets/ext/chart/web/tvc/NSE/MCX/7982337             NA:PNQ

09:41      KOTAKBANK    23.0       3474018    high       10.29 https://kite.zerodha.com/markets/ext/chart/web/tvc/NSE/KOTAKBANK/492033
09:44      TATAINVEST   15.0       95596      low        21.61 https://kite.zerodha.com/markets/ext/chart/web/tvc/NSE/TATAINVEST/414977
09:44      BALUFORGE    23.0       172317     high       18.4  https://kite.zerodha.com/markets/ext/chart/web/tvc/NSE/BALUFORGE/6043393
09:45      TATSILV      303.0      6959738    high       4.48  https://kite.zerodha.com/markets/ext/chart/web/tvc/NSE/TATSILV/5485569
09:47      SOUTHBANK    227.0      7088111    high       17.87 https://kite.zerodha.com/markets/ext/chart/web/tvc/NSE/SOUTHBANK/1522689
09:47      SPLPETRO     19.0       99973      high       18.17 https://kite.zerodha.com/markets/ext/chart/web/tvc/NSE/SPLPETRO/2461953
09:47      UTKARSHBNK   769.0      1434809    low        22.27 https://kite.zerodha.com/markets/ext/chart/web/tvc/NSE/UTKARSHBNK/4443649
09:49      ALKYLAMINE   6.0        39051      high       15.1  https://kite.zerodha.com/markets/ext/chart/web/tvc/NSE/ALKYLAMINE/1148673
09:49      CONSUMBEES   76.0       188911     low        22.87 https://kite.zerodha.com/markets/ext/chart/web/tvc/NSE/CONSUMBEES/623361
09:49      JTLIND       138.0      2488905    high       12.58 https://kite.zerodha.com/markets/ext/chart/web/tvc/NSE/JTLIND/1865473
09:53      NEWGEN       15.0       1666292    high       15.61 https://kite.zerodha.com/markets/ext/chart/web/tvc/NSE/NEWGEN/297985
09:57      ANUP         5.0        28633      low        25.56 https://kite.zerodha.com/markets/ext/chart/web/tvc/NSE/ANUP/2307585
09:59      NETWEB       3          500000     low        21.68 https://kite.zerodha.com/markets/ext/chart/web/tvc/NSE/NETWEB/4462849
10:01      KPIGREEN     22.0       664076     high       18.48 https://kite.zerodha.com/markets/ext/chart/web/tvc/NSE/KPIGREEN/1307649
10:02      ONEPOINT     185.0      418933     low        23.98 https://kite.zerodha.com/markets/ext/chart/web/tvc/NSE/ONEPOINT/2544385
10:02      TEJASNET     29.0       978254     high       17.44 https://kite.zerodha.com/markets/ext/chart/web/tvc/NSE/TEJASNET/5409537
10:03      JWL          31.0       2561544    high       16.96 https://kite.zerodha.com/markets/ext/chart/web/tvc/NSE/JWL/5177345
10:11      AURIONPRO    10.0       147175     low        22.38 https://kite.zerodha.com/markets/ext/chart/web/tvc/NSE/AURIONPRO/3077633
10:11      HINDCOPPER   18.0       5504832    high       18.49 https://kite.zerodha.com/markets/ext/chart/web/tvc/NSE/HINDCOPPER/4592385
10:12      GROWWRAIL    303.0      383899     low        23.99 https://kite.zerodha.com/markets/ext/chart/web/tvc/NSE/GROWWRAIL/7558913
10:13      DBREALTY     97.0       846337     high       15.7  https://kite.zerodha.com/markets/ext/chart/web/tvc/NSE/DBREALTY/4639745

10:16      AIIL         17.0       309578     low        27.01 https://kite.zerodha.com/markets/ext/chart/web/tvc/NSE/AIIL/6029569            NA:PNQ            NA:NE
10:20      MAITHANALL   9.0        35360      low        22.07 https://kite.zerodha.com/markets/ext/chart/web/tvc/NSE/MAITHANALL/6281729      NA:PNQ
10:40      HCC          555.0      3867847    low        21.84 https://kite.zerodha.com/markets/ext/chart/web/tvc/NSE/HCC/352001              NA:PNQ
10:41      LALPATHLAB   7          128656     low        21.78 https://kite.zerodha.com/markets/ext/chart/web/tvc/NSE/LALPATHLAB/2983425      NA:SS 
10:42      MAPMYINDIA   7.0        54982      low        24.15 https://kite.zerodha.com/markets/ext/chart/web/tvc/NSE/MAPMYINDIA/1850113      NA:SS
10:44      CARBORUNIV   12         304601     high       15.5  https://kite.zerodha.com/markets/ext/chart/web/tvc/NSE/CARBORUNIV/152321       NA:PNQ
10:51      KALYANKJIL   24.0       5611625    low        21.97 https://kite.zerodha.com/markets/ext/chart/web/tvc/NSE/KALYANKJIL/756481       NA:PNQ
10:55      MIDSMALL     222        295221     low        25.6  https://kite.zerodha.com/markets/ext/chart/web/tvc/NSE/MIDSMALL/6106881        NA:LV
10:57      REFEX        42.0       306395     low        24.58 https://kite.zerodha.com/markets/ext/chart/web/tvc/NSE/REFEX/4547585           NA:PNQ
10:59      ELGIEQUIP    23         596504     high       17.33 https://kite.zerodha.com/markets/ext/chart/web/tvc/NSE/ELGIEQUIP/239873        NA:LV 
11:02      DBCORP       38.0       89750      high       17.85 https://kite.zerodha.com/markets/ext/chart/web/tvc/NSE/DBCORP/4577537          NA:LV
11:03      GENESYS      31.0       147151     low        25.4  https://kite.zerodha.com/markets/ext/chart/web/tvc/NSE/GENESYS/2791681         NA:LV
11:04      WEBELSOLAR   129.0      221476     low        21.94 https://kite.zerodha.com/markets/ext/chart/web/tvc/NSE/WEBELSOLAR/3738113      NA:PNQ
11:12      ROSSTECH     15.0       265474     high       9.93  https://kite.zerodha.com/markets/ext/chart/web/tvc/NSE/ROSSTECH/7002369        NA:PNQ
11:16      AJMERA       64.0       119856     low        25.81 https://kite.zerodha.com/markets/ext/chart/web/tvc/NSE/AJMERA/4430593          NA:LV
11:36      GAEL         74.0       412803     low        23.01 https://kite.zerodha.com/markets/ext/chart/web/tvc/NSE/GAEL/2259969            NA:LV
12:21      INOXGREEN    62.0       727315     low        29.73 https://kite.zerodha.com/markets/ext/chart/web/tvc/NSE/INOXGREEN/3120129       NA:PNQ
12:42      INTERARCH    5.0        28159      high       18.09 https://kite.zerodha.com/markets/ext/chart/web/tvc/NSE/INTERARCH/6376705       NA:LV
12:47      PICCADIL     16.0       243989     high       10.05 https://kite.zerodha.com/markets/ext/chart/web/tvc/NSE/PICCADIL/193985025      NA:LV
13:02      SUPREMEIND   2          194003     high       10.68 https://kite.zerodha.com/markets/ext/chart/web/tvc/NSE/SUPREMEIND/860929       NA:LV
13:49      KIMS         16.0       426019     low        21.84 https://kite.zerodha.com/markets/ext/chart/web/tvc/NSE/KIMS/1240833            NA:LV

