Time       Symbol       Quantity   VolCutoff  High/Low     %UC                                  Link 
09:17      JINDALSAW    53.0       1358289    high       16.1  https://kite.zerodha.com/markets/ext/chart/web/tvc/NSE/JINDALSAW/774145        NA:PNQ 
09:18      HINDZINC     14.0       2482111    high       8.36  https://kite.zerodha.com/markets/ext/chart/web/tvc/NSE/HINDZINC/364545         NA:PNQ
09:19      CEATLTD      2.0        140723     low        22.69 https://kite.zerodha.com/markets/ext/chart/web/tvc/NSE/CEATLTD/3905025         NA:PNQ
09:19      TATSILV      333.0      6959738    high       11.03 https://kite.zerodha.com/markets/ext/chart/web/tvc/NSE/TATSILV/5485569         NA:LV
09:20      IFCI         163.0      5261213    low        21.8  https://kite.zerodha.com/markets/ext/chart/web/tvc/NSE/IFCI/381697             NA:PNQ
09:20      BAJAJELEC    21.0       81211      high       11.51 https://kite.zerodha.com/markets/ext/chart/web/tvc/NSE/BAJAJELEC/3848705       NA:PNQ
09:22      BALAMINES    7.0        43980      low        21.76 https://kite.zerodha.com/markets/ext/chart/web/tvc/NSE/BALAMINES/3712257       NA:PNQ
09:23      MMTC         147.0      898992     low        21.84 https://kite.zerodha.com/markets/ext/chart/web/tvc/NSE/MMTC/4596993            NA:PNQ
09:26      STYLEBAAZA   29.0       423810     high       17.58 https://kite.zerodha.com/markets/ext/chart/web/tvc/NSE/STYLEBAAZA/6429185      NA:PNQ
09:28      KERNEX       7.0        64184      low        21.54 https://kite.zerodha.com/markets/ext/chart/web/tvc/NSE/KERNEX/3358977          NA:PNQ
09:30      HCC          526.0      3867847    low        22.28 https://kite.zerodha.com/markets/ext/chart/web/tvc/NSE/HCC/352001              NA:PNQ
09:31      SOUTHBANK    227.0      7088111    low        22.61 https://kite.zerodha.com/markets/ext/chart/web/tvc/NSE/SOUTHBANK/1522689       NA:PNQ
09:31      SANDUMA      44.0       207220     low        22.22 https://kite.zerodha.com/markets/ext/chart/web/tvc/NSE/SANDUMA/4699905         NA:PNQ
09:31      PATELRMART   48.0       645528     high       2.93  https://kite.zerodha.com/markets/ext/chart/web/tvc/NSE/PATELRMART/194416385    NA:CTUC
09:32      BESTAGRO     416.0      114987     low        31.84 https://kite.zerodha.com/markets/ext/chart/web/tvc/NSE/BESTAGRO/590337         NA:PNQ
09:32      DREDGECORP   9.0        30442      high       17.89 https://kite.zerodha.com/markets/ext/chart/web/tvc/NSE/DREDGECORP/2885377      NA:PNQ
09:33      SELAN        22.0       41715      low        25.89 https://kite.zerodha.com/markets/ext/chart/web/tvc/NSE/SELAN/3481089           NA:PNQ
09:34      RBA          147.0      1174518    high       18.2  https://kite.zerodha.com/markets/ext/chart/web/tvc/NSE/RBA/382465              NA:PNQ
09:35      HINDCOPPER   18.0       5504832    low        21.86 https://kite.zerodha.com/markets/ext/chart/web/tvc/NSE/HINDCOPPER/4592385      NA:PNQ
09:37      AWHCL        19.0       67215      low        23.7  https://kite.zerodha.com/markets/ext/chart/web/tvc/NSE/AWHCL/460033            NA:PNQ
09:37      NETWEB       3.0        500000     low        24.78 https://kite.zerodha.com/markets/ext/chart/web/tvc/NSE/NETWEB/4462849          NA:PNQ
09:38      BALUFORGE    23.0       172317     low        23.98 https://kite.zerodha.com/markets/ext/chart/web/tvc/NSE/BALUFORGE/6043393       NA:PNQ
09:38      ABFRL        149.0      12316418   low        29.99 https://kite.zerodha.com/markets/ext/chart/web/tvc/NSE/ABFRL/7707649           NA:SS
09:40      TIPSMUSIC    18.0       201078     high       13.92 https://kite.zerodha.com/markets/ext/chart/web/tvc/NSE/TIPSMUSIC/2333953       NA:PNQ

09:44      ROSSARI      17         58958      high       11.76 https://kite.zerodha.com/markets/ext/chart/web/tvc/NSE/ROSSARI/4968961
09:45      TARIL        39.0       1011859    low        21.94 https://kite.zerodha.com/markets/ext/chart/web/tvc/NSE/TARIL/3884545
09:45      KIRIINDUS    19.0       259710     low        21.74 https://kite.zerodha.com/markets/ext/chart/web/tvc/NSE/KIRIINDUS/4259585
09:49      SHAKTIPUMP   14.0       615247     low        25.13 https://kite.zerodha.com/markets/ext/chart/web/tvc/NSE/SHAKTIPUMP/6546945
10:00      CANFINHOME   10.0       199577     low        21.65 https://kite.zerodha.com/markets/ext/chart/web/tvc/NSE/CANFINHOME/149249
10:02      DAVANGERE    2000.0     12880241   high       18.27 https://kite.zerodha.com/markets/ext/chart/web/tvc/NSE/DAVANGERE/5579265
10:10      JKCEMENT     1          112177     high       14.78 https://kite.zerodha.com/markets/ext/chart/web/tvc/NSE/JKCEMENT/3397121
10:10      NUVAMA       6.0        134022     high       10.99 https://kite.zerodha.com/markets/ext/chart/web/tvc/NSE/NUVAMA/4792577
10:13      KPIGREEN     21.0       664076     high       17.17 https://kite.zerodha.com/markets/ext/chart/web/tvc/NSE/KPIGREEN/1307649
10:14      BIOCON       26.0       3007561    high       10.57 https://kite.zerodha.com/markets/ext/chart/web/tvc/NSE/BIOCON/2911489

10:16      UTKARSHBNK   714.0      1434809    low        22.88 https://kite.zerodha.com/markets/ext/chart/web/tvc/NSE/UTKARSHBNK/4443649     NA:LV
10:18      DEEPAKNTR    6.0        186340     high       15.15 https://kite.zerodha.com/markets/ext/chart/web/tvc/NSE/DEEPAKNTR/5105409      NA:PNQ
10:22      MAITHANALL   9.0        35360      low        24.63 https://kite.zerodha.com/markets/ext/chart/web/tvc/NSE/MAITHANALL/6281729     NA:PNQ
10:27      JYOTICNC     11.0       251895     low        25.35 https://kite.zerodha.com/markets/ext/chart/web/tvc/NSE/JYOTICNC/5461505       NA:PNQ         
10:36      KOTAKBANK    23.0       3474018    high       9.14  https://kite.zerodha.com/markets/ext/chart/web/tvc/NSE/KOTAKBANK/492033       NA:SS
11:03      WEBELSOLAR   125.0      221476     low        23.09 https://kite.zerodha.com/markets/ext/chart/web/tvc/NSE/WEBELSOLAR/3738113     NA:PNQ         study
11:25      SCHNEIDER    16.0       114722     low        23.61 https://kite.zerodha.com/markets/ext/chart/web/tvc/NSE/SCHNEIDER/7995905      NA:PNQ         
12:05      INFOBEAN     11.0       201052     high       14.37 https://kite.zerodha.com/markets/ext/chart/web/tvc/NSE/INFOBEAN/2822913       NA:PNQ
12:05      MOREALTY     123.0      332373     low        26.34 https://kite.zerodha.com/markets/ext/chart/web/tvc/NSE/MOREALTY/5935105       NA:LV
12:25      BHARATWIRE   60         184079     low        25.28 https://kite.zerodha.com/markets/ext/chart/web/tvc/NSE/BHARATWIRE/4127489     NA:LV
12:28      MANAKCOAT    74.0       281770     high       17.44 https://kite.zerodha.com/markets/ext/chart/web/tvc/NSE/MANAKCOAT/1897729      NA:LV
12:32      NOCIL        76.0       313480     low        21.91 https://kite.zerodha.com/markets/ext/chart/web/tvc/NSE/NOCIL/625153           NA:LV
12:42      THANGAMAYL   2.0        40873      high       6.71  https://kite.zerodha.com/markets/ext/chart/web/tvc/NSE/THANGAMAYL/4638209     NA:LV
12:43      DATAPATTNS   4.0        284369     low        30.43 https://kite.zerodha.com/markets/ext/chart/web/tvc/NSE/DATAPATTNS/1883649     NA:PNQ
12:55      ORCHPHARMA   14.0       73229      low        23.07 https://kite.zerodha.com/markets/ext/chart/web/tvc/NSE/ORCHPHARMA/237057      NA:LV 
13:02      ONEPOINT     178.0      418933     low        22.77 https://kite.zerodha.com/markets/ext/chart/web/tvc/NSE/ONEPOINT/2544385       NA:LV
13:32      TATACONSUM   8.0        1139144    high       8.19  https://kite.zerodha.com/markets/ext/chart/web/tvc/NSE/TATACONSUM/878593      NA:PNQ
13:47      SENORES      13         574055     low        27.25 https://kite.zerodha.com/markets/ext/chart/web/tvc/NSE/SENORES/7395329        NA:LV
