Time       Symbol       Quantity   VolCutoff  High/Low     %UC                              Link 
09:17      CHEMPLASTS   37.0       85644      low        25.02 https://kite.zerodha.com/markets/ext/chart/web/tvc/NSE/CHEMPLASTS/1394945       NA:PNQ
09:17      POLYCAB      1          239933     high       11.19 https://kite.zerodha.com/markets/ext/chart/web/tvc/NSE/POLYCAB/2455041          NA:PNQ
09:17      MAHABANK     147.0      6507294    high       15.78 https://kite.zerodha.com/markets/ext/chart/web/tvc/NSE/MAHABANK/2912513         NA:NE
09:17      BALAMINES    8.0        43980      low        22.28 https://kite.zerodha.com/markets/ext/chart/web/tvc/NSE/BALAMINES/3712257        NA:PNQ
09:17      KIRIINDUS    18.0       259710     low        21.81 https://kite.zerodha.com/markets/ext/chart/web/tvc/NSE/KIRIINDUS/4259585        NA:PNQ 
09:17      MMTC         149.0      898992     high       14.38 https://kite.zerodha.com/markets/ext/chart/web/tvc/NSE/MMTC/4596993             NA:PNQ
09:19      PURVA        39.0       298126     high       9.75  https://kite.zerodha.com/markets/ext/chart/web/tvc/NSE/PURVA/3820033            long:profit
09:20      TATAELXSI    1.0        140748     high       11.62 https://kite.zerodha.com/markets/ext/chart/web/tvc/NSE/TATAELXSI/873217         NA:PNQ
09:22      BALUFORGE    21.0       172317     high       18.21 https://kite.zerodha.com/markets/ext/chart/web/tvc/NSE/BALUFORGE/6043393        NA:PNQ
09:24      ORIENTTECH   26.0       231857     high       8.88  https://kite.zerodha.com/markets/ext/chart/web/tvc/NSE/ORIENTTECH/6390017       NA:PNQ
09:25      SANDUMA      42.0       207220     high       18.45 https://kite.zerodha.com/markets/ext/chart/web/tvc/NSE/SANDUMA/4699905          NA:PNQ
09:26      IFCI         175.0      5261213    low        21.57 https://kite.zerodha.com/markets/ext/chart/web/tvc/NSE/IFCI/381697              NA:PNQ
09:27      MAITHANALL   9.0        35360      high       17.87 https://kite.zerodha.com/markets/ext/chart/web/tvc/NSE/MAITHANALL/6281729       NA:PNQ
09:28      HINDCOPPER   17.0       5504832    high       17.08 https://kite.zerodha.com/markets/ext/chart/web/tvc/NSE/HINDCOPPER/4592385       NA:PNQ
09:30      MCX          4          476918     high       8.71  https://kite.zerodha.com/markets/ext/chart/web/tvc/NSE/MCX/7982337              long:profit
09:33      OIL          21.0       1817949    high       7.41  https://kite.zerodha.com/markets/ext/chart/web/tvc/NSE/OIL/4464129              ---- 
09:34      BLS          31.0       1762530    high       13.76 https://kite.zerodha.com/markets/ext/chart/web/tvc/NSE/BLS/4423425              NA:PNQ
09:35      HINDZINC     15.0       2482111    high       7.06  https://kite.zerodha.com/markets/ext/chart/web/tvc/NSE/HINDZINC/364545          NA:PNQ
09:35      GARUDA       53.0       3154972    low        25.1  https://kite.zerodha.com/markets/ext/chart/web/tvc/NSE/GARUDA/6604801           NA:PNQ
09:36      NEOGEN       7.0        43242      high       18.44 https://kite.zerodha.com/markets/ext/chart/web/tvc/NSE/NEOGEN/2538753           NA:LV
09:37      NITCO        106.0      237420     high       7.43  https://kite.zerodha.com/markets/ext/chart/web/tvc/NSE/NITCO/3404801            NA:LV
09:39      CAMS         13.0       340743     high       6.9   https://kite.zerodha.com/markets/ext/chart/web/tvc/NSE/CAMS/87553               NA:PNQ

09:41      DREDGECORP   8.0        30442      high       18.45 https://kite.zerodha.com/markets/ext/chart/web/tvc/NSE/DREDGECORP/2885377
09:42      OMAXE        128.0      417809     low        26.82 https://kite.zerodha.com/markets/ext/chart/web/tvc/NSE/OMAXE/3802369
09:44      MIDHANI      27         415436     high       15.39 https://kite.zerodha.com/markets/ext/chart/web/tvc/NSE/MIDHANI/630529
09:44      CIFL         270.0      245247     high       7.94  https://kite.zerodha.com/markets/ext/chart/web/tvc/NSE/CIFL/193539841
09:47      WAAREERTL    9.0        406062     low        21.68 https://kite.zerodha.com/markets/ext/chart/web/tvc/NSE/WAAREERTL/193545729
09:48      KERNEX       8.0        64184      high       16.55 https://kite.zerodha.com/markets/ext/chart/web/tvc/NSE/KERNEX/3358977
09:49      ONGC         40.0       8012362    high       8.24  https://kite.zerodha.com/markets/ext/chart/web/tvc/NSE/ONGC/633601
09:49      DAVANGERE    2500.0     12880241   high       18.38 https://kite.zerodha.com/markets/ext/chart/web/tvc/NSE/DAVANGERE/5579265
09:52      TFCILTD      151.0      7705614    high       12.91 https://kite.zerodha.com/markets/ext/chart/web/tvc/NSE/TFCILTD/887297
09:53      NAVKARCORP   92.0       818278     low        23.87 https://kite.zerodha.com/markets/ext/chart/web/tvc/NSE/NAVKARCORP/2702593
09:53      GOLDBEES     84.0       16887903   high       18.3  https://kite.zerodha.com/markets/ext/chart/web/tvc/NSE/GOLDBEES/3693569
09:53      GODIGIT      29.0       945549     low        21.75 https://kite.zerodha.com/markets/ext/chart/web/tvc/NSE/GODIGIT/6092545
09:53      KMEW         5.0        84735      high       15.4  https://kite.zerodha.com/markets/ext/chart/web/tvc/NSE/KMEW/6933505
09:54      VEDL         15.0       7832775    high       6.33  https://kite.zerodha.com/markets/ext/chart/web/tvc/NSE/VEDL/784129
09:58      COALINDIA    22.0       5433040    high       7.24  https://kite.zerodha.com/markets/ext/chart/web/tvc/NSE/COALINDIA/5215745
10:03      NATIONALUM   27.0       7394876    high       7.14  https://kite.zerodha.com/markets/ext/chart/web/tvc/NSE/NATIONALUM/1629185
10:03      DIXON        0          274316     high       7.81  https://kite.zerodha.com/markets/ext/chart/web/tvc/NSE/DIXON/5552641
10:08      GRAPHITE     15         666474     high       13.61 https://kite.zerodha.com/markets/ext/chart/web/tvc/NSE/GRAPHITE/151553
10:08      HEG          17.0       1969049    high       13.84 https://kite.zerodha.com/markets/ext/chart/web/tvc/NSE/HEG/342017
10:11      TARIL        37.0       1011859    low        21.63 https://kite.zerodha.com/markets/ext/chart/web/tvc/NSE/TARIL/3884545

10:19      JTLIND       147.0      2488905    high       18.44 https://kite.zerodha.com/markets/ext/chart/web/tvc/NSE/JTLIND/1865473        NA:PNQ
10:32      HEXT         13         794964     low        23.63 https://kite.zerodha.com/markets/ext/chart/web/tvc/NSE/HEXT/7594497          NA:SS
10:36      SELAN        25.0       41715      high       11.37 https://kite.zerodha.com/markets/ext/chart/web/tvc/NSE/SELAN/3481089         NA:LV
10:50      SOUTHBANK    238.0      7088111    high       15.07 https://kite.zerodha.com/markets/ext/chart/web/tvc/NSE/SOUTHBANK/1522689     NA:LV 
10:52      MANAKALUCO   188.0      230546     high       1.5   https://kite.zerodha.com/markets/ext/chart/web/tvc/NSE/MANAKALUCO/1899521    NA:LV   
10:55      AAVAS        6.0        205087     high       18.49 https://kite.zerodha.com/markets/ext/chart/web/tvc/NSE/AAVAS/1378561         NA:LV 
11:02      FEDFINA      58.0       1288822    high       13.91 https://kite.zerodha.com/markets/ext/chart/web/tvc/NSE/FEDFINA/5202433       NA:LV 
11:13      WEBELSOLAR   119.0      221476     low        22.15 https://kite.zerodha.com/markets/ext/chart/web/tvc/NSE/WEBELSOLAR/3738113    NA:LV 
11:24      PATELENG     370.0      2651738    high       15.13 https://kite.zerodha.com/markets/ext/chart/web/tvc/NSE/PATELENG/2994945      NA:LV 
11:32      SANSERA      5.0        87370      low        22.14 https://kite.zerodha.com/markets/ext/chart/web/tvc/NSE/SANSERA/1472257       NA:LV 
11:36      JWL          31.0       2561544    high       11.34 https://kite.zerodha.com/markets/ext/chart/web/tvc/NSE/JWL/5177345           NA:PNQ
11:39      DRREDDY      8          1459243    high       10.4  https://kite.zerodha.com/markets/ext/chart/web/tvc/NSE/DRREDDY/225537        NA:SS 
11:45      ALKYLAMINE   6.0        39051      high       18.13 https://kite.zerodha.com/markets/ext/chart/web/tvc/NSE/ALKYLAMINE/1148673    NA:PNQ
11:50      ROSSTECH     15.0       265474     high       6.4   https://kite.zerodha.com/markets/ext/chart/web/tvc/NSE/ROSSTECH/7002369      NA:PNQ
11:54      MRPL         65.0       3507707    high       14.99 https://kite.zerodha.com/markets/ext/chart/web/tvc/NSE/MRPL/584449           NA:PNQ
12:09      AJMERA       50         119856     high       9.75  https://kite.zerodha.com/markets/ext/chart/web/tvc/NSE/AJMERA/4430593        NA:PNQ
12:30      INDIAMART    4.0        91510      low        22.43 https://kite.zerodha.com/markets/ext/chart/web/tvc/NSE/INDIAMART/2745857     NA:LV 
12:55      MANBA        74.0       69780      low        22.38 https://kite.zerodha.com/markets/ext/chart/web/tvc/NSE/MANBA/6552833         NA:LV
12:56      IOB          277.0      5805869    high       16.56 https://kite.zerodha.com/markets/ext/chart/web/tvc/NSE/IOB/2393089           NA:PNQ
12:57      UNIONBANK    58.0       10075624   high       7.08  https://kite.zerodha.com/markets/ext/chart/web/tvc/NSE/UNIONBANK/2752769     long:profit
13:00      BBOX         19.0       124047     high       10.42 https://kite.zerodha.com/markets/ext/chart/web/tvc/NSE/BBOX/879361           NA:LV
13:01      RKSWAMY      89         39545      high       16.77 https://kite.zerodha.com/markets/ext/chart/web/tvc/NSE/RKSWAMY/5899009       NA:LV
13:03      XPROINDIA    10.0       32698      high       11.09 https://kite.zerodha.com/markets/ext/chart/web/tvc/NSE/XPROINDIA/2920193     NA:LV
13:31      BANKINDIA    65.0       5771713    high       7.33  https://kite.zerodha.com/markets/ext/chart/web/tvc/NSE/BANKINDIA/1214721     NA:PNQ
13:43      ARISINFRA    76         638251     high       4.93  https://kite.zerodha.com/markets/ext/chart/web/tvc/NSE/ARISINFRA/193949185   NA:LV
13:59      QUADFUTURE   30.0       713072     high       12.11 https://kite.zerodha.com/markets/ext/chart/web/tvc/NSE/QUADFUTURE/7446273    NA:LV

