Time       Symbol       Quantity   VolCutoff  High/Low     %UC                              Link 
09:17      IFCI         172.0      5261213    high       16.34 https://kite.zerodha.com/markets/ext/chart/web/tvc/NSE/IFCI/381697              NA:PNQ
09:17      TATSILV      400.0      6959738    high       13.47 https://kite.zerodha.com/markets/ext/chart/web/tvc/NSE/TATSILV/5485569          NA:LV
09:17      BALUFORGE    21.0       172317     high       14.04 https://kite.zerodha.com/markets/ext/chart/web/tvc/NSE/BALUFORGE/6043393        NA:PNQ
09:17      ORIENTTECH   26.0       231857     high       9.72  https://kite.zerodha.com/markets/ext/chart/web/tvc/NSE/ORIENTTECH/6390017       NA:PNQ
09:18      HCC          526.0      3867847    high       15.65 https://kite.zerodha.com/markets/ext/chart/web/tvc/NSE/HCC/352001               NA:PNQ
09:19      MAITHANALL   9          35360      low        23.08 https://kite.zerodha.com/markets/ext/chart/web/tvc/NSE/MAITHANALL/6281729       NA:PNQ 
09:20      ANANDRATHI   3.0        139390     high       18.45 https://kite.zerodha.com/markets/ext/chart/web/tvc/NSE/ANANDRATHI/1829121       NA:PS
09:21      WEBELSOLAR   114.0      221476     high       16.65 https://kite.zerodha.com/markets/ext/chart/web/tvc/NSE/WEBELSOLAR/3738113       NA:PNQ
09:22      SANDUMA      42.0       207220     high       17.7  https://kite.zerodha.com/markets/ext/chart/web/tvc/NSE/SANDUMA/4699905          NA:PNQ
09:23      DAVANGERE    2500.0     12880241   high       16.17 https://kite.zerodha.com/markets/ext/chart/web/tvc/NSE/DAVANGERE/5579265        NA:PNQ
09:24      ITI          31.0       973395     high       12.87 https://kite.zerodha.com/markets/ext/chart/web/tvc/NSE/ITI/428801               NA:PS 
09:24      TEJASNET     25.0       978254     high       15.47 https://kite.zerodha.com/markets/ext/chart/web/tvc/NSE/TEJASNET/5409537         NA:PNQ
09:25      TARIL        36.0       1011859    high       17.26 https://kite.zerodha.com/markets/ext/chart/web/tvc/NSE/TARIL/3884545            NA:PNQ
09:25      MCX          4          476918     high       7.43  https://kite.zerodha.com/markets/ext/chart/web/tvc/NSE/MCX/7982337              NA:LV
09:32      BESTAGRO     21.0       114987     high       15.74 https://kite.zerodha.com/markets/ext/chart/web/tvc/NSE/BESTAGRO/590337          NA:NE
09:32      ELECON       24.0       442442     low        21.73 https://kite.zerodha.com/markets/ext/chart/web/tvc/NSE/ELECON/3492609           NA:PNQ
09:35      MAHABANK     153.0      6507294    high       18.25 https://kite.zerodha.com/markets/ext/chart/web/tvc/NSE/MAHABANK/2912513         NA:PNQ
09:40      JTLIND       166.0      2488905    low        24.2  https://kite.zerodha.com/markets/ext/chart/web/tvc/NSE/JTLIND/1865473           NA:PNQ

09:45      BALAMINES    8.0        43980      high       17.26 https://kite.zerodha.com/markets/ext/chart/web/tvc/NSE/BALAMINES/3712257
09:45      RAJRATAN     19.0       98951      high       15.17 https://kite.zerodha.com/markets/ext/chart/web/tvc/NSE/RAJRATAN/4854273
09:47      HINDCOPPER   17.0       5504832    high       18.32 https://kite.zerodha.com/markets/ext/chart/web/tvc/NSE/HINDCOPPER/4592385
09:48      REFEX        40.0       306395     high       16.12 https://kite.zerodha.com/markets/ext/chart/web/tvc/NSE/REFEX/4547585
09:49      UNIMECH      10.0       47244      high       2.68  https://kite.zerodha.com/markets/ext/chart/web/tvc/NSE/UNIMECH/7413761
09:50      MRPL         68.0       3507707    high       14.98 https://kite.zerodha.com/markets/ext/chart/web/tvc/NSE/MRPL/584449
09:52      DREDGECORP   9.0        30442      high       16.98 https://kite.zerodha.com/markets/ext/chart/web/tvc/NSE/DREDGECORP/2885377
09:53      HINDZINC     15.0       2482111    high       8.71  https://kite.zerodha.com/markets/ext/chart/web/tvc/NSE/HINDZINC/364545
09:54      KMEW         5.0        84735      high       12.15 https://kite.zerodha.com/markets/ext/chart/web/tvc/NSE/KMEW/6933505
10:01      AIIL         15.0       309578     high       14.63 https://kite.zerodha.com/markets/ext/chart/web/tvc/NSE/AIIL/6029569
10:04      ALKYLAMINE   6.0        39051      high       16.5  https://kite.zerodha.com/markets/ext/chart/web/tvc/NSE/ALKYLAMINE/1148673
10:05      GARUDA       54.0       3154972    high       9.47  https://kite.zerodha.com/markets/ext/chart/web/tvc/NSE/GARUDA/6604801
10:06      CUPID        22.0       4993749    high       16.65 https://kite.zerodha.com/markets/ext/chart/web/tvc/NSE/CUPID/4741121
10:07      GPPL         52.0       1460010    high       15.73 https://kite.zerodha.com/markets/ext/chart/web/tvc/NSE/GPPL/5051137
10:14      RATNAVEER    65.0       341304     high       13.41 https://kite.zerodha.com/markets/ext/chart/web/tvc/NSE/RATNAVEER/4716289
10:14      BANSALWIRE   32.0       87479      high       8.24  https://kite.zerodha.com/markets/ext/chart/web/tvc/NSE/BANSALWIRE/6242817
10:14      INTERARCH    4.0        28159      low        21.85 https://kite.zerodha.com/markets/ext/chart/web/tvc/NSE/INTERARCH/6376705

10:16      OIL          22.0       1817949    high       8.03  https://kite.zerodha.com/markets/ext/chart/web/tvc/NSE/OIL/4464129             NA:SS
10:26      CHEMPLASTS   38.0       85644      high       11.21 https://kite.zerodha.com/markets/ext/chart/web/tvc/NSE/CHEMPLASTS/1394945      NA:PNQ 
10:30      FISCHER      270.0      555545     high       7.19  https://kite.zerodha.com/markets/ext/chart/web/tvc/NSE/FISCHER/193960449       NA:LV
10:40      SMCGLOBAL    117.0      76429      low        22.24 https://kite.zerodha.com/markets/ext/chart/web/tvc/NSE/SMCGLOBAL/593921        NA:LV
10:40      GRMOVER      57.0       747642     high       16.84 https://kite.zerodha.com/markets/ext/chart/web/tvc/NSE/GRMOVER/2782977         NA:LV 
10:54      NEOGEN       7.0        43242      high       16.76 https://kite.zerodha.com/markets/ext/chart/web/tvc/NSE/NEOGEN/2538753          NA:PNQ
11:02      RELTD        65.0       135700     high       17.19 https://kite.zerodha.com/markets/ext/chart/web/tvc/NSE/RELTD/6296577           NA:LV
11:14      KIRIINDUS    19.0       259710     high       16.6  https://kite.zerodha.com/markets/ext/chart/web/tvc/NSE/KIRIINDUS/4259585       NA:PNQ
11:34      GANDHAR      63.0       148507     high       14.97 https://kite.zerodha.com/markets/ext/chart/web/tvc/NSE/GANDHAR/5197569         NA:PNQ
11:36      MANAKALUCO   217.0      230546     high       6.25  https://kite.zerodha.com/markets/ext/chart/web/tvc/NSE/MANAKALUCO/1899521      NA:PNQ
11:46      OILCOUNTUB   158.0      29181      high       0.37  https://kite.zerodha.com/markets/ext/chart/web/tvc/NSE/OILCOUNTUB/632833       NA:PNQ
11:49      PREMIERPOL   204.0      90055      high       0.0   https://kite.zerodha.com/markets/ext/chart/web/tvc/NSE/PREMIERPOL/1000449      NA:LV
11:51      OMAXE        125.0      417809     high       8.94  https://kite.zerodha.com/markets/ext/chart/web/tvc/NSE/OMAXE/3802369           NA:PNQ
12:06      MOGSEC       158.0      36674      high       4.93  https://kite.zerodha.com/markets/ext/chart/web/tvc/NSE/MOGSEC/385793           NA:LV
12:28      ORIENTHOT    80.0       257642     high       9.54  https://kite.zerodha.com/markets/ext/chart/web/tvc/NSE/ORIENTHOT/638209        NA:LV
13:32      ICICIPRULI   14.0       888440     high       7.44  https://kite.zerodha.com/markets/ext/chart/web/tvc/NSE/ICICIPRULI/4774913      NA:PS
13:45      INOXWIND     86.0       6524038    high       8.28  https://kite.zerodha.com/markets/ext/chart/web/tvc/NSE/INOXWIND/2010113        NA:PNQ
13:47      SKFINDIA     5.0        33652      high       17.18 https://kite.zerodha.com/markets/ext/chart/web/tvc/NSE/SKFINDIA/815617         NA:PNQ
14:17      GMRP&UI      93.0       1890173    low        24.27 https://kite.zerodha.com/markets/ext/chart/web/tvc/NSE/GMRP&UI/2183425         NA:PNQ
