Time       Symbol       Quantity   VolCutoff  High/Low     %UC                              Link 
09:17      BESTAGRO     357.0      114987     low        27.19 https://kite.zerodha.com/markets/ext/chart/web/tvc/NSE/BESTAGRO/590337       NA:PNQ
09:17      SELAN        20         41715      low        22.23 https://kite.zerodha.com/markets/ext/chart/web/tvc/NSE/SELAN/3481089         NA:PNQ            NA:PS
09:17      NETWEB       2.0        500000     high       7.44  https://kite.zerodha.com/markets/ext/chart/web/tvc/NSE/NETWEB/4462849        NA:PNQ
09:17      MMTC         140.0      898992     high       17.12 https://kite.zerodha.com/markets/ext/chart/web/tvc/NSE/MMTC/4596993          NA:PNQ
09:18      AWHCL        18.0       67215      low        25.9  https://kite.zerodha.com/markets/ext/chart/web/tvc/NSE/AWHCL/460033          NA:PNQ
09:18      SMCGLOBAL    116.0      76429      high       16.0  https://kite.zerodha.com/markets/ext/chart/web/tvc/NSE/SMCGLOBAL/593921      NA:LV 
09:18      MANAKALUCO   158.0      230546     high       3.12  https://kite.zerodha.com/markets/ext/chart/web/tvc/NSE/MANAKALUCO/1899521    NA:LV
09:18      STYLEBAAZA   33.0       423810     high       16.39 https://kite.zerodha.com/markets/ext/chart/web/tvc/NSE/STYLEBAAZA/6429185    NA:PL
09:19      BAJAJHCARE   23.0       131053     high       12.84 https://kite.zerodha.com/markets/ext/chart/web/tvc/NSE/BAJAJHCARE/1756929    NA:PNQ
09:19      TATATECH     14.0       780495     high       6.17  https://kite.zerodha.com/markets/ext/chart/web/tvc/NSE/TATATECH/5195009      NA:PNQ
09:20      JINDALSAW    59.0       1358289    high       10.68 https://kite.zerodha.com/markets/ext/chart/web/tvc/NSE/JINDALSAW/774145      NA:PNQ
09:24      WALCHANNAG   64.0       115596     low        23.26 https://kite.zerodha.com/markets/ext/chart/web/tvc/NSE/WALCHANNAG/956417     NA:PNQ             short:----
09:25      TECHM        5.0        1539502    high       6.42  https://kite.zerodha.com/markets/ext/chart/web/tvc/NSE/TECHM/3465729         NA:PNQ
09:28      IFCI         158.0      5261213    high       15.78 https://kite.zerodha.com/markets/ext/chart/web/tvc/NSE/IFCI/381697           NA:PNQ
09:28      VPRPL        212.0      1206246    high       17.37 https://kite.zerodha.com/markets/ext/chart/web/tvc/NSE/VPRPL/4695297         NA:PNQ  
09:29      HCC          500.0      3867847    low        21.82 https://kite.zerodha.com/markets/ext/chart/web/tvc/NSE/HCC/352001            NA:LV
09:29      HINDZINC     15.0       2482111    high       6.94  https://kite.zerodha.com/markets/ext/chart/web/tvc/NSE/HINDZINC/364545       NA:PNQ
09:29      BALAMINES    7          43980      low        22.11 https://kite.zerodha.com/markets/ext/chart/web/tvc/NSE/BALAMINES/3712257     NA:PNQ
09:30      AGIIL        35.0       104124     low        21.77 https://kite.zerodha.com/markets/ext/chart/web/tvc/NSE/AGIIL/6257921         NA:LV
09:32      JTLIND       142.0      2488905    low        24.54 https://kite.zerodha.com/markets/ext/chart/web/tvc/NSE/JTLIND/1865473        NA:PNQ
09:32      SANDUMA      44.0       207220     low        22.22 https://kite.zerodha.com/markets/ext/chart/web/tvc/NSE/SANDUMA/4699905       NA:PNQ
09:33      SOUTHBANK    222.0      7088111    high       18.45 https://kite.zerodha.com/markets/ext/chart/web/tvc/NSE/SOUTHBANK/1522689     NA:PNQ
09:35      JSWINFRA     36.0       1372138    high       4.79  https://kite.zerodha.com/markets/ext/chart/web/tvc/NSE/JSWINFRA/4869121      NA:PNQ
09:38      BANKINDIA    62.0       5771713    high       8.24  https://kite.zerodha.com/markets/ext/chart/web/tvc/NSE/BANKINDIA/1214721     long:profit
09:40      PNBGILTS     116.0      1562106    high       12.86 https://kite.zerodha.com/markets/ext/chart/web/tvc/NSE/PNBGILTS/2236417      NA:LV

09:42      KERNEX       7.0        64184      low        22.03 https://kite.zerodha.com/markets/ext/chart/web/tvc/NSE/KERNEX/3358977
09:45      POLYCAB      1.0        239933     high       7.64  https://kite.zerodha.com/markets/ext/chart/web/tvc/NSE/POLYCAB/2455041
09:45      MCX          4          476918     high       9.17  https://kite.zerodha.com/markets/ext/chart/web/tvc/NSE/MCX/7982337
09:47      IDBI         100.0      7460508    low        25.84 https://kite.zerodha.com/markets/ext/chart/web/tvc/NSE/IDBI/377857
09:48      UTKARSHBNK   666.0      1434809    high       15.74 https://kite.zerodha.com/markets/ext/chart/web/tvc/NSE/UTKARSHBNK/4443649
09:48      INNOVACAP    13.0       41369      high       10.36 https://kite.zerodha.com/markets/ext/chart/web/tvc/NSE/INNOVACAP/5391873
09:50      BECTORFOOD   45.0       106810     low        25.39 https://kite.zerodha.com/markets/ext/chart/web/tvc/NSE/BECTORFOOD/416769
09:51      FEDERALBNK   36         6775989    high       8.88  https://kite.zerodha.com/markets/ext/chart/web/tvc/NSE/FEDERALBNK/261889
09:51      BALUFORGE    22         172317     low        22.52 https://kite.zerodha.com/markets/ext/chart/web/tvc/NSE/BALUFORGE/6043393
09:57      WEBELSOLAR   121.0      221476     low        21.88 https://kite.zerodha.com/markets/ext/chart/web/tvc/NSE/WEBELSOLAR/3738113
09:59      SUYOG        16.0       30027      high       11.39 https://kite.zerodha.com/markets/ext/chart/web/tvc/NSE/SUYOG/6361857
10:02      PATELENG     344.0      2651738    low        21.53 https://kite.zerodha.com/markets/ext/chart/web/tvc/NSE/PATELENG/2994945
10:03      UJJIVANSFB   161.0      7779247    high       17.7  https://kite.zerodha.com/markets/ext/chart/web/tvc/NSE/UJJIVANSFB/3898369
10:04      HINDCOPPER   17.0       5504832    low        21.6  https://kite.zerodha.com/markets/ext/chart/web/tvc/NSE/HINDCOPPER/4592385
10:06      SEQUENT      49.0       602716     high       15.52 https://kite.zerodha.com/markets/ext/chart/web/tvc/NSE/SEQUENT/3659777
10:13      WIPRO        39.0       8034469    high       17.73 https://kite.zerodha.com/markets/ext/chart/web/tvc/NSE/WIPRO/969473

10:15      CGPOWER      16.0       3848183    high       2.76  https://kite.zerodha.com/markets/ext/chart/web/tvc/NSE/CGPOWER/194561       NA:PNQ
10:15      IMAGICAA     185.0      580724     high       11.95 https://kite.zerodha.com/markets/ext/chart/web/tvc/NSE/IMAGICAA/1964033     NA:LV
10:17      REFEX        40.0       306395     high       16.13 https://kite.zerodha.com/markets/ext/chart/web/tvc/NSE/REFEX/4547585        NA:LV
10:18      WELCORP      12.0       490968     high       14.4  https://kite.zerodha.com/markets/ext/chart/web/tvc/NSE/WELCORP/3026177      NA:PNQ
10:32      DREDGECORP   8.0        30442      low        21.62 https://kite.zerodha.com/markets/ext/chart/web/tvc/NSE/DREDGECORP/2885377   NA:PNQ
11:31      ONEPOINT     172.0      418933     high       14.91 https://kite.zerodha.com/markets/ext/chart/web/tvc/NSE/ONEPOINT/2544385     NA:LV
11:48      MOREALTY     119.0      332373     low        21.96 https://kite.zerodha.com/markets/ext/chart/web/tvc/NSE/MOREALTY/5935105     NA:LV
12:21      HATSUN       10.0       80475      low        22.05 https://kite.zerodha.com/markets/ext/chart/web/tvc/NSE/HATSUN/996353        NA:LV 
12:28      KOTAKBANK    23.0       3474018    high       7.35  https://kite.zerodha.com/markets/ext/chart/web/tvc/NSE/KOTAKBANK/492033     NA:PNQ
12:36      KRYSTAL      15         25960      high       18.29 https://kite.zerodha.com/markets/ext/chart/web/tvc/NSE/KRYSTAL/5932801      NA:LV
12:39      MOGSEC       158.0      36674      high       4.97  https://kite.zerodha.com/markets/ext/chart/web/tvc/NSE/MOGSEC/385793        NA:LV
13:45      TIPSMUSIC    18         201078     high       17.77 https://kite.zerodha.com/markets/ext/chart/web/tvc/NSE/TIPSMUSIC/2333953    NA:LV
13:50      MUFIN        82         317794     high       17.72 https://kite.zerodha.com/markets/ext/chart/web/tvc/NSE/MUFIN/5064449        NA:LV
13:55      MONTECARLO   16         28575      low        22.88 https://kite.zerodha.com/markets/ext/chart/web/tvc/NSE/MONTECARLO/1520129   NA:LV
