Time       Symbol       Quantity   VolCutoff  High/Low     %UC                              Link 
09:17      WALCHANNAG   54.0       115596     high       13.38 https://kite.zerodha.com/markets/ext/chart/web/tvc/NSE/WALCHANNAG/956417       long:profit(SAD)
09:17      GOLDBEES     71.0       16887903   high       17.62 https://kite.zerodha.com/markets/ext/chart/web/tvc/NSE/GOLDBEES/3693569        NA:PNQ
09:17      SANDUMA      44.0       207220     low        23.19 https://kite.zerodha.com/markets/ext/chart/web/tvc/NSE/SANDUMA/4699905         NA:PNQ
09:22      AWHCL        16.0       67215      high       8.84  https://kite.zerodha.com/markets/ext/chart/web/tvc/NSE/AWHCL/460033            NA:PNQ    
09:22      MTARTECH     3.0        226400     high       16.76 https://kite.zerodha.com/markets/ext/chart/web/tvc/NSE/MTARTECH/693505         long:profit(SAD)
09:22      SYRMA        13.0       1523123    high       14.72 https://kite.zerodha.com/markets/ext/chart/web/tvc/NSE/SYRMA/2763009           long:profit(SAD)
09:22      DIXON        0          274316     high       8.33  https://kite.zerodha.com/markets/ext/chart/web/tvc/NSE/DIXON/5552641           NA
09:23      AUROPHARMA   8          1410837    high       4.77  https://kite.zerodha.com/markets/ext/chart/web/tvc/NSE/AUROPHARMA/70401        NA:PNQ
09:26      GILLETTE     1          26038      high       16.48 https://kite.zerodha.com/markets/ext/chart/web/tvc/NSE/GILLETTE/403457         long:profit
09:27      GESHIP       7.0        258050     high       12.59 https://kite.zerodha.com/markets/ext/chart/web/tvc/NSE/GESHIP/3526657          NA:PNQ
09:29      METAL        833.0      1047927    low        21.89 https://kite.zerodha.com/markets/ext/chart/web/tvc/NSE/METAL/6590465           NA:LV
09:30      RAIN         63.0       2111840    low        25.75 https://kite.zerodha.com/markets/ext/chart/web/tvc/NSE/RAIN/3926273            NA:PNQ
09:30      MMTC         149.0      898992     low        24.5  https://kite.zerodha.com/markets/ext/chart/web/tvc/NSE/MMTC/4596993            NA:PNQ
09:30      AGIIL        38.0       104124     low        21.89 https://kite.zerodha.com/markets/ext/chart/web/tvc/NSE/AGIIL/6257921           NA:LV
09:32      AEROFLEX     56.0       1190414    low        23.78 https://kite.zerodha.com/markets/ext/chart/web/tvc/NSE/AEROFLEX/4676609        NA:PNQ
09:32      RAYMONDLSL   9          243175     high       8.39  https://kite.zerodha.com/markets/ext/chart/web/tvc/NSE/RAYMONDLSL/6418689      NA:PNQ
09:33      SOUTHBANK    270.0      7088111    low        42.23 https://kite.zerodha.com/markets/ext/chart/web/tvc/NSE/SOUTHBANK/1522689       NA:PNQ
09:33      DEEPAKFERT   9.0        276030     low        31.6  https://kite.zerodha.com/markets/ext/chart/web/tvc/NSE/DEEPAKFERT/211713       NA:PNQ   
09:33      BALUFORGE    23.0       172317     high       2.74  https://kite.zerodha.com/markets/ext/chart/web/tvc/NSE/BALUFORGE/6043393       NA:CTUC
09:34      CUPID        23.0       4993749    high       11.2  https://kite.zerodha.com/markets/ext/chart/web/tvc/NSE/CUPID/4741121           NA:PNQ
09:35      RAYMONDREL   20.0       294743     high       8.12  https://kite.zerodha.com/markets/ext/chart/web/tvc/NSE/RAYMONDREL/194189057    NA:PNQ
09:37      SHARDACROP   9.0        676583     high       14.53 https://kite.zerodha.com/markets/ext/chart/web/tvc/NSE/SHARDACROP/1277953      long:loss
09:38      CREDITACC    7.0        432729     high       14.21 https://kite.zerodha.com/markets/ext/chart/web/tvc/NSE/CREDITACC/1131777       NA:PNQ 
09:39      TMB          16         67067      low        22.92 https://kite.zerodha.com/markets/ext/chart/web/tvc/NSE/TMB/2801921             NA:PNQ

09:50      OIL          19.0       1817949    high       10.17 https://kite.zerodha.com/markets/ext/chart/web/tvc/NSE/OIL/4464129 
09:51      SCI          43.0       1621266    high       16.59 https://kite.zerodha.com/markets/ext/chart/web/tvc/NSE/SCI/780289
09:58      DREDGECORP   8.0        30442      high       16.14 https://kite.zerodha.com/markets/ext/chart/web/tvc/NSE/DREDGECORP/2885377
10:01      FIVESTAR     21.0       1026452    high       15.47 https://kite.zerodha.com/markets/ext/chart/web/tvc/NSE/FIVESTAR/3080193
10:01      RPOWER       357.0      15282667   high       16.83 https://kite.zerodha.com/markets/ext/chart/web/tvc/NSE/RPOWER/3906305
10:03      SELAN        17.0       41715      high       13.02 https://kite.zerodha.com/markets/ext/chart/web/tvc/NSE/SELAN/3481089
10:10      VGUARD       28.0       269246     high       15.61 https://kite.zerodha.com/markets/ext/chart/web/tvc/NSE/VGUARD/3932673
10:11      GRSE         3.0        1117482    high       14.7  https://kite.zerodha.com/markets/ext/chart/web/tvc/NSE/GRSE/1401601
10:13      DATAPATTNS   3.0        284369     high       14.81 https://kite.zerodha.com/markets/ext/chart/web/tvc/NSE/DATAPATTNS/1883649

10:15      MAHLOG       27.0       219296     high       15.57 https://kite.zerodha.com/markets/ext/chart/web/tvc/NSE/MAHLOG/98561          NA:LV
10:15      AVALON       11.0       370788     high       8.24  https://kite.zerodha.com/markets/ext/chart/web/tvc/NSE/AVALON/3854849        NA:PNQ
10:17      KAYNES       2          570385     high       5.87  https://kite.zerodha.com/markets/ext/chart/web/tvc/NSE/KAYNES/3095553        NA:PNQ
10:21      ABINFRA      526.0      58187      high       0.73  https://kite.zerodha.com/markets/ext/chart/web/tvc/NSE/ABINFRA/6917121       NA:LV
10:22      ICICIBANK    7.0        8093569    high       11.01 https://kite.zerodha.com/markets/ext/chart/web/tvc/NSE/ICICIBANK/1270529     NA:SS
10:23      ONESOURCE    8.0        142580     high       3.1   https://kite.zerodha.com/markets/ext/chart/web/tvc/NSE/ONESOURCE/7481345     NA:PNQ
10:24      THELEELA     24.0       460946     high       7.48  https://kite.zerodha.com/markets/ext/chart/web/tvc/NSE/THELEELA/193795585    NA:LV 
10:25      RAYMOND      25         462330     high       14.45 https://kite.zerodha.com/markets/ext/chart/web/tvc/NSE/RAYMOND/731905        NA:LV 
10:25      IDEA         909.0      617517788  high       3.13  https://kite.zerodha.com/markets/ext/chart/web/tvc/NSE/IDEA/3677697          NA:PNQ
10:31      AEGISVOPAK   45.0       642839     high       11.78 https://kite.zerodha.com/markets/ext/chart/web/tvc/NSE/AEGISVOPAK/193878017  NA:PNQ
10:34      TATAINVEST   15.0       95596      high       18.0  https://kite.zerodha.com/markets/ext/chart/web/tvc/NSE/TATAINVEST/414977     NA:PNQ
10:43      RHIM         22.0       680132     high       11.48 https://kite.zerodha.com/markets/ext/chart/web/tvc/NSE/RHIM/7977729          NA:PNQ
10:46      SYMPHONY     10.0       53478      high       13.39 https://kite.zerodha.com/markets/ext/chart/web/tvc/NSE/SYMPHONY/6192641      NA:PNQ
10:51      SIGNATURE    10.0       290236     high       10.45 https://kite.zerodha.com/markets/ext/chart/web/tvc/NSE/SIGNATURE/4798209     NA:PNQ
10:52      MTNL         303.0      2148097    high       10.96 https://kite.zerodha.com/markets/ext/chart/web/tvc/NSE/MTNL/587265           NA:PNQ
10:54      TTML         222.0      772913     high       14.22 https://kite.zerodha.com/markets/ext/chart/web/tvc/NSE/TTML/2292225          NA:PNQ
10:57      STARHEALTH   20         1140734    high       13.57 https://kite.zerodha.com/markets/ext/chart/web/tvc/NSE/STARHEALTH/1813249    NA:PNQ
10:58      HCC          500.0      3867847    high       16.19 https://kite.zerodha.com/markets/ext/chart/web/tvc/NSE/HCC/352001            NA:PNQ
11:02      BAJAJELEC    24.0       81211      high       13.62 https://kite.zerodha.com/markets/ext/chart/web/tvc/NSE/BAJAJELEC/3848705     NA:PNQ
11:04      VTL          21.0       1276347    high       8.87  https://kite.zerodha.com/markets/ext/chart/web/tvc/NSE/VTL/530689            long:loss
11:15      PRIMESECU    35         85326      high       16.81 https://kite.zerodha.com/markets/ext/chart/web/tvc/NSE/PRIMESECU/3037185     NA:LV
11:16      AETHER       9.0        95906      high       17.2  https://kite.zerodha.com/markets/ext/chart/web/tvc/NSE/AETHER/2511361        NA:LV
11:18      BAJAJHFL     107.0      4712602    high       4.67  https://kite.zerodha.com/markets/ext/chart/web/tvc/NSE/BAJAJHFL/6469121      NA:LV
11:44      RAMCOSYS     20.0       43883      high       11.06 https://kite.zerodha.com/markets/ext/chart/web/tvc/NSE/RAMCOSYS/2009857      NA:LV
11:55      GRMOVER      60.0       747642     high       18.14 https://kite.zerodha.com/markets/ext/chart/web/tvc/NSE/GRMOVER/2782977       NA:LV
12:08      ONEPOINT     204.0      418933     high       17.2  https://kite.zerodha.com/markets/ext/chart/web/tvc/NSE/ONEPOINT/2544385      NA:LV
12:08      SHILPAMED    35.0       60022      high       17.59 https://kite.zerodha.com/markets/ext/chart/web/tvc/NSE/SHILPAMED/4544513     NA:LV
12:40      TDPOWERSYS   13.0       873263     high       8.57  https://kite.zerodha.com/markets/ext/chart/web/tvc/NSE/TDPOWERSYS/6445569    ----
12:58      AEGISLOG     13.0       666547     high       12.8  https://kite.zerodha.com/markets/ext/chart/web/tvc/NSE/AEGISLOG/10241        NA:SS
13:01      STAR         11         363285     high       16.79 https://kite.zerodha.com/markets/ext/chart/web/tvc/NSE/STAR/1887745          NA:PNQ
13:04      HINDZINC     15         2482111    low        21.78 https://kite.zerodha.com/markets/ext/chart/web/tvc/NSE/HINDZINC/364545       NA:PNQ
13:05      GENESYS      31.0       147151     high       13.41 https://kite.zerodha.com/markets/ext/chart/web/tvc/NSE/GENESYS/2791681       NA:LV
13:07      HINDCOPPER   14         5504832    low        32.95 https://kite.zerodha.com/markets/ext/chart/web/tvc/NSE/HINDCOPPER/4592385    NA:PNQ
13:13      LIQUIDPLUS   9.0        97992      high       4.94  https://kite.zerodha.com/markets/ext/chart/web/tvc/NSE/LIQUIDPLUS/6931201    NA:LV
13:17      MOIL         27.0       697106     low        27.66 https://kite.zerodha.com/markets/ext/chart/web/tvc/NSE/MOIL/5332481          NA:LV 
13:30      ARVIND       31.0       395773     high       13.15 https://kite.zerodha.com/markets/ext/chart/web/tvc/NSE/ARVIND/49409          NA:PNQ
13:49      MUFIN        86         317794     high       16.26 https://kite.zerodha.com/markets/ext/chart/web/tvc/NSE/MUFIN/5064449         NA:LV
13:51      SUPREMEIND   2.0        194003     high       10.57 https://kite.zerodha.com/markets/ext/chart/web/tvc/NSE/SUPREMEIND/860929     NA:LV
