Time       Symbol       Quantity   VolCutoff  High/Low     %UC                              Link 
09:16      MAFANG       54.0       257991     high       0.0   https://kite.zerodha.com/markets/ext/chart/web/tvc/NSE/MAFANG/897793
09:16      WALCHANNAG   40.0       115596     high       17.16 https://kite.zerodha.com/markets/ext/chart/web/tvc/NSE/WALCHANNAG/956417
09:16      DHANBANK     303.0      607441     high       14.55 https://kite.zerodha.com/markets/ext/chart/web/tvc/NSE/DHANBANK/2907905
09:16      CEATLTD      2.0        140723     high       8.34  https://kite.zerodha.com/markets/ext/chart/web/tvc/NSE/CEATLTD/3905025
09:16      GREENPOWER   769.0      3455972    high       14.56 https://kite.zerodha.com/markets/ext/chart/web/tvc/NSE/GREENPOWER/5148161
09:16      RAJOOENG     169        821648     low        44.22 https://kite.zerodha.com/markets/ext/chart/web/tvc/NSE/RAJOOENG/193804545
09:17      GREENPLY     34.0       147160     high       7.58  https://kite.zerodha.com/markets/ext/chart/web/tvc/NSE/GREENPLY/1020673
09:17      ROLEXRINGS   65.0       29551      high       18.32 https://kite.zerodha.com/markets/ext/chart/web/tvc/NSE/ROLEXRINGS/1351425
09:17      AGI          14.0       444086     high       17.83 https://kite.zerodha.com/markets/ext/chart/web/tvc/NSE/AGI/361473
09:17      BANDHANBNK   51.0       4769818    high       2.7   https://kite.zerodha.com/markets/ext/chart/web/tvc/NSE/BANDHANBNK/579329
09:17      AGIIL        26.0       104124     high       16.29 https://kite.zerodha.com/markets/ext/chart/web/tvc/NSE/AGIIL/6257921
09:18      GRSE         3.0        1117482    high       8.61  https://kite.zerodha.com/markets/ext/chart/web/tvc/NSE/GRSE/1401601
09:18      ARISINFRA    72.0       638251     high       13.47 https://kite.zerodha.com/markets/ext/chart/web/tvc/NSE/ARISINFRA/193949185
09:19      SCI          31.0       1621266    high       16.83 https://kite.zerodha.com/markets/ext/chart/web/tvc/NSE/SCI/780289
09:19      ADANIPOWER   44.0       4874342    high       9.66  https://kite.zerodha.com/markets/ext/chart/web/tvc/NSE/ADANIPOWER/4451329
09:20      ATGL         14.0       582982     high       17.68 https://kite.zerodha.com/markets/ext/chart/web/tvc/NSE/ATGL/1552897
09:21      COHANCE      20.0       1444503    low        22.76 https://kite.zerodha.com/markets/ext/chart/web/tvc/NSE/COHANCE/4593921
09:21      APEX         19.0       401728     high       13.07 https://kite.zerodha.com/markets/ext/chart/web/tvc/NSE/APEX/5535489
09:22      AWL          49.0       1239765    low        21.95 https://kite.zerodha.com/markets/ext/chart/web/tvc/NSE/AWL/2076161
09:22      INFOBEAN     51.0       201052     low        23.3  https://kite.zerodha.com/markets/ext/chart/web/tvc/NSE/INFOBEAN/2822913
09:22      WEBELSOLAR   77.0       221476     high       0.0   https://kite.zerodha.com/markets/ext/chart/web/tvc/NSE/WEBELSOLAR/3738113
09:22      IKIO         59.0       362028     high       6.52  https://kite.zerodha.com/markets/ext/chart/web/tvc/NSE/IKIO/4306433
09:22      CROMPTON     36.0       2020549    high       9.35  https://kite.zerodha.com/markets/ext/chart/web/tvc/NSE/CROMPTON/4376065
09:23      UNIPARTS     17.0       116282     high       14.87 https://kite.zerodha.com/markets/ext/chart/web/tvc/NSE/UNIPARTS/3342593
09:24      GUJALKALI    13.0       69397      high       5.92  https://kite.zerodha.com/markets/ext/chart/web/tvc/NSE/GUJALKALI/324353
09:24      PICCADIL     14.0       243989     low        22.08 https://kite.zerodha.com/markets/ext/chart/web/tvc/NSE/PICCADIL/193985025
09:25      DHAMPURSUG   68.0       209725     high       15.39 https://kite.zerodha.com/markets/ext/chart/web/tvc/NSE/DHAMPURSUG/219393
09:27      EMCURE       5.0        129860     high       4.24  https://kite.zerodha.com/markets/ext/chart/web/tvc/NSE/EMCURE/6245889
09:29      KTKBANK      36.0       1009435    high       17.45 https://kite.zerodha.com/markets/ext/chart/web/tvc/NSE/KTKBANK/2061825
09:29      SELAN        14.0       41715      high       1.81  https://kite.zerodha.com/markets/ext/chart/web/tvc/NSE/SELAN/3481089
09:29      IDEAFORGE    16.0       547599     high       13.62 https://kite.zerodha.com/markets/ext/chart/web/tvc/NSE/IDEAFORGE/4387841
09:29      NETWEB       2          500000     high       15.95 https://kite.zerodha.com/markets/ext/chart/web/tvc/NSE/NETWEB/4462849
09:29      EPACK        34.0       1071141    low        21.71 https://kite.zerodha.com/markets/ext/chart/web/tvc/NSE/EPACK/5750529
09:30      SERVOTECH    101.0      615125     high       15.22 https://kite.zerodha.com/markets/ext/chart/web/tvc/NSE/SERVOTECH/1409793
09:31      COCHINSHIP   5.0        1163613    high       6.34  https://kite.zerodha.com/markets/ext/chart/web/tvc/NSE/COCHINSHIP/5506049
09:31      BALUFORGE    19.0       172317     high       16.72 https://kite.zerodha.com/markets/ext/chart/web/tvc/NSE/BALUFORGE/6043393
09:32      ANDHRSUGAR   96.0       219459     high       13.44 https://kite.zerodha.com/markets/ext/chart/web/tvc/NSE/ANDHRSUGAR/34817
09:32      MCX          3          476918     high       10.08 https://kite.zerodha.com/markets/ext/chart/web/tvc/NSE/MCX/7982337
09:33      ROSSARI      20         58958      high       18.21 https://kite.zerodha.com/markets/ext/chart/web/tvc/NSE/ROSSARI/4968961
09:35      INDIANHUME   30.0       37987      high       17.1  https://kite.zerodha.com/markets/ext/chart/web/tvc/NSE/INDIANHUME/391681
09:35      DATAPATTNS   2.0        284369     high       17.34 https://kite.zerodha.com/markets/ext/chart/web/tvc/NSE/DATAPATTNS/1883649
09:36      BALMLAWRIE   51.0       379154     high       12.33 https://kite.zerodha.com/markets/ext/chart/web/tvc/NSE/BALMLAWRIE/86529
09:37      TARIL        29.0       1011859    low        21.85 https://kite.zerodha.com/markets/ext/chart/web/tvc/NSE/TARIL/3884545
09:38      MAZDOCK      3          1557899    high       5.26  https://kite.zerodha.com/markets/ext/chart/web/tvc/NSE/MAZDOCK/130305
09:38      DRREDDY      7.0        1459243    high       9.21  https://kite.zerodha.com/markets/ext/chart/web/tvc/NSE/DRREDDY/225537
09:39      JPPOWER      500.0      41481524   high       16.27 https://kite.zerodha.com/markets/ext/chart/web/tvc/NSE/JPPOWER/3011329
09:40      DCW          204.0      1212059    high       14.83 https://kite.zerodha.com/markets/ext/chart/web/tvc/NSE/DCW/209153
09:40      FMGOETZE     19.0       73734      high       12.15 https://kite.zerodha.com/markets/ext/chart/web/tvc/NSE/FMGOETZE/304641
09:41      JYOTICNC     12.0       251895     high       17.83 https://kite.zerodha.com/markets/ext/chart/web/tvc/NSE/JYOTICNC/5461505
09:43      CHENNPETRO   8.0        1271429    high       16.2  https://kite.zerodha.com/markets/ext/chart/web/tvc/NSE/CHENNPETRO/524545
09:43      ONESOURCE    5.0        142580     high       16.11 https://kite.zerodha.com/markets/ext/chart/web/tvc/NSE/ONESOURCE/7481345
09:44      WELCORP      7.0        490968     high       18.05 https://kite.zerodha.com/markets/ext/chart/web/tvc/NSE/WELCORP/3026177
09:44      GESHIP       6          258050     high       15.86 https://kite.zerodha.com/markets/ext/chart/web/tvc/NSE/GESHIP/3526657
09:45      JKTYRE       23.0       597055     high       14.08 https://kite.zerodha.com/markets/ext/chart/web/tvc/NSE/JKTYRE/3695361
09:46      ADANIENT     4.0        762803     high       9.05  https://kite.zerodha.com/markets/ext/chart/web/tvc/NSE/ADANIENT/6401
09:46      LINCOLN      14         162985     high       13.39 https://kite.zerodha.com/markets/ext/chart/web/tvc/NSE/LINCOLN/2968577
09:46      KRISHANA     16.0       194394     low        33.21 https://kite.zerodha.com/markets/ext/chart/web/tvc/NSE/KRISHANA/3288833
09:49      UTKARSHBNK   714.0      1434809    high       16.07 https://kite.zerodha.com/markets/ext/chart/web/tvc/NSE/UTKARSHBNK/4443649
09:49      SANDUMA      46.0       207220     low        21.68 https://kite.zerodha.com/markets/ext/chart/web/tvc/NSE/SANDUMA/4699905
09:50      RATNAVEER    62.0       341304     low        21.68 https://kite.zerodha.com/markets/ext/chart/web/tvc/NSE/RATNAVEER/4716289
09:53      BALAMINES    7.0        43980      high       18.48 https://kite.zerodha.com/markets/ext/chart/web/tvc/NSE/BALAMINES/3712257
09:54      ASHOKA       74.0       731259     low        22.14 https://kite.zerodha.com/markets/ext/chart/web/tvc/NSE/ASHOKA/5166593
09:56      HARDWYN      370.0      463638     high       15.9  https://kite.zerodha.com/markets/ext/chart/web/tvc/NSE/HARDWYN/2294273
09:57      SPORTKING    66.0       271023     high       13.22 https://kite.zerodha.com/markets/ext/chart/web/tvc/NSE/SPORTKING/2747649
09:58      MANINFRA     84         509805     high       18.31 https://kite.zerodha.com/markets/ext/chart/web/tvc/NSE/MANINFRA/4665857
09:59      PRECWIRE     23.0       149019     high       18.08 https://kite.zerodha.com/markets/ext/chart/web/tvc/NSE/PRECWIRE/695553
10:00      TATSILV      434.0      6959738    low        22.44 https://kite.zerodha.com/markets/ext/chart/web/tvc/NSE/TATSILV/5485569
10:02      J&KBANK      74.0       1766003    high       16.03 https://kite.zerodha.com/markets/ext/chart/web/tvc/NSE/J&KBANK/1442049
10:06      RAYMONDREL   22.0       294743     high       14.32 https://kite.zerodha.com/markets/ext/chart/web/tvc/NSE/RAYMONDREL/194189057
10:07      ALLCARGO     1111.0     2140297    high       17.8  https://kite.zerodha.com/markets/ext/chart/web/tvc/NSE/ALLCARGO/3456257
10:08      ONGC         32.0       8012362    high       9.25  https://kite.zerodha.com/markets/ext/chart/web/tvc/NSE/ONGC/633601
10:08      IRMENERGY    28         556026     high       9.58  https://kite.zerodha.com/markets/ext/chart/web/tvc/NSE/IRMENERGY/5016833
10:08      DIXON        0          274316     high       9.04  https://kite.zerodha.com/markets/ext/chart/web/tvc/NSE/DIXON/5552641
10:09      TMB          13.0       67067      high       18.28 https://kite.zerodha.com/markets/ext/chart/web/tvc/NSE/TMB/2801921
10:12      HSCL         16.0       996126     high       17.53 https://kite.zerodha.com/markets/ext/chart/web/tvc/NSE/HSCL/3669505
10:18      FUSION       52         358352     high       14.24 https://kite.zerodha.com/markets/ext/chart/web/tvc/NSE/FUSION/3054593
10:19      SWANCORP     27.0       1901136    high       11.79 https://kite.zerodha.com/markets/ext/chart/web/tvc/NSE/SWANCORP/6936321
10:20      CONCORDBIO   8.0        116673     high       14.46 https://kite.zerodha.com/markets/ext/chart/web/tvc/NSE/CONCORDBIO/4623361
10:21      GANECOS      9.0        51112      high       8.83  https://kite.zerodha.com/markets/ext/chart/web/tvc/NSE/GANECOS/1777665
10:21      RKFORGE      16.0       471273     high       17.66 https://kite.zerodha.com/markets/ext/chart/web/tvc/NSE/RKFORGE/2921217
10:22      WHEELS       9.0        28483      high       16.26 https://kite.zerodha.com/markets/ext/chart/web/tvc/NSE/WHEELS/964097
10:36      APOLLOPIPE   23.0       64020      low        22.48 https://kite.zerodha.com/markets/ext/chart/web/tvc/NSE/APOLLOPIPE/3676417
10:37      GODAVARIB    30.0       59277      high       15.61 https://kite.zerodha.com/markets/ext/chart/web/tvc/NSE/GODAVARIB/6640897
10:40      WELENT       18         213087     high       16.3  https://kite.zerodha.com/markets/ext/chart/web/tvc/NSE/WELENT/2976257
10:43      SHAREINDIA   69.0       356603     low        22.15 https://kite.zerodha.com/markets/ext/chart/web/tvc/NSE/SHAREINDIA/26625
10:58      COALINDIA    20.0       5433040    high       6.2   https://kite.zerodha.com/markets/ext/chart/web/tvc/NSE/COALINDIA/5215745
11:00      SAPPHIRE     53.0       577814     high       12.47 https://kite.zerodha.com/markets/ext/chart/web/tvc/NSE/SAPPHIRE/1719809
11:13      TEJASNET     23.0       978254     high       15.48 https://kite.zerodha.com/markets/ext/chart/web/tvc/NSE/TEJASNET/5409537
11:16      MAHABANK     125.0      6507294    high       16.44 https://kite.zerodha.com/markets/ext/chart/web/tvc/NSE/MAHABANK/2912513
11:25      GCSL         27.0       77022      high       6.55  https://kite.zerodha.com/markets/ext/chart/web/tvc/NSE/GCSL/194300417
11:34      NITCO        108.0      237420     high       12.29 https://kite.zerodha.com/markets/ext/chart/web/tvc/NSE/NITCO/3404801
11:39      ABSLAMC      9.0        302263     low        21.6  https://kite.zerodha.com/markets/ext/chart/web/tvc/NSE/ABSLAMC/1540609
11:53      CENTURYPLY   11.0       93315      high       13.9  https://kite.zerodha.com/markets/ext/chart/web/tvc/NSE/CENTURYPLY/3406081
11:56      GODFRYPHLP   4.0        722132     high       4.53  https://kite.zerodha.com/markets/ext/chart/web/tvc/NSE/GODFRYPHLP/302337
12:03      DEVYANI      83.0       3258174    high       12.45 https://kite.zerodha.com/markets/ext/chart/web/tvc/NSE/DEVYANI/1375489
12:04      RBA          153.0      1174518    high       18.22 https://kite.zerodha.com/markets/ext/chart/web/tvc/NSE/RBA/382465
12:07      TALBROAUTO   30.0       158044     high       14.21 https://kite.zerodha.com/markets/ext/chart/web/tvc/NSE/TALBROAUTO/3493889
12:15      POLYPLEX     10.0       62715      high       17.39 https://kite.zerodha.com/markets/ext/chart/web/tvc/NSE/POLYPLEX/687873
12:20      ESSARSHPNG   344.0      114708     high       9.27  https://kite.zerodha.com/markets/ext/chart/web/tvc/NSE/ESSARSHPNG/6562305
12:27      SGFIN        17.0       70033      high       16.45 https://kite.zerodha.com/markets/ext/chart/web/tvc/NSE/SGFIN/194266369
12:33      V2RETAIL     49.0       86322      low        22.49 https://kite.zerodha.com/markets/ext/chart/web/tvc/NSE/V2RETAIL/3780097
12:41      RRKABEL      6          114825     high       17.95 https://kite.zerodha.com/markets/ext/chart/web/tvc/NSE/RRKABEL/4752897
12:43      RPSGVENT     11.0       49829      high       5.71  https://kite.zerodha.com/markets/ext/chart/web/tvc/NSE/RPSGVENT/2078465
12:51      SUNPHARMA    5.0        2444900    high       9.48  https://kite.zerodha.com/markets/ext/chart/web/tvc/NSE/SUNPHARMA/857857
12:52      IOB          277.0      5805869    high       16.04 https://kite.zerodha.com/markets/ext/chart/web/tvc/NSE/IOB/2393089
12:57      GRANULES     13.0       1847708    high       17.65 https://kite.zerodha.com/markets/ext/chart/web/tvc/NSE/GRANULES/3039233
13:08      SSWL         45.0       262015     high       13.56 https://kite.zerodha.com/markets/ext/chart/web/tvc/NSE/SSWL/3028225
13:18      BANSALWIRE   31.0       87479      high       6.84  https://kite.zerodha.com/markets/ext/chart/web/tvc/NSE/BANSALWIRE/6242817
13:29      CONFIPET     188.0      457415     low        21.57 https://kite.zerodha.com/markets/ext/chart/web/tvc/NSE/CONFIPET/2620929
13:31      MOREALTY     121.0      332373     high       17.34 https://kite.zerodha.com/markets/ext/chart/web/tvc/NSE/MOREALTY/5935105
13:32      NLCINDIA     30.0       1946336    high       16.64 https://kite.zerodha.com/markets/ext/chart/web/tvc/NSE/NLCINDIA/2197761
13:33      SMCGLOBAL    142.0      76429      high       14.29 https://kite.zerodha.com/markets/ext/chart/web/tvc/NSE/SMCGLOBAL/593921
13:37      VEDL         12.0       7832775    high       5.9   https://kite.zerodha.com/markets/ext/chart/web/tvc/NSE/VEDL/784129
13:43      SATIN        55.0       168262     high       14.7  https://kite.zerodha.com/markets/ext/chart/web/tvc/NSE/SATIN/2675969
13:44      BHARTIHEXA   6.0        205971     high       18.21 https://kite.zerodha.com/markets/ext/chart/web/tvc/NSE/BHARTIHEXA/6013185
13:53      INDOTHAI     33.0       349096     high       9.19  https://kite.zerodha.com/markets/ext/chart/web/tvc/NSE/INDOTHAI/6555649
13:59      STLTECH      34.0       2188258    high       2.58  https://kite.zerodha.com/markets/ext/chart/web/tvc/NSE/STLTECH/2383105
14:09      HCC          454.0      3867847    low        21.57 https://kite.zerodha.com/markets/ext/chart/web/tvc/NSE/HCC/352001
