Time                 Symbol       Volume     VolCutoff Criteria   turnover   Days High %UC   
2025-10-24 09:17:00  GRWRHITECH   12075      -189212.0 Dynamic   43547.0    yes      15.5 
2025-10-24 09:18:00  ADANIPOWER   1119913    799118.0  Dynamic   187395.0   yes      18.51
2025-10-24 09:18:00  TATSILV      1086110    882660.0  Dynamic   15792.0    no       23.66
2025-10-24 09:18:00  RMDRIP       7194       -311048.0 Dynamic   547.0      yes      17.79
2025-10-24 09:19:00  GRWRHITECH   17284      -189212.0 Dynamic   64243.0    yes      12.07
2025-10-24 09:19:00  RMDRIP       14023      -311048.0 Dynamic   1080.0     yes      16.39
2025-10-24 09:19:00  SAMMAANCAP   1481972    1028638.0 Dynamic   267466.0   yes      6.29 
2025-10-24 09:20:00  DONEAR       2215       -331224.0 Dynamic   228.0      no       20.17
2025-10-24 09:22:00  SIKKO        80314      -329178.0 Dynamic   10922.0    yes      0.47 
2025-10-24 09:22:00  BHAGERIA     103926     -231111.0 Dynamic   23778.0    no       19.9 
2025-10-24 09:22:00  THYROCARE    42395      25353.0   Dynamic   53787.0    yes      17.74
2025-10-24 09:23:00  SIKKO        179557     -329178.0 Dynamic   24488.0    yes      0.18 
2025-10-24 09:23:00  RNBDENIMS    7246       -173406.0 Dynamic   1073.0     no       11.62
2025-10-24 09:24:00  MEGASOFT     66377      29156.0   Dynamic   11741.0    yes      0.0  
2025-10-24 09:24:00  POKARNA      54385      -58363.0  Dynamic   50717.0    yes      15.04
2025-10-24 09:25:00  SANDUMA      89063      58367.0   Dynamic   19618.0    yes      15.83
2025-10-24 09:26:00  SANDUMA      142385     58367.0   Dynamic   31645.0    yes      14.79
2025-10-24 09:27:00  BHAGERIA     106628     -231111.0 Dynamic   24548.0    no       19.16
2025-10-24 09:28:00  RNBDENIMS    7207       -173406.0 Dynamic   1073.0     no       11.02
2025-10-24 09:30:00  COASTCORP    45264      -68269.0  Dynamic   2039.0     no       19.36
2025-10-24 09:31:00  IFBIND       4292       -129114.0 Dynamic   8223.0     yes      18.57
2025-10-24 09:31:00  ARIHANTCAP   453278     399944.0  Dynamic   52811.0    no       16.4 
2025-10-24 09:31:00  MITCON       10842      -462026.0 Dynamic   846.0      yes      13.23
2025-10-24 09:31:00  LATTEYS      9431       -183318.0 Dynamic   336.0      no       6.69 
2025-10-24 09:32:00  INDORAMA     18314      -66921.0  Dynamic   1252.0     yes      17.96
2025-10-24 09:33:00  ANANDRATHI   1933       -34639.0  Dynamic   5999.0     yes      20.19
2025-10-24 09:33:00  MITCON       13654      -462026.0 Dynamic   1091.0     yes      10.55
2025-10-24 09:33:00  ESSARSHPNG   10380      -80353.0  Dynamic   322.0      yes      16.05
2025-10-24 09:35:00  FORCEMOT     1501       -1760.0   Dynamic   25293.0    yes      18.75
2025-10-24 09:35:00  RNBDENIMS    8053       -173406.0 Dynamic   1210.0     no       10.01
2025-10-24 09:36:00  SIKKO        21217      -329178.0 Dynamic   2795.0     no       3.73 
2025-10-24 09:36:00  MITCON       13720      -462026.0 Dynamic   1118.0     yes      8.38 
2025-10-24 09:37:00  GFLLIMITED   3088       -303393.0 Dynamic   226.0      no       22.55
2025-10-24 09:37:00  BHAGERIA     85144      -231111.0 Dynamic   19845.0    yes      17.69
2025-10-24 09:37:00  PFS          789434     272779.0  Dynamic   31183.0    no       6.18 
2025-10-24 09:38:00  MITCON       17619      -462026.0 Dynamic   1470.0     yes      5.84 
2025-10-24 09:38:00  BHAGERIA     183455     -231111.0 Dynamic   43160.0    no       16.6 
2025-10-24 09:39:00  SIKKO        24775      -329178.0 Dynamic   3298.0     no       2.64 
2025-10-24 09:39:00  RNBDENIMS    31652      -173406.0 Dynamic   4836.0     no       8.19 
2025-10-24 09:41:00  THYROCARE    29482      25353.0   Dynamic   37616.0    yes      17.08
2025-10-24 09:41:00  GEEKAYWIRE   5799       -141284.0 Dynamic   415.0      yes      16.19
2025-10-24 09:41:00  RNBDENIMS    33838      -173406.0 Dynamic   5229.0     yes      6.99 
2025-10-24 09:44:00  PFS          621307     272779.0  Dynamic   24685.0    yes      5.56 
2025-10-24 09:50:00  POKARNA      8591       -58363.0  Dynamic   7878.0     no       17.0 
2025-10-24 09:51:00  SIKKO        6850       -329178.0 Dynamic   905.0      no       3.44 
2025-10-24 09:57:00  SIKKO        7498       -329178.0 Dynamic   973.0      no       5.26 
2025-10-24 09:57:00  SANDUMA      64580      58367.0   Dynamic   14270.0    yes      15.46
2025-10-24 10:00:00  COASTCORP    5066       -68269.0  Dynamic   222.0      no       22.52
2025-10-24 10:03:00  NATIONALUM   1257176    896885.0  Dynamic   301685.0   yes      4.64 
2025-10-24 10:07:00  SIKKO        13798      -329178.0 Dynamic   1738.0     no       8.46 
2025-10-24 10:11:00  TATAINVEST   17354      -123105.0 Dynamic   14473.0    no       18.94
2025-10-24 10:14:00  ARIHANTCAP   548912     399944.0  Dynamic   63273.0    no       17.65
2025-10-24 10:14:00  ANUHPHR      15000      -49502.0  Dynamic   1332.0     yes      13.05
2025-10-24 10:16:00  ANUHPHR      19788      -49502.0  Dynamic   1762.0     yes      12.76
2025-10-24 10:17:00  KIRLPNU      4828       -112754.0 Dynamic   5860.0     yes      16.91
2025-10-24 10:31:00  POKARNA      29087      -58363.0  Dynamic   27132.0    yes      15.01
2025-10-24 10:37:00  BHAGERIA     89026      -231111.0 Dynamic   21186.0    yes      15.27
2025-10-24 10:37:00  POKARNA      27976      -58363.0  Dynamic   26499.0    yes      13.27
2025-10-24 10:38:00  POKARNA      39264      -58363.0  Dynamic   37505.0    yes      12.32
2025-10-24 10:38:00  SGFIN        9575       -196093.0 Dynamic   3819.0     yes      21.36
2025-10-24 10:38:00  RNBDENIMS    4481       -173406.0 Dynamic   665.0      no       11.33
2025-10-24 10:39:00  POKARNA      62379      -58363.0  Dynamic   59924.0    yes      11.68
2025-10-24 10:39:00  RNBDENIMS    5080       -173406.0 Dynamic   757.0      no       11.0 
2025-10-24 10:40:00  COASTCORP    16890      -68269.0  Dynamic   725.0      no       25.31
2025-10-24 10:44:00  BHAGERIA     91685      -231111.0 Dynamic   22061.0    yes      14.01
2025-10-24 10:44:00  POKARNA      43078      -58363.0  Dynamic   41753.0    yes      10.69
2025-10-24 10:45:00  BHAGERIA     168921     -231111.0 Dynamic   41085.0    yes      12.79
2025-10-24 10:45:00  POKARNA      73445      -58363.0  Dynamic   71737.0    yes      9.84 
2025-10-24 10:49:00  POKARNA      48088      -58363.0  Dynamic   47150.0    yes      9.42 
2025-10-24 11:01:00  ARROWGREEN   8260       -250836.0 Dynamic   5104.0     yes      6.68 
2025-10-24 11:05:00  LATTEYS      26763      -183318.0 Dynamic   876.0      no       15.97
2025-10-24 11:07:00  BHAGERIA     36488      -231111.0 Dynamic   8740.0     no       14.53
2025-10-24 11:09:00  LATTEYS      14134      -183318.0 Dynamic   469.0      no       14.5 
2025-10-24 11:10:00  ARROWGREEN   10491      -250836.0 Dynamic   6452.0     yes      7.19 
2025-10-24 11:15:00  SIKKO        203583     -329178.0 Dynamic   23019.0    no       20.84
2025-10-24 11:23:00  SIKKO        9467       -329178.0 Dynamic   1073.0     no       20.54
2025-10-24 11:31:00  JAYNECOIND   1450333    1425444.0 Dynamic   113387.0   yes      0.74 
2025-10-24 11:39:00  BHAGERIA     14443      -231111.0 Dynamic   3442.0     no       15.12
2025-10-24 11:41:00  BHAGERIA     100548     -231111.0 Dynamic   24291.0    no       13.55
2025-10-24 11:49:00  ARROWGREEN   13812      -250836.0 Dynamic   8546.0     yes      6.54 
2025-10-24 11:51:00  IDEA         9830919    1934822.0 Dynamic   93000.0    yes      10.68
2025-10-24 11:53:00  PFS          661565     272779.0  Dynamic   26641.0    yes      4.15 
2025-10-24 11:56:00  COASTCORP    4515       -68269.0  Dynamic   200.0      no       21.14
2025-10-24 11:57:00  GAIL         1045716    945094.0  Dynamic   189097.0   yes      9.54 
2025-10-24 12:02:00  SCHNEIDER    4439       -80324.0  Dynamic   3747.0     yes      5.75 
2025-10-24 12:05:00  SCI          835693     540912.0  Dynamic   222386.0   yes      12.74
2025-10-24 12:05:00  ARROWGREEN   27546      -250836.0 Dynamic   17175.0    yes      5.73 
2025-10-24 12:06:00  UTKARSHBNK   552227     512254.0  Dynamic   10520.0    no       15.64
2025-10-24 12:10:00  TEXINFRA     6524       -95596.0  Dynamic   630.0      yes      15.66
2025-10-24 12:19:00  AROGRANITE   10211      -333295.0 Dynamic   390.0      no       11.15
2025-10-24 12:28:00  ARROWGREEN   13142      -250836.0 Dynamic   8199.0     yes      5.66 
2025-10-24 12:28:00  MANBA        5033       -196942.0 Dynamic   717.0      yes      15.04
2025-10-24 12:30:00  UTKARSHBNK   1025006    512254.0  Dynamic   20346.0    yes      10.98
2025-10-24 12:34:00  UTKARSHBNK   1780739    512254.0  Dynamic   36701.0    yes      6.89 
2025-10-24 12:35:00  UTKARSHBNK   2561347    512254.0  Dynamic   53404.0    no       5.66 
2025-10-24 12:36:00  SCI          753862     540912.0  Dynamic   202472.0   yes      11.7 
2025-10-24 12:37:00  ARROWGREEN   15950      -250836.0 Dynamic   10086.0    yes      4.25 
2025-10-24 12:52:00  UTKARSHBNK   965875     512254.0  Dynamic   19984.0    no       6.48 
2025-10-24 12:59:00  ESSARSHPNG   11154      -80353.0  Dynamic   356.0      yes      12.88
2025-10-24 13:04:00  IDEA         7784696    1934822.0 Dynamic   74500.0    yes      9.4  
2025-10-24 13:06:00  ESSARSHPNG   6409       -80353.0  Dynamic   205.0      yes      12.57
2025-10-24 13:10:00  AROGRANITE   5480       -333295.0 Dynamic   216.0      yes      7.82 
2025-10-24 13:11:00  AROGRANITE   7815       -333295.0 Dynamic   309.0      yes      7.49 
2025-10-24 13:24:00  AARTECH      30618      -295167.0 Dynamic   1967.0     yes      0.96 
2025-10-24 13:30:00  ESSARSHPNG   30021      -80353.0  Dynamic   983.0      yes      10.02
2025-10-24 13:34:00  BHAGERIA     3789       -231111.0 Dynamic   889.0      no       16.98
2025-10-24 13:36:00  SCI          682998     540912.0  Dynamic   185229.0   yes      10.62
2025-10-24 13:41:00  ANUHPHR      1693       -49502.0  Dynamic   151.0      yes      12.95
2025-10-24 13:42:00  BHAGERIA     39138      -231111.0 Dynamic   9273.0     no       15.78
2025-10-24 13:42:00  AARTECH      3317       -295167.0 Dynamic   212.0      no       1.47 
2025-10-24 13:42:00  ANUHPHR      1724       -49502.0  Dynamic   153.0      yes      12.87
2025-10-24 13:46:00  SCI          603212     540912.0  Dynamic   163688.0   yes      10.55
2025-10-24 13:51:00  VETO         3564       -196831.0 Dynamic   445.0      yes      13.73
2025-10-24 14:19:00  GODAVARIB    2158       -235206.0 Dynamic   577.0      no       10.34
2025-10-24 14:22:00  ARROWGREEN   3230       -250836.0 Dynamic   2101.0     no       1.32 
2025-10-24 14:29:00  ARROWGREEN   26297      -250836.0 Dynamic   17286.0    yes      0.28 
2025-10-24 14:31:00  GODAVARIB    2386       -235206.0 Dynamic   642.0      no       9.67 
2025-10-24 14:38:00  BHAGERIA     4163       -231111.0 Dynamic   981.0      no       16.42
2025-10-24 14:39:00  BBOX         45781      -61993.0  Dynamic   26061.0    yes      2.71 
2025-10-24 14:42:00  BBOX         25167      -61993.0  Dynamic   14350.0    yes      2.54 
2025-10-24 14:44:00  ESSARSHPNG   15287      -80353.0  Dynamic   491.0      no       12.15
2025-10-24 14:45:00  UTKARSHBNK   6745543    512254.0  Dynamic   147660.0   yes      0.64 
