Time       Symbol       Volume     VolCutoff  Turnover     %UC                              Link 
09:17      INDIGOPNTS   62846      41848      40840.0    15.94 https://kite.zerodha.com/markets/ext/chart/web/tvc/NSE/INDIGOPNTS/524289    long:loss
09:17      DATAPATTNS   342617     284369     253398.0   12.18 https://kite.zerodha.com/markets/ext/chart/web/tvc/NSE/DATAPATTNS/1883649   long:loss
09:19      RKFORGE      513304     471273     71296.0    14.94 https://kite.zerodha.com/markets/ext/chart/web/tvc/NSE/RKFORGE/2921217      long:profit
09:19      GANDHAR      321181     148507     4541.0     12.27 https://kite.zerodha.com/markets/ext/chart/web/tvc/NSE/GANDHAR/5197569      long:loss
09:19      ECOSMOBLTY   253375     179701     14135.0    16.22 https://kite.zerodha.com/markets/ext/chart/web/tvc/NSE/ECOSMOBLTY/6415361   long:profit
09:20      ASIANPAINT   1092495    1060781    279405.0   6.03  https://kite.zerodha.com/markets/ext/chart/web/tvc/NSE/ASIANPAINT/60417     NA:PNQ
09:20      SANDUMA      525987     207220     22279.0    18.99 https://kite.zerodha.com/markets/ext/chart/web/tvc/NSE/SANDUMA/4699905      NA:NEM 
09:21      PRECWIRE     161822     149019     4982.0     16.42 https://kite.zerodha.com/markets/ext/chart/web/tvc/NSE/PRECWIRE/695553      long:profit:MB
09:22      PFIZER       41537      40194      22298.0    13.07 https://kite.zerodha.com/markets/ext/chart/web/tvc/NSE/PFIZER/676609        NA:NE 
09:22      SYNCOMF      842489     733798     1137.0     15.0  https://kite.zerodha.com/markets/ext/chart/web/tvc/NSE/SYNCOMF/3069953      long:loss
09:24      CARERATING   64325      57918      5198.0     11.75 https://kite.zerodha.com/markets/ext/chart/web/tvc/NSE/CARERATING/7452929   NA:PNQ
09:25      POKARNA      129115     125982     4891.0     18.92 https://kite.zerodha.com/markets/ext/chart/web/tvc/NSE/POKARNA/4518657      NA:PNQ
09:26      DREDGECORP   47062      30442      1220.0     13.17 https://kite.zerodha.com/markets/ext/chart/web/tvc/NSE/DREDGECORP/2885377   NA:PNQ
09:26      FIEMIND      138194     130776     18867.0    13.31 https://kite.zerodha.com/markets/ext/chart/web/tvc/NSE/FIEMIND/3509761      long:loss
09:27      GNFC         366158     363913     2233.0     18.72 https://kite.zerodha.com/markets/ext/chart/web/tvc/NSE/GNFC/300545          NA:PNQ
09:28      PARAGMILK    1384382    1378324    37019.0    15.75 https://kite.zerodha.com/markets/ext/chart/web/tvc/NSE/PARAGMILK/4385281    long:loss
09:28      ASHIANA      76550      40073      2394.0     11.48 https://kite.zerodha.com/markets/ext/chart/web/tvc/NSE/ASHIANA/6247169      long:loss
09:28      NIBE         75598      74202      1205.0     9.06  https://kite.zerodha.com/markets/ext/chart/web/tvc/NSE/NIBE/7548673         NA:LV 
09:33      MARINE       217617     204451     3599.0     3.99  https://kite.zerodha.com/markets/ext/chart/web/tvc/NSE/MARINE/339969        NA:CTUC
09:34      SUPRIYA      154528     152644     4319.0     16.72 https://kite.zerodha.com/markets/ext/chart/web/tvc/NSE/SUPRIYA/1891841      long:profit
09:34      TARIL        1013238    1011859    29709.0    7.3   https://kite.zerodha.com/markets/ext/chart/web/tvc/NSE/TARIL/3884545        NA:PNQ
09:35      ATHERENERG   3186801    3139937    34448.0    15.54 https://kite.zerodha.com/markets/ext/chart/web/tvc/NSE/ATHERENERG/193957121 NA:PNQ 
09:37      ROUTE        86904      82516      5274.0     17.6  https://kite.zerodha.com/markets/ext/chart/web/tvc/NSE/ROUTE/32769          long:loss
09:37      HINDZINC     2645233    2482111    88200.0    6.75  https://kite.zerodha.com/markets/ext/chart/web/tvc/NSE/HINDZINC/364545      ---- 
09:38      ASHOKLEY     14614300   14601808   21723.0    5.07  https://kite.zerodha.com/markets/ext/chart/web/tvc/NSE/ASHOKLEY/54273       ----
09:38      CENTURYPLY   94816      93315      5289.0     16.31 https://kite.zerodha.com/markets/ext/chart/web/tvc/NSE/CENTURYPLY/3406081   ----
09:39      BBOX         124242     124047     12428.0    1.78  https://kite.zerodha.com/markets/ext/chart/web/tvc/NSE/BBOX/879361          NA:CTUC
09:39      SPANDANA     240594     235715     1608.0     14.21 https://kite.zerodha.com/markets/ext/chart/web/tvc/NSE/SPANDANA/2927361     long:profit
09:40      BIOCON       3037782    3007561    21422.0    7.73  https://kite.zerodha.com/markets/ext/chart/web/tvc/NSE/BIOCON/2911489       ----
09:40      WEBELSOLAR   226341     221476     53275.0    14.58 https://kite.zerodha.com/markets/ext/chart/web/tvc/NSE/WEBELSOLAR/3738113   long:loss
09:41      DOLATALGO    740528     250022     23158.0    18.3  https://kite.zerodha.com/markets/ext/chart/web/tvc/NSE/DOLATALGO/3103745    NA:PNQ
09:44      SYRMA        1528200    1523123    113458.0   18.12 https://kite.zerodha.com/markets/ext/chart/web/tvc/NSE/SYRMA/2763009        NA:PNQ 
09:45      IGL          2466589    2422272    11140.0    8.09  https://kite.zerodha.com/markets/ext/chart/web/tvc/NSE/IGL/2883073          long:loss
09:47      HEMIPROP     1152611    1143153    12931.0    10.47 https://kite.zerodha.com/markets/ext/chart/web/tvc/NSE/HEMIPROP/179457      ----
09:47      NAZARA       1923813    1629675    14857.0    15.05 https://kite.zerodha.com/markets/ext/chart/web/tvc/NSE/NAZARA/764673        long:profit
09:47      PGIL         756160     123993     121213.0   9.53  https://kite.zerodha.com/markets/ext/chart/web/tvc/NSE/PGIL/3650561         NA:PNQ
09:48      HEALTHY      1622701    161836     24484.0    18.53 https://kite.zerodha.com/markets/ext/chart/web/tvc/NSE/HEALTHY/1612033      NA:LV
09:48      THANGAMAYL   41388      40873      1892.0     9.22  https://kite.zerodha.com/markets/ext/chart/web/tvc/NSE/THANGAMAYL/4638209   NA:PNQ
09:48      MINDACORP    294820     292079     8442.0     17.63 https://kite.zerodha.com/markets/ext/chart/web/tvc/NSE/MINDACORP/6629633    NA:PNQ
09:50      TVSELECT     41267      39170      1018.0     16.79 https://kite.zerodha.com/markets/ext/chart/web/tvc/NSE/TVSELECT/2883841     long:profit:MB
09:51      GOKULAGRO    1358626    390854     23432.0    10.32 https://kite.zerodha.com/markets/ext/chart/web/tvc/NSE/GOKULAGRO/3706881    long:loss
09:51      BELRISE      13821450   13289239   105488.0   10.79 https://kite.zerodha.com/markets/ext/chart/web/tvc/NSE/BELRISE/193818113    long:loss
09:52      ADANIENT     765548     762803     14107.0    9.36  https://kite.zerodha.com/markets/ext/chart/web/tvc/NSE/ADANIENT/6401 
09:52      RAJRATAN     108540     98951      1151.0     15.71 https://kite.zerodha.com/markets/ext/chart/web/tvc/NSE/RAJRATAN/4854273
09:56      INDORAMA     161162     121468     1700.0     16.62 https://kite.zerodha.com/markets/ext/chart/web/tvc/NSE/INDORAMA/2814209
09:59      SHILPAMED    87518      60022      1250.0     8.85  https://kite.zerodha.com/markets/ext/chart/web/tvc/NSE/SHILPAMED/4544513
09:59      GPPL         1472759    1460010    3527.0     18.07 https://kite.zerodha.com/markets/ext/chart/web/tvc/NSE/GPPL/5051137
10:02      FMGOETZE     73834      73734      1126.0     15.19 https://kite.zerodha.com/markets/ext/chart/web/tvc/NSE/FMGOETZE/304641
10:02      HINDCOPPER   5533045    5504832    10365.0    18.14 https://kite.zerodha.com/markets/ext/chart/web/tvc/NSE/HINDCOPPER/4592385
10:02      ENTERO       127921     82885      2379.0     17.65 https://kite.zerodha.com/markets/ext/chart/web/tvc/NSE/ENTERO/5815553
10:04      RITCO        53065      49663      4469.0     17.47 https://kite.zerodha.com/markets/ext/chart/web/tvc/NSE/RITCO/2289665
10:04      THYROCARE    180085     180014     4849.0     16.65 https://kite.zerodha.com/markets/ext/chart/web/tvc/NSE/THYROCARE/4360193
10:04      BLSE         285630     73469      3999.0     17.72 https://kite.zerodha.com/markets/ext/chart/web/tvc/NSE/BLSE/5776897
10:04      SCODATUBES   388020     353240     1033.0     16.33 https://kite.zerodha.com/markets/ext/chart/web/tvc/NSE/SCODATUBES/193914369
10:05      SANSERA      100096     87370      14011.0    17.55 https://kite.zerodha.com/markets/ext/chart/web/tvc/NSE/SANSERA/1472257
10:06      BSOFT        1055345    1052420    1937.0     17.49 https://kite.zerodha.com/markets/ext/chart/web/tvc/NSE/BSOFT/1790465
10:09      SCI          2664107    1621266    55890.0    18.91 https://kite.zerodha.com/markets/ext/chart/web/tvc/NSE/SCI/780289
10:09      VARROC       259576     232554     4767.0     18.77 https://kite.zerodha.com/markets/ext/chart/web/tvc/NSE/VARROC/987393
10:09      BHARATWIRE   197634     184079     3418.0     14.99 https://kite.zerodha.com/markets/ext/chart/web/tvc/NSE/BHARATWIRE/4127489
10:10      MONTECARLO   67123      28575      3997.0     18.99 https://kite.zerodha.com/markets/ext/chart/web/tvc/NSE/MONTECARLO/1520129
10:10      SETCO        93224      75428      1376.0     2.87  https://kite.zerodha.com/markets/ext/chart/web/tvc/NSE/SETCO/4483585         NA:LV
10:11      PRESTIGE     709558     684948     23010.0    6.63  https://kite.zerodha.com/markets/ext/chart/web/tvc/NSE/PRESTIGE/5197313      NA:NEM
10:15      KIRLOSENG    644727     473282     58372.0    17.48 https://kite.zerodha.com/markets/ext/chart/web/tvc/NSE/KIRLOSENG/5359617     NA:PNQ 
10:19      PDSL         179529     121942     7543.0     17.63 https://kite.zerodha.com/markets/ext/chart/web/tvc/NSE/PDSL/1347585          NA:PNQ
10:40      TEMBO        94377      60786      1265.0     6.9   https://kite.zerodha.com/markets/ext/chart/web/tvc/NSE/TEMBO/838401          NA:LV
10:41      ADANIPOWER   7503771    4874342    23469.0    18.69 https://kite.zerodha.com/markets/ext/chart/web/tvc/NSE/ADANIPOWER/4451329    NA:NEM
10:43      SFL          223975     122729     1235.0     18.99 https://kite.zerodha.com/markets/ext/chart/web/tvc/NSE/SFL/4911105           NA:NEM
10:47      VLEGOV       474481     253534     2858.0     0.05  https://kite.zerodha.com/markets/ext/chart/web/tvc/NSE/VLEGOV/4611073        NA:CTUC
10:53      GCSL         96544      77022      1083.0     10.3  https://kite.zerodha.com/markets/ext/chart/web/tvc/NSE/GCSL/194300417        long:loss
10:54      DBREALTY     965748     846337     7736.0     14.82 https://kite.zerodha.com/markets/ext/chart/web/tvc/NSE/DBREALTY/4639745      long:profit
10:59      GSLSU        145825     106554     1706.0     15.94 https://kite.zerodha.com/markets/ext/chart/web/tvc/NSE/GSLSU/3737345         NA:LV 
10:59      TICL         222965     156728     1755.0     3.73  https://kite.zerodha.com/markets/ext/chart/web/tvc/NSE/TICL/4992257          NA:LV
11:14      EUREKAFORB   289592     176887     24399.0    17.53 https://kite.zerodha.com/markets/ext/chart/web/tvc/NSE/EUREKAFORB/6441473    NA:NEM
11:22      RATNAVEER    453892     341304     1103.0     15.05 https://kite.zerodha.com/markets/ext/chart/web/tvc/NSE/RATNAVEER/4716289     NA:NE
11:24      NOCIL        535690     313480     1155.0     13.74 https://kite.zerodha.com/markets/ext/chart/web/tvc/NSE/NOCIL/625153          long:loss
11:37      KRONOX       130250     85682      3274.0     15.18 https://kite.zerodha.com/markets/ext/chart/web/tvc/NSE/KRONOX/6150401        NA:LV
11:54      INTERARCH    50213      28159      3330.0     18.37 https://kite.zerodha.com/markets/ext/chart/web/tvc/NSE/INTERARCH/6376705     NA:SS
12:16      DHANBANK     880816     607441     1043.0     15.72 https://kite.zerodha.com/markets/ext/chart/web/tvc/NSE/DHANBANK/2907905      NA:LV
12:21      CANTABIL     259879     121741     29990.0    18.59 https://kite.zerodha.com/markets/ext/chart/web/tvc/NSE/CANTABIL/5160961      NA:LV
12:33      DSSL         60577      22646      4951.0     11.51 https://kite.zerodha.com/markets/ext/chart/web/tvc/NSE/DSSL/6576641          NA:LV
12:39      ATL          613282     191485     2956.0     14.29 https://kite.zerodha.com/markets/ext/chart/web/tvc/NSE/ATL/4551169           long:profit
13:09      BALAJITELE   174880     113139     1460.0     15.24 https://kite.zerodha.com/markets/ext/chart/web/tvc/NSE/BALAJITELE/2344449     ---
13:13      AIAENG       101954     55101      2245.0     17.65 https://kite.zerodha.com/markets/ext/chart/web/tvc/NSE/AIAENG/3350017        NA:NEM
13:18      APEX         1038997    401728     4889.0     10.8  https://kite.zerodha.com/markets/ext/chart/web/tvc/NSE/APEX/5535489          NA:NE
13:25      ABLBL        1610776    1262723    2104.0     14.83 https://kite.zerodha.com/markets/ext/chart/web/tvc/NSE/ABLBL/193751809       long:loss
13:26      MOMOMENTUM   174160     85659      1349.0     18.53 https://kite.zerodha.com/markets/ext/chart/web/tvc/NSE/MOMOMENTUM/2094593    NA:LV
13:30      AETHER       168129     95906      23488.0    17.88 https://kite.zerodha.com/markets/ext/chart/web/tvc/NSE/AETHER/2511361        long:profit

