Time       Symbol       Volume     VolCutoff  Turnover     %UC                              Link 
09:17      SANDUMA      210512     207220     6620.0     18.31 https://kite.zerodha.com/markets/ext/chart/web/tvc/NSE/SANDUMA/4699905     NA:PNQ
09:18      TMB          75523      67067      10304.0    14.05 https://kite.zerodha.com/markets/ext/chart/web/tvc/NSE/TMB/2801921         long:profit
09:18      PATELENG     3311712    2651738    29758.0    18.23 https://kite.zerodha.com/markets/ext/chart/web/tvc/NSE/PATELENG/2994945    NA:PNQ
09:19      MCLOUD       10100140   5041965    49139.0    13.52 https://kite.zerodha.com/markets/ext/chart/web/tvc/NSE/MCLOUD/7547393      NA:PNQ
09:20      VLSFINANCE   30583      22560      4596.0     18.09 https://kite.zerodha.com/markets/ext/chart/web/tvc/NSE/VLSFINANCE/951041   long:loss
09:20      WEBELSOLAR   236992     221476     2678.0     17.92 https://kite.zerodha.com/markets/ext/chart/web/tvc/NSE/WEBELSOLAR/3738113  NA:PNQ 
09:20      EUREKAFORB   178405     176887     8920.0     18.55 https://kite.zerodha.com/markets/ext/chart/web/tvc/NSE/EUREKAFORB/6441473  NA:PNQ  
09:21      BLSE         110683     73469      13144.0    15.22 https://kite.zerodha.com/markets/ext/chart/web/tvc/NSE/BLSE/5776897        NA:PS
09:22      HINDZINC     2513300    2482111    45276.0    7.38  https://kite.zerodha.com/markets/ext/chart/web/tvc/NSE/HINDZINC/364545     NA:PNQ
09:22      KTKBANK      1222225    1009435    74323.0    18.8  https://kite.zerodha.com/markets/ext/chart/web/tvc/NSE/KTKBANK/2061825     NA:NEM
09:22      TEJASNET     1027455    978254     54463.0    14.25 https://kite.zerodha.com/markets/ext/chart/web/tvc/NSE/TEJASNET/5409537    NA:PS 
09:24      NATCOPHARM   665642     614993     58805.0    14.79 https://kite.zerodha.com/markets/ext/chart/web/tvc/NSE/NATCOPHARM/1003009  long:loss
09:25      SALZERELEC   96385      88597      17038.0    9.8   https://kite.zerodha.com/markets/ext/chart/web/tvc/NSE/SALZERELEC/2918145  ---
09:27      HCC          4891612    3867847    29200.0    12.26 https://kite.zerodha.com/markets/ext/chart/web/tvc/NSE/HCC/352001          long:loss
09:27      DREDGECORP   44873      30442      3900.0     8.48  https://kite.zerodha.com/markets/ext/chart/web/tvc/NSE/DREDGECORP/2885377  NA:PNQ 
09:29      TARC         822961     483759     9295.0     10.79 https://kite.zerodha.com/markets/ext/chart/web/tvc/NSE/TARC/404737         NA:PS
09:30      SWSOLAR      2443760    1848850    35462.0    14.18 https://kite.zerodha.com/markets/ext/chart/web/tvc/NSE/SWSOLAR/3197185     NA:LV
09:31      ROLEXRINGS   90149      29551      1691.0     17.72 https://kite.zerodha.com/markets/ext/chart/web/tvc/NSE/ROLEXRINGS/1351425  NA:PS
09:31      M&MFIN       2593001    2301682    29748.0    16.35 https://kite.zerodha.com/markets/ext/chart/web/tvc/NSE/M&MFIN/3400961      NA:NE
09:31      STANLEY      85294      43497      13908.0    12.08 https://kite.zerodha.com/markets/ext/chart/web/tvc/NSE/STANLEY/6201857     long:loss
09:34      FINOPB       270999     262751     4091.0     18.71 https://kite.zerodha.com/markets/ext/chart/web/tvc/NSE/FINOPB/1684225      long:loss
09:35      CORDSCABLE   33411      27408      1007.0     15.39 https://kite.zerodha.com/markets/ext/chart/web/tvc/NSE/CORDSCABLE/3909377  NA:LV
09:36      GOKULAGRO    431153     390854     19434.0    16.04 https://kite.zerodha.com/markets/ext/chart/web/tvc/NSE/GOKULAGRO/3706881   NA:PNQ
09:38      SANDHAR      106533     95506      8889.0     15.67 https://kite.zerodha.com/markets/ext/chart/web/tvc/NSE/SANDHAR/613633      long:loss

09:40      NRBBEARING   137773     134944     3459.0     16.1  https://kite.zerodha.com/markets/ext/chart/web/tvc/NSE/NRBBEARING/1933569
09:41      FISCHER      587285     555545     1117.0     1.63  https://kite.zerodha.com/markets/ext/chart/web/tvc/NSE/FISCHER/193960449
09:46      JKTYRE       624379     597055     3349.0     16.53 https://kite.zerodha.com/markets/ext/chart/web/tvc/NSE/JKTYRE/3695361
09:49      JMFINANCIL   9998623    9802920    36783.0    11.72 https://kite.zerodha.com/markets/ext/chart/web/tvc/NSE/JMFINANCIL/3491073
09:51      GMRAIRPORT   13305017   12768978   93788.0    9.81  https://kite.zerodha.com/markets/ext/chart/web/tvc/NSE/GMRAIRPORT/3463169
09:52      RESPONIND    86332      68698      5776.0     13.94 https://kite.zerodha.com/markets/ext/chart/web/tvc/NSE/RESPONIND/5202689
09:52      INTERARCH    34258      28159      16579.0    17.05 https://kite.zerodha.com/markets/ext/chart/web/tvc/NSE/INTERARCH/6376705
09:56      AGIIL        117310     104124     1068.0     16.37 https://kite.zerodha.com/markets/ext/chart/web/tvc/NSE/AGIIL/6257921
10:01      MRPL         3646323    3507707    5362.0     16.37 https://kite.zerodha.com/markets/ext/chart/web/tvc/NSE/MRPL/584449
10:04      VARROC       234604     232554     1711.0     16.66 https://kite.zerodha.com/markets/ext/chart/web/tvc/NSE/VARROC/987393
10:04      AUTOIND      123377     71173      1175.0     9.16  https://kite.zerodha.com/markets/ext/chart/web/tvc/NSE/AUTOIND/3611137
10:11      RICOAUTO     16004704   5596831    78616.0    18.25 https://kite.zerodha.com/markets/ext/chart/web/tvc/NSE/RICOAUTO/744705
10:12      UNIVCABLES   59674      48373      1622.0     18.68 https://kite.zerodha.com/markets/ext/chart/web/tvc/NSE/UNIVCABLES/923393
10:14      VSTTILLERS   38223      36530      8339.0     15.51 https://kite.zerodha.com/markets/ext/chart/web/tvc/NSE/VSTTILLERS/6218753

10:22      KFINTECH     1249610    956329     29543.0    6.52  https://kite.zerodha.com/markets/ext/chart/web/tvc/NSE/KFINTECH/3419905       ---
10:31      MWL          60729      34729      1857.0     12.5  https://kite.zerodha.com/markets/ext/chart/web/tvc/NSE/MWL/194347265          NA:LV
10:37      MAHABANK     11954400   6507294    9468.0     18.7  https://kite.zerodha.com/markets/ext/chart/web/tvc/NSE/MAHABANK/2912513       NA:PNQ
10:48      BESTAGRO     363193     114987     5062.0     18.98 https://kite.zerodha.com/markets/ext/chart/web/tvc/NSE/BESTAGRO/590337        long:profit
10:53      THANGAMAYL   56234      40873      10521.0    7.51  https://kite.zerodha.com/markets/ext/chart/web/tvc/NSE/THANGAMAYL/4638209     ---
11:05      TARMAT       28788      25242      1020.0     17.52 https://kite.zerodha.com/markets/ext/chart/web/tvc/NSE/TARMAT/3781377         NA:LV
11:13      MANGALAM     838399     33555      8388.0     2.41  https://kite.zerodha.com/markets/ext/chart/web/tvc/NSE/MANGALAM/3025153       NA:LV
11:32      ONEPOINT     562264     418933     2462.0     7.56  https://kite.zerodha.com/markets/ext/chart/web/tvc/NSE/ONEPOINT/2544385       long:profit
11:38      MUKKA        427204     337941     3748.0     10.85 https://kite.zerodha.com/markets/ext/chart/web/tvc/NSE/MUKKA/5882881          NA:PS
11:43      WOCKPHARMA   571096     407239     141003.0   11.68 https://kite.zerodha.com/markets/ext/chart/web/tvc/NSE/WOCKPHARMA/1921537     long:profit:MB
11:49      TARSONS      123682     58372      2842.0     17.77 https://kite.zerodha.com/markets/ext/chart/web/tvc/NSE/TARSONS/1777409        NA:PNQ
12:14      TEAMLEASE    90710      35436      86010.0    16.3  https://kite.zerodha.com/markets/ext/chart/web/tvc/NSE/TEAMLEASE/3255297      NA:SS
12:20      SSWL         407453     262015     2718.0     16.06 https://kite.zerodha.com/markets/ext/chart/web/tvc/NSE/SSWL/3028225           NA:LV
13:16      SHILPAMED    162588     60022      20062.0    7.81  https://kite.zerodha.com/markets/ext/chart/web/tvc/NSE/SHILPAMED/4544513      NA:SS
13:24      MANYAVAR     554567     165953     306277.0   17.53 https://kite.zerodha.com/markets/ext/chart/web/tvc/NSE/MANYAVAR/2090753       NA:SS
13:29      HARIOMPIPE   598506     500958     18932.0    7.49  https://kite.zerodha.com/markets/ext/chart/web/tvc/NSE/HARIOMPIPE/2295809     long:loss
