Time                 Symbol       Volume     VolCutoff Criteria   turnover   Days High %UC   
2025-10-27 09:17:00  BHAGERIA     83779      60321     UV        2074.0     yes      19.43  NA:NDH
2025-10-27 09:17:00  PFS          1128726    516905    UV        8780.0     yes      18.05  NA:NDH
2025-10-27 09:18:00  SANDUMA      208924     207220    UV        12822.0    yes      18.78  NA:NEM
2025-10-27 09:19:00  TVSELECT     41749      39170     UV        3684.0     yes      16.21  NA:NEM
2025-10-27 09:19:00  TEXINFRA     122299     107491    UV        3611.0     yes      14.12  long:profit
2025-10-27 09:19:00  GPTINFRA     305614     303928    UV        12196.0    yes      8.29   NA:CTUC
2025-10-27 09:20:00  SOUTHBANK    8718911    7088111   UV        86167.0    yes      15.39  long:loss
2025-10-27 09:20:00  ECLERX       191394     164391    UV        129874.0   yes      14.16  long:loss
2025-10-27 09:20:00  SBICARD      981792     957737    UV        59853.0    yes      12.4   NA:NDH
2025-10-27 09:21:00  VAKRANGEE    2657898    1975552   UV        6687.0     yes      2.12   NA:CTUC
2025-10-27 09:21:00  BHARATWIRE   789844     184079    UV        24576.0    yes      4.42   NA:CTUC 
2025-10-27 09:23:00  ADANIPOWER   5018848    4874342   UV        32851.0    yes      19.    NA:NEM
2025-10-27 09:25:00  RRKABEL      117133     114825    UV        10254.0    yes      14.97  long:profit
2025-10-27 09:26:00  INTERARCH    36984      28159     UV        5729.0     yes      14.36  long:loss
2025-10-27 09:28:00  SUBROS       125520     119996    UV        17499.0    yes      14.66  long:loss
2025-10-27 09:31:00  NCC          3087911    3039014   UV        4132.0     yes      7.89   NA:PNQ
2025-10-27 09:32:00  CREDITACC    435438     432729    UV        6073.0     yes      16.62  long:loss
2025-10-27 09:34:00  ESSARSHPNG   349968     114708    UV        2088.0     yes      14.23  long:profit:MB
2025-10-27 09:35:00  GENCON       304716     66865     UV        5183.0     yes      21.2   NA:LV
2025-10-27 09:35:00  ARIHANTCAP   7935111    888901    UV        60513.0    yes      13.81  NA:PNQ
2025-10-27 09:39:00  SHAREINDIA   362837     356603    UV        2003.0     yes      8.59   NA:NEM
2025-10-27 09:39:00  POKARNA      126623     125982    UV        2020.0     yes      19.44  NA:PNQ
2025-10-27 09:40:00  CELLO        219164     204971    UV        11487.0    yes      17.37  ---
2025-10-27 09:41:00  WELCORP      497419     490968    UV        40769.0    yes      14.67  ---
2025-10-27 09:42:00  CIEINDIA     135574     134373    UV        1341.0     yes      15.47  NA:NDH
2025-10-27 09:44:00  SCHNEIDER    118969     114722    UV        3283.0     yes      6.55   NA:NDH
2025-10-27 09:45:00  SURAKSHA     48167      36880     UV        2455.0     yes      14.    NA:LV
2025-10-27 09:54:00  IRB          9840614    9576824   UV        15145.0    yes      15.07  long:loss
2025-10-27 09:54:00  THYROCARE    180585     180014    UV        4907.0     yes      17.78  NA:PNQ
2025-10-27 09:54:00  KALAMANDIR   1294330    1251885   UV        14291.0    yes      15.99  long:profit
2025-10-27 09:54:00  WAAREERTL    462407     406062    UV        51404.0    yes      15.63  long:profit
2025-10-27 09:55:00  ANANDRATHI   141593     139390    UV        17427.0    yes      16.36  NA:PNQ
2025-10-27 09:57:00  BSOFT        1090712    1052420   UV        19340.0    yes      18.33  NA:PNQ
2025-10-27 09:57:00  GARUDA       3201662    3154972   UV        29966.0    yes      14.41  NA:PNQ
2025-10-27 09:58:00  PTC          1397901    1385218   UV        8433.0     yes      16.12  long:loss
2025-10-27 09:58:00  HINDCOPPER   5547947    5504832   UV        45175.0    yes      17.39  NA:PNQ
2025-10-27 10:03:00  SCI          10163669   1621266   UV        58416.0    yes      21.19  NA:PNQ
2025-10-27 10:17:00  SAMPANN      251756     111996    UV        1424.0     yes      4.57   NA:CTUC
2025-10-27 10:21:00  PREMIERENE   2994253    985256    UV        16619.0    yes      17.55  NA:SS
2025-10-27 10:27:00  FSL          2189354    1085680   UV        6349.0     yes      13.74  long:profit
2025-10-27 10:29:00  GFLLIMITED   118625     44324     UV        1233.0     yes      16.    NA:LV
2025-10-27 10:29:00  SURAJLTD     66184      27218     UV        1408.0     yes      18.91  NA:LV
2025-10-27 10:32:00  SATIN        358092     168262    UV        7213.0     yes      11.39  long:loss
2025-10-27 10:44:00  AGIIL        316140     104124    UV        1646.0     yes      20.    NA:PNQ
2025-10-27 10:55:00  PSPPROJECT   529881     259248    UV        12541.0    yes      11.16  long:profit:MB
2025-10-27 11:20:00  GODAVARIB    183995     59277     UV        2941.0     yes      10.09  NA:LV
2025-10-27 11:22:00  SPLPETRO     529887     99973     UV        2916.0     yes      20.74  NA:LV
2025-10-27 11:42:00  HATSUN       284908     80475     UV        77533.0    yes      1.26   NA:CTUC
2025-10-27 12:23:00  CHENNPETRO   5357997    1271429   UV        222919.0   yes      15.7   long:profit
2025-10-27 12:58:00  MUTHOOTCAP   125511     31182     UV        1392.0     yes      11.85  NA:LV
