Time       Symbol       Volume     VolCutoff  Turnover     %UC                              Link 
09:18      SANDUMA      234806     207220     24394.0    17.36 https://kite.zerodha.com/markets/ext/chart/web/tvc/NSE/SANDUMA/4699905       NA:PNQ
09:18      EPACK        1796455    1071141    249653.0   17.4  https://kite.zerodha.com/markets/ext/chart/web/tvc/NSE/EPACK/5750529         long:profit:MB
09:19      HCC          8462957    3867847    30841.0    14.51 https://kite.zerodha.com/markets/ext/chart/web/tvc/NSE/HCC/352001            NA:PNQ
09:19      PATELENG     2703951    2651738    22448.0    12.69 https://kite.zerodha.com/markets/ext/chart/web/tvc/NSE/PATELENG/2994945      NA:PNQ             NA:PS:profit
09:20      HINDZINC     2714212    2482111    211962.0   7.38  https://kite.zerodha.com/markets/ext/chart/web/tvc/NSE/HINDZINC/364545       ---
09:20      VLSFINANCE   22621      22560      1430.0     13.15 https://kite.zerodha.com/markets/ext/chart/web/tvc/NSE/VLSFINANCE/951041     NA:LV
09:20      MMFL         66073      56560      6396.0     15.72 https://kite.zerodha.com/markets/ext/chart/web/tvc/NSE/MMFL/3544065          long:loss
09:23      TRANSWORLD   26610      21341      1705.0     9.0   https://kite.zerodha.com/markets/ext/chart/web/tvc/NSE/TRANSWORLD/801025     NA:LV
09:23      IGL          2981050    2422272    91699.0    14.7  https://kite.zerodha.com/markets/ext/chart/web/tvc/NSE/IGL/2883073           NA:PNQ 
09:25      UNIMECH      49180      47244      2275.0     4.05  https://kite.zerodha.com/markets/ext/chart/web/tvc/NSE/UNIMECH/7413761       NA:LV
09:26      TARIL        1636160    1011859    44110.0    18.64 https://kite.zerodha.com/markets/ext/chart/web/tvc/NSE/TARIL/3884545         NA:PNQ
09:29      JUNIPER      106788     104056     26435.0    8.13  https://kite.zerodha.com/markets/ext/chart/web/tvc/NSE/JUNIPER/5842945       NA:LV
09:31      APTECHT      84900      59494      1970.0     14.38 https://kite.zerodha.com/markets/ext/chart/web/tvc/NSE/APTECHT/2753281       NA:LV
09:32      RPOWER       17546590   15282667   84790.0    13.97 https://kite.zerodha.com/markets/ext/chart/web/tvc/NSE/RPOWER/3906305        long:profit
09:32      THANGAMAYL   41798      40873      12060.0    6.35  https://kite.zerodha.com/markets/ext/chart/web/tvc/NSE/THANGAMAYL/4638209    long:profit
09:35      GEOJITFSL    1210068    394942     10839.0    18.78 https://kite.zerodha.com/markets/ext/chart/web/tvc/NSE/GEOJITFSL/3045377     long:profit 
09:38      NDTV         1659913    78365      9600.0     18.76 https://kite.zerodha.com/markets/ext/chart/web/tvc/NSE/NDTV/2925313          NA:PNQ
09:40      PRAJIND      1232368    747665     27133.0    18.89 https://kite.zerodha.com/markets/ext/chart/web/tvc/NSE/PRAJIND/692481        NA:PNQ

09:41      SPARC        232422     231286     4726.0     18.72 https://kite.zerodha.com/markets/ext/chart/web/tvc/NSE/SPARC/3785729
09:44      NEOGEN       59345      43242      2630.0     18.91 https://kite.zerodha.com/markets/ext/chart/web/tvc/NSE/NEOGEN/2538753
09:45      GROWWSLVR    237860     170913     3911.0     15.81 https://kite.zerodha.com/markets/ext/chart/web/tvc/NSE/GROWWSLVR/193747713
09:49      TARSONS      63339      58372      1019.0     16.71 https://kite.zerodha.com/markets/ext/chart/web/tvc/NSE/TARSONS/1777409
09:52      WALCHANNAG   277403     115596     4957.0     15.19 https://kite.zerodha.com/markets/ext/chart/web/tvc/NSE/WALCHANNAG/956417
09:55      KIRLOSENG    487794     473282     20429.0    17.1  https://kite.zerodha.com/markets/ext/chart/web/tvc/NSE/KIRLOSENG/5359617
09:59      LATENTVIEW   548879     412770     16890.0    17.0  https://kite.zerodha.com/markets/ext/chart/web/tvc/NSE/LATENTVIEW/1745409
10:00      KIRIINDUS    260404     259710     5729.0     17.71 https://kite.zerodha.com/markets/ext/chart/web/tvc/NSE/KIRIINDUS/4259585
10:03      APEX         432840     401728     13172.0    11.49 https://kite.zerodha.com/markets/ext/chart/web/tvc/NSE/APEX/5535489
10:05      ABREL        125024     123182     4402.0     16.91 https://kite.zerodha.com/markets/ext/chart/web/tvc/NSE/ABREL/160001
10:13      TATSILV      30094750   6959738    4715.0     16.68 https://kite.zerodha.com/markets/ext/chart/web/tvc/NSE/TATSILV/5485569

10:16      GANDHAR      179324     148507     1671.0     17.51 https://kite.zerodha.com/markets/ext/chart/web/tvc/NSE/GANDHAR/5197569       NA:LV
10:19      MINDACORP    321523     292079     2955.0     17.3  https://kite.zerodha.com/markets/ext/chart/web/tvc/NSE/MINDACORP/6629633     NA:NE
10:42      ROTO         312815     244706     3187.0     14.09 https://kite.zerodha.com/markets/ext/chart/web/tvc/NSE/ROTO/2316545          long:profit:MB
11:13      MOGSEC       45168      36674      2827.0     4.84  https://kite.zerodha.com/markets/ext/chart/web/tvc/NSE/MOGSEC/385793         NA:LV
11:29      AVG          42416      21402      3658.0     12.32 https://kite.zerodha.com/markets/ext/chart/web/tvc/NSE/AVG/3990785           NA:LV
11:42      GODAVARIB    123873     59277      5899.0     15.8  https://kite.zerodha.com/markets/ext/chart/web/tvc/NSE/GODAVARIB/6640897     NA:LV
11:50      RATNAVEER    616829     341304     7540.0     17.88 https://kite.zerodha.com/markets/ext/chart/web/tvc/NSE/RATNAVEER/4716289     NA:LV
12:12      BESTAGRO     246494     114987     20543.0    18.14 https://kite.zerodha.com/markets/ext/chart/web/tvc/NSE/BESTAGRO/590337       NA:LV
12:25      DENTA        3778077    1487131    30682.0    6.15  https://kite.zerodha.com/markets/ext/chart/web/tvc/NSE/DENTA/7489537         long:profit
12:28      DBL          622276     356037     13317.0    11.66 https://kite.zerodha.com/markets/ext/chart/web/tvc/NSE/DBL/4630017           long:loss
13:04      VALIANTLAB   132082     78416      3340.0     18.79 https://kite.zerodha.com/markets/ext/chart/web/tvc/NSE/VALIANTLAB/4919809    NA:LV
13:20      GANGAFORGE   2986402    313268     1527.0     0.56  https://kite.zerodha.com/markets/ext/chart/web/tvc/NSE/GANGAFORGE/1268993    NA:LV
13:21      PRICOLLTD    1383738    531824     7583.0     16.45 https://kite.zerodha.com/markets/ext/chart/web/tvc/NSE/PRICOLLTD/5025537     NA:SS
13:55      UFO          391359     165328     1067.0     11.69 https://kite.zerodha.com/markets/ext/chart/web/tvc/NSE/UFO/2313985           NA:LV

