Time       Symbol       Volume     VolCutoff  Turnover     %UC                              Link 
09:17      ROLEXRINGS   53282      29551      1355.0     18.45 https://kite.zerodha.com/markets/ext/chart/web/tvc/NSE/ROLEXRINGS/1351425       NA:PNQ
09:17      ITI          1464029    973395     126309.0   9.88  https://kite.zerodha.com/markets/ext/chart/web/tvc/NSE/ITI/428801               long:profit  
09:17      AWHCL        713177     67215      58795.0    15.43 https://kite.zerodha.com/markets/ext/chart/web/tvc/NSE/AWHCL/460033             NA:PNQ  
09:17      NDTV         86204      78365      3141.0     18.06 https://kite.zerodha.com/markets/ext/chart/web/tvc/NSE/NDTV/2925313             NA:LV
09:17      GPTINFRA     901820     303928     27952.0    6.63  https://kite.zerodha.com/markets/ext/chart/web/tvc/NSE/GPTINFRA/4527361         NA:PNQ
09:18      WALCHANNAG   2794698    115596     106812.0   13.02 https://kite.zerodha.com/markets/ext/chart/web/tvc/NSE/WALCHANNAG/956417        NA:NE 
09:22      HCC          4766748    3867847    20045.0    16.94 https://kite.zerodha.com/markets/ext/chart/web/tvc/NSE/HCC/352001               NA:PNQ                         short:profit
09:23      WEL          439761     374268     6649.0     11.14 https://kite.zerodha.com/markets/ext/chart/web/tvc/NSE/WEL/2005761              NA:LV
09:23      BLS          2087362    1762530    76663.0    13.5  https://kite.zerodha.com/markets/ext/chart/web/tvc/NSE/BLS/4423425              long:loss
09:23      BLISSGVS     1225662    1145260    26051.0    13.57 https://kite.zerodha.com/markets/ext/chart/web/tvc/NSE/BLISSGVS/4931841         long:profit
09:30      IMFA         147633     120372     7738.0     14.8  https://kite.zerodha.com/markets/ext/chart/web/tvc/NSE/IMFA/4924161             NA:PNQ
09:31      MANINDS      526376     467342     28337.0    16.36 https://kite.zerodha.com/markets/ext/chart/web/tvc/NSE/MANINDS/3042305          NA:PNQ
09:31      SANDUMA      932704     207220     5073.0     17.02 https://kite.zerodha.com/markets/ext/chart/web/tvc/NSE/SANDUMA/4699905          NA:PNQ 
09:31      LGHL         73907      67051      3821.0     2.3   https://kite.zerodha.com/markets/ext/chart/web/tvc/NSE/LGHL/5088257             NA:LV
09:34      WOCKPHARMA   433413     407239     82485.0    14.32 https://kite.zerodha.com/markets/ext/chart/web/tvc/NSE/WOCKPHARMA/1921537       long:profit
09:34      RPOWER       15400284   15282667   16127.0    18.36 https://kite.zerodha.com/markets/ext/chart/web/tvc/NSE/RPOWER/3906305           NA:PNQ
09:35      FILATFASH    40080191   34933596   1774.0     12.82 https://kite.zerodha.com/markets/ext/chart/web/tvc/NSE/FILATFASH/6053633        NA:LV
09:36      TATAELXSI    142471     140748     18341.0    6.77  https://kite.zerodha.com/markets/ext/chart/web/tvc/NSE/TATAELXSI/873217         NA:PNQ
09:36      QUADFUTURE   756359     713072     13068.0    6.86  https://kite.zerodha.com/markets/ext/chart/web/tvc/NSE/QUADFUTURE/7446273       long:profit
09:38      RATNAVEER    518801     341304     49129.0    18.21 https://kite.zerodha.com/markets/ext/chart/web/tvc/NSE/RATNAVEER/4716289        NA:PNQ 

09:46      AEROFLEX     1221138    1190414    32534.0    11.23 https://kite.zerodha.com/markets/ext/chart/web/tvc/NSE/AEROFLEX/4676609
09:47      TTML         803138     772913     1561.0     18.76 https://kite.zerodha.com/markets/ext/chart/web/tvc/NSE/TTML/2292225
09:48      JKTYRE       623697     597055     46729.0    14.11 https://kite.zerodha.com/markets/ext/chart/web/tvc/NSE/JKTYRE/3695361
09:48      BALUFORGE    226533     172317     11318.0    18.96 https://kite.zerodha.com/markets/ext/chart/web/tvc/NSE/BALUFORGE/6043393
09:51      TRF          88266      30968      25887.0    17.04 https://kite.zerodha.com/markets/ext/chart/web/tvc/NSE/TRF/4604673
09:56      ASTEC        46327      43744      2576.0     9.91  https://kite.zerodha.com/markets/ext/chart/web/tvc/NSE/ASTEC/4538369
09:57      STAR         376622     363285     16373.0    13.37 https://kite.zerodha.com/markets/ext/chart/web/tvc/NSE/STAR/1887745
10:02      UNIVCABLES   48429      48373      2173.0     15.01 https://kite.zerodha.com/markets/ext/chart/web/tvc/NSE/UNIVCABLES/923393
10:04      SOUTHBANK    7209781    7088111    6011.0     17.9  https://kite.zerodha.com/markets/ext/chart/web/tvc/NSE/SOUTHBANK/1522689
10:11      SPARC        233931     231286     1375.0     17.84 https://kite.zerodha.com/markets/ext/chart/web/tvc/NSE/SPARC/3785729
10:11      ZEELEARN     1271227    513175     1118.0     1.59  https://kite.zerodha.com/markets/ext/chart/web/tvc/NSE/ZEELEARN/5338113
10:13      RRKABEL      117374     114825     5487.0     17.03 https://kite.zerodha.com/markets/ext/chart/web/tvc/NSE/RRKABEL/4752897

10:17      ATUL         33014      31502      21027.0    13.15 https://kite.zerodha.com/markets/ext/chart/web/tvc/NSE/ATUL/67329             long:loss
10:17      VALIANTLAB   186629     78416      3567.0     15.47 https://kite.zerodha.com/markets/ext/chart/web/tvc/NSE/VALIANTLAB/4919809     NA:LV
10:26      HINDZINC     3751823    2482111    31046.0    11.15 https://kite.zerodha.com/markets/ext/chart/web/tvc/NSE/HINDZINC/364545        NA:PNQ
10:27      RAIN         2241102    2111840    24097.0    9.86  https://kite.zerodha.com/markets/ext/chart/web/tvc/NSE/RAIN/3926273           long:profit
10:28      GUJTHEM      321523     175182     14448.0    16.13 https://kite.zerodha.com/markets/ext/chart/web/tvc/NSE/GUJTHEM/7611137        NA:LV
10:38      CEIGALL      359288     304618     3332.0     2.56  https://kite.zerodha.com/markets/ext/chart/web/tvc/NSE/CEIGALL/6333953        NA:PNQ
10:55      EXICOM       652977     413479     7105.0     12.86 https://kite.zerodha.com/markets/ext/chart/web/tvc/NSE/EXICOM/5874433         NA:PNQ
11:00      DCXINDIA     1379434    1011529    53440.0    8.62  https://kite.zerodha.com/markets/ext/chart/web/tvc/NSE/DCXINDIA/3045121       long:profit:MB
11:04      BBOX         143962     124047     56193.0    9.96  https://kite.zerodha.com/markets/ext/chart/web/tvc/NSE/BBOX/879361            NA:LV
11:46      BAYERCROP    104143     29732      2351.0     18.88 https://kite.zerodha.com/markets/ext/chart/web/tvc/NSE/BAYERCROP/4589313      NA:LV 
12:23      SHRIRAMFIN   11519044   6255594    958434.0   7.55  https://kite.zerodha.com/markets/ext/chart/web/tvc/NSE/SHRIRAMFIN/1102337     ----
12:34      GALAPREC     35393      22368      1406.0     11.85 https://kite.zerodha.com/markets/ext/chart/web/tvc/NSE/GALAPREC/6434305       NA:LV
12:45      KAYNES       1437228    570385     40441.0    7.41  https://kite.zerodha.com/markets/ext/chart/web/tvc/NSE/KAYNES/3095553         NA:PNQ
13:22      HGINFRA      151879     82689      2125.0     18.98 https://kite.zerodha.com/markets/ext/chart/web/tvc/NSE/HGINFRA/428033         NA:SS
13:24      CANTABIL     471687     121741     1123.0     18.45 https://kite.zerodha.com/markets/ext/chart/web/tvc/NSE/CANTABIL/5160961       NA:LV
13:50      GAEL         554903     412803     5753.0     16.74 https://kite.zerodha.com/markets/ext/chart/web/tvc/NSE/GAEL/2259969           NA:LV
13:58      PDSL         282911     121942     3781.0     7.41  https://kite.zerodha.com/markets/ext/chart/web/tvc/NSE/PDSL/1347585           NA:LV
13:59      APOLLOPIPE   86684      64020      1078.0     13.27 https://kite.zerodha.com/markets/ext/chart/web/tvc/NSE/APOLLOPIPE/3676417     NA:LV

14:11      RBA          5522222    1174518    10695.0    14.92 https://kite.zerodha.com/markets/ext/chart/web/tvc/NSE/RBA/382465
14:31      MSUMI        13071487   9658668    32778.0    8.89  https://kite.zerodha.com/markets/ext/chart/web/tvc/NSE/MSUMI/2200577
14:43      SUPREME      150248     112970     2071.0     17.29 https://kite.zerodha.com/markets/ext/chart/web/tvc/NSE/SUPREME/7536385
14:44      MODEFENCE    3426065    2161566    100127.0   17.77 https://kite.zerodha.com/markets/ext/chart/web/tvc/NSE/MODEFENCE/6385665
14:49      WEBELSOLAR   4235367    221476     1346.0     18.76 https://kite.zerodha.com/markets/ext/chart/web/tvc/NSE/WEBELSOLAR/3738113
14:49      INDOWIND     1655643    165024     1831.0     10.22 https://kite.zerodha.com/markets/ext/chart/web/tvc/NSE/INDOWIND/3827713
14:51      PRECAM       2265234    1893215    19319.0    3.53  https://kite.zerodha.com/markets/ext/chart/web/tvc/NSE/PRECAM/3226369
15:01      SAPPHIRE     1428096    577814     6346.0     16.63 https://kite.zerodha.com/markets/ext/chart/web/tvc/NSE/SAPPHIRE/1719809
15:02      AKZOINDIA    131387     34842      22431.0    18.64 https://kite.zerodha.com/markets/ext/chart/web/tvc/NSE/AKZOINDIA/375553
15:02      INDIGO       3210111    1179706    1225746.0  9.27  https://kite.zerodha.com/markets/ext/chart/web/tvc/NSE/INDIGO/2865921
15:02      ONESOURCE    409251     142580     69652.0    15.36 https://kite.zerodha.com/markets/ext/chart/web/tvc/NSE/ONESOURCE/7481345
15:03      TATAMOTORS   20045550   10206547   823056.0   7.99  https://kite.zerodha.com/markets/ext/chart/web/tvc/NSE/TATAMOTORS/884737
15:03      HDBFS        2208060    1544388    272982.0   16.49 https://kite.zerodha.com/markets/ext/chart/web/tvc/NSE/HDBFS/193989633
15:04      EIHOTEL      1192045    754126     234432.0   18.06 https://kite.zerodha.com/markets/ext/chart/web/tvc/NSE/EIHOTEL/235265
15:04      JUBLINGREA   460430     250507     28005.0    14.48 https://kite.zerodha.com/markets/ext/chart/web/tvc/NSE/JUBLINGREA/712449
15:05      ONEPOINT     1186565    418933     1802.0     15.9  https://kite.zerodha.com/markets/ext/chart/web/tvc/NSE/ONEPOINT/2544385
15:06      RAJESHEXPO   712421     434911     17902.0    11.53 https://kite.zerodha.com/markets/ext/chart/web/tvc/NSE/RAJESHEXPO/1894657
15:09      ASIANPAINT   1883861    1060781    270023.0   8.43  https://kite.zerodha.com/markets/ext/chart/web/tvc/NSE/ASIANPAINT/60417
15:10      JYOTICNC     419671     251895     13694.0    15.26 https://kite.zerodha.com/markets/ext/chart/web/tvc/NSE/JYOTICNC/5461505
15:11      IDFCFIRSTB   44824664   16611472   101504.0   8.68  https://kite.zerodha.com/markets/ext/chart/web/tvc/NSE/IDFCFIRSTB/2863105
15:11      JINDRILL     138340     113338     5100.0     18.85 https://kite.zerodha.com/markets/ext/chart/web/tvc/NSE/JINDRILL/3552001
15:11      HEXT         1554834    794964     87967.0    14.53 https://kite.zerodha.com/markets/ext/chart/web/tvc/NSE/HEXT/7594497
15:12      TARIL        3648704    1011859    25561.0    15.18 https://kite.zerodha.com/markets/ext/chart/web/tvc/NSE/TARIL/3884545
15:13      MUFIN        594609     317794     13543.0    15.92 https://kite.zerodha.com/markets/ext/chart/web/tvc/NSE/MUFIN/5064449
15:14      ASAHIINDIA   325506     228403     7852.0     17.22 https://kite.zerodha.com/markets/ext/chart/web/tvc/NSE/ASAHIINDIA/1376769
15:14      AFFLE        462746     308764     46165.0    16.7  https://kite.zerodha.com/markets/ext/chart/web/tvc/NSE/AFFLE/2903809
15:15      UPL          4025569    2809255    86159.0    8.9   https://kite.zerodha.com/markets/ext/chart/web/tvc/NSE/UPL/2889473
15:18      INDUSINDBK   5034314    3567205    133255.0   8.88  https://kite.zerodha.com/markets/ext/chart/web/tvc/NSE/INDUSINDBK/1346049
15:18      AIIL         408654     309578     22358.0    10.98 https://kite.zerodha.com/markets/ext/chart/web/tvc/NSE/AIIL/6029569
15:18      EVINDIA      599342     264225     6649.0     18.5  https://kite.zerodha.com/markets/ext/chart/web/tvc/NSE/EVINDIA/6262017
15:19      HOMEFIRST    479638     349393     30473.0    18.73 https://kite.zerodha.com/markets/ext/chart/web/tvc/NSE/HOMEFIRST/526337
15:19      ADANIENSOL   1931741    1598740    74880.0    8.77  https://kite.zerodha.com/markets/ext/chart/web/tvc/NSE/ADANIENSOL/2615553
15:19      LTGILTCASE   218909     112696     1231.0     4.89  https://kite.zerodha.com/markets/ext/chart/web/tvc/NSE/LTGILTCASE/194228481
15:20      CRISIL       72817      34241      5772.0     18.65 https://kite.zerodha.com/markets/ext/chart/web/tvc/NSE/CRISIL/193793
15:20      JKLAKSHMI    224762     157284     5540.0     16.91 https://kite.zerodha.com/markets/ext/chart/web/tvc/NSE/JKLAKSHMI/3453697
15:20      ATHERENERG   5405327    3139937    110615.0   13.2  https://kite.zerodha.com/markets/ext/chart/web/tvc/NSE/ATHERENERG/193957121
15:23      ADANIGREEN   2252194    1527657    92427.0    9.19  https://kite.zerodha.com/markets/ext/chart/web/tvc/NSE/ADANIGREEN/912129
15:24      COROMANDEL   735380     448171     76056.0    10.2  https://kite.zerodha.com/markets/ext/chart/web/tvc/NSE/COROMANDEL/189185
15:24      DIXON        544898     274316     135020.0   10.19 https://kite.zerodha.com/markets/ext/chart/web/tvc/NSE/DIXON/5552641
15:25      NBCC         17430178   7207776    11170.0    4.96  https://kite.zerodha.com/markets/ext/chart/web/tvc/NSE/NBCC/8042241
15:26      ANANDRATHI   402299     139390     15534.0    18.78 https://kite.zerodha.com/markets/ext/chart/web/tvc/NSE/ANANDRATHI/1829121
15:26      HARDWYN      1451910    463638     2597.0     14.81 https://kite.zerodha.com/markets/ext/chart/web/tvc/NSE/HARDWYN/2294273
15:26      SHILPAMED    159667     60022      1140.0     18.43 https://kite.zerodha.com/markets/ext/chart/web/tvc/NSE/SHILPAMED/4544513
15:27      KFINTECH     1782855    956329     38726.0    8.81  https://kite.zerodha.com/markets/ext/chart/web/tvc/NSE/KFINTECH/3419905
15:27      SCHNEIDER    240342     114722     4576.0     14.89 https://kite.zerodha.com/markets/ext/chart/web/tvc/NSE/SCHNEIDER/7995905
15:29      TATAINVEST   285159     95596      3107.0     18.9  https://kite.zerodha.com/markets/ext/chart/web/tvc/NSE/TATAINVEST/414977
15:29      NEOGEN       125376     43242      2966.0     18.74 https://kite.zerodha.com/markets/ext/chart/web/tvc/NSE/NEOGEN/2538753
15:40      AGIIL        207769     104124     26438.0    18.42 https://kite.zerodha.com/markets/ext/chart/web/tvc/NSE/AGIIL/6257921
