Time                 Symbol       Volume     VolCutoff Criteria   turnover   Days High %UC   
2025-10-29 09:19:00  ESSARSHPNG   49025      45883.0   40%       1843.0     yes      16.33
2025-10-29 09:19:00  GODAVARIB    51794      29638.0   50%       14502.0    yes      7.29 
2025-10-29 09:22:00  DREDGECORP   11462      10655.0   35%       7851.0     yes      13.62
2025-10-29 09:23:00  DCMSHRIRAM   82768      81116.0   40%       115544.0   yes      11.94
2025-10-29 09:23:00  DREDGECORP   12587      12177.0   40%       8623.0     yes      13.61
2025-10-29 09:26:00  SANDUMA      120852     103610.0  50%       26308.0    yes      15.94
2025-10-29 09:26:00  FISCHER      261017     249995.0  45%       30602.0    no       11.64
2025-10-29 09:30:00  MMTC         456657     449496.0  50%       32477.0    yes      12.71
2025-10-29 09:32:00  DREDGECORP   45350      15221.0   50%       32788.0    yes      7.65 
2025-10-29 09:36:00  DREDGECORP   49528      15221.0   50%       36259.0    yes      6.31 
2025-10-29 09:36:00  FISCHER      229681     222218.0  40%       27024.0    no       11.24
2025-10-29 09:41:00  DREDGECORP   38312      15221.0   50%       27891.0    yes      6.91 
2025-10-29 09:44:00  SANDUMA      92029      82888.0   40%       20223.0    yes      14.85
2025-10-29 09:45:00  SANDUMA      127014     103610.0  50%       27988.0    yes      14.54
2025-10-29 09:51:00  WALCHANNAG   71580      57798.0   50%       13028.0    yes      1.24 
2025-10-29 09:58:00  INDORAMA     58288      54661.0   45%       4115.0     yes      12.96
2025-10-29 10:06:00  WALCHANNAG   232829     57798.0   50%       42817.0    yes      0.2  
2025-10-29 10:12:00  SANDUMA      81609      72527.0   35%       18098.0    yes      13.81
2025-10-29 10:17:00  SANDUMA      264104     103610.0  50%       59365.0    yes      12.28
2025-10-29 10:26:00  DREDGECORP   12953      12177.0   40%       9371.0     no       7.57 
2025-10-29 10:55:00  DREDGECORP   13406      12177.0   40%       9701.0     no       7.56 
2025-10-29 11:19:00  ATGL         226316     204044.0  35%       151949.0   yes      10.99
2025-10-29 11:42:00  DREDGECORP   19669      15221.0   50%       13822.0    no       10.75
2025-10-29 11:53:00  DREDGECORP   13707      13699.0   45%       9646.0     no       10.59
2025-10-29 11:59:00  DREDGECORP   19237      15221.0   50%       13613.0    no       9.98 
2025-10-29 12:00:00  DREDGECORP   30644      15221.0   50%       21846.0    no       9.17 
2025-10-29 12:05:00  DREDGECORP   18701      15221.0   50%       13334.0    no       9.16 
2025-10-29 12:08:00  SAMPANN      55581      50398.0   45%       2253.0     no       11.57
2025-10-29 12:36:00  DREDGECORP   44097      15221.0   50%       31838.0    no       7.8  
2025-10-29 12:37:00  DREDGECORP   44223      15221.0   50%       32128.0    no       7.13 
2025-10-29 12:41:00  ESSARSHPNG   45249      40148.0   35%       1711.0     yes      15.68
2025-10-29 12:42:00  ESSARSHPNG   88433      57354.0   50%       3402.0     yes      13.7 
2025-10-29 12:43:00  ESSARSHPNG   97468      57354.0   50%       3813.0     yes      11.81
2025-10-29 12:44:00  ESSARSHPNG   196691     57354.0   50%       7834.0     no       9.82 
2025-10-29 12:46:00  DREDGECORP   78445      15221.0   50%       57657.0    yes      5.89 
2025-10-29 13:20:00  UTKARSHBNK   820128     717404.0  50%       17223.0    yes      11.29
2025-10-29 13:49:00  DREDGECORP   19930      15221.0   50%       14545.0    no       6.65 
2025-10-29 14:07:00  KHAICHEM     133382     123945.0  40%       16662.0    no       22.35
2025-10-29 14:08:00  KHAICHEM     267240     154932.0  50%       34279.0    no       19.15
2025-10-29 14:09:00  KHAICHEM     393821     154932.0  50%       51862.0    yes      16.06
2025-10-29 14:37:00  KHAICHEM     119224     108452.0  35%       14144.0    no       28.84
2025-10-29 14:39:00  HEIDELBERG   86526      79712.0   40%       17853.0    yes      13.12
2025-10-29 14:56:00  DREDGECORP   44381      15221.0   50%       32884.0    yes      5.04 
2025-10-29 14:57:00  DREDGECORP   94582      15221.0   50%       70558.0    yes      4.33 
2025-10-29 15:05:00  DREDGECORP   17489      15221.0   50%       13044.0    no       4.35 
2025-10-29 15:06:00  DREDGECORP   102330     15221.0   50%       77602.0    yes      2.63 
