Time                 Symbol       Volume     VolCutoff Criteria   turnover   Days High %UC   
2025-10-30 09:27:00  VSTIND       152266     108540.0  50%       42604.0    yes      10.88
2025-10-30 09:27:00  VAIBHAVGBL   217163     184644.0  50%       60221.0    yes      11.49
2025-10-30 09:27:00  ASALCBR      19367      16810.0   50%       21031.0    yes      15.54
2025-10-30 09:31:00  VSTIND       150169     108540.0  50%       42002.0    yes      10.92
2025-10-30 09:33:00  VSTIND       212939     108540.0  50%       59623.0    yes      10.8 
2025-10-30 09:34:00  INDRAMEDCO   95956      92443.0   40%       54465.0    no       20.47
2025-10-30 09:34:00  ASALCBR      12146      11767.0   35%       13587.0    yes      12.16
2025-10-30 10:03:00  VAIBHAVGBL   232894     184644.0  50%       66349.0    no       8.52 
2025-10-30 10:04:00  VAIBHAVGBL   352264     184644.0  50%       100881.0   yes      7.95 
2025-10-30 10:29:00  ASALCBR      18537      16810.0   50%       21508.0    yes      8.14 
2025-10-30 11:11:00  PASUPTAC     34069      32650.0   50%       1966.0     no       6.9  
2025-10-30 11:13:00  PASUPTAC     38903      32650.0   50%       2267.0     yes      5.89 
2025-10-30 13:17:00  ASALCBR      30640      16810.0   50%       35941.0    yes      6.97 
2025-10-30 13:29:00  ASALCBR      56637      16810.0   50%       68386.0    no       3.91 
2025-10-30 13:38:00  VAIBHAVGBL   133904     129250.0  35%       38578.0    no       7.31 
2025-10-30 13:41:00  XCHANGING    128359     47498.0   50%       12066.0    no       10.24
2025-10-30 13:46:00  VAIBHAVGBL   188909     184644.0  50%       54727.0    no       6.72 
2025-10-30 13:47:00  ASAL         12062      11334.0   35%       6942.0     yes      13.39
2025-10-30 13:47:00  VAIBHAVGBL   575767     184644.0  50%       167548.0   no       6.24 
2025-10-30 13:56:00  XCHANGING    81972      47498.0   50%       7838.0     no       8.38 
2025-10-30 14:05:00  ASALCBR      152992     16810.0   50%       189404.0   yes      1.35 
2025-10-30 14:15:00  XCHANGING    539127     47498.0   50%       54074.0    yes      3.32 
2025-10-30 14:16:00  XCHANGING    1071412    47498.0   50%       108963.0   no       1.9  
2025-10-30 14:17:00  ORIENTALTL   224633     155216.0  50%       2249.0     no       15.68
2025-10-30 14:28:00  XCHANGING    61896      47498.0   50%       6183.0     no       3.73 
2025-10-30 14:47:00  ASALCBR      47862      16810.0   50%       57370.0    no       4.68 
2025-10-30 15:05:00  ASALCBR      30888      16810.0   50%       38125.0    no       1.65 
2025-10-30 15:18:00  ESSARSHPNG   74635      57354.0   50%       3112.0     no       15.35
2025-10-30 15:20:00  ESSARSHPNG   124618     57354.0   50%       5283.0     no       13.47
