Time       Symbol       Volume     VolCutoff  Turnover     %UC                              Link 
09:17      ROLEXRINGS   87822      29551      3235.0     15.84 https://kite.zerodha.com/markets/ext/chart/web/tvc/NSE/ROLEXRINGS/1351425      long:profit:MB
09:17      SHRIPISTON   88106      74672      85265.0    16.04 https://kite.zerodha.com/markets/ext/chart/web/tvc/NSE/SHRIPISTON/4399617      long:profit
09:18      INDIGO       1281797    1179706    959274.0   14.83 https://kite.zerodha.com/markets/ext/chart/web/tvc/NSE/INDIGO/2865921          NA:PNQ 
09:18      ASHOKA       863104     731259     27858.0    14.37 https://kite.zerodha.com/markets/ext/chart/web/tvc/NSE/ASHOKA/5166593          NA:PNQ
09:19      TATAINVEST   160733     95596      26272.0    16.07 https://kite.zerodha.com/markets/ext/chart/web/tvc/NSE/TATAINVEST/414977       NA:PNQ 
09:19      DREDGECORP   36017      30442      1051.0     18.93 https://kite.zerodha.com/markets/ext/chart/web/tvc/NSE/DREDGECORP/2885377      NA:PNQ
09:22      FCL          588988     240450     2809.0     18.87 https://kite.zerodha.com/markets/ext/chart/web/tvc/NSE/FCL/1586689             NA:LV
09:23      ETERNAL      58877347   58658310   107157.0   8.34  https://kite.zerodha.com/markets/ext/chart/web/tvc/NSE/ETERNAL/1304833         NA:PNQ               NA:PS
09:23      SPMLINFRA    964899     778841     12950.0    10.55 https://kite.zerodha.com/markets/ext/chart/web/tvc/NSE/SPMLINFRA/850177        NA:PNQ               NA:PS 
09:28      KESORAMIND   5577153    697719     1940.0     0.0   https://kite.zerodha.com/markets/ext/chart/web/tvc/NSE/KESORAMIND/475905       NA:CTUC 
09:31      MASFIN       126135     122102     6883.0     16.47 https://kite.zerodha.com/markets/ext/chart/web/tvc/NSE/MASFIN/50945            long:loss
09:31      SANDUMA      239960     207220     9307.0     16.9  https://kite.zerodha.com/markets/ext/chart/web/tvc/NSE/SANDUMA/4699905         NA:PNQ               NA:PS
09:32      MCLOUD       5050503    5041965    3821.0     0.75  https://kite.zerodha.com/markets/ext/chart/web/tvc/NSE/MCLOUD/7547393          NA:PNQ 
09:33      HINDCOPPER   5692876    5504832    78100.0    18.4  https://kite.zerodha.com/markets/ext/chart/web/tvc/NSE/HINDCOPPER/4592385      NA:PNQ
09:36      CANFINHOME   207669     199577     7556.0     16.29 https://kite.zerodha.com/markets/ext/chart/web/tvc/NSE/CANFINHOME/149249       NA:PNQ               NA:PS

09:41      TARIL        1289787    1011859    6669.0     15.24 https://kite.zerodha.com/markets/ext/chart/web/tvc/NSE/TARIL/3884545
09:49      LATENTVIEW   422882     412770     17879.0    14.99 https://kite.zerodha.com/markets/ext/chart/web/tvc/NSE/LATENTVIEW/1745409
09:52      ITI          1046552    973395     22062.0    15.07 https://kite.zerodha.com/markets/ext/chart/web/tvc/NSE/ITI/428801
09:55      GENCON       254410     66865      1189.0     15.56 https://kite.zerodha.com/markets/ext/chart/web/tvc/NSE/GENCON/560129
09:59      LGHL         70091      67051      1378.0     10.27 https://kite.zerodha.com/markets/ext/chart/web/tvc/NSE/LGHL/5088257
10:08      THYROCARE    180273     180014     1063.0     18.82 https://kite.zerodha.com/markets/ext/chart/web/tvc/NSE/THYROCARE/4360193

10:17      AXITA        2564057    1899939    5634.0     17.2  https://kite.zerodha.com/markets/ext/chart/web/tvc/NSE/AXITA/2534913            NA:LV 
10:25      RITCO        148904     49663      5959.0     18.38 https://kite.zerodha.com/markets/ext/chart/web/tvc/NSE/RITCO/2289665            NA:LV
10:37      RATNAVEER    483606     341304     4736.0     14.49 https://kite.zerodha.com/markets/ext/chart/web/tvc/NSE/RATNAVEER/4716289        NA:PNQ              NA:PS
10:45      BLSE         156265     73469      5357.0     17.03 https://kite.zerodha.com/markets/ext/chart/web/tvc/NSE/BLSE/5776897             NA:LV
11:08      SEPC         11822758   7265976    12695.0    15.54 https://kite.zerodha.com/markets/ext/chart/web/tvc/NSE/SEPC/3918849             NA:LV
12:07      KMEW         177203     84735      38897.0    13.94 https://kite.zerodha.com/markets/ext/chart/web/tvc/NSE/KMEW/6933505             long:loss
13:24      AONELIQUID   57839      24608      5368.0     4.95  https://kite.zerodha.com/markets/ext/chart/web/tvc/NSE/AONELIQUID/7800833       NA:LV
