Time       Symbol       Volume     VolCutoff  Turnover     %UC                              Link 
09:17      TATAINVEST   172442     95596      67704.0    14.33 https://kite.zerodha.com/markets/ext/chart/web/tvc/NSE/TATAINVEST/414977   long:profit
09:17      PASUPTAC     91803      65299      1662.0     15.99 https://kite.zerodha.com/markets/ext/chart/web/tvc/NSE/PASUPTAC/1547521    long:loss
09:17      BHARTIARTL   36090422   6630619    300717.0   12.82 https://kite.zerodha.com/markets/ext/chart/web/tvc/NSE/BHARTIARTL/2714625  NA:PNQ
09:17      LPDC         715787     26809      1735.0     0.42  https://kite.zerodha.com/markets/ext/chart/web/tvc/NSE/LPDC/4316929        NA:CTUC  
09:18      FINOPB       283281     262751     28408.0    6.93  https://kite.zerodha.com/markets/ext/chart/web/tvc/NSE/FINOPB/1684225      long:loss
09:18      FISCHER      1312861    555545     5891.0     5.47  https://kite.zerodha.com/markets/ext/chart/web/tvc/NSE/FISCHER/193960449   NA:PNQ
09:19      TARSONS      321135     58372      18588.0    16.16 https://kite.zerodha.com/markets/ext/chart/web/tvc/NSE/TARSONS/1777409     long:profit
09:19      ASTEC        734277     43744      71600.0    8.31  https://kite.zerodha.com/markets/ext/chart/web/tvc/NSE/ASTEC/4538369       NA:NE
09:23      SANDUMA      274320     207220     16661.0    16.46 https://kite.zerodha.com/markets/ext/chart/web/tvc/NSE/SANDUMA/4699905     long:loss
09:24      KIRIINDUS    339668     259710     23229.0    18.97 https://kite.zerodha.com/markets/ext/chart/web/tvc/NSE/KIRIINDUS/4259585   NA:PNQ
09:26      BESTAGRO     165122     114987     2659.0     1.32  https://kite.zerodha.com/markets/ext/chart/web/tvc/NSE/BESTAGRO/590337     NA:CTUC
09:26      SAIL         9845926    9830379    65410.0    5.47  https://kite.zerodha.com/markets/ext/chart/web/tvc/NSE/SAIL/758529         ---
09:28      MANGALAM     1030275    33555      16373.0    16.85 https://kite.zerodha.com/markets/ext/chart/web/tvc/NSE/MANGALAM/3025153    NA:LV
09:29      ELGIEQUIP    638771     596504     23005.0    15.91 https://kite.zerodha.com/markets/ext/chart/web/tvc/NSE/ELGIEQUIP/239873    ---
09:33      GARFIBRES    54438      51052      36414.0    18.4  https://kite.zerodha.com/markets/ext/chart/web/tvc/NSE/GARFIBRES/281601    NA:LV
09:34      RPOWER       16166499   15282667   20438.0    15.05 https://kite.zerodha.com/markets/ext/chart/web/tvc/NSE/RPOWER/3906305      ----
09:34      SAMMAANCAP   13110122   12967871   33471.0    5.73  https://kite.zerodha.com/markets/ext/chart/web/tvc/NSE/SAMMAANCAP/7712001  NA:NE
09:35      GANECOS      61784      51112      12171.0    13.36 https://kite.zerodha.com/markets/ext/chart/web/tvc/NSE/GANECOS/1777665     long:loss
09:36      CENTURYPLY   96473      93315      3736.0     17.51 https://kite.zerodha.com/markets/ext/chart/web/tvc/NSE/CENTURYPLY/3406081  NA:PNQ
09:38      GENCON       181363     66865      1328.0     17.98 https://kite.zerodha.com/markets/ext/chart/web/tvc/NSE/GENCON/560129       NA:LV
09:39      GRAVITA      326634     289052     19279.0    16.26 https://kite.zerodha.com/markets/ext/chart/web/tvc/NSE/GRAVITA/5256705     NA:PS

09:42      IOB          6078802    5805869    18885.0    16.18 https://kite.zerodha.com/markets/ext/chart/web/tvc/NSE/IOB/2393089
09:42      TARIL        1074123    1011859    31178.0    10.08 https://kite.zerodha.com/markets/ext/chart/web/tvc/NSE/TARIL/3884545
09:43      SGFIN        70737      70033      1021.0     16.83 https://kite.zerodha.com/markets/ext/chart/web/tvc/NSE/SGFIN/194266369
09:46      CAPTRUST     861743     21613      11728.0    1.0   https://kite.zerodha.com/markets/ext/chart/web/tvc/NSE/CAPTRUST/4978433
09:49      MANINDS      470869     467342     7841.0     16.29 https://kite.zerodha.com/markets/ext/chart/web/tvc/NSE/MANINDS/3042305
09:50      ROSSTECH     309855     265474     37406.0    5.91  https://kite.zerodha.com/markets/ext/chart/web/tvc/NSE/ROSSTECH/7002369
09:53      GOKULAGRO    392784     390854     12842.0    14.82 https://kite.zerodha.com/markets/ext/chart/web/tvc/NSE/GOKULAGRO/3706881
09:58      RRKABEL      118005     114825     4978.0     16.18 https://kite.zerodha.com/markets/ext/chart/web/tvc/NSE/RRKABEL/4752897
10:04      NATCOPHARM   625676     614993     35755.0    14.29 https://kite.zerodha.com/markets/ext/chart/web/tvc/NSE/NATCOPHARM/1003009
10:05      TVSELECT     56622      39170      1219.0     17.25 https://kite.zerodha.com/markets/ext/chart/web/tvc/NSE/TVSELECT/2883841
10:10      IGARASHI     98432      96913      4632.0     9.71  https://kite.zerodha.com/markets/ext/chart/web/tvc/NSE/IGARASHI/162305
10:12      PSUBNKBEES   2167924    1882845    49614.0    16.17 https://kite.zerodha.com/markets/ext/chart/web/tvc/NSE/PSUBNKBEES/3848193

10:16      TIRUPATIFL   445426     175588     1414.0     13.05 https://kite.zerodha.com/markets/ext/chart/web/tvc/NSE/TIRUPATIFL/5704193   NA:PS
10:22      WEBELSOLAR   354322     221476     1616.0     18.27 https://kite.zerodha.com/markets/ext/chart/web/tvc/NSE/WEBELSOLAR/3738113   NA:LV
10:25      ADANIPORTS   2130807    1795538    59119.0    8.09  https://kite.zerodha.com/markets/ext/chart/web/tvc/NSE/ADANIPORTS/3861249   NA:SS
10:29      UJJIVANSFB   8516208    7779247    4754.0     16.6  https://kite.zerodha.com/markets/ext/chart/web/tvc/NSE/UJJIVANSFB/3898369   NA:LV
10:30      HARDWYN      513489     463638     1685.0     17.91 https://kite.zerodha.com/markets/ext/chart/web/tvc/NSE/HARDWYN/2294273      long:profit
10:40      MGEL         1687394    994734     1863.0     10.19 https://kite.zerodha.com/markets/ext/chart/web/tvc/NSE/MGEL/407809          NA:LV 
10:55      CARBORUNIV   355152     304601     20566.0    12.42 https://kite.zerodha.com/markets/ext/chart/web/tvc/NSE/CARBORUNIV/152321    long:profit
11:14      INDOUS       91568      44120      1127.0     0.0   https://kite.zerodha.com/markets/ext/chart/web/tvc/NSE/INDOUS/6528769       NA:CTUC
11:21      BLSE         162770     73469      17676.0    18.14 https://kite.zerodha.com/markets/ext/chart/web/tvc/NSE/BLSE/5776897         NA:PNQ 
11:26      RMDRIP       136005     42901      1888.0     18.67 https://kite.zerodha.com/markets/ext/chart/web/tvc/NSE/RMDRIP/194005505     NA:LV
11:27      INDOWIND     514465     165024     1056.0     12.19 https://kite.zerodha.com/markets/ext/chart/web/tvc/NSE/INDOWIND/3827713     long:profit:MB
11:28      SMSPHARMA    1373435    682048     3468.0     8.82  https://kite.zerodha.com/markets/ext/chart/web/tvc/NSE/SMSPHARMA/3668225    long:profit:MB  
11:35      BIGBLOC      417614     94505      1873.0     9.95  https://kite.zerodha.com/markets/ext/chart/web/tvc/NSE/BIGBLOC/4718337      long:profit
12:24      RESPONIND    214134     68698      7470.0     8.77  https://kite.zerodha.com/markets/ext/chart/web/tvc/NSE/RESPONIND/5202689    long:profit
13:24      SANDHAR      202204     95506      5106.0     12.73 https://kite.zerodha.com/markets/ext/chart/web/tvc/NSE/SANDHAR/613633       long:profit
13:27      ORCHPHARMA   167715     73229      8364.0     13.51 https://kite.zerodha.com/markets/ext/chart/web/tvc/NSE/ORCHPHARMA/237057    NA:NE
13:35      MOREALTY     712601     332373     45657.0    16.59 https://kite.zerodha.com/markets/ext/chart/web/tvc/NSE/MOREALTY/5935105     NA:LV
13:45      GICRE        1745494    915998     404969.0   17.49 https://kite.zerodha.com/markets/ext/chart/web/tvc/NSE/GICRE/70913          NA:LV
13:55      MULTICAP     378773     265864     4916.0     18.75 https://kite.zerodha.com/markets/ext/chart/web/tvc/NSE/MULTICAP/6420481     NA:LV

