Time       Symbol       Volume     VolCutoff  Turnover     %UC                              Link 
09:18      NEOGEN       124020     43242      49919.0    18.32 https://kite.zerodha.com/markets/ext/chart/web/tvc/NSE/NEOGEN/2538753         NA:PNQ
09:18      TARIL        1306830    1011859    125399.0   12.16 https://kite.zerodha.com/markets/ext/chart/web/tvc/NSE/TARIL/3884545          long:profit
09:18      ASTEC        45113      43744      1847.0     10.22 https://kite.zerodha.com/markets/ext/chart/web/tvc/NSE/ASTEC/4538369          NA:PNQ
09:21      SANDUMA      208741     207220     19302.0    17.65 https://kite.zerodha.com/markets/ext/chart/web/tvc/NSE/SANDUMA/4699905        long:profit:MB 
09:21      DSSL         25129      22646      6111.0     11.79 https://kite.zerodha.com/markets/ext/chart/web/tvc/NSE/DSSL/6576641           long:profit:MB 
09:22      DREDGECORP   139303     30442      11627.0    15.84 https://kite.zerodha.com/markets/ext/chart/web/tvc/NSE/DREDGECORP/2885377     NA:PNQ                              NA:PS 
09:22      KAYNES       634873     570385     284241.0   6.79  https://kite.zerodha.com/markets/ext/chart/web/tvc/NSE/KAYNES/3095553         NA:PNQ
09:24      HINDZINC     2603315    2482111    78175.0    7.1   https://kite.zerodha.com/markets/ext/chart/web/tvc/NSE/HINDZINC/364545        long:profit
09:31      HUBTOWN      2208477    1232170    17607.0    8.86  https://kite.zerodha.com/markets/ext/chart/web/tvc/NSE/HUBTOWN/3635969        NA:PNQ 
09:32      SOUTHBANK    7395149    7088111    39294.0    16.74 https://kite.zerodha.com/markets/ext/chart/web/tvc/NSE/SOUTHBANK/1522689      long:loss
09:33      HINDCOPPER   5627946    5504832    69586.0    15.35 https://kite.zerodha.com/markets/ext/chart/web/tvc/NSE/HINDCOPPER/4592385     long:loss         
09:33      TEJASNET     1062992    978254     83304.0    12.34 https://kite.zerodha.com/markets/ext/chart/web/tvc/NSE/TEJASNET/5409537       NA:PNQ 
09:40      MMTC         969628     898992     5613.0     17.49 https://kite.zerodha.com/markets/ext/chart/web/tvc/NSE/MMTC/4596993           NA:PNQ

09:41      SPARC        301197     231286     4187.0     18.75 https://kite.zerodha.com/markets/ext/chart/web/tvc/NSE/SPARC/3785729          
09:41      MOREALTY     421037     332373     25818.0    17.64 https://kite.zerodha.com/markets/ext/chart/web/tvc/NSE/MOREALTY/5935105
09:48      RBA          1251333    1174518    6988.0     17.95 https://kite.zerodha.com/markets/ext/chart/web/tvc/NSE/RBA/382465
09:48      SMCGLOBAL    118699     76429      3872.0     17.64 https://kite.zerodha.com/markets/ext/chart/web/tvc/NSE/SMCGLOBAL/593921
09:52      ONEPOINT     429102     418933     1375.0     17.23 https://kite.zerodha.com/markets/ext/chart/web/tvc/NSE/ONEPOINT/2544385
09:53      ROLEXRINGS   1086516    29551      2041.0     18.95 https://kite.zerodha.com/markets/ext/chart/web/tvc/NSE/ROLEXRINGS/1351425
09:56      VENKEYS      53812      53148      1479.0     18.62 https://kite.zerodha.com/markets/ext/chart/web/tvc/NSE/VENKEYS/961793
09:56      RAMCOSYS     56913      43883      1102.0     18.48 https://kite.zerodha.com/markets/ext/chart/web/tvc/NSE/RAMCOSYS/2009857
09:56      HONASA       2007989    951341     13675.0    16.34 https://kite.zerodha.com/markets/ext/chart/web/tvc/NSE/HONASA/5072129
09:59      PFOCUS       2690239    2673454    5037.0     18.47 https://kite.zerodha.com/markets/ext/chart/web/tvc/NSE/PFOCUS/3454977
10:03      RICOAUTO     9233951    5596831    58537.0    18.99 https://kite.zerodha.com/markets/ext/chart/web/tvc/NSE/RICOAUTO/744705
10:04      DHAMPURSUG   226838     209725     2307.0     15.52 https://kite.zerodha.com/markets/ext/chart/web/tvc/NSE/DHAMPURSUG/219393
10:04      SHAREINDIA   377924     356603     7356.0     2.28  https://kite.zerodha.com/markets/ext/chart/web/tvc/NSE/SHAREINDIA/26625
10:05      JKLAKSHMI    248266     157284     178189.0   18.8  https://kite.zerodha.com/markets/ext/chart/web/tvc/NSE/JKLAKSHMI/3453697
10:09      SANGAMIND    104857     33386      4857.0     18.54 https://kite.zerodha.com/markets/ext/chart/web/tvc/NSE/SANGAMIND/1071105
10:13      GESHIP       755623     258050     5011.0     18.64 https://kite.zerodha.com/markets/ext/chart/web/tvc/NSE/GESHIP/3526657

10:17      INFOBEAN     209827     201052     10149.0    8.5   https://kite.zerodha.com/markets/ext/chart/web/tvc/NSE/INFOBEAN/2822913           ----                        NA:PS
10:21      HARDWYN      675166     463638     1365.0     12.48 https://kite.zerodha.com/markets/ext/chart/web/tvc/NSE/HARDWYN/2294273            NA:LV
10:25      UTKARSHBNK   2041660    1434809    1132.0     18.89 https://kite.zerodha.com/markets/ext/chart/web/tvc/NSE/UTKARSHBNK/4443649         NA:LV 
10:44      SCHNEIDER    183715     114722     101282.0   18.09 https://kite.zerodha.com/markets/ext/chart/web/tvc/NSE/SCHNEIDER/7995905          NA:SS
10:58      SHAKTIPUMP   7478779    615247     203790.0   18.55 https://kite.zerodha.com/markets/ext/chart/web/tvc/NSE/SHAKTIPUMP/6546945         NA:PNQ
11:06      LOKESHMACH   120014     62135      1273.0     8.62  https://kite.zerodha.com/markets/ext/chart/web/tvc/NSE/LOKESHMACH/3439617         long:profit
11:22      ANANTRAJ     5673722    2702027    48038.0    12.02 https://kite.zerodha.com/markets/ext/chart/web/tvc/NSE/ANANTRAJ/3486721           NA:PNQ
11:23      JUNIPER      161223     104056     2590.0     2.1   https://kite.zerodha.com/markets/ext/chart/web/tvc/NSE/JUNIPER/5842945            NA:LV 
11:36      SGMART       236809     166148     1500.0     18.45 https://kite.zerodha.com/markets/ext/chart/web/tvc/NSE/SGMART/194275585           NA:LV   
11:53      SHILPAMED    187501     60022      9542.0     18.95 https://kite.zerodha.com/markets/ext/chart/web/tvc/NSE/SHILPAMED/4544513          NA:LV
12:17      VIPULLTD     760556     339630     1031.0     7.79  https://kite.zerodha.com/markets/ext/chart/web/tvc/NSE/VIPULLTD/2156545           NA:LV 
12:47      WALCHANNAG   339860     115596     5350.0     16.11 https://kite.zerodha.com/markets/ext/chart/web/tvc/NSE/WALCHANNAG/956417          long:profit:MB
12:47      DOLATALGO    1074831    250022     2190.0     16.84 https://kite.zerodha.com/markets/ext/chart/web/tvc/NSE/DOLATALGO/3103745          NA:PNQ  
12:54      CAMLINFINE   530197     384966     13150.0    8.71  https://kite.zerodha.com/markets/ext/chart/web/tvc/NSE/CAMLINFINE/1591297         long:loss
13:47      FISCHER      805274     555545     19959.0    0.0   https://kite.zerodha.com/markets/ext/chart/web/tvc/NSE/FISCHER/193960449          NA:LV
 