Time       Symbol       Volume     VolCutoff  Turnover     %UC                              Link 
09:18      ROLEXRINGS   91058      29551      2490.0     17.88 https://kite.zerodha.com/markets/ext/chart/web/tvc/NSE/ROLEXRINGS/1351425      NA:PNQ
09:18      SMCGLOBAL    213301     76429      1577.0     16.6  https://kite.zerodha.com/markets/ext/chart/web/tvc/NSE/SMCGLOBAL/593921        NA:PNQ
09:18      DREDGECORP   32519      30442      8687.0     18.79 https://kite.zerodha.com/markets/ext/chart/web/tvc/NSE/DREDGECORP/2885377      NA:PNQ
09:18      PATELENG     6141446    2651738    23264.0    17.92 https://kite.zerodha.com/markets/ext/chart/web/tvc/NSE/PATELENG/2994945        NA:PNQ
09:18      WEBELSOLAR   1049876    221476     35399.0    11.5  https://kite.zerodha.com/markets/ext/chart/web/tvc/NSE/WEBELSOLAR/3738113      long:profit
09:18      SANDUMA      599224     207220     16358.0    18.13 https://kite.zerodha.com/markets/ext/chart/web/tvc/NSE/SANDUMA/4699905         long:profit:MB
09:19      ROTO         282482     244706     6258.0     18.86 https://kite.zerodha.com/markets/ext/chart/web/tvc/NSE/ROTO/2316545            NA:PNQ
09:20      AJANTPHARM   141263     94986      57670.0    15.78 https://kite.zerodha.com/markets/ext/chart/web/tvc/NSE/AJANTPHARM/2079745      long:profit
09:22      TTML         1466643    772913     41202.0    14.85 https://kite.zerodha.com/markets/ext/chart/web/tvc/NSE/TTML/2292225            NA:PNQ
09:22      SHAKTIPUMP   623002     615247     93280.0    17.12 https://kite.zerodha.com/markets/ext/chart/web/tvc/NSE/SHAKTIPUMP/6546945      NA:PNQ
09:23      VIPIND       706609     397794     81310.0    13.82 https://kite.zerodha.com/markets/ext/chart/web/tvc/NSE/VIPIND/947969           long:profit:MB
09:24      HCC          3947488    3867847    4599.0     18.54 https://kite.zerodha.com/markets/ext/chart/web/tvc/NSE/HCC/352001              NA:PNQ
09:28      HINDZINC     2512954    2482111    50853.0    7.75  https://kite.zerodha.com/markets/ext/chart/web/tvc/NSE/HINDZINC/364545         NA:NE 
09:28      JINDRILL     124757     113338     15164.0    14.63 https://kite.zerodha.com/markets/ext/chart/web/tvc/NSE/JINDRILL/3552001        NA:LV
09:28      KNRCON       2604541    2423291    41383.0    10.28 https://kite.zerodha.com/markets/ext/chart/web/tvc/NSE/KNRCON/3912449          long:loss
09:29      SPARC        246562     231286     2134.0     18.28 https://kite.zerodha.com/markets/ext/chart/web/tvc/NSE/SPARC/3785729           NA:LV
09:29      HINDCOPPER   5525050    5504832    85722.0    16.76 https://kite.zerodha.com/markets/ext/chart/web/tvc/NSE/HINDCOPPER/4592385      long:profit
09:29      COALINDIA    5450704    5433040    69913.0    7.17  https://kite.zerodha.com/markets/ext/chart/web/tvc/NSE/COALINDIA/5215745       NA:NE
09:30      JBMA         2441636    2343675    115317.0   9.95  https://kite.zerodha.com/markets/ext/chart/web/tvc/NSE/JBMA/2983681            long:loss
09:33      MANAPPURAM   3944602    3883529    56456.0    6.15  https://kite.zerodha.com/markets/ext/chart/web/tvc/NSE/MANAPPURAM/4879617      long:profit
09:34      RBA          1177911    1174518    2441.0     18.72 https://kite.zerodha.com/markets/ext/chart/web/tvc/NSE/RBA/382465              NA:PNQ
09:36      KOPRAN       613630     225828     9821.0     18.61 https://kite.zerodha.com/markets/ext/chart/web/tvc/NSE/KOPRAN/491265           NA:LV 
09:36      RPOWER       15354277   15282667   12397.0    17.94 https://kite.zerodha.com/markets/ext/chart/web/tvc/NSE/RPOWER/3906305          NA:PNQ
09:38      WHEELS       31939      28483      1376.0     18.07 https://kite.zerodha.com/markets/ext/chart/web/tvc/NSE/WHEELS/964097           NA:LV
09:38      NDTV         168859     78365      2101.0     18.54 https://kite.zerodha.com/markets/ext/chart/web/tvc/NSE/NDTV/2925313            NA:LV

09:50      BELRISE      13345126   13289239   82410.0    15.57 https://kite.zerodha.com/markets/ext/chart/web/tvc/NSE/BELRISE/193818113
09:51      MOIL         713800     697106     9993.0     15.27 https://kite.zerodha.com/markets/ext/chart/web/tvc/NSE/MOIL/5332481
09:52      BALAJITELE   163883     113139     1375.0     16.39 https://kite.zerodha.com/markets/ext/chart/web/tvc/NSE/BALAJITELE/2344449
09:52      INOXGREEN    735466     727315     1591.0     16.93 https://kite.zerodha.com/markets/ext/chart/web/tvc/NSE/INOXGREEN/3120129
09:59      GODAVARIB    204481     59277      4829.0     12.31 https://kite.zerodha.com/markets/ext/chart/web/tvc/NSE/GODAVARIB/6640897
10:05      SULA         1188059    1148835    8541.0     11.26 https://kite.zerodha.com/markets/ext/chart/web/tvc/NSE/SULA/3383809
10:06      GUJTHEM      183442     175182     6461.0     14.22 https://kite.zerodha.com/markets/ext/chart/web/tvc/NSE/GUJTHEM/7611137
10:08      PREMIERENE   1039558    985256     8825.0     17.19 https://kite.zerodha.com/markets/ext/chart/web/tvc/NSE/PREMIERENE/6412545
10:10      CAMS         340791     340743     1328.0     8.46  https://kite.zerodha.com/markets/ext/chart/web/tvc/NSE/CAMS/87553
10:10      NUVAMA       196217     134022     13053.0    6.77  https://kite.zerodha.com/markets/ext/chart/web/tvc/NSE/NUVAMA/4792577
10:12      SAPPHIRE     599534     577814     6345.0     16.18 https://kite.zerodha.com/markets/ext/chart/web/tvc/NSE/SAPPHIRE/1719809
10:14      NAZARA       1683221    1629675    35703.0    15.76 https://kite.zerodha.com/markets/ext/chart/web/tvc/NSE/NAZARA/764673

10:15      MMTC         972458     898992     8792.0     15.65 https://kite.zerodha.com/markets/ext/chart/web/tvc/NSE/MMTC/4596993           long:loss
10:18      BAJAJINDEF   40290      37069      2606.0     11.16 https://kite.zerodha.com/markets/ext/chart/web/tvc/NSE/BAJAJINDEF/7597569     NA:LV 
10:26      BLSE         88062      73469      3260.0     17.29 https://kite.zerodha.com/markets/ext/chart/web/tvc/NSE/BLSE/5776897           NA:PNQ
10:53      QUADFUTURE   6021684    713072     87477.0    18.96 https://kite.zerodha.com/markets/ext/chart/web/tvc/NSE/QUADFUTURE/7446273     NA:PNQ
11:04      GILLETTE     37615      26038      18356.0    15.48 https://kite.zerodha.com/markets/ext/chart/web/tvc/NSE/GILLETTE/403457        NA:PNQ
11:09      DCXINDIA     2632526    1011529    38297.0    17.2  https://kite.zerodha.com/markets/ext/chart/web/tvc/NSE/DCXINDIA/3045121       NA:PNQ
11:26      KERNEX       126131     64184      17523.0    16.59 https://kite.zerodha.com/markets/ext/chart/web/tvc/NSE/KERNEX/3358977         NA:PNQ
11:40      SKFINDIA     87813      33652      92506.0    18.4  https://kite.zerodha.com/markets/ext/chart/web/tvc/NSE/SKFINDIA/815617        NA:LV
11:49      IDEAFORGE    875065     547599     16041.0    15.38 https://kite.zerodha.com/markets/ext/chart/web/tvc/NSE/IDEAFORGE/4387841      NA:PNQ
12:01      GENESYS      276932     147151     1997.0     13.25 https://kite.zerodha.com/markets/ext/chart/web/tvc/NSE/GENESYS/2791681        NA:PNQ
12:04      VLSFINANCE   44445      22560      1387.0     13.63 https://kite.zerodha.com/markets/ext/chart/web/tvc/NSE/VLSFINANCE/951041      NA:LV
12:11      BAJAJHCARE   169436     131053     1454.0     15.5  https://kite.zerodha.com/markets/ext/chart/web/tvc/NSE/BAJAJHCARE/1756929     NA:LV
12:35      CASTROLIND   3604170    1534850    77937.0    17.97 https://kite.zerodha.com/markets/ext/chart/web/tvc/NSE/CASTROLIND/320001      long:profit
12:35      HATSUN       663194     80475      2128.0     17.52 https://kite.zerodha.com/markets/ext/chart/web/tvc/NSE/HATSUN/996353          NA:LV
12:55      SHREEJISPG   3467895    1951069    71636.0    1.35  https://kite.zerodha.com/markets/ext/chart/web/tvc/NSE/SHREEJISPG/194418689   NA:LV
13:43      SIMPLEXINF   168895     119489     33314.0    13.11 https://kite.zerodha.com/markets/ext/chart/web/tvc/NSE/SIMPLEXINF/809473      NA:LV
13:45      ONEPOINT     2052635    418933     2693.0     18.86 https://kite.zerodha.com/markets/ext/chart/web/tvc/NSE/ONEPOINT/2544385       NA:LV
13:59      ZEEMEDIA     16193611   1930103    1316.0     16.26 https://kite.zerodha.com/markets/ext/chart/web/tvc/NSE/ZEEMEDIA/3584769       NA:LV

