Time                 Symbol       Volume     VolCutoff Criteria   turnover   Days High %UC   
2025-10-23 09:22:00  ROLEXRINGS   124603     29551     UV        399.0      yes      16.78
2025-10-23 09:22:00  SOUTHBANK    17146758   7088111   UV        55894.0    no       17.71
2025-10-23 09:22:00  COASTCORP    474460     120772    UV        533.0      yes      0.0  
2025-10-23 09:22:00  SHAREINDIA   699056     356603    UV        6465.0     no       14.73
2025-10-23 09:22:00  GFLLIMITED   110092     44324     UV        536.0      no       22.28
2025-10-23 09:22:00  TATAINVEST   1603655    95596     UV        85670.0    no       21.95
2025-10-23 09:22:00  GULPOLY      486268     80537     UV        9733.0     no       10.72
2025-10-23 09:22:00  GOKEX        785517     603322    UV        30828.0    no       9.7  
2025-10-23 09:22:00  UNIPARTS     163896     116282    UV        4865.0     no       27.11
2025-10-23 09:22:00  BHAGERIA     469104     60321     UV        16134.0    yes      9.49 
2025-10-23 09:22:00  SKYGOLD      1282791    1242468   UV        21692.0    no       21.48
2025-10-23 09:22:00  DCBBANK      4675624    1414703   UV        69309.0    no       20.46
2025-10-23 09:22:00  GOLDBEES     24479875   16887903  UV        102618.0   no       26.56
2025-10-23 09:22:00  LEXUS        255146     33122     UV        998.0      no       4.89 
2025-10-23 09:22:00  CEATLTD      246063     140723    UV        83855.0    no       18.68
2025-10-23 09:22:00  LATTEYS      337580     73953     UV        1259.0     no       6.9  
2025-10-23 09:22:00  ADANIPOWER   6398072    4874342   UV        52389.0    no       21.19
2025-10-23 09:22:00  POKARNA      240905     125982    UV        14545.0    no       11.0 
2025-10-23 09:22:00  SANDUMA      555378     207220    UV        11987.0    no       23.17
2025-10-23 09:22:00  RAJRATAN     188290     98951     UV        16199.0    yes      18.98
2025-10-23 09:22:00  ITETF        376851     346668    UV        797.0      no       17.91
2025-10-23 09:22:00  TATSILV      15821030   6959738   UV        9976.0     no       28.98
2025-10-23 09:22:00  GROWWSLVR    338305     170913    UV        1900.0     no       34.57
2025-10-23 09:22:00  RMDRIP       67762      42901     UV        0.0        no       18.43
2025-10-23 09:22:00  GROWWLIQID   449577     211389    UV        106.0      yes      4.95 
2025-10-23 09:22:00  TIJARIA      59309      30876     UV        186.0      no       4.48 
2025-10-23 09:22:00  VSSL         256902     63597     UV        3141.0     no       15.49
2025-10-23 09:22:00  KITEX        1201526    1090373   UV        17927.0    no       7.52 
2025-10-23 09:23:00  ROLEXRINGS   132761     29551     UV        1039.0     yes      16.97
2025-10-23 09:23:00  SOUTHBANK    18727910   7088111   UV        61870.0    no       19.09
2025-10-23 09:23:00  COASTCORP    477798     120772    UV        150.0      yes      0.0  
2025-10-23 09:23:00  SHAREINDIA   784923     356603    UV        16915.0    no       14.89
2025-10-23 09:23:00  GFLLIMITED   116493     44324     UV        482.0      no       22.91
2025-10-23 09:23:00  TATAINVEST   1726491    95596     UV        104779.0   no       23.09
2025-10-23 09:23:00  SIKKO        41449      39710     UV        321.0      no       13.87
2025-10-23 09:23:00  GULPOLY      522170     80537     UV        5589.0     no       9.22 
2025-10-23 09:23:00  GOKEX        850467     603322    UV        56442.0    no       9.93 
2025-10-23 09:23:00  UNIPARTS     174356     116282    UV        5119.0     no       26.79
2025-10-23 09:23:00  BHAGERIA     518145     60321     UV        10453.0    yes      9.59 
2025-10-23 09:23:00  SKYGOLD      1365762    1242468   UV        29782.0    no       21.16
2025-10-23 09:23:00  DCBBANK      5005290    1414703   UV        51530.0    no       21.34
2025-10-23 09:23:00  GOLDBEES     26517267   16887903  UV        204595.0   no       25.87
2025-10-23 09:23:00  LEXUS        283591     33122     UV        1073.0     no       5.65 
2025-10-23 09:23:00  CEATLTD      274204     140723    UV        121870.0   no       18.86
2025-10-23 09:23:00  LATTEYS      355781     73953     UV        619.0      no       8.38 
2025-10-23 09:23:00  ADANIPOWER   6953556    4874342   UV        93816.0    no       21.34
2025-10-23 09:23:00  POKARNA      253931     125982    UV        11450.0    no       9.99 
2025-10-23 09:23:00  SANDUMA      587223     207220    UV        6996.0     no       23.24
2025-10-23 09:23:00  RAJRATAN     206216     98951     UV        7359.0     no       20.93
2025-10-23 09:23:00  ITETF        387856     346668    UV        412.0      no       17.76
2025-10-23 09:23:00  TATSILV      16502425   6959738   UV        9485.0     no       29.17
2025-10-23 09:23:00  GROWWSLVR    355966     170913    UV        2464.0     no       34.26
2025-10-23 09:23:00  RMDRIP       67892      42901     UV        9.0        no       18.39
2025-10-23 09:23:00  GROWWLIQID   454077     211389    UV        478.0      yes      4.96 
2025-10-23 09:23:00  TIJARIA      59309      30876     UV        0.0        no       4.48 
2025-10-23 09:23:00  VSSL         273002     63597     UV        4989.0     no       14.8 
2025-10-23 09:23:00  KITEX        1282832    1090373   UV        16926.0    no       7.66 
2025-10-23 09:24:00  ROLEXRINGS   137207     29551     UV        565.0      no       17.15
2025-10-23 09:24:00  SOUTHBANK    20923193   7088111   UV        85440.0    no       19.73
2025-10-23 09:24:00  COASTCORP    488050     120772    UV        459.0      yes      0.0  
2025-10-23 09:24:00  SHAREINDIA   884403     356603    UV        19553.0    no       15.15
2025-10-23 09:24:00  GFLLIMITED   120986     44324     UV        337.0      no       23.4 
2025-10-23 09:24:00  HIMATSEIDE   688103     682818    UV        2138.0     no       13.25
2025-10-23 09:24:00  TATAINVEST   1842519    95596     UV        98856.0    no       23.24
2025-10-23 09:24:00  SIKKO        43954      39710     UV        273.0      no       13.95
2025-10-23 09:24:00  GULPOLY      557474     80537     UV        5472.0     no       9.69 
2025-10-23 09:24:00  GOKEX        884900     603322    UV        29934.0    no       9.88 
2025-10-23 09:24:00  UNIPARTS     181745     116282    UV        3612.0     no       26.94
2025-10-23 09:24:00  BHAGERIA     604954     60321     UV        18786.0    yes      7.94 
2025-10-23 09:24:00  SKYGOLD      1385353    1242468   UV        7053.0     no       20.81
2025-10-23 09:24:00  DCBBANK      5251239    1414703   UV        38393.0    no       21.51
2025-10-23 09:24:00  GOLDBEES     28096510   16887903  UV        158730.0   no       25.76
2025-10-23 09:24:00  LEXUS        316961     33122     UV        1247.0     no       6.66 
2025-10-23 09:24:00  CEATLTD      305803     140723    UV        137042.0   no       18.69
2025-10-23 09:24:00  LATTEYS      382068     73953     UV        900.0      no       7.62 
2025-10-23 09:24:00  ADANIPOWER   7207404    4874342   UV        42880.0    no       21.32
2025-10-23 09:24:00  POKARNA      266858     125982    UV        11265.0    no       10.95
2025-10-23 09:24:00  SANDUMA      666559     207220    UV        17390.0    no       23.52
2025-10-23 09:24:00  RAJRATAN     218125     98951     UV        4883.0     no       21.07
2025-10-23 09:24:00  ITETF        390028     346668    UV        81.0       no       17.66
2025-10-23 09:24:00  TATSILV      17071792   6959738   UV        7937.0     no       28.98
2025-10-23 09:24:00  GROWWSLVR    385443     170913    UV        4147.0     no       33.16
2025-10-23 09:24:00  RMDRIP       67936      42901     UV        3.0        no       18.37
2025-10-23 09:24:00  GROWWLIQID   454077     211389    UV        0.0        yes      4.96 
2025-10-23 09:24:00  TIJARIA      65599      30876     UV        43.0       yes      1.45 
2025-10-23 09:24:00  VSSL         278595     63597     UV        1726.0     no       15.24
2025-10-23 09:24:00  KITEX        1336598    1090373   UV        11152.0    no       8.06 
2025-10-23 09:25:00  ROLEXRINGS   138438     29551     UV        157.0      yes      17.06
2025-10-23 09:25:00  SOUTHBANK    22484035   7088111   UV        60561.0    no       20.1 
2025-10-23 09:25:00  COASTCORP    491307     120772    UV        146.0      yes      0.0  
2025-10-23 09:25:00  SHAREINDIA   922854     356603    UV        7597.0     no       14.56
2025-10-23 09:25:00  GFLLIMITED   129857     44324     UV        656.0      no       25.07
2025-10-23 09:25:00  HIMATSEIDE   717313     682818    UV        3659.0     no       12.91
2025-10-23 09:25:00  TATAINVEST   1987621    95596     UV        122611.0   no       24.26
2025-10-23 09:25:00  SIKKO        46027      39710     UV        226.0      no       13.87
2025-10-23 09:25:00  GULPOLY      567026     80537     UV        1478.0     no       9.9  
2025-10-23 09:25:00  DHANBANK     633380     607441    UV        1613.0     no       21.67
2025-10-23 09:25:00  GOKEX        914893     603322    UV        26064.0    no       9.93 
2025-10-23 09:25:00  UNIPARTS     187800     116282    UV        2956.0     no       27.1 
2025-10-23 09:25:00  BHAGERIA     661723     60321     UV        12176.0    no       8.9  
2025-10-23 09:25:00  SKYGOLD      1439379    1242468   UV        19233.0    no       22.16
2025-10-23 09:25:00  DCBBANK      5442482    1414703   UV        29729.0    no       22.01
2025-10-23 09:25:00  GOLDBEES     29162780   16887903  UV        107245.0   no       25.67
2025-10-23 09:25:00  LEXUS        350744     33122     UV        1276.0     no       5.53 
2025-10-23 09:25:00  CEATLTD      315428     140723    UV        41756.0    no       18.65
2025-10-23 09:25:00  LATTEYS      396635     73953     UV        502.0      no       6.93 
2025-10-23 09:25:00  ADANIPOWER   7524248    4874342   UV        53477.0    no       21.42
2025-10-23 09:25:00  POKARNA      272635     125982    UV        5055.0     no       10.5 
2025-10-23 09:25:00  SANDUMA      686427     207220    UV        4361.0     no       23.35
2025-10-23 09:25:00  RAJRATAN     223770     98951     UV        2304.0     no       21.64
2025-10-23 09:25:00  ITETF        418146     346668    UV        1054.0     no       17.6 
2025-10-23 09:25:00  TATSILV      17643885   6959738   UV        8004.0     no       28.52
2025-10-23 09:25:00  GROWWSLVR    404859     170913    UV        2721.0     no       33.68
2025-10-23 09:25:00  RMDRIP       70934      42901     UV        217.0      no       18.47
2025-10-23 09:25:00  GROWWLIQID   454077     211389    UV        0.0        yes      4.96 
2025-10-23 09:25:00  TIJARIA      66599      30876     UV        7.0        no       3.86 
2025-10-23 09:25:00  VSSL         302345     63597     UV        7378.0     no       14.5 
2025-10-23 09:25:00  KITEX        1399747    1090373   UV        13059.0    no       8.39 
2025-10-23 09:26:00  ROLEXRINGS   139196     29551     UV        96.0       yes      16.97
2025-10-23 09:26:00  SOUTHBANK    23641773   7088111   UV        44874.0    no       20.23
2025-10-23 09:26:00  COASTCORP    495611     120772    UV        193.0      yes      0.0  
2025-10-23 09:26:00  SHAREINDIA   952096     356603    UV        5771.0     no       14.68
2025-10-23 09:26:00  GFLLIMITED   141447     44324     UV        865.0      no       24.06
2025-10-23 09:26:00  HIMATSEIDE   731311     682818    UV        1749.0     no       13.19
2025-10-23 09:26:00  TATAINVEST   2318306    95596     UV        280421.0   no       23.82
2025-10-23 09:26:00  SIKKO        47116      39710     UV        119.0      no       13.58
2025-10-23 09:26:00  GULPOLY      585191     80537     UV        2809.0     no       9.95 
2025-10-23 09:26:00  VARDHACRLC   58368      45557     UV        695.0      no       18.82
2025-10-23 09:26:00  DHANBANK     638784     607441    UV        144.0      no       21.44
2025-10-23 09:26:00  GOKEX        953837     603322    UV        33836.0    no       9.94 
2025-10-23 09:26:00  UNIPARTS     197227     116282    UV        4600.0     no       27.15
2025-10-23 09:26:00  BHAGERIA     705339     60321     UV        9380.0     yes      8.62 
2025-10-23 09:26:00  SKYGOLD      1447166    1242468   UV        2764.0     no       22.52
2025-10-23 09:26:00  DCBBANK      5708630    1414703   UV        41357.0    no       22.06
2025-10-23 09:26:00  GOLDBEES     30356326   16887903  UV        119820.0   no       25.91
2025-10-23 09:26:00  LEXUS        374043     33122     UV        874.0      no       6.29 
2025-10-23 09:26:00  CEATLTD      336904     140723    UV        93700.0    no       17.98
2025-10-23 09:26:00  LATTEYS      404431     73953     UV        267.0      no       7.65 
2025-10-23 09:26:00  ADANIPOWER   7897940    4874342   UV        63244.0    no       21.09
2025-10-23 09:26:00  POKARNA      280108     125982    UV        6487.0     no       11.38
2025-10-23 09:26:00  SANDUMA      726492     207220    UV        8836.0     no       22.77
2025-10-23 09:26:00  RAJRATAN     232209     98951     UV        3454.0     no       21.28
2025-10-23 09:26:00  ITETF        419848     346668    UV        64.0       no       17.6 
2025-10-23 09:26:00  TATSILV      18706785   6959738   UV        14955.0    no       27.79
2025-10-23 09:26:00  GROWWSLVR    418433     170913    UV        1901.0     no       33.74
2025-10-23 09:26:00  RMDRIP       72039      42901     UV        80.0       no       18.48
2025-10-23 09:26:00  GROWWLIQID   454077     211389    UV        0.0        yes      4.96 
2025-10-23 09:26:00  TIJARIA      66599      30876     UV        0.0        no       3.86 
2025-10-23 09:26:00  VSSL         310388     63597     UV        2493.0     no       14.74
2025-10-23 09:26:00  KITEX        1473049    1090373   UV        15312.0    no       7.3  
2025-10-23 09:26:00  NIBL         40869      37644     UV        127.0      no       21.0 
2025-10-23 09:27:00  ROLEXRINGS   142491     29551     UV        419.0      yes      17.06
2025-10-23 09:27:00  SOUTHBANK    24378363   7088111   UV        28484.0    no       20.51
2025-10-23 09:27:00  COASTCORP    497335     120772    UV        77.0       yes      0.0  
2025-10-23 09:27:00  SHAREINDIA   979806     356603    UV        5494.0     no       14.16
2025-10-23 09:27:00  GFLLIMITED   146400     44324     UV        367.0      no       24.93
2025-10-23 09:27:00  HIMATSEIDE   762062     682818    UV        3831.0     no       13.54
2025-10-23 09:27:00  TATAINVEST   2446186    95596     UV        107419.0   no       25.0 
2025-10-23 09:27:00  SIKKO        50229      39710     UV        344.0      no       12.45
2025-10-23 09:27:00  GULPOLY      589635     80537     UV        688.0      no       9.75 
2025-10-23 09:27:00  BSOFT        1088693    1052420   UV        43098.0    yes      13.15
2025-10-23 09:27:00  GRWRHITECH   72659      72118     UV        5770.0     no       10.03
2025-10-23 09:27:00  VARDHACRLC   58519      45557     UV        6.0        no       18.19
2025-10-23 09:27:00  WELSPUNLIV   4787680    4755587   UV        8525.0     no       14.15
2025-10-23 09:27:00  DHANBANK     646495     607441    UV        206.0      no       21.17
2025-10-23 09:27:00  GOKEX        1004249    603322    UV        43715.0    no       10.16
2025-10-23 09:27:00  UNIPARTS     201730     116282    UV        2195.0     no       27.31
2025-10-23 09:27:00  BHAGERIA     804976     60321     UV        21643.0    yes      7.54 
2025-10-23 09:27:00  SKYGOLD      1456846    1242468   UV        3431.0     no       22.7 
2025-10-23 09:27:00  DCBBANK      5813210    1414703   UV        16270.0    no       21.92
2025-10-23 09:27:00  GOLDBEES     31428132   16887903  UV        107738.0   no       25.75
2025-10-23 09:27:00  LEXUS        382685     33122     UV        323.0      no       6.49 
2025-10-23 09:27:00  CEATLTD      345133     140723    UV        35911.0    no       17.96
2025-10-23 09:27:00  LATTEYS      415137     73953     UV        366.0      no       7.78 
2025-10-23 09:27:00  ADANIPOWER   8038671    4874342   UV        23803.0    no       21.16
2025-10-23 09:27:00  POKARNA      285774     125982    UV        4941.0     no       10.86
2025-10-23 09:27:00  SANDUMA      768297     207220    UV        9178.0     no       23.32
2025-10-23 09:27:00  RAJRATAN     247104     98951     UV        6083.0     no       21.55
2025-10-23 09:27:00  ITETF        421248     346668    UV        53.0       yes      17.54
2025-10-23 09:27:00  TATSILV      19158806   6959738   UV        6346.0     no       28.06
2025-10-23 09:27:00  GROWWSLVR    428213     170913    UV        1372.0     no       33.54
2025-10-23 09:27:00  RMDRIP       72039      42901     UV        0.0        no       18.48
2025-10-23 09:27:00  GROWWLIQID   454167     211389    UV        10.0       yes      4.96 
2025-10-23 09:27:00  TIJARIA      66599      30876     UV        0.0        no       3.86 
2025-10-23 09:27:00  VSSL         314142     63597     UV        1158.0     no       15.32
2025-10-23 09:27:00  KITEX        1612742    1090373   UV        29091.0    no       7.63 
2025-10-23 09:27:00  NIBL         40937      37644     UV        2.0        no       20.85
2025-10-23 09:28:00  ROLEXRINGS   151224     29551     UV        1116.0     yes      16.51
2025-10-23 09:28:00  SOUTHBANK    24739002   7088111   UV        13939.0    no       20.57
2025-10-23 09:28:00  COASTCORP    500440     120772    UV        139.0      yes      0.0  
2025-10-23 09:28:00  SHAREINDIA   1007646    356603    UV        5539.0     no       13.76
2025-10-23 09:28:00  GFLLIMITED   149114     44324     UV        203.0      no       24.03
2025-10-23 09:28:00  HIMATSEIDE   773166     682818    UV        1381.0     no       13.73
2025-10-23 09:28:00  TATAINVEST   2514494    95596     UV        57447.0    no       24.85
2025-10-23 09:28:00  SIKKO        51803      39710     UV        174.0      no       12.44
2025-10-23 09:28:00  GULPOLY      593122     80537     UV        540.0      no       9.7  
2025-10-23 09:28:00  BSOFT        1193532    1052420   UV        39105.0    yes      12.94
2025-10-23 09:28:00  GRWRHITECH   76181      72118     UV        12165.0    no       9.87 
2025-10-23 09:28:00  VARDHACRLC   58697      45557     UV        7.0        no       18.19
2025-10-23 09:28:00  WELSPUNLIV   4831429    4755587   UV        5637.0     no       14.12
2025-10-23 09:28:00  DHANBANK     655504     607441    UV        240.0      no       21.53
2025-10-23 09:28:00  GOKEX        1029972    603322    UV        22320.0    no       10.09
2025-10-23 09:28:00  UNIPARTS     204863     116282    UV        1529.0     no       27.14
2025-10-23 09:28:00  BHAGERIA     845496     60321     UV        8806.0     yes      7.49 
2025-10-23 09:28:00  NECCLTD      76763      71863     UV        112.0      yes      12.02
2025-10-23 09:28:00  SKYGOLD      1466287    1242468   UV        3332.0     no       23.24
2025-10-23 09:28:00  DCBBANK      5913588    1414703   UV        15580.0    no       22.2 
2025-10-23 09:28:00  GOLDBEES     32230075   16887903  UV        80708.0    no       25.6 
2025-10-23 09:28:00  LEXUS        435401     33122     UV        1882.0     no       11.65
2025-10-23 09:28:00  GSLSU        107779     106554    UV        171.0      no       25.45
2025-10-23 09:28:00  CEATLTD      356160     140723    UV        47939.0    no       18.41
2025-10-23 09:28:00  LATTEYS      430776     73953     UV        525.0      no       9.77 
2025-10-23 09:28:00  ADANIPOWER   8295358    4874342   UV        43421.0    no       21.15
2025-10-23 09:28:00  POKARNA      289055     125982    UV        2848.0     no       11.38
2025-10-23 09:28:00  SANDUMA      797288     207220    UV        6372.0     no       23.18
2025-10-23 09:28:00  RAJRATAN     264676     98951     UV        7132.0     no       22.31
2025-10-23 09:28:00  ITETF        425687     346668    UV        167.0      no       17.57
2025-10-23 09:28:00  TATSILV      19417541   6959738   UV        3627.0     no       28.25
2025-10-23 09:28:00  APEX         405161     401728    UV        1100.0     no       11.01
2025-10-23 09:28:00  GROWWSLVR    438332     170913    UV        1417.0     no       33.76
2025-10-23 09:28:00  RMDRIP       72040      42901     UV        0.0        no       18.52
2025-10-23 09:28:00  GROWWLIQID   454176     211389    UV        1.0        yes      4.96 
2025-10-23 09:28:00  TIJARIA      66599      30876     UV        0.0        no       3.86 
2025-10-23 09:28:00  VSSL         316840     63597     UV        833.0      no       15.26
2025-10-23 09:28:00  KITEX        1665779    1090373   UV        10998.0    no       8.08 
2025-10-23 09:28:00  NIBL         40937      37644     UV        0.0        no       20.85
2025-10-23 09:29:00  ROLEXRINGS   154240     29551     UV        386.0      yes      16.33
2025-10-23 09:29:00  SOUTHBANK    25069832   7088111   UV        12800.0    no       20.44
2025-10-23 09:29:00  COASTCORP    505431     120772    UV        224.0      yes      0.0  
2025-10-23 09:29:00  SHAREINDIA   1040909    356603    UV        6603.0     no       14.02
2025-10-23 09:29:00  GFLLIMITED   151851     44324     UV        204.0      no       24.03
2025-10-23 09:29:00  HIMATSEIDE   784300     682818    UV        1393.0     no       13.07
2025-10-23 09:29:00  TATAINVEST   2589338    95596     UV        63168.0    no       24.41
2025-10-23 09:29:00  SIKKO        53738      39710     UV        215.0      no       11.75
2025-10-23 09:29:00  GULPOLY      600859     80537     UV        1199.0     no       9.71 
2025-10-23 09:29:00  BSOFT        1305748    1052420   UV        41862.0    yes      12.92
2025-10-23 09:29:00  GRWRHITECH   77579      72118     UV        4817.0     no       10.15
2025-10-23 09:29:00  VARDHACRLC   58795      45557     UV        4.0        no       18.04
2025-10-23 09:29:00  WELSPUNLIV   4920273    4755587   UV        11487.0    no       13.72
2025-10-23 09:29:00  DHANBANK     659306     607441    UV        101.0      no       21.53
2025-10-23 09:29:00  GOKEX        1129762    603322    UV        87167.0    no       9.36 
2025-10-23 09:29:00  UNIPARTS     212284     116282    UV        3645.0     no       26.32
2025-10-23 09:29:00  BHAGERIA     895134     60321     UV        10724.0    yes      8.12 
2025-10-23 09:29:00  NECCLTD      80273      71863     UV        76.0       no       13.48
2025-10-23 09:29:00  SKYGOLD      1477839    1242468   UV        4071.0     no       23.41
2025-10-23 09:29:00  DCBBANK      6104489    1414703   UV        29613.0    no       22.27
2025-10-23 09:29:00  GOLDBEES     33204016   16887903  UV        98125.0    no       25.46
2025-10-23 09:29:00  LEXUS        467481     33122     UV        1155.0     no       10.72
2025-10-23 09:29:00  GSLSU        108181     106554    UV        43.0       no       25.81
2025-10-23 09:29:00  CEATLTD      366935     140723    UV        46681.0    no       18.82
2025-10-23 09:29:00  LATTEYS      445210     73953     UV        491.0      no       8.41 
2025-10-23 09:29:00  ADANIPOWER   8396585    4874342   UV        17140.0    no       21.03
2025-10-23 09:29:00  POKARNA      291771     125982    UV        2354.0     no       11.53
2025-10-23 09:29:00  SANDUMA      805549     207220    UV        1816.0     no       23.14
2025-10-23 09:29:00  RAJRATAN     270949     98951     UV        2535.0     no       22.83
2025-10-23 09:29:00  ITETF        439388     346668    UV        515.0      yes      17.35
2025-10-23 09:29:00  HAPPYFORGE   25502      24418     UV        1224.0     no       11.72
2025-10-23 09:29:00  TATSILV      19826547   6959738   UV        5730.0     no       28.34
2025-10-23 09:29:00  APEX         421981     401728    UV        4242.0     no       10.04
2025-10-23 09:29:00  GROWWSLVR    449376     170913    UV        1548.0     no       33.67
2025-10-23 09:29:00  RMDRIP       72790      42901     UV        54.0       no       18.81
2025-10-23 09:29:00  GROWWLIQID   454177     211389    UV        0.0        yes      4.95 
2025-10-23 09:29:00  TIJARIA      68010      30876     UV        10.0       no       3.7  
2025-10-23 09:29:00  VSSL         321471     63597     UV        1431.0     no       15.13
2025-10-23 09:29:00  IGIL         965308     931043    UV        31910.0    no       5.58 
2025-10-23 09:29:00  KITEX        1716641    1090373   UV        10554.0    no       8.01 
2025-10-23 09:29:00  CONSUMER     270906     233317    UV        2983.0     yes      19.48
2025-10-23 09:29:00  NIBL         41705      37644     UV        25.0       no       21.89
2025-10-23 09:30:00  ROLEXRINGS   163065     29551     UV        1130.0     yes      16.24
2025-10-23 09:30:00  SOUTHBANK    25721239   7088111   UV        25209.0    no       20.41
2025-10-23 09:30:00  COASTCORP    532642     120772    UV        1219.0     yes      0.0  
2025-10-23 09:30:00  SHAREINDIA   1056773    356603    UV        3150.0     no       13.98
2025-10-23 09:30:00  GFLLIMITED   158130     44324     UV        472.0      no       23.07
2025-10-23 09:30:00  HIMATSEIDE   791252     682818    UV        871.0      no       12.89
2025-10-23 09:30:00  TATAINVEST   2771316    95596     UV        153771.0   no       24.26
2025-10-23 09:30:00  VTL          1359753    1276347   UV        42019.0    yes      10.21
2025-10-23 09:30:00  NIRAJ        32347      28244     UV        276.0      no       15.62
2025-10-23 09:30:00  BBTC         53738      53509     UV        2970.0     yes      19.06
2025-10-23 09:30:00  SIKKO        56757      39710     UV        336.0      no       11.61
2025-10-23 09:30:00  GULPOLY      618527     80537     UV        2730.0     no       10.05
2025-10-23 09:30:00  BSOFT        1621811    1052420   UV        119172.0   yes      11.72
2025-10-23 09:30:00  AVANTIFEED   954168     941541    UV        11155.0    no       13.87
2025-10-23 09:30:00  GRWRHITECH   78648      72118     UV        3677.0     no       10.32
2025-10-23 09:30:00  SPORTKING    312269     271023    UV        4294.0     no       12.62
2025-10-23 09:30:00  VARDHACRLC   59553      45557     UV        30.0       no       17.42
2025-10-23 09:30:00  WELSPUNLIV   5147669    4755587   UV        29500.0    no       13.34
2025-10-23 09:30:00  DHANBANK     661859     607441    UV        68.0       no       21.76
2025-10-23 09:30:00  GOKEX        1187038    603322    UV        50237.0    no       8.91 
2025-10-23 09:30:00  UNIPARTS     218502     116282    UV        3056.0     no       26.25
2025-10-23 09:30:00  BHAGERIA     955744     60321     UV        13056.0    no       8.44 
2025-10-23 09:30:00  NECCLTD      80884      71863     UV        13.0       no       12.53
2025-10-23 09:30:00  SKYGOLD      1500434    1242468   UV        7941.0     no       23.74
2025-10-23 09:30:00  DCBBANK      6328183    1414703   UV        34643.0    no       22.47
2025-10-23 09:30:00  GOLDBEES     33930991   16887903  UV        73308.0    no       25.35
2025-10-23 09:30:00  LEXUS        476607     33122     UV        330.0      no       10.32
2025-10-23 09:30:00  GSLSU        108282     106554    UV        11.0       no       25.74
2025-10-23 09:30:00  CEATLTD      383644     140723    UV        72149.0    no       19.21
2025-10-23 09:30:00  LATTEYS      449714     73953     UV        152.0      no       8.89 
2025-10-23 09:30:00  ADANIPOWER   8599959    4874342   UV        34380.0    no       21.22
2025-10-23 09:30:00  POKARNA      294919     125982    UV        2736.0     no       11.25
2025-10-23 09:30:00  SANDUMA      813345     207220    UV        1716.0     no       22.99
2025-10-23 09:30:00  RAJRATAN     280745     98951     UV        3996.0     no       21.7 
2025-10-23 09:30:00  ITETF        445533     346668    UV        231.0      yes      17.47
2025-10-23 09:30:00  HAPPYFORGE   28359      24418     UV        2855.0     no       11.64
2025-10-23 09:30:00  TATSILV      20234958   6959738   UV        5730.0     no       28.15
2025-10-23 09:30:00  APEX         471794     401728    UV        12620.0    no       9.54 
2025-10-23 09:30:00  GROWWSLVR    465182     170913    UV        2218.0     no       33.53
2025-10-23 09:30:00  RMDRIP       79299      42901     UV        471.0      no       18.43
2025-10-23 09:30:00  GROWWLIQID   455126     211389    UV        101.0      yes      4.95 
2025-10-23 09:30:00  TIJARIA      68010      30876     UV        0.0        no       3.7  
2025-10-23 09:30:00  VSSL         324509     63597     UV        935.0      no       15.56
2025-10-23 09:30:00  IGIL         1042576    931043    UV        27133.0    no       5.91 
2025-10-23 09:30:00  KITEX        1783331    1090373   UV        13828.0    no       8.1  
2025-10-23 09:30:00  CONSUMER     270938     233317    UV        0.0        yes      19.48
2025-10-23 09:30:00  NIBL         43395      37644     UV        55.0       no       21.93
2025-10-23 09:31:00  ROLEXRINGS   171939     29551     UV        1141.0     yes      15.79
2025-10-23 09:31:00  SOUTHBANK    26277114   7088111   UV        21462.0    no       20.69
2025-10-23 09:31:00  COASTCORP    534083     120772    UV        65.0       yes      0.0  
2025-10-23 09:31:00  SHAREINDIA   1082546    356603    UV        5129.0     no       13.73
2025-10-23 09:31:00  GFLLIMITED   163919     44324     UV        435.0      no       23.15
2025-10-23 09:31:00  HIMATSEIDE   798924     682818    UV        961.0      no       12.98
2025-10-23 09:31:00  TATAINVEST   2867047    95596     UV        80510.0    no       24.85
2025-10-23 09:31:00  VTL          1518203    1276347   UV        70407.0    yes      10.25
2025-10-23 09:31:00  NIRAJ        47453      28244     UV        504.0      no       14.89
2025-10-23 09:31:00  BBTC         54011      53509     UV        566.0      yes      19.04
2025-10-23 09:31:00  SIKKO        62607      39710     UV        647.0      no       12.29
2025-10-23 09:31:00  GULPOLY      645396     80537     UV        4138.0     no       10.4 
2025-10-23 09:31:00  BSOFT        1737905    1052420   UV        43698.0    yes      11.92
2025-10-23 09:31:00  AVANTIFEED   963143     941541    UV        6543.0     no       13.77
2025-10-23 09:31:00  GRWRHITECH   80507      72118     UV        6414.0     no       10.0 
2025-10-23 09:31:00  SPORTKING    315416     271023    UV        323.0      no       13.04
2025-10-23 09:31:00  VARDHACRLC   60628      45557     UV        43.0       no       16.83
2025-10-23 09:31:00  WELSPUNLIV   5426797    4755587   UV        36435.0    no       12.64
2025-10-23 09:31:00  DHANBANK     662497     607441    UV        17.0       no       21.8 
2025-10-23 09:31:00  GOKEX        1245355    603322    UV        51086.0    no       9.05 
2025-10-23 09:31:00  UNIPARTS     222382     116282    UV        1906.0     no       26.28
2025-10-23 09:31:00  BHAGERIA     971818     60321     UV        3460.0     no       8.53 
2025-10-23 09:31:00  NECCLTD      80884      71863     UV        0.0        no       12.53
2025-10-23 09:31:00  SKYGOLD      1506147    1242468   UV        2003.0     no       24.04
2025-10-23 09:31:00  DCBBANK      6449272    1414703   UV        18759.0    no       22.43
2025-10-23 09:31:00  GOLDBEES     34859189   16887903  UV        93609.0    no       25.33
2025-10-23 09:31:00  LEXUS        481981     33122     UV        195.0      no       9.81 
2025-10-23 09:31:00  GSLSU        109288     106554    UV        108.0      no       25.39
2025-10-23 09:31:00  CEATLTD      395144     140723    UV        49734.0    no       19.03
2025-10-23 09:31:00  LATTEYS      453883     73953     UV        141.0      no       8.89 
2025-10-23 09:31:00  ADANIPOWER   8820062    4874342   UV        37292.0    no       20.95
2025-10-23 09:31:00  POKARNA      299745     125982    UV        4196.0     no       11.19
2025-10-23 09:31:00  SANDUMA      826076     207220    UV        2806.0     no       22.83
2025-10-23 09:31:00  RAJRATAN     284344     98951     UV        1462.0     no       22.22
2025-10-23 09:31:00  ITETF        454133     346668    UV        323.0      yes      17.35
2025-10-23 09:31:00  HAPPYFORGE   31406      24418     UV        3047.0     no       11.56
2025-10-23 09:31:00  TATSILV      20617326   6959738   UV        5368.0     no       28.06
2025-10-23 09:31:00  APEX         486182     401728    UV        3637.0     no       9.8  
2025-10-23 09:31:00  GROWWSLVR    473509     170913    UV        1172.0     no       33.1 
2025-10-23 09:31:00  RMDRIP       85221      42901     UV        430.0      yes      17.93
2025-10-23 09:31:00  GROWWLIQID   455126     211389    UV        0.0        yes      4.95 
2025-10-23 09:31:00  TIJARIA      68010      30876     UV        0.0        no       2.94 
2025-10-23 09:31:00  VSSL         335484     63597     UV        3353.0     no       16.41
2025-10-23 09:31:00  IGIL         1087388    931043    UV        15707.0    no       6.11 
2025-10-23 09:31:00  KITEX        1815437    1090373   UV        6653.0     no       8.16 
2025-10-23 09:31:00  CONSUMER     271941     233317    UV        12.0       yes      19.39
2025-10-23 09:31:00  NIF100BEES   25514      25506     UV        22.0       no       19.2 
2025-10-23 09:31:00  NIBL         45606      37644     UV        72.0       no       22.04
2025-10-23 09:32:00  ROLEXRINGS   176597     29551     UV        598.0      yes      15.97
2025-10-23 09:32:00  SOUTHBANK    26824970   7088111   UV        21136.0    no       20.79
2025-10-23 09:32:00  COASTCORP    574457     120772    UV        1809.0     yes      0.0  
2025-10-23 09:32:00  SHAREINDIA   1104394    356603    UV        4364.0     no       13.31
2025-10-23 09:32:00  GFLLIMITED   171087     44324     UV        536.0      no       23.78
2025-10-23 09:32:00  HIMATSEIDE   807004     682818    UV        1012.0     no       12.89
2025-10-23 09:32:00  TATAINVEST   2926551    95596     UV        50102.0    no       24.7 
2025-10-23 09:32:00  VTL          1556470    1276347   UV        16973.0    yes      10.45
2025-10-23 09:32:00  NIRAJ        47853      28244     UV        13.0       no       15.65
2025-10-23 09:32:00  BBTC         55178      53509     UV        2427.0     yes      18.67
2025-10-23 09:32:00  SIKKO        66882      39710     UV        470.0      no       12.93
2025-10-23 09:32:00  GULPOLY      693931     80537     UV        7605.0     no       8.5  
2025-10-23 09:32:00  BSOFT        1852200    1052420   UV        42998.0    yes      11.98
2025-10-23 09:32:00  AVANTIFEED   987734     941541    UV        17886.0    no       14.02
2025-10-23 09:32:00  GRWRHITECH   84651      72118     UV        14337.0    no       9.69 
2025-10-23 09:32:00  MITCON       22914      22539     UV        86.0       no       27.37
2025-10-23 09:32:00  SPORTKING    320138     271023    UV        486.0      no       12.6 
2025-10-23 09:32:00  VARDHACRLC   60976      45557     UV        14.0       no       17.01
2025-10-23 09:32:00  WELSPUNLIV   5513526    4755587   UV        11287.0    no       12.98
2025-10-23 09:32:00  DHANBANK     662548     607441    UV        1.0        no       21.67
2025-10-23 09:32:00  GOKEX        1266804    603322    UV        18696.0    no       9.59 
2025-10-23 09:32:00  UNIPARTS     225956     116282    UV        1758.0     no       26.16
2025-10-23 09:32:00  BHAGERIA     1012636    60321     UV        8747.0     no       9.01 
2025-10-23 09:32:00  NECCLTD      81232      71863     UV        8.0        no       12.53
2025-10-23 09:32:00  SKYGOLD      1518732    1242468   UV        4439.0     no       23.29
2025-10-23 09:32:00  DCBBANK      6638003    1414703   UV        29180.0    no       22.68
2025-10-23 09:32:00  GOLDBEES     35724953   16887903  UV        87356.0    no       25.27
2025-10-23 09:32:00  LEXUS        491051     33122     UV        333.0      no       8.7  
2025-10-23 09:32:00  GSLSU        109289     106554    UV        0.0        no       25.18
2025-10-23 09:32:00  CEATLTD      409000     140723    UV        59726.0    no       19.42
2025-10-23 09:32:00  LATTEYS      460517     73953     UV        224.0      no       9.05 
2025-10-23 09:32:00  ADANIPOWER   9185931    4874342   UV        62040.0    no       20.85
2025-10-23 09:32:00  POKARNA      301583     125982    UV        1596.0     no       11.32
2025-10-23 09:32:00  SANDUMA      828616     207220    UV        559.0      no       23.07
2025-10-23 09:32:00  RAJRATAN     286277     98951     UV        784.0      no       22.34
2025-10-23 09:32:00  ITETF        455733     346668    UV        60.0       no       17.6 
2025-10-23 09:32:00  HAPPYFORGE   31886      24418     UV        480.0      no       11.56
2025-10-23 09:32:00  TATSILV      21076035   6959738   UV        6459.0     no       27.7 
2025-10-23 09:32:00  APEX         495167     401728    UV        2266.0     no       10.03
2025-10-23 09:32:00  GROWWSLVR    479627     170913    UV        861.0      no       33.18
2025-10-23 09:32:00  RMDRIP       85306      42901     UV        6.0        yes      17.8 
2025-10-23 09:32:00  GROWWLIQID   455150     211389    UV        3.0        yes      4.96 
2025-10-23 09:32:00  TIJARIA      69579      30876     UV        11.0       no       4.01 
2025-10-23 09:32:00  VSSL         344514     63597     UV        2760.0     no       16.39
2025-10-23 09:32:00  IGIL         1127955    931043    UV        14249.0    no       5.88 
2025-10-23 09:32:00  KITEX        1862700    1090373   UV        9808.0     no       8.0  
2025-10-23 09:32:00  CONSUMER     273300     233317    UV        17.0       yes      19.29
2025-10-23 09:32:00  NIF100BEES   28548      25506     UV        856.0      no       18.77
2025-10-23 09:32:00  NIBL         47850      37644     UV        73.0       no       22.45
2025-10-23 09:33:00  ROLEXRINGS   177144     29551     UV        70.0       yes      15.97
2025-10-23 09:33:00  SOUTHBANK    27639950   7088111   UV        31589.0    no       20.23
2025-10-23 09:33:00  COASTCORP    576530     120772    UV        93.0       yes      0.0  
2025-10-23 09:33:00  SHAREINDIA   1128137    356603    UV        4756.0     no       12.98
2025-10-23 09:33:00  GFLLIMITED   177619     44324     UV        487.0      no       24.23
2025-10-23 09:33:00  HIMATSEIDE   813145     682818    UV        769.0      no       12.99
2025-10-23 09:33:00  TATAINVEST   2974937    95596     UV        40644.0    no       25.0 
2025-10-23 09:33:00  VTL          1596098    1276347   UV        17555.0    yes      10.59
2025-10-23 09:33:00  NIRAJ        49255      28244     UV        47.0       no       15.44
2025-10-23 09:33:00  SCI          1860664    1621266   UV        106650.0   yes      15.39
2025-10-23 09:33:00  BBTC         57087      53509     UV        3972.0     yes      18.6 
2025-10-23 09:33:00  SIKKO        68598      39710     UV        189.0      no       12.92
2025-10-23 09:33:00  GULPOLY      768238     80537     UV        11665.0    no       8.3  
2025-10-23 09:33:00  BSOFT        1914147    1052420   UV        23236.0    yes      12.3 
2025-10-23 09:33:00  AVANTIFEED   1034317    941541    UV        33843.0    no       14.16
2025-10-23 09:33:00  GRWRHITECH   87708      72118     UV        10602.0    no       9.43 
2025-10-23 09:33:00  MITCON       23206      22539     UV        21.0       no       26.51
2025-10-23 09:33:00  SPORTKING    325319     271023    UV        534.0      no       12.5 
2025-10-23 09:33:00  VARDHACRLC   63037      45557     UV        82.0       no       17.57
2025-10-23 09:33:00  WELSPUNLIV   5645705    4755587   UV        17186.0    no       13.08
2025-10-23 09:33:00  DHANBANK     668352     607441    UV        155.0      no       21.44
2025-10-23 09:33:00  GOKEX        1292819    603322    UV        22617.0    no       9.87 
2025-10-23 09:33:00  UNIPARTS     228708     116282    UV        1353.0     no       26.25
2025-10-23 09:33:00  BHAGERIA     1035721    60321     UV        4934.0     no       9.29 
2025-10-23 09:33:00  NECCLTD      111055     71863     UV        645.0      no       12.95
2025-10-23 09:33:00  SKYGOLD      1520727    1242468   UV        701.0      no       23.81
2025-10-23 09:33:00  DCBBANK      6680279    1414703   UV        6548.0     no       22.46
2025-10-23 09:33:00  GOLDBEES     36683161   16887903  UV        96817.0    no       25.1 
2025-10-23 09:33:00  LEXUS        538592     33122     UV        1736.0     no       9.18 
2025-10-23 09:33:00  GSLSU        109593     106554    UV        33.0       no       24.81
2025-10-23 09:33:00  CEATLTD      414654     140723    UV        24380.0    no       19.38
2025-10-23 09:33:00  LATTEYS      465611     73953     UV        171.0      no       9.6  
2025-10-23 09:33:00  ADANIPOWER   9407381    4874342   UV        37540.0    no       20.89
2025-10-23 09:33:00  POKARNA      305594     125982    UV        3488.0     no       11.16
2025-10-23 09:33:00  SANDUMA      852677     207220    UV        5297.0     no       22.99
2025-10-23 09:33:00  RAJRATAN     288640     98951     UV        960.0      no       22.16
2025-10-23 09:33:00  ITETF        458246     346668    UV        94.0       yes      17.54
2025-10-23 09:33:00  HAPPYFORGE   32748      24418     UV        862.0      no       11.57
2025-10-23 09:33:00  TATSILV      21585490   6959738   UV        7153.0     no       28.06
2025-10-23 09:33:00  APEX         511552     401728    UV        4148.0     no       9.63 
2025-10-23 09:33:00  GROWWSLVR    486711     170913    UV        1000.0     no       32.75
2025-10-23 09:33:00  RMDRIP       85306      42901     UV        0.0        yes      17.8 
2025-10-23 09:33:00  AVANTEL      2448168    2440555   UV        16572.0    no       18.82
2025-10-23 09:33:00  GROWWLIQID   455151     211389    UV        0.0        yes      4.95 
2025-10-23 09:33:00  TIJARIA      69579      30876     UV        0.0        no       4.01 
2025-10-23 09:33:00  VSSL         351381     63597     UV        2099.0     no       16.36
2025-10-23 09:33:00  IGIL         1136534    931043    UV        3017.0     no       5.76 
2025-10-23 09:33:00  KITEX        1902480    1090373   UV        8260.0     no       7.94 
2025-10-23 09:33:00  UNIMECH      47891      47244     UV        853.0      no       5.22 
2025-10-23 09:33:00  CONSUMER     273342     233317    UV        1.0        yes      19.29
2025-10-23 09:33:00  NIF100BEES   28705      25506     UV        44.0       no       19.17
2025-10-23 09:33:00  NIBL         54276      37644     UV        208.0      no       23.4 
2025-10-23 09:34:00  ROLEXRINGS   177744     29551     UV        77.0       yes      15.88
2025-10-23 09:34:00  SOUTHBANK    28651090   7088111   UV        39161.0    no       20.32
2025-10-23 09:34:00  COASTCORP    681446     120772    UV        4700.0     yes      0.0  
2025-10-23 09:34:00  SHAREINDIA   1160765    356603    UV        6526.0     no       13.17
2025-10-23 09:34:00  GFLLIMITED   178897     44324     UV        95.0       no       23.98
2025-10-23 09:34:00  HIMATSEIDE   817873     682818    UV        592.0      no       13.05
2025-10-23 09:34:00  TATAINVEST   3068159    95596     UV        78866.0    no       24.11
2025-10-23 09:34:00  VTL          1661520    1276347   UV        28881.0    no       10.98
2025-10-23 09:34:00  NIRAJ        49257      28244     UV        0.0        no       15.51
2025-10-23 09:34:00  SCI          2245115    1621266   UV        93272.0    yes      14.57
2025-10-23 09:34:00  BBTC         57694      53509     UV        1262.0     yes      18.74
2025-10-23 09:34:00  SIKKO        69754      39710     UV        127.0      no       12.66
2025-10-23 09:34:00  GULPOLY      802149     80537     UV        5365.0     no       7.46 
2025-10-23 09:34:00  BSOFT        1979332    1052420   UV        24506.0    yes      12.05
2025-10-23 09:34:00  AVANTIFEED   1042085    941541    UV        5642.0     no       14.18
2025-10-23 09:34:00  GRWRHITECH   90489      72118     UV        9664.0     no       9.21 
2025-10-23 09:34:00  MITCON       23664      22539     UV        33.0       no       26.26
2025-10-23 09:34:00  SPORTKING    337457     271023    UV        1252.0     no       12.38
2025-10-23 09:34:00  INDORAMA     125379     121468    UV        716.0      no       21.94
2025-10-23 09:34:00  VARDHACRLC   63189      45557     UV        6.0        no       17.13
2025-10-23 09:34:00  WELSPUNLIV   5739960    4755587   UV        12201.0    no       13.58
2025-10-23 09:34:00  DHANBANK     682726     607441    UV        384.0      no       21.21
2025-10-23 09:34:00  GOKEX        1386503    603322    UV        80845.0    no       10.7 
2025-10-23 09:34:00  UNIPARTS     239717     116282    UV        5393.0     no       26.67
2025-10-23 09:34:00  BHAGERIA     1073867    60321     UV        8214.0     no       8.49 
2025-10-23 09:34:00  NECCLTD      111085     71863     UV        1.0        no       12.95
2025-10-23 09:34:00  SKYGOLD      1528478    1242468   UV        2729.0     no       23.52
2025-10-23 09:34:00  DCBBANK      6782984    1414703   UV        15860.0    no       22.83
2025-10-23 09:34:00  GOLDBEES     37097931   16887903  UV        41954.0    no       24.96
2025-10-23 09:34:00  LEXUS        545867     33122     UV        268.0      no       8.08 
2025-10-23 09:34:00  GSLSU        109593     106554    UV        0.0        no       24.81
2025-10-23 09:34:00  CEATLTD      425368     140723    UV        46228.0    no       19.3 
2025-10-23 09:34:00  LATTEYS      480819     73953     UV        518.0      no       8.13 
2025-10-23 09:34:00  ADANIPOWER   9476837    4874342   UV        11762.0    no       21.01
2025-10-23 09:34:00  POKARNA      307705     125982    UV        1838.0     no       11.07
2025-10-23 09:34:00  DBCORP       105652     89750     UV        6228.0     yes      14.75
2025-10-23 09:34:00  SANDUMA      893182     207220    UV        8908.0     no       23.11
2025-10-23 09:34:00  RAJRATAN     290180     98951     UV        628.0      no       21.73
2025-10-23 09:34:00  ITETF        465053     346668    UV        255.0      no       17.57
2025-10-23 09:34:00  HAPPYFORGE   33037      24418     UV        289.0      no       11.56
2025-10-23 09:34:00  TATSILV      21986277   6959738   UV        5623.0     no       28.15
2025-10-23 09:34:00  APEX         516172     401728    UV        1168.0     no       9.78 
2025-10-23 09:34:00  GROWWSLVR    490563     170913    UV        542.0      no       33.05
2025-10-23 09:34:00  RMDRIP       85699      42901     UV        29.0       yes      17.64
2025-10-23 09:34:00  AFIL         1300682    1181531   UV        2179.0     no       24.76
2025-10-23 09:34:00  AVANTEL      2487174    2440555   UV        7154.0     no       18.95
2025-10-23 09:34:00  GROWWLIQID   455154     211389    UV        0.0        yes      4.96 
2025-10-23 09:34:00  TIJARIA      69699      30876     UV        1.0        no       2.94 
2025-10-23 09:34:00  VSSL         361422     63597     UV        3057.0     no       16.81
2025-10-23 09:34:00  IGIL         1150083    931043    UV        4772.0     no       5.59 
2025-10-23 09:34:00  KITEX        1928189    1090373   UV        5331.0     no       8.09 
2025-10-23 09:34:00  UNIMECH      48909      47244     UV        1040.0     no       5.71 
2025-10-23 09:34:00  CONSUMER     274092     233317    UV        9.0        yes      19.29
2025-10-23 09:34:00  NIF100BEES   28707      25506     UV        1.0        no       18.66
2025-10-23 09:34:00  NIBL         54848      37644     UV        18.0       no       23.51
2025-10-23 09:35:00  ROLEXRINGS   182621     29551     UV        627.0      yes      15.88
2025-10-23 09:35:00  SOUTHBANK    28926199   7088111   UV        10630.0    no       20.6 
2025-10-23 09:35:00  COASTCORP    689213     120772    UV        348.0      yes      0.0  
2025-10-23 09:35:00  SHAREINDIA   1186497    356603    UV        5139.0     no       13.34
2025-10-23 09:35:00  GFLLIMITED   183955     44324     UV        377.0      no       24.18
2025-10-23 09:35:00  HIMATSEIDE   839110     682818    UV        2643.0     no       13.68
2025-10-23 09:35:00  TATAINVEST   3111491    95596     UV        36529.0    no       24.56
2025-10-23 09:35:00  VTL          1756293    1276347   UV        41710.0    no       11.32
2025-10-23 09:35:00  NIRAJ        49257      28244     UV        0.0        no       15.51
2025-10-23 09:35:00  SCI          2560975    1621266   UV        76479.0    yes      14.8 
2025-10-23 09:35:00  BBTC         59618      53509     UV        4011.0     yes      18.38
2025-10-23 09:35:00  SIKKO        72195      39710     UV        271.0      no       11.91
2025-10-23 09:35:00  GULPOLY      838780     80537     UV        5765.0     no       8.02 
2025-10-23 09:35:00  BSOFT        2215448    1052420   UV        88662.0    yes      12.18
2025-10-23 09:35:00  AVANTIFEED   1046001    941541    UV        2846.0     no       14.13
2025-10-23 09:35:00  GRWRHITECH   95533      72118     UV        17626.0    no       8.6  
2025-10-23 09:35:00  MITCON       23885      22539     UV        16.0       no       26.39
2025-10-23 09:35:00  SPORTKING    341165     271023    UV        383.0      no       12.28
2025-10-23 09:35:00  INDORAMA     127949     121468    UV        174.0      no       22.04
2025-10-23 09:35:00  VARDHACRLC   63594      45557     UV        16.0       no       17.16
2025-10-23 09:35:00  WELSPUNLIV   5874689    4755587   UV        17396.0    no       13.87
2025-10-23 09:35:00  DHANBANK     696891     607441    UV        380.0      no       20.85
2025-10-23 09:35:00  GOKEX        1422840    603322    UV        31341.0    no       10.75
2025-10-23 09:35:00  UNIPARTS     241866     116282    UV        1051.0     no       26.88
2025-10-23 09:35:00  BHAGERIA     1088043    60321     UV        3045.0     no       8.74 
2025-10-23 09:35:00  NECCLTD      169619     71863     UV        1346.0     yes      6.17 
2025-10-23 09:35:00  SKYGOLD      1533600    1242468   UV        1797.0     no       23.96
2025-10-23 09:35:00  DCBBANK      7007304    1414703   UV        34433.0    no       23.56
2025-10-23 09:35:00  GOLDBEES     37495446   16887903  UV        40189.0    no       25.02
2025-10-23 09:35:00  LEXUS        550551     33122     UV        172.0      no       8.34 
2025-10-23 09:35:00  GSLSU        109605     106554    UV        1.0        no       25.23
2025-10-23 09:35:00  DVL          27461      27452     UV        419.0      yes      19.03
2025-10-23 09:35:00  CEATLTD      443372     140723    UV        77815.0    no       19.1 
2025-10-23 09:35:00  LATTEYS      488418     73953     UV        259.0      no       8.09 
2025-10-23 09:35:00  ADANIPOWER   9572913    4874342   UV        16290.0    no       20.87
2025-10-23 09:35:00  POKARNA      310965     125982    UV        2838.0     no       11.05
2025-10-23 09:35:00  DBCORP       109964     89750     UV        1134.0     yes      14.51
2025-10-23 09:35:00  SANDUMA      918558     207220    UV        5578.0     no       23.17
2025-10-23 09:35:00  RAJRATAN     292741     98951     UV        1043.0     no       21.89
2025-10-23 09:35:00  ITETF        466878     346668    UV        69.0       yes      17.38
2025-10-23 09:35:00  MUFIN        320139     317794    UV        2262.0     yes      19.95
2025-10-23 09:35:00  HAPPYFORGE   33675      24418     UV        638.0      no       11.57
2025-10-23 09:35:00  TATSILV      22264878   6959738   UV        3912.0     no       28.06
2025-10-23 09:35:00  APEX         529835     401728    UV        3440.0     no       10.21
2025-10-23 09:35:00  GROWWSLVR    497507     170913    UV        979.0      no       32.88
2025-10-23 09:35:00  RMDRIP       94819      42901     UV        669.0      yes      16.72
2025-10-23 09:35:00  AFIL         1516183    1181531   UV        1769.0     no       24.6 
2025-10-23 09:35:00  AVANTEL      2506529    2440555   UV        3549.0     no       18.98
2025-10-23 09:35:00  GROWWLIQID   455154     211389    UV        0.0        yes      4.96 
2025-10-23 09:35:00  TIJARIA      69699      30876     UV        0.0        no       2.94 
2025-10-23 09:35:00  VSSL         373024     63597     UV        3532.0     no       16.83
2025-10-23 09:35:00  IGIL         1171910    931043    UV        7680.0     no       5.7  
2025-10-23 09:35:00  KITEX        1947254    1090373   UV        3950.0     no       8.17 
2025-10-23 09:35:00  UNIMECH      50766      47244     UV        1896.0     no       5.84 
2025-10-23 09:35:00  CONSUMER     274182     233317    UV        1.0        yes      19.29
2025-10-23 09:35:00  NIF100BEES   28781      25506     UV        21.0       no       18.67
2025-10-23 09:35:00  NIBL         55942      37644     UV        35.0       no       24.01
2025-10-23 09:36:00  ROLEXRINGS   184268     29551     UV        211.0      yes      15.97
2025-10-23 09:36:00  SOUTHBANK    30126637   7088111   UV        46217.0    no       21.04
2025-10-23 09:36:00  COASTCORP    694431     120772    UV        234.0      yes      0.0  
2025-10-23 09:36:00  SHAREINDIA   1208276    356603    UV        4351.0     no       13.28
2025-10-23 09:36:00  GFLLIMITED   185538     44324     UV        118.0      no       24.18
2025-10-23 09:36:00  HIMATSEIDE   848452     682818    UV        1165.0     no       13.4 
2025-10-23 09:36:00  TATAINVEST   3132746    95596     UV        17939.0    no       24.41
2025-10-23 09:36:00  VTL          1793750    1276347   UV        16519.0    no       11.09
2025-10-23 09:36:00  NIRAJ        49257      28244     UV        0.0        no       15.51
2025-10-23 09:36:00  SCI          2741401    1621266   UV        43513.0    yes      15.25
2025-10-23 09:36:00  BBTC         60752      53509     UV        2363.0     yes      18.41
2025-10-23 09:36:00  SIKKO        73232      39710     UV        115.0      no       12.36
2025-10-23 09:36:00  GULPOLY      883316     80537     UV        6983.0     no       8.43 
2025-10-23 09:36:00  BSOFT        2288472    1052420   UV        27431.0    yes      12.14
2025-10-23 09:36:00  AVANTIFEED   1072147    941541    UV        19091.0    no       13.59
2025-10-23 09:36:00  GRWRHITECH   106264     72118     UV        37689.0    no       8.05 
2025-10-23 09:36:00  MITCON       23885      22539     UV        0.0        no       26.39
2025-10-23 09:36:00  SPORTKING    345758     271023    UV        476.0      no       11.71
2025-10-23 09:36:00  INDORAMA     130991     121468    UV        207.0      no       21.68
2025-10-23 09:36:00  VARDHACRLC   63657      45557     UV        3.0        no       17.13
2025-10-23 09:36:00  WELSPUNLIV   5946590    4755587   UV        9268.0     no       14.07
2025-10-23 09:36:00  DHANBANK     708807     607441    UV        319.0      no       20.9 
2025-10-23 09:36:00  NDTV         88316      78365     UV        957.0      no       10.96
2025-10-23 09:36:00  GOKEX        1449404    603322    UV        23019.0    no       10.24
2025-10-23 09:36:00  UNIPARTS     245066     116282    UV        1566.0     no       26.76
2025-10-23 09:36:00  BHAGERIA     1113019    60321     UV        5386.0     no       8.32 
2025-10-23 09:36:00  NECCLTD      184033     71863     UV        331.0      no       6.41 
2025-10-23 09:36:00  SKYGOLD      1540903    1242468   UV        2563.0     no       23.9 
2025-10-23 09:36:00  DCBBANK      7169250    1414703   UV        24880.0    no       23.46
2025-10-23 09:36:00  GOLDBEES     38117436   16887903  UV        62902.0    no       24.99
2025-10-23 09:36:00  LEXUS        553935     33122     UV        125.0      no       8.05 
2025-10-23 09:36:00  GSLSU        122618     106554    UV        1375.0     no       27.44
2025-10-23 09:36:00  DVL          31182      27452     UV        1279.0     yes      18.8 
2025-10-23 09:36:00  CEATLTD      450217     140723    UV        29610.0    no       19.0 
2025-10-23 09:36:00  LATTEYS      493392     73953     UV        169.0      no       8.64 
2025-10-23 09:36:00  ADANIPOWER   9892625    4874342   UV        54246.0    no       20.78
2025-10-23 09:36:00  POKARNA      319413     125982    UV        7418.0     no       10.1 
2025-10-23 09:36:00  DBCORP       120443     89750     UV        2745.0     no       14.9 
2025-10-23 09:36:00  SANDUMA      924659     207220    UV        1342.0     no       23.08
2025-10-23 09:36:00  RAJRATAN     293638     98951     UV        365.0      no       22.09
2025-10-23 09:36:00  ITETF        480961     346668    UV        529.0      yes      17.35
2025-10-23 09:36:00  MUFIN        360061     317794    UV        4009.0     yes      19.92
2025-10-23 09:36:00  HAPPYFORGE   34512      24418     UV        837.0      no       11.56
2025-10-23 09:36:00  TATSILV      22995334   6959738   UV        10219.0    no       28.52
2025-10-23 09:36:00  APEX         535204     401728    UV        1350.0     no       10.4 
2025-10-23 09:36:00  GROWWSLVR    506647     170913    UV        1288.0     no       32.91
2025-10-23 09:36:00  RMDRIP       97222      42901     UV        176.0      yes      16.95
2025-10-23 09:36:00  AFIL         1533021    1181531   UV        138.0      no       24.45
2025-10-23 09:36:00  AVANTEL      2527466    2440555   UV        3846.0     no       18.78
2025-10-23 09:36:00  GROWWLIQID   455159     211389    UV        1.0        yes      4.95 
2025-10-23 09:36:00  TIJARIA      71037      30876     UV        9.0        no       3.86 
2025-10-23 09:36:00  VSSL         381709     63597     UV        2638.0     no       17.12
2025-10-23 09:36:00  IGIL         1294648    931043    UV        43376.0    no       5.23 
2025-10-23 09:36:00  KITEX        1971109    1090373   UV        4934.0     no       8.35 
2025-10-23 09:36:00  UNIMECH      50963      47244     UV        202.0      no       5.51 
2025-10-23 09:36:00  CONSUMER     274283     233317    UV        1.0        yes      19.29
2025-10-23 09:36:00  NIF100BEES   28785      25506     UV        1.0        no       18.63
2025-10-23 09:36:00  NIBL         56693      37644     UV        24.0       no       24.36
2025-10-23 09:39:00  ICICIB22     435873     286523    UV        40121.0    yes      19.15
2025-10-23 09:39:00  ROLEXRINGS   213814     29551     UV        518.0      yes      16.33
2025-10-23 09:39:00  SOUTHBANK    33634279   7088111   UV        44560.0    no       19.76
2025-10-23 09:39:00  COASTCORP    1874872    120772    UV        3397.0     yes      0.0  
2025-10-23 09:39:00  SHAREINDIA   1243168    356603    UV        1094.0     no       13.48
2025-10-23 09:39:00  GFLLIMITED   190083     44324     UV        87.0       no       23.61
2025-10-23 09:39:00  HIMATSEIDE   872070     682818    UV        1081.0     no       13.17
2025-10-23 09:39:00  TATAINVEST   3312343    95596     UV        57247.0    no       24.26
2025-10-23 09:39:00  VTL          2343924    1276347   UV        99864.0    yes      9.32 
2025-10-23 09:39:00  NIRAJ        51017      28244     UV        14.0       no       15.69
2025-10-23 09:39:00  SCI          3081703    1621266   UV        17247.0    no       15.6 
2025-10-23 09:39:00  BBTC         64698      53509     UV        2211.0     yes      18.09
2025-10-23 09:39:00  SIKKO        76496      39710     UV        239.0      no       12.03
2025-10-23 09:39:00  GULPOLY      992065     80537     UV        4113.0     no       7.61 
2025-10-23 09:39:00  BSOFT        2652474    1052420   UV        78615.0    yes      12.24
2025-10-23 09:39:00  AVANTIFEED   1106961    941541    UV        2003.0     no       13.69
2025-10-23 09:39:00  GRWRHITECH   120078     72118     UV        14591.0    yes      7.65 
2025-10-23 09:39:00  MITCON       24896      22539     UV        19.0       no       26.37
2025-10-23 09:39:00  SPORTKING    357985     271023    UV        869.0      no       12.38
2025-10-23 09:39:00  APTECHT      60234      59494     UV        105.0      no       19.99
2025-10-23 09:39:00  INDORAMA     132519     121468    UV        10.0       no       21.9 
2025-10-23 09:39:00  VARDHACRLC   63665      45557     UV        0.0        no       17.16
2025-10-23 09:39:00  WELSPUNLIV   6330347    4755587   UV        14270.0    no       13.31
2025-10-23 09:39:00  DHANBANK     797691     607441    UV        595.0      no       20.9 
2025-10-23 09:39:00  NDTV         95459      78365     UV        203.0      no       10.84
2025-10-23 09:39:00  GOKEX        1496343    603322    UV        9781.0     no       10.42
2025-10-23 09:39:00  UNIPARTS     255599     116282    UV        761.0      no       27.07
2025-10-23 09:39:00  BHAGERIA     1168516    60321     UV        3418.0     no       9.15 
2025-10-23 09:39:00  NECCLTD      299844     71863     UV        269.0      no       5.67 
2025-10-23 09:39:00  SKYGOLD      1583882    1242468   UV        11360.0    no       24.13
2025-10-23 09:39:00  DCBBANK      7553342    1414703   UV        14072.0    no       22.42
2025-10-23 09:39:00  GOLDBEES     40033770   16887903  UV        52867.0    no       25.43
2025-10-23 09:39:00  LEXUS        576118     33122     UV        157.0      no       8.2  
2025-10-23 09:39:00  GSLSU        128023     106554    UV        195.0      no       27.0 
2025-10-23 09:39:00  DVL          32558      27452     UV        236.0      yes      18.84
2025-10-23 09:39:00  CEATLTD      508601     140723    UV        42203.0    no       20.24
2025-10-23 09:39:00  LATTEYS      528992     73953     UV        767.0      no       7.9  
2025-10-23 09:39:00  ADANIPOWER   10987698   4874342   UV        77846.0    no       20.14
2025-10-23 09:39:00  POKARNA      345161     125982    UV        4561.0     no       9.74 
2025-10-23 09:39:00  DBCORP       124716     89750     UV        305.0      yes      14.73
2025-10-23 09:39:00  SANDUMA      989756     207220    UV        3709.0     no       22.45
2025-10-23 09:39:00  RAJRATAN     300133     98951     UV        1722.0     no       21.92
2025-10-23 09:39:00  ITETF        488800     346668    UV        20.0       yes      17.29
2025-10-23 09:39:00  MUFIN        423437     317794    UV        307.0      yes      19.64
2025-10-23 09:39:00  HAPPYFORGE   34910      24418     UV        122.0      no       11.55
2025-10-23 09:39:00  TATSILV      24079791   6959738   UV        4952.0     no       28.8 
2025-10-23 09:39:00  APEX         559297     401728    UV        908.0      no       10.47
2025-10-23 09:39:00  MEDIASSIST   313283     287867    UV        107.0      yes      20.38
2025-10-23 09:39:00  GROWWSLVR    554196     170913    UV        4370.0     no       33.37
2025-10-23 09:39:00  RMDRIP       97845      42901     UV        5.0        yes      17.32
2025-10-23 09:39:00  AFIL         1559772    1181531   UV        98.0       no       24.45
2025-10-23 09:39:00  AVANTEL      2726570    2440555   UV        14225.0    no       20.43
2025-10-23 09:39:00  ORIENTTECH   308601     231857    UV        11461.0    yes      5.58 
2025-10-23 09:39:00  TOLINS       687487     670325    UV        1113.0     no       10.55
2025-10-23 09:39:00  GROWWLIQID   456440     211389    UV        30.0       yes      4.95 
2025-10-23 09:39:00  TIJARIA      88139      30876     UV        0.0        no       3.86 
2025-10-23 09:39:00  VSSL         401498     63597     UV        3828.0     no       16.64
2025-10-23 09:39:00  IGIL         1431016    931043    UV        18199.0    no       4.1  
2025-10-23 09:39:00  KITEX        2135042    1090373   UV        14812.0    no       8.79 
2025-10-23 09:39:00  UNIMECH      52233      47244     UV        264.0      no       5.22 
2025-10-23 09:39:00  CONSUMER     274508     233317    UV        0.0        yes      19.39
2025-10-23 09:39:00  NIF100BEES   28983      25506     UV        0.0        no       18.77
2025-10-23 09:39:00  NIBL         57194      37644     UV        11.0       no       24.55
2025-10-23 09:40:00  MEGASOFT     188093     182956    UV        1191.0     yes      0.0  
2025-10-23 09:41:00  RAMCOSYS     47211      43883     UV        3741.0     no       8.3  
2025-10-23 09:41:00  ITBEES       8532047    8489741   UV        2495.0     yes      17.43
2025-10-23 09:42:00  TMB          67387      67067     UV        5384.0     yes      19.55
2025-10-23 09:42:00  TIRUPATIFL   183466     175588    UV        1840.0     yes      12.7 
2025-10-23 09:43:00  IT           239076     237278    UV        307.0      yes      17.3 
2025-10-23 09:43:00  IDFCFIRSTB   16713709   16611472  UV        117720.0   yes      8.17 
2025-10-23 09:43:00  APOLLOPIPE   68074      64020     UV        7787.0     no       20.04
2025-10-23 09:44:00  KERNEX       65661      64184     UV        1921.0     no       16.55
2025-10-23 09:44:00  PSB          1465045    1445866   UV        2147.0     yes      17.31
2025-10-23 09:44:00  SGFIN        113398     70033     UV        17860.0    no       24.31
2025-10-23 09:45:00  TRIDENT      10113241   10109503  UV        2087.0     no       15.97
2025-10-23 09:46:00  NV20IETF     571534     464757    UV        3109.0     yes      18.54
2025-10-23 09:47:00  ARVIND       401324     395773    UV        17711.0    yes      11.4 
2025-10-23 09:47:00  SAKHTISUG    118547     117098    UV        68.0       no       17.97
2025-10-23 09:48:00  VAIBHAVGBL   372037     369287    UV        2129.0     no       18.25
2025-10-23 09:48:00  KPRMILL      421431     410503    UV        15411.0    no       14.39
2025-10-23 09:48:00  INTERARCH    28176      28159     UV        538.0      no       20.36
2025-10-23 09:49:00  CENTRALBK    4663684    4661767   UV        1729.0     yes      18.97
2025-10-23 09:52:00  MAFANG       258545     257991    UV        929.0      yes      0.06 
2025-10-23 09:52:00  DONEAR       39869      39365     UV        337.0      yes      13.22
2025-10-23 09:52:00  METAL        1187579    1047927   UV        3863.0     no       18.65
2025-10-23 09:53:00  BHARATFORG   1012714    1011199   UV        8472.0     yes      5.43 
2025-10-23 09:53:00  XELPMOC      24448      23942     UV        150.0      yes      17.43
2025-10-23 09:53:00  BANKBEES     441513     418669    UV        60318.0    yes      19.1 
2025-10-23 09:53:00  HDFCSENSEX   29226      25221     UV        1505.0     yes      18.01
2025-10-23 09:54:00  HAPPSTMNDS   329608     324899    UV        4051.0     yes      16.4 
2025-10-23 09:56:00  SIYSIL       78932      74727     UV        3208.0     no       18.25
2025-10-23 09:57:00  SAMBHAAV     98943      96486     UV        50.0       yes      19.98
2025-10-23 09:57:00  BANKINDIA    5812694    5771713   UV        7479.0     yes      7.7  
2025-10-23 09:58:00  ALIVUS       361651     77416     UV        323847.0   no       19.96
2025-10-23 09:59:00  WHIRLPOOL    188659     172322    UV        22711.0    no       21.56
2025-10-23 10:00:00  J&KBANK      1767107    1766003   UV        3824.0     yes      17.83
2025-10-23 10:00:00  UCOBANK      6674601    6614104   UV        6025.0     yes      18.6 
2025-10-23 10:01:00  MANGLMCEM    87132      76394     UV        11808.0    yes      14.47
2025-10-23 10:01:00  MMFL         57136      56560     UV        402.0      yes      14.21
2025-10-23 10:03:00  IOB          5853790    5805869   UV        2165.0     yes      19.29
2025-10-23 10:05:00  HDFCGROWTH   22906      22047     UV        270.0      yes      18.68
2025-10-23 10:06:00  MTARTECH     240702     226400    UV        35186.0    yes      13.61
2025-10-23 10:06:00  PRITI        43161      42809     UV        62.0       yes      21.15
2025-10-23 10:06:00  ATHERENERG   3158891    3139937   UV        14031.0    no       24.27
2025-10-23 10:06:00  SCILAL       421404     418511    UV        655.0      yes      16.75
2025-10-23 10:08:00  WHEELS       28624      28483     UV        305.0      no       21.36
2025-10-23 10:08:00  EVIETF       97039      89761     UV        323.0      no       19.3 
2025-10-23 10:09:00  RKSWAMY      39594      39545     UV        26.0       no       21.23
2025-10-23 10:10:00  MARINE       209799     204451    UV        3135.0     yes      8.31 
2025-10-23 10:10:00  HCC          3873423    3867847   UV        458.0      yes      17.85
2025-10-23 10:11:00  PRSMJOHNSN   826605     664759    UV        64365.0    yes      15.86
2025-10-23 10:11:00  HDFCNIFIT    81973      77668     UV        380.0      yes      17.05
2025-10-23 10:11:00  ZEEMEDIA     2241208    1930103   UV        6076.0     no       26.2 
2025-10-23 10:12:00  HINDCON      22733      22675     UV        15.0       no       12.16
2025-10-23 10:12:00  DIVOPPBEES   83405      83063     UV        55.0       yes      18.69
2025-10-23 10:12:00  SUBROS       121936     119996    UV        3851.0     no       20.4 
2025-10-23 10:13:00  INOXGREEN    748095     727315    UV        8466.0     no       14.03
2025-10-23 10:13:00  NITINSPIN    75084      74495     UV        1117.0     no       15.75
2025-10-23 10:13:00  ARIES        276581     272854    UV        1729.0     no       9.7  
