Time       Symbol       Volume     VolCutoff  Turnover     %UC                              Link 
09:17      ROUTE        198508     82516      50407.0    17.5  https://kite.zerodha.com/markets/ext/chart/web/tvc/NSE/ROUTE/32769        NA:PNQ
09:18      HCC          4181882    3867847    12681.0    18.29 https://kite.zerodha.com/markets/ext/chart/web/tvc/NSE/HCC/352001         NA:PNQ                     NA:PS
09:19      GENCON       138774     66865      3913.0     10.4  https://kite.zerodha.com/markets/ext/chart/web/tvc/NSE/GENCON/560129      NA:PNQ                     NA:PS
09:19      KTKBANK      1014756    1009435    14288.0    18.45 https://kite.zerodha.com/markets/ext/chart/web/tvc/NSE/KTKBANK/2061825    NA:PNQ                     NA:PS 
09:23      HIKAL        4277053    440728     107607.0   14.77 https://kite.zerodha.com/markets/ext/chart/web/tvc/NSE/HIKAL/2475009      NA:PNQ                     NA:PS 
09:24      PETRONET     1941750    1658613    22357.0    7.16  https://kite.zerodha.com/markets/ext/chart/web/tvc/NSE/PETRONET/2905857   ----
09:24      UNIMECH      53018      47244      8184.0     4.25  https://kite.zerodha.com/markets/ext/chart/web/tvc/NSE/UNIMECH/7413761    long:loss                
09:24      MCLOUD       8089916    5041965    19320.0    8.78  https://kite.zerodha.com/markets/ext/chart/web/tvc/NSE/MCLOUD/7547393     NA:PNQ
09:25      BESTAGRO     121586     114987     10514.0    12.95 https://kite.zerodha.com/markets/ext/chart/web/tvc/NSE/BESTAGRO/590337    NA:PNQ                     NA:PS
09:26      WEBELSOLAR   1495045    221476     27895.0    18.75 https://kite.zerodha.com/markets/ext/chart/web/tvc/NSE/WEBELSOLAR/3738113 NA:PNQ
09:29      MMFL         67140      56560      2196.0     18.7  https://kite.zerodha.com/markets/ext/chart/web/tvc/NSE/MMFL/3544065       NA:PNQ
09:32      VLSFINANCE   25565      22560      1709.0     18.29 https://kite.zerodha.com/markets/ext/chart/web/tvc/NSE/VLSFINANCE/951041  NA:LV
09:33      BAJAJHFL     4749275    4712602    10548.0    10.72 https://kite.zerodha.com/markets/ext/chart/web/tvc/NSE/BAJAJHFL/6469121   NA:PNQ
09:34      USHAMART     623657     608997     26998.0    15.71 https://kite.zerodha.com/markets/ext/chart/web/tvc/NSE/USHAMART/2263041   long:loss
09:37      MANGALAM     99486      33555      1269.0     0.08  https://kite.zerodha.com/markets/ext/chart/web/tvc/NSE/MANGALAM/3025153   NA:LV

09:46      HINDCOPPER   5668077    5504832    110361.0   16.64 https://kite.zerodha.com/markets/ext/chart/web/tvc/NSE/HINDCOPPER/4592385 
09:48      UBL          498558     194134     4039.0     18.93 https://kite.zerodha.com/markets/ext/chart/web/tvc/NSE/UBL/4278529        
09:49      AKZOINDIA    115842     34842      9119.0     18.95 https://kite.zerodha.com/markets/ext/chart/web/tvc/NSE/AKZOINDIA/375553   
09:49      LAXMIDENTL   895414     791441     11230.0    9.16  https://kite.zerodha.com/markets/ext/chart/web/tvc/NSE/LAXMIDENTL/7467777 
09:51      BANCOINDIA   1213956    989358     23256.0    11.96 https://kite.zerodha.com/markets/ext/chart/web/tvc/NSE/BANCOINDIA/3553281
09:52      RITCO        59494      49663      3282.0     15.61 https://kite.zerodha.com/markets/ext/chart/web/tvc/NSE/RITCO/2289665
09:54      BANSALWIRE   126530     87479      2745.0     6.09  https://kite.zerodha.com/markets/ext/chart/web/tvc/NSE/BANSALWIRE/6242817
09:57      TARSONS      62496      58372      1487.0     17.11 https://kite.zerodha.com/markets/ext/chart/web/tvc/NSE/TARSONS/1777409
09:57      RATNAVEER    363034     341304     7310.0     16.25 https://kite.zerodha.com/markets/ext/chart/web/tvc/NSE/RATNAVEER/4716289
09:58      TATSILV      7319905    6959738    1665.0     18.93 https://kite.zerodha.com/markets/ext/chart/web/tvc/NSE/TATSILV/5485569
09:59      LTTS         61924      58983      17106.0    17.05 https://kite.zerodha.com/markets/ext/chart/web/tvc/NSE/LTTS/4752385
10:01      IT           317481     237278     4298.0     17.37 https://kite.zerodha.com/markets/ext/chart/web/tvc/NSE/IT/672513
10:04      INDIGO       1187032    1179706    59951.0    10.9  https://kite.zerodha.com/markets/ext/chart/web/tvc/NSE/INDIGO/2865921
10:06      SMCGLOBAL    142367     76429      1184.0     11.13 https://kite.zerodha.com/markets/ext/chart/web/tvc/NSE/SMCGLOBAL/593921
10:08      IPCALAB      251324     210747     107228.0   18.66 https://kite.zerodha.com/markets/ext/chart/web/tvc/NSE/IPCALAB/418049
10:09      BSOFT        1195133    1052420    21540.0    18.94 https://kite.zerodha.com/markets/ext/chart/web/tvc/NSE/BSOFT/1790465
10:10      KFINTECH     991268     956329     56481.0    8.46  https://kite.zerodha.com/markets/ext/chart/web/tvc/NSE/KFINTECH/3419905
10:12      INDIACEM     1268445    1261493    7470.0     5.05  https://kite.zerodha.com/markets/ext/chart/web/tvc/NSE/INDIACEM/387841
10:12      MAGNUM       265219     166459     3344.0     0.0   https://kite.zerodha.com/markets/ext/chart/web/tvc/NSE/MAGNUM/3828993
10:13      SUBEXLTD     563688     556860     2432.0     8.04  https://kite.zerodha.com/markets/ext/chart/web/tvc/NSE/SUBEXLTD/247553

10:16      IMFA         127348     120372     11971.0    15.95 https://kite.zerodha.com/markets/ext/chart/web/tvc/NSE/IMFA/4924161       long:loss
10:25      JKTYRE       708490     597055     33056.0    16.94 https://kite.zerodha.com/markets/ext/chart/web/tvc/NSE/JKTYRE/3695361     long:loss
10:27      LGHL         70087      67051      2201.0     5.12  https://kite.zerodha.com/markets/ext/chart/web/tvc/NSE/LGHL/5088257       NA:LV
10:28      WINDMACHIN   117515     81083      10774.0    7.07  https://kite.zerodha.com/markets/ext/chart/web/tvc/NSE/WINDMACHIN/6392065 NA:LV
10:29      SERVOTECH    682905     615125     5916.0     11.34 https://kite.zerodha.com/markets/ext/chart/web/tvc/NSE/SERVOTECH/1409793  NA:PNQ                                   NA:PS
10:31      SGFIN        74379      70033      12755.0    18.75 https://kite.zerodha.com/markets/ext/chart/web/tvc/NSE/SGFIN/194266369    NA:LV
10:32      BLS          1880160    1762530    31791.0    15.05 https://kite.zerodha.com/markets/ext/chart/web/tvc/NSE/BLS/4423425        NA:PNQ
10:33      HAPPSTMNDS   357096     324899     2213.0     16.14 https://kite.zerodha.com/markets/ext/chart/web/tvc/NSE/HAPPSTMNDS/12289   NA:PNQ                                   NA:PS
10:34      FIVESTAR     1120500    1026452    5691.0     16.59 https://kite.zerodha.com/markets/ext/chart/web/tvc/NSE/FIVESTAR/3080193   NA:SS
10:42      PCJEWELLER   96621393   68926616   38631.0    9.36  https://kite.zerodha.com/markets/ext/chart/web/tvc/NSE/PCJEWELLER/7455745 NA:PNQ 
10:49      HDFCPVTBAN   82311      61916      1001.0     18.64 https://kite.zerodha.com/markets/ext/chart/web/tvc/NSE/HDFCPVTBAN/3099649 NA:LV
10:55      ROLEXRINGS   146808     29551      1042.0     16.65 https://kite.zerodha.com/markets/ext/chart/web/tvc/NSE/ROLEXRINGS/1351425 NA:PNQ
10:59      WHIRLPOOL    462624     172322     107904.0   18.0  https://kite.zerodha.com/markets/ext/chart/web/tvc/NSE/WHIRLPOOL/4610817  NA:PNQ
11:09      HSCL         1571146    996126     46477.0    15.34 https://kite.zerodha.com/markets/ext/chart/web/tvc/NSE/HSCL/3669505       long:loss
11:19      GAEL         637233     412803     4746.0     16.65 https://kite.zerodha.com/markets/ext/chart/web/tvc/NSE/GAEL/2259969       NA:PNQ 
11:29      TECH         180178     101380     5588.0     17.47 https://kite.zerodha.com/markets/ext/chart/web/tvc/NSE/TECH/1654273       NA:LV
11:29      INDOWIND     1161973    165024     1889.0     15.01 https://kite.zerodha.com/markets/ext/chart/web/tvc/NSE/INDOWIND/3827713   NA:LV
11:37      TARIL        2140666    1011859    4368.0     8.58  https://kite.zerodha.com/markets/ext/chart/web/tvc/NSE/TARIL/3884545      NA:PNQ
11:57      KIRLOSENG    746789     473282     23982.0    12.62 https://kite.zerodha.com/markets/ext/chart/web/tvc/NSE/KIRLOSENG/5359617  NA:PNQ 
12:27      BLISSGVS     1379168    1145260    3855.0     12.52 https://kite.zerodha.com/markets/ext/chart/web/tvc/NSE/BLISSGVS/4931841   long:profit
12:33      ALIVUS       893004     77416      2561.0     18.98 https://kite.zerodha.com/markets/ext/chart/web/tvc/NSE/ALIVUS/1347841     NA:PNQ
12:41      NIITMTS      285244     163087     103222.0   18.87 https://kite.zerodha.com/markets/ext/chart/web/tvc/NSE/NIITMTS/4543233    NA:SS
12:52      ESSENTIA     4094019    1630606    1118.0     1.61  https://kite.zerodha.com/markets/ext/chart/web/tvc/NSE/ESSENTIA/7762689   NA:LV
13:34      SATIA        161598     85406      3652.0     17.27 https://kite.zerodha.com/markets/ext/chart/web/tvc/NSE/SATIA/2827521      NA:LV
13:47      VIJAYA       504020     360544     34434.0    12.04 https://kite.zerodha.com/markets/ext/chart/web/tvc/NSE/VIJAYA/1429761     long:profit
13:49      EASEMYTRIP   47872286   17857900   2959.0     18.98 https://kite.zerodha.com/markets/ext/chart/web/tvc/NSE/EASEMYTRIP/714753  NA:PNQ 
13:55      SANSERA      175785     87370      72554.0    18.64 https://kite.zerodha.com/markets/ext/chart/web/tvc/NSE/SANSERA/1472257    NA:LV

