Time       Symbol       Volume     VolCutoff  Turnover     %UC                              Link 
09:17      HINDZINC     2561260    2482111    445276.0   8.74  https://kite.zerodha.com/markets/ext/chart/web/tvc/NSE/HINDZINC/364545         NA:PNQ             NA:PS:profit
09:17      VIPULLTD     607896     339630     1406.0     8.29  https://kite.zerodha.com/markets/ext/chart/web/tvc/NSE/VIPULLTD/2156545        NA:LV    
09:17      SHAKTIPUMP   685961     615247     209363.0   16.79 https://kite.zerodha.com/markets/ext/chart/web/tvc/NSE/SHAKTIPUMP/6546945      long:profit
09:20      KAYNES       643127     570385     282320.0   7.91  https://kite.zerodha.com/markets/ext/chart/web/tvc/NSE/KAYNES/3095553          NA:PNQ
09:21      MCL          71681      38313      1493.0     1.83  https://kite.zerodha.com/markets/ext/chart/web/tvc/NSE/MCL/5724161             NA:LV
09:26      AARTIIND     1251224    1243886    29625.0    13.76 https://kite.zerodha.com/markets/ext/chart/web/tvc/NSE/AARTIIND/1793           NA:PNQ
09:26      GEOJITFSL    46003918   394942     41078.0    17.8  https://kite.zerodha.com/markets/ext/chart/web/tvc/NSE/GEOJITFSL/3045377       NA:PNQ
09:26      ASTEC        47509      43744      3538.0     9.79  https://kite.zerodha.com/markets/ext/chart/web/tvc/NSE/ASTEC/4538369           NA:PNQ
09:27      KEC          1288734    709335     67021.0    15.78 https://kite.zerodha.com/markets/ext/chart/web/tvc/NSE/KEC/3394561             NA:PNQ             NA:PS:profit
09:27      DSSL         222130     22646      32213.0    18.56 https://kite.zerodha.com/markets/ext/chart/web/tvc/NSE/DSSL/6576641            NA:NEM
09:29      MAFANG       273288     257991     6110.0     0.0   https://kite.zerodha.com/markets/ext/chart/web/tvc/NSE/MAFANG/897793           NA:CTUC
09:29      GANDHAR      199488     148507     1467.0     13.95 https://kite.zerodha.com/markets/ext/chart/web/tvc/NSE/GANDHAR/5197569         long:loss
09:34      IOC          8092350    8085170    17650.0    9.46  https://kite.zerodha.com/markets/ext/chart/web/tvc/NSE/IOC/415745              NA:PNQ
09:35      NUVOCO       490151     468310     12537.0    13.66 https://kite.zerodha.com/markets/ext/chart/web/tvc/NSE/NUVOCO/1389057          long:loss
09:35      IMFA         122110     120372     4658.0     16.41 https://kite.zerodha.com/markets/ext/chart/web/tvc/NSE/IMFA/4924161            long:loss
09:35      GODAVARIB    63704      59277      3997.0     14.28 https://kite.zerodha.com/markets/ext/chart/web/tvc/NSE/GODAVARIB/6640897        NA:LV
09:38      BALUFORGE    197961     172317     11196.0    17.01 https://kite.zerodha.com/markets/ext/chart/web/tvc/NSE/BALUFORGE/6043393       NA:PNQ              NA:PS:profit

09:41      REFEX        8465917    306395     109965.0   16.65 https://kite.zerodha.com/markets/ext/chart/web/tvc/NSE/REFEX/4547585           
09:43      NEOGEN       70528      43242      3577.0     18.82 https://kite.zerodha.com/markets/ext/chart/web/tvc/NSE/NEOGEN/2538753
09:44      TARIL        5068596    1011859    93545.0    18.55 https://kite.zerodha.com/markets/ext/chart/web/tvc/NSE/TARIL/3884545
09:48      ASHOKA       734244     731259     1573.0     17.91 https://kite.zerodha.com/markets/ext/chart/web/tvc/NSE/ASHOKA/5166593
09:53      SENORES      611804     574055     39523.0    11.93 https://kite.zerodha.com/markets/ext/chart/web/tvc/NSE/SENORES/7395329
09:58      GMRAIRPORT   12789226   12768978   15324.0    7.69  https://kite.zerodha.com/markets/ext/chart/web/tvc/NSE/GMRAIRPORT/3463169
10:00      SAREGAMA     400814     330021     5396.0     16.17 https://kite.zerodha.com/markets/ext/chart/web/tvc/NSE/SAREGAMA/1252353
10:00      DCM          22693      22048      1586.0     18.67 https://kite.zerodha.com/markets/ext/chart/web/tvc/NSE/DCM/206081
10:02      SEPC         7617395    7265976    6113.0     11.63 https://kite.zerodha.com/markets/ext/chart/web/tvc/NSE/SEPC/3918849
10:03      JAIBALAJI    1139953    1134619    3547.0     12.22 https://kite.zerodha.com/markets/ext/chart/web/tvc/NSE/JAIBALAJI/2881537
10:03      SELAN        43593      41715      1011.0     10.97 https://kite.zerodha.com/markets/ext/chart/web/tvc/NSE/SELAN/3481089
10:04      NBCC         7556280    7207776    101248.0   4.94  https://kite.zerodha.com/markets/ext/chart/web/tvc/NSE/NBCC/8042241
10:12      DREDGECORP   107011     30442      15832.0    18.68 https://kite.zerodha.com/markets/ext/chart/web/tvc/NSE/DREDGECORP/2885377

10:23      LODHA        1802273    1709899    9327.0     10.97 https://kite.zerodha.com/markets/ext/chart/web/tvc/NSE/LODHA/824321            NA:SS
10:29      LUMAXTECH    262734     186365     4261.0     12.43 https://kite.zerodha.com/markets/ext/chart/web/tvc/NSE/LUMAXTECH/3587585       ---
10:32      PVRINOX      858934     439483     23904.0    14.16 https://kite.zerodha.com/markets/ext/chart/web/tvc/NSE/PVRINOX/3365633         NA:PNQ
10:34      WHEELS       41383      28483      2252.0     13.58 https://kite.zerodha.com/markets/ext/chart/web/tvc/NSE/WHEELS/964097           ---
10:43      SUVEN        168527     138045     2723.0     13.01 https://kite.zerodha.com/markets/ext/chart/web/tvc/NSE/SUVEN/2875649           long:loss
10:44      SUPREMEIND   212740     194003     11623.0    10.17 https://kite.zerodha.com/markets/ext/chart/web/tvc/NSE/SUPREMEIND/860929       NA:PNQ 
10:47      IONEXCHANG   313457     233994     3850.0     13.3  https://kite.zerodha.com/markets/ext/chart/web/tvc/NSE/IONEXCHANG/417281       long:profit
11:05      SHRIPISTON   143795     74672      4533.0     15.22 https://kite.zerodha.com/markets/ext/chart/web/tvc/NSE/SHRIPISTON/4399617      NA:PNQ
11:29      SMCGLOBAL    816757     76429      4192.0     18.2  https://kite.zerodha.com/markets/ext/chart/web/tvc/NSE/SMCGLOBAL/593921        NA:PNQ
12:00      VSTL         63969      38541      3752.0     17.05 https://kite.zerodha.com/markets/ext/chart/web/tvc/NSE/VSTL/5818881            NA:LV
12:02      WALCHANNAG   970277     115596     8463.0     18.86 https://kite.zerodha.com/markets/ext/chart/web/tvc/NSE/WALCHANNAG/956417       NA:NEM
12:23      PRAJI ND      1060054    747665     16135.0    13.56 https://kite.zerodha.com/markets/ext/chart/web/tvc/NSE/PRAJIND/692481         long:profit:MB
12:31      CEWATER      151563     77240      1558.0     11.35 https://kite.zerodha.com/markets/ext/chart/web/tvc/NSE/CEWATER/7363585         NA:LV  
12:36      BESTAGRO     137132     114987     1680.0     10.72 https://kite.zerodha.com/markets/ext/chart/web/tvc/NSE/BESTAGRO/590337         NA:PNQ
12:49      PRUDENT      74496      26017      34082.0    18.54 https://kite.zerodha.com/markets/ext/chart/web/tvc/NSE/PRUDENT/2445569         NA:PNQ
13:54      BHARTIHEXA   331117     205971     495249.0   18.82 https://kite.zerodha.com/markets/ext/chart/web/tvc/NSE/BHARTIHEXA/6013185      NA:PNQ
13:55      RAIN         3005508    2111840    7823.0     12.59 https://kite.zerodha.com/markets/ext/chart/web/tvc/NSE/RAIN/3926273            long:loss

