Time       Symbol       Volume     VolCutoff  Turnover     %UC                              Link 
09:18      AARTIIND     1796500    1243886    105381.0   13.0  https://kite.zerodha.com/markets/ext/chart/web/tvc/NSE/AARTIIND/1793        long:loss
09:18      GULPOLY      99645      80537      3434.0     14.17 https://kite.zerodha.com/markets/ext/chart/web/tvc/NSE/GULPOLY/1609217      NA:LV
09:18      BHARTIARTL   55973623   6630619    350536.0   13.58 https://kite.zerodha.com/markets/ext/chart/web/tvc/NSE/BHARTIARTL/2714625   NA:SS
09:18      INTERARCH    138095     28159      96118.0    8.49  https://kite.zerodha.com/markets/ext/chart/web/tvc/NSE/INTERARCH/6376705    long:profit:MB
09:18      MINDACORP    301715     292079     54432.0    14.66 https://kite.zerodha.com/markets/ext/chart/web/tvc/NSE/MINDACORP/6629633    NA:NE
09:19      UTKARSHBNK   16809068   1434809    23316.0    28.52 https://kite.zerodha.com/markets/ext/chart/web/tvc/NSE/UTKARSHBNK/4443649   NA:PNQ
09:19      BLSE         78759      73469      1240.0     19.31 https://kite.zerodha.com/markets/ext/chart/web/tvc/NSE/BLSE/5776897         NA:PNQ
09:21      DREDGECORP   32148      30442      2755.0     11.31 https://kite.zerodha.com/markets/ext/chart/web/tvc/NSE/DREDGECORP/2885377   NA:PNQ
09:21      SANDUMA      352476     207220     5319.0     18.44 https://kite.zerodha.com/markets/ext/chart/web/tvc/NSE/SANDUMA/4699905      NA:PNQ
09:22      CCL          258178     240117     36438.0    19.09 https://kite.zerodha.com/markets/ext/chart/web/tvc/NSE/CCL/2931713          NA:PNQ
09:25      THANGAMAYL   43653      40873      21970.0    9.69  https://kite.zerodha.com/markets/ext/chart/web/tvc/NSE/THANGAMAYL/4638209   long:loss
09:26      LICI         1131128    958189     21457.0    8.91  https://kite.zerodha.com/markets/ext/chart/web/tvc/NSE/LICI/2426881         NA:NEM 
09:27      FCL          1691397    240450     1532.0     23.44 https://kite.zerodha.com/markets/ext/chart/web/tvc/NSE/FCL/1586689          NA:PNQ
09:28      LGBBROSLTD   27226      27126      1042.0     21.96 https://kite.zerodha.com/markets/ext/chart/web/tvc/NSE/LGBBROSLTD/4690177   NA:PNQ
09:29      GPPL         1600530    1460010    28333.0    17.45 https://kite.zerodha.com/markets/ext/chart/web/tvc/NSE/GPPL/5051137         long:profit
09:32      LUPIN        893880     888066     36597.0    8.29  https://kite.zerodha.com/markets/ext/chart/web/tvc/NSE/LUPIN/2672641        long:loss
09:37      SCI          1740271    1621266    42055.0    17.86 https://kite.zerodha.com/markets/ext/chart/web/tvc/NSE/SCI/780289           long:profit
09:42      GSLSU        153573     106554     7613.0     19.14 https://kite.zerodha.com/markets/ext/chart/web/tvc/NSE/GSLSU/3737345        NA:LV
09:44      REDINGTON    6484629    6066891    42288.0    22.26 https://kite.zerodha.com/markets/ext/chart/web/tvc/NSE/REDINGTON/3649281    NA:PNQ
09:45      JYOTISTRUC   6975661    6860529    8003.0     13.03 https://kite.zerodha.com/markets/ext/chart/web/tvc/NSE/JYOTISTRUC/461313    NA:NE
09:46      CHENNPETRO   1391494    1271429    157963.0   17.12 https://kite.zerodha.com/markets/ext/chart/web/tvc/NSE/CHENNPETRO/524545    long:profit
09:47      MAFANG       470231     257991     3200.0     0.92  https://kite.zerodha.com/markets/ext/chart/web/tvc/NSE/MAFANG/897793        NA:CTUC
09:49      RPEL         40488      40408      2587.0     19.11 https://kite.zerodha.com/markets/ext/chart/web/tvc/NSE/RPEL/6332161         NA:NEM
09:53      MARINE       206765     204451     1189.0     8.05  https://kite.zerodha.com/markets/ext/chart/web/tvc/NSE/MARINE/339969        long:loss
09:53      MCX          484568     476918     100321.0   9.58  https://kite.zerodha.com/markets/ext/chart/web/tvc/NSE/MCX/7982337          long:profit 
09:57      GENUSPOWER   1691172    900678     25747.0    17.99 https://kite.zerodha.com/markets/ext/chart/web/tvc/NSE/GENUSPOWER/3047681   NA:PNQ
09:58      INDIGOPNTS   46655      41848      2031.0     18.76 https://kite.zerodha.com/markets/ext/chart/web/tvc/NSE/INDIGOPNTS/524289    NA:SS
10:06      ROLEXRINGS   164217     29551      1163.0     19.62 https://kite.zerodha.com/markets/ext/chart/web/tvc/NSE/ROLEXRINGS/1351425   NA:PNQ
10:22      AMBER        1611664    395721     230845.0   10.12 https://kite.zerodha.com/markets/ext/chart/web/tvc/NSE/AMBER/303361         NA:PNQ
10:24      LTF          9079487    7243239    93407.0    4.02  https://kite.zerodha.com/markets/ext/chart/web/tvc/NSE/LTF/6386689          long:profit
10:28      SGMART       272947     166148     27196.0    19.44 https://kite.zerodha.com/markets/ext/chart/web/tvc/NSE/SGMART/194275585     NA:SS
10:37      DCBBANK      2029152    1414703    3702.0     17.26 https://kite.zerodha.com/markets/ext/chart/web/tvc/NSE/DCBBANK/3513601      long:profit
10:45      SOUTHBANK    13609249   7088111    42393.0    16.11 https://kite.zerodha.com/markets/ext/chart/web/tvc/NSE/SOUTHBANK/1522689    long:profit
10:45      NITCO        512358     237420     2300.0     16.16 https://kite.zerodha.com/markets/ext/chart/web/tvc/NSE/NITCO/3404801        NA:PNQ
10:47      DAMCAPITAL   7595351    514566     61666.0    11.27 https://kite.zerodha.com/markets/ext/chart/web/tvc/NSE/DAMCAPITAL/7337473   NA:PNQ
10:56      SWANCORP     2287556    1901136    58184.0    11.72 https://kite.zerodha.com/markets/ext/chart/web/tvc/NSE/SWANCORP/6936321     long:profit
11:40      CELLO        511294     204971     194524.0   20.87 https://kite.zerodha.com/markets/ext/chart/web/tvc/NSE/CELLO/5067521        NA:PNQ
11:45      ABINFRA      119843     58187      1251.0     1.5   https://kite.zerodha.com/markets/ext/chart/web/tvc/NSE/ABINFRA/6917121      NA:CTUC
11:49      VINCOFE      4203142    2139658    93699.0    19.09 https://kite.zerodha.com/markets/ext/chart/web/tvc/NSE/VINCOFE/6613761      NA:NEM
11:56      KPIGREEN     1244317    664076     20581.0    18.38 https://kite.zerodha.com/markets/ext/chart/web/tvc/NSE/KPIGREEN/1307649     NA:PNQ
12:11      RAJRATAN     387199     98951      8992.0     13.87 https://kite.zerodha.com/markets/ext/chart/web/tvc/NSE/RAJRATAN/4854273     long:loss
12:23      UFO          337385     165328     1442.0     14.64 https://kite.zerodha.com/markets/ext/chart/web/tvc/NSE/UFO/2313985          long:profit  
12:49      PRSMJOHNSN   761249     664759     24423.0    13.37 https://kite.zerodha.com/markets/ext/chart/web/tvc/NSE/PRSMJOHNSN/701185    NA:LV
12:58      NESCO        515361     155023     8277.0     9.72  https://kite.zerodha.com/markets/ext/chart/web/tvc/NSE/NESCO/3944705        NA:NE
13:05      ARVIND       784597     395773     29910.0    16.95 https://kite.zerodha.com/markets/ext/chart/web/tvc/NSE/ARVIND/49409         long:loss
13:09      TEMBO        122269     60786      17900.0    0.0   https://kite.zerodha.com/markets/ext/chart/web/tvc/NSE/TEMBO/838401         NA:CTUC
13:11      HAPPYFORGE   78544      24418      1168.0     6.71  https://kite.zerodha.com/markets/ext/chart/web/tvc/NSE/HAPPYFORGE/5338625   NA:LV
13:15      BANDHANBNK   9825745    4769818    923483.0   9.24  https://kite.zerodha.com/markets/ext/chart/web/tvc/NSE/BANDHANBNK/579329    NA:SS
13:16      TMB          200057     67067      4195.0     16.35 https://kite.zerodha.com/markets/ext/chart/web/tvc/NSE/TMB/2801921          ---- 
13:18      PRICOLLTD    5474582    531824     59553.0    9.86  https://kite.zerodha.com/markets/ext/chart/web/tvc/NSE/PRICOLLTD/5025537    long:profit
13:27      MOMIDMTM     48528      29964      1581.0     19.94 https://kite.zerodha.com/markets/ext/chart/web/tvc/NSE/MOMIDMTM/194001153   NA:LV
13:39      AGIIL        191083     104124     15709.0    18.58 https://kite.zerodha.com/markets/ext/chart/web/tvc/NSE/AGIIL/6257921        NA:SS
13:42      JINDALSAW    4768798    1358289    3028.0     21.42 https://kite.zerodha.com/markets/ext/chart/web/tvc/NSE/JINDALSAW/774145     NA:PNQ
13:50      SUNDRMFAST   208152     103128     157247.0   19.11 https://kite.zerodha.com/markets/ext/chart/web/tvc/NSE/SUNDRMFAST/856321    NA:NEM

