Time       Symbol       Volume     VolCutoff  Turnover     %UC                              Link  
09:17      TARSONS      78465      58372      7226.0     18.59 https://kite.zerodha.com/markets/ext/chart/web/tvc/NSE/TARSONS/1777409      NA:PNQ
09:17      GANESHHOU    83812      61925      18938.0    9.94  https://kite.zerodha.com/markets/ext/chart/web/tvc/NSE/GANESHHOU/3670785    NA:NIFTY
09:17      SANDUMA      240295     207220     9932.0     16.66 https://kite.zerodha.com/markets/ext/chart/web/tvc/NSE/SANDUMA/4699905      NA:NIFTY
09:17      INDOUS       61900      44120      2215.0     7.08  https://kite.zerodha.com/markets/ext/chart/web/tvc/NSE/INDOUS/6528769       NA:NIFTY
09:18      FINOPB       454079     262751     39458.0    14.93 https://kite.zerodha.com/markets/ext/chart/web/tvc/NSE/FINOPB/1684225       NA:NIFTY
09:20      TARC         502477     483759     11020.0    13.74 https://kite.zerodha.com/markets/ext/chart/web/tvc/NSE/TARC/404737          NA:PS
09:20      AGARWALEYE   305011     270798     28916.0    11.45 https://kite.zerodha.com/markets/ext/chart/web/tvc/NSE/AGARWALEYE/7539713   NA:NIFTY
09:21      BESTAGRO     489106     114987     26840.0    6.63  https://kite.zerodha.com/markets/ext/chart/web/tvc/NSE/BESTAGRO/590337      NA:PNQ
09:21      ASTEC        392015     43744      31054.0    8.78  https://kite.zerodha.com/markets/ext/chart/web/tvc/NSE/ASTEC/4538369        NA:PNQ
09:22      HARDWYN      1279419    463638     15009.0    18.27 https://kite.zerodha.com/markets/ext/chart/web/tvc/NSE/HARDWYN/2294273      NA:LV
09:23      TTML         1338697    772913     6480.0     3.4   https://kite.zerodha.com/markets/ext/chart/web/tvc/NSE/TTML/2292225         NA:PS
09:24      RESPONIND    156087     68698      5865.0     18.97 https://kite.zerodha.com/markets/ext/chart/web/tvc/NSE/RESPONIND/5202689    NA:PNQ
09:25      GHCL         106592     103859     3328.0     13.55 https://kite.zerodha.com/markets/ext/chart/web/tvc/NSE/GHCL/288513          NA:PS
09:27      GODREJAGRO   362325     304001     13315.0    16.32 https://kite.zerodha.com/markets/ext/chart/web/tvc/NSE/GODREJAGRO/36865     NA:PNQ
09:27      PASUPTAC     178194     65299      1759.0     18.5  https://kite.zerodha.com/markets/ext/chart/web/tvc/NSE/PASUPTAC/1547521     NA:PNQ
09:27      MOIL         738870     697106     31719.0    14.3  https://kite.zerodha.com/markets/ext/chart/web/tvc/NSE/MOIL/5332481         ---
09:30      AXITA        2126512    1899939    2225.0     10.97 https://kite.zerodha.com/markets/ext/chart/web/tvc/NSE/AXITA/2534913        NA:LV
09:32      GMDCLTD      8495405    8384337    94030.0    12.9  https://kite.zerodha.com/markets/ext/chart/web/tvc/NSE/GMDCLTD/1332225      long:loss
09:32      VLEGOV       281721     253534     1930.0     0.69  https://kite.zerodha.com/markets/ext/chart/web/tvc/NSE/VLEGOV/4611073       NA:LV
09:35      ROLEXRINGS   71125      29551      2832.0     18.21 https://kite.zerodha.com/markets/ext/chart/web/tvc/NSE/ROLEXRINGS/1351425   NA:LV
09:35      GILLETTE     28189      26038      47093.0    13.63 https://kite.zerodha.com/markets/ext/chart/web/tvc/NSE/GILLETTE/403457      long:loss
09:35      SEQUENT      637849     602716     17344.0    13.62 https://kite.zerodha.com/markets/ext/chart/web/tvc/NSE/SEQUENT/3659777      NA:PS
09:36      GENCON       134430     66865      1429.0     18.5  https://kite.zerodha.com/markets/ext/chart/web/tvc/NSE/GENCON/560129        NA:LV
09:36      PATELENG     11719644   2651738    27931.0    9.79  https://kite.zerodha.com/markets/ext/chart/web/tvc/NSE/PATELENG/2994945     long:profit
09:38      EUROBOND     74714      37774      1512.0     14.01 https://kite.zerodha.com/markets/ext/chart/web/tvc/NSE/EUROBOND/194035969   NA:LV
09:41      ASHOKLEY     15082403   14601808   76798.0    5.5   https://kite.zerodha.com/markets/ext/chart/web/tvc/NSE/ASHOKLEY/54273       
09:46      ORIENTCER    91272      79600      1275.0     13.98 https://kite.zerodha.com/markets/ext/chart/web/tvc/NSE/ORIENTCER/3356417    
09:47      SANSERA      87484      87370      14994.0    16.02 https://kite.zerodha.com/markets/ext/chart/web/tvc/NSE/SANSERA/1472257      
09:48      PRITI        92060      42809      2036.0     0.0   https://kite.zerodha.com/markets/ext/chart/web/tvc/NSE/PRITI/2125825       
09:49      LGBBROSLTD   34183      27126      1526.0     18.95 https://kite.zerodha.com/markets/ext/chart/web/tvc/NSE/LGBBROSLTD/4690177
09:51      EUREKAFORB   179233     176887     3184.0     16.2  https://kite.zerodha.com/markets/ext/chart/web/tvc/NSE/EUREKAFORB/6441473
09:53      ROSSTECH     266173     265474     5387.0     17.33 https://kite.zerodha.com/markets/ext/chart/web/tvc/NSE/ROSSTECH/7002369
09:58      CHENNPETRO   1549913    1271429    25291.0    17.78 https://kite.zerodha.com/markets/ext/chart/web/tvc/NSE/CHENNPETRO/524545
09:59      MUTHOOTMF    332231     276785     1066.0     18.38 https://kite.zerodha.com/markets/ext/chart/web/tvc/NSE/MUTHOOTMF/5332737
10:00      KTKBANK      3331518    1009435    38485.0    18.37 https://kite.zerodha.com/markets/ext/chart/web/tvc/NSE/KTKBANK/2061825
10:01      RPOWER       20351329   15282667   39999.0    17.98 https://kite.zerodha.com/markets/ext/chart/web/tvc/NSE/RPOWER/3906305
10:03      BIGBLOC      309136     94505      2609.0     17.95 https://kite.zerodha.com/markets/ext/chart/web/tvc/NSE/BIGBLOC/4718337
10:05      TVSELECT     43169      39170      3587.0     17.67 https://kite.zerodha.com/markets/ext/chart/web/tvc/NSE/TVSELECT/2883841
10:05      DONEAR       39560      39365      1309.0     16.21 https://kite.zerodha.com/markets/ext/chart/web/tvc/NSE/DONEAR/3542785
10:13      ADANIPOWER   5019691    4874342    10403.0    18.98 https://kite.zerodha.com/markets/ext/chart/web/tvc/NSE/ADANIPOWER/4451329

10:18      TEJASNET     2400887    978254     51024.0    13.41 https://kite.zerodha.com/markets/ext/chart/web/tvc/NSE/TEJASNET/             NA:PNQ
11:15      LGHL         138708     67051      4985.0     0.8   https://kite.zerodha.com/markets/ext/chart/web/tvc/NSE/LGHL/5088257          NA:LV
11:31      LUXIND       37369      25421      5021.0     13.58 https://kite.zerodha.com/markets/ext/chart/web/tvc/NSE/LUXIND/2893057        long:loss
11:34      BLSE         530604     73469      3126.0     18.75 https://kite.zerodha.com/markets/ext/chart/web/tvc/NSE/BLSE/5776897          NA:NE
11:43      WALCHANNAG   176732     115596     9979.0     3.88  https://kite.zerodha.com/markets/ext/chart/web/tvc/NSE/WALCHANNAG/956417     NA:PNQ
11:45      HCC          9964722    3867847    10083.0    18.35 https://kite.zerodha.com/markets/ext/chart/web/tvc/NSE/HCC/352001            NA:PNQ
12:15      SAREGAMA     1218323    330021     6028.0     17.63 https://kite.zerodha.com/markets/ext/chart/web/tvc/NSE/SAREGAMA/1252353      long:profit
12:39      PROSTARM     3664943    1795533    26717.0    5.11  https://kite.zerodha.com/markets/ext/chart/web/tvc/NSE/PROSTARM/194092289    long:profit
12:44      EMCURE       196237     129860     223852.0   9.47  https://kite.zerodha.com/markets/ext/chart/web/tvc/NSE/EMCURE/6245889        NA:SS
12:45      CORDSCABLE   154719     27408      2428.0     10.32 https://kite.zerodha.com/markets/ext/chart/web/tvc/NSE/CORDSCABLE/3909377    NA:LV
12:58      WANBURY      121615     85966      1298.0     15.41 https://kite.zerodha.com/markets/ext/chart/web/tvc/NSE/WANBURY/3600129       NA:LV
13:00      MUFIN        479505     317794     2323.0     17.61 https://kite.zerodha.com/markets/ext/chart/web/tvc/NSE/MUFIN/5064449         NA:LV
13:08      SHAREINDIA   722383     356603     8578.0     1.64  https://kite.zerodha.com/markets/ext/chart/web/tvc/NSE/SHAREINDIA/26625      long:loss

