Time                 Symbol       Volume     VolCutoff Criteria   turnover   Days High %UC   
2025-10-10 09:33:00  DANGEE       33833      30576.0   50%       152.0      yes      2.67 
2025-10-10 09:35:00  SALZERELEC   42802      39869.0   45%       38432.0    yes      16.25

2025-10-10 09:51:00  SANGAMIND    18511      16693.0   50%       8380.0     no       6.232025-10-10 09:54:00  SANDHAR      41678      38202.0   40%       21039.0    yes      14.05
2025-10-10 09:54:00  PRECWIRE     84328      74510.0   50%       18669.0    yes      16.01
2025-10-10 10:02:00  ISGEC        11066      10060.0   35%       10305.0    yes      12.2 
2025-10-10 10:03:00  ISGEC        21866      14372.0   50%       20478.0    yes      11.56
2025-10-10 10:04:00  ISGEC        25343      14372.0   50%       24034.0    yes      10.17
2025-10-10 10:14:00  SALZERELEC   80449      44298.0   50%       76451.0    yes      9.84 
2025-10-10 10:28:00  AGIIL        54217      52062.0   50%       15061.0    yes      7.56 
2025-10-10 10:30:00  JYOTICNC     90855      88163.0   35%       90446.0    yes      10.18
2025-10-10 10:38:00  AGIIL        66053      52062.0   50%       18614.0    yes      6.03 
2025-10-10 10:42:00  JYOTICNC     122631     113353.0  45%       122876.0   yes      9.46 
2025-10-10 11:03:00  JYOTICNC     91717      88163.0   35%       91983.0    yes      9.36 
2025-10-10 11:14:00  TTML         470591     386456.0  50%       27812.0    yes      5.09 
2025-10-10 11:36:00  AGIIL        141825     52062.0   50%       39839.0    no       6.37 
2025-10-10 11:55:00  TATACOMM     183970     180594.0  40%       357638.0   yes      4.74 
2025-10-10 12:04:00  INDORAMA     53545      48587.0   40%       3279.0     yes      12.79
2025-10-10 12:16:00  AGIIL        112639     52062.0   50%       32947.0    yes      2.15 
2025-10-10 12:33:00  SANGAMIND    12924      11685.0   35%       5665.0     no       9.72 
2025-10-10 12:41:00  SANGAMIND    17826      16693.0   50%       7843.0     no       9.3  
2025-10-10 13:39:00  AGIIL        54860      52062.0   50%       15904.0    no       3.07 
2025-10-10 14:21:00  CENTEXT      180158     173486.0  50%       6230.0     yes      0.67 
2025-10-10 14:44:00  SANDUMA      73477      72527.0   35%       15010.0    no       19.49
2025-10-10 14:52:00  AGIIL        287640     52062.0   50%       84537.0    no       1.67 
2025-10-10 15:05:00  SANDUMA      125593     103610.0  50%       25873.0    no       18.48
