Time       Symbol       Volume     VolCutoff  Turnover     %UC                              Link 
09:17      EXXARO       644325     534066     2635.0     3.08  https://kite.zerodha.com/markets/ext/chart/web/tvc/NSE/EXXARO/1370113       NA:NE
09:17      APCOTEXIND   61341      40655      3356.0     10.9  https://kite.zerodha.com/markets/ext/chart/web/tvc/NSE/APCOTEXIND/39425     long:loss
09:17      CCL          259653     240117     65933.0    9.87  https://kite.zerodha.com/markets/ext/chart/web/tvc/NSE/CCL/2931713          long:profit 
09:17      THANGAMAYL   45714      40873      30753.0    11.25 https://kite.zerodha.com/markets/ext/chart/web/tvc/NSE/THANGAMAYL/4638209   NA:PNQ
09:17      LGBBROSLTD   61154      27126      24528.0    19.91 https://kite.zerodha.com/markets/ext/chart/web/tvc/NSE/LGBBROSLTD/4690177   NA:PNQ
09:17      SILLYMONKS   304604     35239      1350.0     0.0   https://kite.zerodha.com/markets/ext/chart/web/tvc/NSE/SILLYMONKS/4888833   NA:CTUC
09:18      ANDHRSUGAR   409487     219459     10629.0    8.17  https://kite.zerodha.com/markets/ext/chart/web/tvc/NSE/ANDHRSUGAR/34817     long:loss
09:18      RAMCOSYS     53145      43883      11034.0    2.89  https://kite.zerodha.com/markets/ext/chart/web/tvc/NSE/RAMCOSYS/2009857     long:loss
09:18      PRIVISCL     137703     122291     53824.0    10.9  https://kite.zerodha.com/markets/ext/chart/web/tvc/NSE/PRIVISCL/2259201     long:profit
09:19      INDRAMEDCO   312471     231107     24249.0    14.73 https://kite.zerodha.com/markets/ext/chart/web/tvc/NSE/INDRAMEDCO/1216257   long:loss
09:19      GPPL         3456597    1460010    104613.0   10.4  https://kite.zerodha.com/markets/ext/chart/web/tvc/NSE/GPPL/5051137         NA:NEM
09:21      CUB          1872467    1841122    13777.0    18.25 https://kite.zerodha.com/markets/ext/chart/web/tvc/NSE/CUB/1459457          NA:NE
09:21      SCI          1898255    1621266    80810.0    13.58 https://kite.zerodha.com/markets/ext/chart/web/tvc/NSE/SCI/780289           long:loss
09:22      MTARTECH     299322     226400     48866.0    27.27 https://kite.zerodha.com/markets/ext/chart/web/tvc/NSE/MTARTECH/693505      long:loss
09:23      HINDALCO     6063148    4651889    163167.0   16.11 https://kite.zerodha.com/markets/ext/chart/web/tvc/NSE/HINDALCO/348929      NA:NE
09:23      DREDGECORP   71762      30442      7303.0     11.56 https://kite.zerodha.com/markets/ext/chart/web/tvc/NSE/DREDGECORP/2885377   NA:PNQ
09:25      PRECWIRE     197951     149019     2350.0     17.82 https://kite.zerodha.com/markets/ext/chart/web/tvc/NSE/PRECWIRE/695553      NA:NEM
09:25      REDINGTON    6288646    6066891    84161.0    9.32  https://kite.zerodha.com/markets/ext/chart/web/tvc/NSE/REDINGTON/3649281    long:profit
09:27      SIYSIL       208548     74727      4298.0     22.12 https://kite.zerodha.com/markets/ext/chart/web/tvc/NSE/SIYSIL/3608577       NA:PNQ
09:28      BALAJITELE   117832     113139     1492.0     13.78 https://kite.zerodha.com/markets/ext/chart/web/tvc/NSE/BALAJITELE/2344449   long:loss
09:29      MAHSEAMLES   186381     175652     6676.0     23.89 https://kite.zerodha.com/markets/ext/chart/web/tvc/NSE/MAHSEAMLES/534529    NA:PNQ
09:31      ASIANPAINT   1139501    1060781    164307.0   5.45  https://kite.zerodha.com/markets/ext/chart/web/tvc/NSE/ASIANPAINT/60417     NA:NEM
09:32      MAFANG       268367     257991     3592.0     0.0   https://kite.zerodha.com/markets/ext/chart/web/tvc/NSE/MAFANG/897793        NA:CTUC
09:34      SHARDAMOTR   82687      81381      3181.0     14.14 https://kite.zerodha.com/markets/ext/chart/web/tvc/NSE/SHARDAMOTR/2695681   long:profit
09:34      ASTRAL       961388     943647     141903.0   5.37  https://kite.zerodha.com/markets/ext/chart/web/tvc/NSE/ASTRAL/3691009       long:profit
09:38      INTERARCH    28282      28159      2741.0     16.31 https://kite.zerodha.com/markets/ext/chart/web/tvc/NSE/INTERARCH/6376705    NA:PNQ
09:41      IGIL         1260703    931043     18542.0    3.63  https://kite.zerodha.com/markets/ext/chart/web/tvc/NSE/IGIL/7264769         long:profit 
09:42      NAVINFLUOR   112047     110167     39859.0    18.62 https://kite.zerodha.com/markets/ext/chart/web/tvc/NSE/NAVINFLUOR/3756033   NA:PNQ
09:43      CHENNPETRO   1347884    1271429    202643.0   17.76 https://kite.zerodha.com/markets/ext/chart/web/tvc/NSE/CHENNPETRO/524545    long:loss
09:44      MRPL         3571030    3507707    19610.0    19.37 https://kite.zerodha.com/markets/ext/chart/web/tvc/NSE/MRPL/584449          NA:PNQ
09:47      RELTD        150532     135700     3060.0     0.0   https://kite.zerodha.com/markets/ext/chart/web/tvc/NSE/RELTD/6296577        NA:CTUC
09:51      RPEL         45796      40408      1571.0     18.4  https://kite.zerodha.com/markets/ext/chart/web/tvc/NSE/RPEL/6332161         NA:NEM
09:52      BERGEPAINT   468898     467068     1837.0     16.68 https://kite.zerodha.com/markets/ext/chart/web/tvc/NSE/BERGEPAINT/103425    NA:NE
09:53      PPLPHARMA    4406111    4080457    143995.0   5.48  https://kite.zerodha.com/markets/ext/chart/web/tvc/NSE/PPLPHARMA/2962177    long:loss
09:55      SUNDRMFAST   214075     103128     193994.0   20.04 https://kite.zerodha.com/markets/ext/chart/web/tvc/NSE/SUNDRMFAST/856321    NA:PNQ
09:59      IDFCFIRSTB   17526550   16611472   2064.0     10.68 https://kite.zerodha.com/markets/ext/chart/web/tvc/NSE/IDFCFIRSTB/2863105   NA:PNQ
10:18      SOUTHBANK    7803782    7088111    6062.0     19.45 https://kite.zerodha.com/markets/ext/chart/web/tvc/NSE/SOUTHBANK/1522689
10:20      INDIGOPNTS   46904      41848      1181.0     18.84 https://kite.zerodha.com/markets/ext/chart/web/tvc/NSE/INDIGOPNTS/524289
10:20      BAJAJCON     981522     977975     1159.0     15.19 https://kite.zerodha.com/markets/ext/chart/web/tvc/NSE/BAJAJCON/4999937
10:26      SBIN         7826577    7822230    27220.0    9.44  https://kite.zerodha.com/markets/ext/chart/web/tvc/NSE/SBIN/779521
10:27      RAJRATAN     112508     98951      1322.0     19.94 https://kite.zerodha.com/markets/ext/chart/web/tvc/NSE/RAJRATAN/4854273
10:29      ASALCBR      55596      33621      1367.0     19.79 https://kite.zerodha.com/markets/ext/chart/web/tvc/NSE/ASALCBR/4505089
10:31      WHEELS       28565      28483      1296.0     18.12 https://kite.zerodha.com/markets/ext/chart/web/tvc/NSE/WHEELS/964097
10:32      RPOWER       47099428   15282667   55867.0    22.09 https://kite.zerodha.com/markets/ext/chart/web/tvc/NSE/RPOWER/3906305
10:35      SHRIRAMFIN   6283748    6255594    23140.0    10.52 https://kite.zerodha.com/markets/ext/chart/web/tvc/NSE/SHRIRAMFIN/1102337
10:44      GSLSU        155027     106554     3598.0     19.65 https://kite.zerodha.com/markets/ext/chart/web/tvc/NSE/GSLSU/3737345
10:47      MANAPPURAM   3949773    3883529    31060.0    6.58  https://kite.zerodha.com/markets/ext/chart/web/tvc/NSE/MANAPPURAM/4879617
10:48      BLSE         299202     73469      15924.0    20.37 https://kite.zerodha.com/markets/ext/chart/web/tvc/NSE/BLSE/5776897
10:56      VRLLOG       292300     240801     24464.0    19.97 https://kite.zerodha.com/markets/ext/chart/web/tvc/NSE/VRLLOG/2226177
10:56      MUFIN        771556     317794     1460.0     20.77 https://kite.zerodha.com/markets/ext/chart/web/tvc/NSE/MUFIN/5064449
10:57      GENUSPOWER   904873     900678     1643.0     18.88 https://kite.zerodha.com/markets/ext/chart/web/tvc/NSE/GENUSPOWER/3047681
10:58      AGIIL        130408     104124     8898.0     20.81 https://kite.zerodha.com/markets/ext/chart/web/tvc/NSE/AGIIL/6257921
11:02      TIMETECHNO   1141260    1137805    1041.0     19.42 https://kite.zerodha.com/markets/ext/chart/web/tvc/NSE/TIMETECHNO/3764993
11:04      TICL         188727     156728     1383.0     3.96  https://kite.zerodha.com/markets/ext/chart/web/tvc/NSE/TICL/4992257
11:04      FLAIR        1075635    198463     2357.0     5.53  https://kite.zerodha.com/markets/ext/chart/web/tvc/NSE/FLAIR/5215233
11:11      PSUBNKBEES   1903353    1882845    2217.0     20.24 https://kite.zerodha.com/markets/ext/chart/web/tvc/NSE/PSUBNKBEES/3848193
11:13      JBCHEPHARM   227762     192154     345662.0   20.46 https://kite.zerodha.com/markets/ext/chart/web/tvc/NSE/JBCHEPHARM/441857
11:15      GMMPFAUDLR   160340     55015      7496.0     19.04 https://kite.zerodha.com/markets/ext/chart/web/tvc/NSE/GMMPFAUDLR/401921
11:17      NDRAUTO      105246     51563      13469.0    10.64 https://kite.zerodha.com/markets/ext/chart/web/tvc/NSE/NDRAUTO/5697281
11:21      WEBELSOLAR   221659     221476     6586.0     15.85 https://kite.zerodha.com/markets/ext/chart/web/tvc/NSE/WEBELSOLAR/3738113
11:22      SETFNIF50    502943     441047     19661.0    20.93 https://kite.zerodha.com/markets/ext/chart/web/tvc/NSE/SETFNIF50/2605057
11:22      NIFTYBEES    4015433    3995259    24128.0    21.05 https://kite.zerodha.com/markets/ext/chart/web/tvc/NSE/NIFTYBEES/2707457
11:25      BAJAJHLDNG   58893      58618      15155.0    13.93 https://kite.zerodha.com/markets/ext/chart/web/tvc/NSE/BAJAJHLDNG/78081
11:25      MOMENTUM     70035      50325      1499.0     20.9  https://kite.zerodha.com/markets/ext/chart/web/tvc/NSE/MOMENTUM/2737409
11:35      PAYTM        6090240    6081088    22887.0    5.05  https://kite.zerodha.com/markets/ext/chart/web/tvc/NSE/PAYTM/1716481
11:36      PDSL         137549     121942     1206.0     18.21 https://kite.zerodha.com/markets/ext/chart/web/tvc/NSE/PDSL/1347585
11:49      OILIETF      2115639    2032340    6228.0     20.62 https://kite.zerodha.com/markets/ext/chart/web/tvc/NSE/OILIETF/6280449
11:51      ORCHPHARMA   82004      73229      2010.0     19.15 https://kite.zerodha.com/markets/ext/chart/web/tvc/NSE/ORCHPHARMA/237057
12:01      AUBANK       2737384    2697036    2119.0     9.53  https://kite.zerodha.com/markets/ext/chart/web/tvc/NSE/AUBANK/5436929
12:03      M&M          2739166    2738470    12172.0    8.03  https://kite.zerodha.com/markets/ext/chart/web/tvc/NSE/M&M/519937
12:11      NEXT30ADD    127129     38353      4990.0     21.97 https://kite.zerodha.com/markets/ext/chart/web/tvc/NSE/NEXT30ADD/7542785
12:29      AEROENTER    191116     184387     2510.0     19.11 https://kite.zerodha.com/markets/ext/chart/web/tvc/NSE/AEROENTER/3075841
12:35      VINCOFE      2146365    2139658    1052.0     18.56 https://kite.zerodha.com/markets/ext/chart/web/tvc/NSE/VINCOFE/6613761
12:40      GRMOVER      765126     747642     15027.0    16.62 https://kite.zerodha.com/markets/ext/chart/web/tvc/NSE/GRMOVER/2782977
12:49      IOC          9886523    8085170    5387.0     10.53 https://kite.zerodha.com/markets/ext/chart/web/tvc/NSE/IOC/415745
12:49      AONELIQUID   32360      24608      8246.0     4.96  https://kite.zerodha.com/markets/ext/chart/web/tvc/NSE/AONELIQUID/7800833
12:50      TECHM        1554643    1539502    73701.0    9.31  https://kite.zerodha.com/markets/ext/chart/web/tvc/NSE/TECHM/3465729
12:51      ADANIPORTS   1930046    1795538    8825.0     9.44  https://kite.zerodha.com/markets/ext/chart/web/tvc/NSE/ADANIPORTS/3861249
12:52      TMB          76788      67067      1018.0     20.08 https://kite.zerodha.com/markets/ext/chart/web/tvc/NSE/TMB/2801921
12:55      PIIND        191712     190670     5940.0     8.19  https://kite.zerodha.com/markets/ext/chart/web/tvc/NSE/PIIND/6191105
12:58      DABUR        2697535    2692312    7935.0     8.84  https://kite.zerodha.com/markets/ext/chart/web/tvc/NSE/DABUR/197633
12:59      INDUSTOWER   8855585    8852285    31946.0    7.28  https://kite.zerodha.com/markets/ext/chart/web/tvc/NSE/INDUSTOWER/7458561
13:02      ALPHAETF     504619     484755     1264.0     21.21 https://kite.zerodha.com/markets/ext/chart/web/tvc/NSE/ALPHAETF/5027841
13:03      JKIL         150618     147581     3027.0     17.2  https://kite.zerodha.com/markets/ext/chart/web/tvc/NSE/JKIL/3908097
13:06      IT           1181461    237278     38900.0    20.31 https://kite.zerodha.com/markets/ext/chart/web/tvc/NSE/IT/672513
13:07      CELLO        211192     204971     1390.0     17.56 https://kite.zerodha.com/markets/ext/chart/web/tvc/NSE/CELLO/5067521
13:08      PFOCUS       2678545    2673454    2004.0     8.19  https://kite.zerodha.com/markets/ext/chart/web/tvc/NSE/PFOCUS/3454977
13:09      GROWWSLVR    193598     170913     1168.0     20.81 https://kite.zerodha.com/markets/ext/chart/web/tvc/NSE/GROWWSLVR/193747713
13:10      SANGAMIND    34869      33386      2517.0     16.92 https://kite.zerodha.com/markets/ext/chart/web/tvc/NSE/SANGAMIND/1071105
13:16      LTIM         228311     228192     1032.0     9.06  https://kite.zerodha.com/markets/ext/chart/web/tvc/NSE/LTIM/4561409
13:16      APLAPOLLO    639518     639499     36588.0    8.5   https://kite.zerodha.com/markets/ext/chart/web/tvc/NSE/APLAPOLLO/6599681
13:17      DCBBANK      1804331    1414703    5500.0     20.17 https://kite.zerodha.com/markets/ext/chart/web/tvc/NSE/DCBBANK/3513601
13:17      SEQUENT      614383     602716     1626.0     20.6  https://kite.zerodha.com/markets/ext/chart/web/tvc/NSE/SEQUENT/3659777
13:18      RMDRIP       112744     42901      1023.0     20.87 https://kite.zerodha.com/markets/ext/chart/web/tvc/NSE/RMDRIP/194005505
13:18      DAMCAPITAL   548511     514566     11778.0    17.56 https://kite.zerodha.com/markets/ext/chart/web/tvc/NSE/DAMCAPITAL/7337473
13:19      CANFINHOME   242325     199577     38846.0    17.82 https://kite.zerodha.com/markets/ext/chart/web/tvc/NSE/CANFINHOME/149249
13:19      SGMART       212860     166148     4448.0     20.3  https://kite.zerodha.com/markets/ext/chart/web/tvc/NSE/SGMART/194275585
13:20      IGARASHI     110919     96913      2736.0     17.43 https://kite.zerodha.com/markets/ext/chart/web/tvc/NSE/IGARASHI/162305
13:23      CINELINE     25216      21866      1309.0     12.08 https://kite.zerodha.com/markets/ext/chart/web/tvc/NSE/CINELINE/6953217
13:25      KALAMANDIR   1296207    1251885    4408.0     19.86 https://kite.zerodha.com/markets/ext/chart/web/tvc/NSE/KALAMANDIR/4801281
13:26      SOBHA        167332     162391     8746.0     18.45 https://kite.zerodha.com/markets/ext/chart/web/tvc/NSE/SOBHA/3539457
13:35      SBC          8386561    8292131    3908.0     14.83 https://kite.zerodha.com/markets/ext/chart/web/tvc/NSE/SBC/1738753
13:37      BHARTIARTL   6640305    6630619    44879.0    10.33 https://kite.zerodha.com/markets/ext/chart/web/tvc/NSE/BHARTIARTL/2714625
13:42      TIMKEN       157848     99969      310979.0   18.85 https://kite.zerodha.com/markets/ext/chart/web/tvc/NSE/TIMKEN/3634689
13:47      DIVISLAB     385757     384955     8380.0     9.5   https://kite.zerodha.com/markets/ext/chart/web/tvc/NSE/DIVISLAB/2800641
13:48      RELIANCE     10300873   10284727   62105.0    8.68  https://kite.zerodha.com/markets/ext/chart/web/tvc/NSE/RELIANCE/738561
13:49      SHRIPISTON   129848     74672      14497.0    21.82 https://kite.zerodha.com/markets/ext/chart/web/tvc/NSE/SHRIPISTON/4399617
13:55      SYMPHONY     347412     53478      3556.0     21.65 https://kite.zerodha.com/markets/ext/chart/web/tvc/NSE/SYMPHONY/6192641
13:57      LOWVOL1      217080     152414     4224.0     20.59 https://kite.zerodha.com/markets/ext/chart/web/tvc/NSE/LOWVOL1/2209793
14:00      SENORES      908316     574055     37390.0    13.59 https://kite.zerodha.com/markets/ext/chart/web/tvc/NSE/SENORES/7395329
14:01      TATACONSUM   1144029    1139144    9595.0     9.75  https://kite.zerodha.com/markets/ext/chart/web/tvc/NSE/TATACONSUM/878593
14:05      EQUITASBNK   3240554    3197649    2727.0     19.64 https://kite.zerodha.com/markets/ext/chart/web/tvc/NSE/EQUITASBNK/233729
14:07      UPL          2852266    2809255    66080.0    11.27 https://kite.zerodha.com/markets/ext/chart/web/tvc/NSE/UPL/2889473
14:08      KSCL         190996     135327     5483.0     18.83 https://kite.zerodha.com/markets/ext/chart/web/tvc/NSE/KSCL/3832833
14:11      ALLCARGO     2472903    2140297    2694.0     19.18 https://kite.zerodha.com/markets/ext/chart/web/tvc/NSE/ALLCARGO/3456257
14:12      MINDACORP    341914     292079     6919.0     19.99 https://kite.zerodha.com/markets/ext/chart/web/tvc/NSE/MINDACORP/6629633
14:13      SURAKSHA     37482      36880      1086.0     19.65 https://kite.zerodha.com/markets/ext/chart/web/tvc/NSE/SURAKSHA/6997505
14:15      JSLL         321921     281625     2912.0     18.87 https://kite.zerodha.com/markets/ext/chart/web/tvc/NSE/JSLL/194077441
14:22      GOLDBEES     16926166   16887903   7160.0     19.64 https://kite.zerodha.com/markets/ext/chart/web/tvc/NSE/GOLDBEES/3693569
14:30      NIITMTS      166926     163087     1219.0     19.84 https://kite.zerodha.com/markets/ext/chart/web/tvc/NSE/NIITMTS/4543233
14:31      BIOCON       3057632    3007561    44877.0    9.04  https://kite.zerodha.com/markets/ext/chart/web/tvc/NSE/BIOCON/2911489
14:33      LATENTVIEW   470627     412770     1150.0     19.15 https://kite.zerodha.com/markets/ext/chart/web/tvc/NSE/LATENTVIEW/1745409
14:34      BANSALWIRE   99266      87479      1555.0     9.15  https://kite.zerodha.com/markets/ext/chart/web/tvc/NSE/BANSALWIRE/6242817
14:35      ASAHIINDIA   714205     228403     1373.0     24.94 https://kite.zerodha.com/markets/ext/chart/web/tvc/NSE/ASAHIINDIA/1376769
14:35      CENTRUM      710819     280107     2572.0     2.26  https://kite.zerodha.com/markets/ext/chart/web/tvc/NSE/CENTRUM/628225
14:39      INDIAMART    92131      91510      1885.0     19.74 https://kite.zerodha.com/markets/ext/chart/web/tvc/NSE/INDIAMART/2745857
14:39      LIQUIDADD    621208     590126     51570.0    4.96  https://kite.zerodha.com/markets/ext/chart/web/tvc/NSE/LIQUIDADD/5992193
14:40      RPSGVENT     54131      49829      7139.0     16.38 https://kite.zerodha.com/markets/ext/chart/web/tvc/NSE/RPSGVENT/2078465
14:40      ONEPOINT     2163481    418933     1124.0     10.91 https://kite.zerodha.com/markets/ext/chart/web/tvc/NSE/ONEPOINT/2544385
14:42      HDFCBANK     15763729   15754488   131257.0   9.99  https://kite.zerodha.com/markets/ext/chart/web/tvc/NSE/HDFCBANK/341249
14:43      MNC          145540     83901      2300.0     20.52 https://kite.zerodha.com/markets/ext/chart/web/tvc/NSE/MNC/2733057
14:45      CUMMINSIND   572474     562300     8523.0     9.81  https://kite.zerodha.com/markets/ext/chart/web/tvc/NSE/CUMMINSIND/486657
14:45      CASHIETF     352421     282355     359614.0   4.96  https://kite.zerodha.com/markets/ext/chart/web/tvc/NSE/CASHIETF/7715585
14:46      IKS          291682     274413     1054.0     20.34 https://kite.zerodha.com/markets/ext/chart/web/tvc/NSE/IKS/7200001
14:48      SAIL         14013354   9830379    22734.0    9.9   https://kite.zerodha.com/markets/ext/chart/web/tvc/NSE/SAIL/758529
14:50      SBILIFE      842191     841296     11226.0    9.92  https://kite.zerodha.com/markets/ext/chart/web/tvc/NSE/SBILIFE/5582849
14:54      MEDANTA      410122     409248     2681.0     17.08 https://kite.zerodha.com/markets/ext/chart/web/tvc/NSE/MEDANTA/3060737
14:58      HDFCSENSEX   28947      25221      1036.0     20.47 https://kite.zerodha.com/markets/ext/chart/web/tvc/NSE/HDFCSENSEX/2967809
14:59      ARISINFRA    638846     638251     1873.0     16.58 https://kite.zerodha.com/markets/ext/chart/web/tvc/NSE/ARISINFRA/193949185
15:01      HDFCAMC      394236     391036     51130.0    10.25 https://kite.zerodha.com/markets/ext/chart/web/tvc/NSE/HDFCAMC/1086465
15:07      GILLETTE     26259      26038      1027.0     20.8  https://kite.zerodha.com/markets/ext/chart/web/tvc/NSE/GILLETTE/403457
15:09      BAJAJELEC    82387      81211      1712.0     20.38 https://kite.zerodha.com/markets/ext/chart/web/tvc/NSE/BAJAJELEC/3848705
15:10      CMSINFO      2003392    491408     8728.0     21.85 https://kite.zerodha.com/markets/ext/chart/web/tvc/NSE/CMSINFO/1946369
15:10      LTFOODS      676829     674050     3538.0     18.64 https://kite.zerodha.com/markets/ext/chart/web/tvc/NSE/LTFOODS/3536897
15:12      ADFFOODS     198577     124172     6062.0     17.1  https://kite.zerodha.com/markets/ext/chart/web/tvc/NSE/ADFFOODS/5058817


All other signals are useless as rolling window was not applied. 