Time                 Symbol       Volume     VolCutoff Criteria   turnover   Days High %UC   
2025-11-03 09:24:00  GULPOLY      30205      28188.0   35%       4797.0     yes      14.43
2025-11-03 09:25:00  LGBBROSLTD   47204      13563.0   50%       76126.0    yes      5.5  
2025-11-03 09:30:00  ASALCBR      19443      16810.0   50%       24360.0    no       16.86
2025-11-03 09:32:00  NAVINFLUOR   52384      49575.0   45%       315849.0   yes      13.19
2025-11-03 09:32:00  SANDUMA      111374     103610.0  50%       24942.0    yes      16.21
2025-11-03 09:38:00  SANDUMA      74589      72527.0   35%       16886.0    yes      14.96
2025-11-03 09:39:00  NAVINFLUOR   43301      38558.0   35%       261711.0   yes      12.92
2025-11-03 09:43:00  MUFIN        218104     158897.0  50%       26995.0    no       14.14
2025-11-03 09:47:00  LGBBROSLTD   11208      10850.0   40%       18010.0    no       5.88 
2025-11-03 09:56:00  LGBBROSLTD   39126      13563.0   50%       63591.0    yes      4.68 
2025-11-03 10:09:00  DREDGECORP   17436      15221.0   50%       15331.0    yes      1.14 
2025-11-03 10:10:00  MEDPLUS      67483      60539.0   35%       56888.0    yes      8.59 
2025-11-03 10:10:00  BLSE         31738      29388.0   40%       5920.0     yes      12.34
2025-11-03 10:11:00  BLSE         106101     36734.0   50%       20555.0    no       8.17 
2025-11-03 10:16:00  ATAM         9649       9205.0    35%       1057.0     yes      11.87
2025-11-03 10:23:00  DREDGECORP   251973     15221.0   50%       224092.0   yes      0.0  
2025-11-03 10:34:00  MEDPLUS      100543     86485.0   50%       86804.0    yes      6.03 
2025-11-03 10:38:00  BLSE         32628      29388.0   40%       6362.0     no       7.47 
2025-11-03 10:39:00  LGBBROSLTD   10218      9494.0    35%       16691.0    yes      4.16 
2025-11-03 10:39:00  SANDUMA      78163      72527.0   35%       17663.0    yes      15.17
2025-11-03 10:39:00  BLSE         55684      36734.0   50%       10861.0    no       7.43 
2025-11-03 10:41:00  FCL          85982      84158.0   35%       2476.0     no       24.27
2025-11-03 10:44:00  ORCHPHARMA   31634      29292.0   40%       25228.0    yes      9.29 
2025-11-03 10:45:00  FCL          90909      84158.0   35%       2627.0     no       23.84
2025-11-03 10:52:00  BLSE         25837      25714.0   35%       5005.0     no       8.18 
2025-11-03 11:03:00  NITCO        87181      83097.0   35%       8991.0     no       27.01
2025-11-03 11:17:00  ABINFRA      22549      20365.0   35%       449.0      yes      1.16 
2025-11-03 11:20:00  AGIIL        51457      46856.0   45%       13847.0    yes      15.89
2025-11-03 11:36:00  SANDUMA      116398     103610.0  50%       26427.0    yes      14.63
2025-11-03 11:42:00  MEDPLUS      65124      60539.0   35%       54626.0    no       9.13 
2025-11-03 11:42:00  SANDUMA      82212      72527.0   35%       18827.0    yes      13.65
