Time                 Symbol       Volume     VolCutoff Criteria   turnover   Days High %UC   
2025-10-29 09:19:00  DAVANGERE    2158557    1027048.0 Dynamic   8742.0     no       11.6 
2025-10-29 09:19:00  ESSARSHPNG   49025      -80353.0  Dynamic   1843.0     yes      16.33
2025-10-29 09:19:00  GODAVARIB    51794      -235206.0 Dynamic   14502.0    yes      7.29 
2025-10-29 09:20:00  DBOL         9366       -145822.0 Dynamic   777.0      no       15.67
2025-10-29 09:21:00  SAIL         1481430    963664.0  Dynamic   202823.0   yes      6.18 
2025-10-29 09:21:00  SANDUMA      71523      58367.0   Dynamic   15404.0    yes      17.18
2025-10-29 09:21:00  RAJRATAN     4559       -115014.0 Dynamic   1807.0     yes      17.24
2025-10-29 09:22:00  DREDGECORP   11462      -391521.0 Dynamic   7851.0     yes      13.62
2025-10-29 09:22:00  RESPONIND    6257       -200608.0 Dynamic   1231.0     yes      15.29
2025-10-29 09:23:00  DCMSHRIRAM   82768      53297.0   Dynamic   115544.0   yes      11.94
2025-10-29 09:23:00  DREDGECORP   12587      -391521.0 Dynamic   8623.0     yes      13.61
2025-10-29 09:23:00  BANSALWIRE   3476       -143918.0 Dynamic   1130.0     yes      6.18 
2025-10-29 09:24:00  SUZLON       2180448    1402888.0 Dynamic   123522.0   yes      9.16 
2025-10-29 09:25:00  HATSUN       7469       -163493.0 Dynamic   8490.0     yes      19.45
2025-10-29 09:25:00  NUVAMA       10598      -43851.0  Dynamic   74303.0    no       16.77
2025-10-29 09:26:00  PSUBNKIETF   7562       -39542.0  Dynamic   620.0      yes      18.29
2025-10-29 09:26:00  SANDUMA      120852     58367.0   Dynamic   26308.0    yes      15.94
2025-10-29 09:26:00  NUVAMA       14973      -43851.0  Dynamic   105971.0   no       15.67
2025-10-29 09:27:00  HATSUN       10243      -163493.0 Dynamic   11687.0    yes      19.01
2025-10-29 09:27:00  NUVAMA       24736      -43851.0  Dynamic   175799.0   no       15.19
2025-10-29 09:30:00  MMTC         456657     402591.0  Dynamic   32477.0    yes      12.71
2025-10-29 09:30:00  RRKABEL      9323       -80114.0  Dynamic   13099.0    yes      19.9 
2025-10-29 09:31:00  RRKABEL      9432       -80114.0  Dynamic   13325.0    yes      19.25
2025-10-29 09:32:00  DREDGECORP   45350      -391521.0 Dynamic   32788.0    yes      7.65 
2025-10-29 09:32:00  LANDMARK     2899       -139025.0 Dynamic   1858.0     yes      17.54
2025-10-29 09:33:00  SANSERA      6699       -144211.0 Dynamic   10333.0    yes      14.54
2025-10-29 09:33:00  SAIL         1622572    963664.0  Dynamic   224191.0   yes      5.21 
2025-10-29 09:34:00  TMB          17688      -206244.0 Dynamic   8538.0     yes      15.91
2025-10-29 09:35:00  TMB          19208      -206244.0 Dynamic   9282.0     yes      15.78
2025-10-29 09:35:00  RRKABEL      10810      -80114.0  Dynamic   15334.0    yes      18.76
2025-10-29 09:36:00  DREDGECORP   49528      -391521.0 Dynamic   36259.0    yes      6.31 
2025-10-29 09:38:00  BHAGERIA     2429       -231111.0 Dynamic   529.0      no       21.34
2025-10-29 09:40:00  SAIL         2795407    963664.0  Dynamic   392140.0   yes      3.63 
2025-10-29 09:41:00  DREDGECORP   38312      -391521.0 Dynamic   27891.0    yes      6.91 
2025-10-29 09:43:00  BAIDFIN      20691      -47762.0  Dynamic   225.0      yes      16.45
2025-10-29 09:44:00  SANDUMA      92029      58367.0   Dynamic   20223.0    yes      14.85
2025-10-29 09:45:00  SANDUMA      127014     58367.0   Dynamic   27988.0    yes      14.54
2025-10-29 09:47:00  INDORAMA     17043      -66921.0  Dynamic   1180.0     yes      15.15
2025-10-29 09:51:00  WALCHANNAG   71580      -78544.0  Dynamic   13028.0    yes      1.24 
2025-10-29 09:51:00  SUZLON       1623052    1402888.0 Dynamic   92757.0    yes      8.21 
2025-10-29 09:56:00  SUZLON       1919619    1402888.0 Dynamic   109725.0   yes      8.19 
2025-10-29 09:58:00  INDORAMA     58288      -66921.0  Dynamic   4115.0     yes      12.96
2025-10-29 09:59:00  MRPL         774643     721940.0  Dynamic   124384.0   yes      14.27
2025-10-29 09:59:00  WALCHANNAG   21622      -78544.0  Dynamic   3946.0     yes      0.96 
2025-10-29 10:03:00  V2RETAIL     6139       -147041.0 Dynamic   13813.0    no       4.89 
2025-10-29 10:05:00  IOC          1354290    917819.0  Dynamic   216998.0   yes      6.08 
2025-10-29 10:05:00  SAIL         1148539    963664.0  Dynamic   162679.0   yes      2.63 
2025-10-29 10:06:00  SAIL         2945036    963664.0  Dynamic   419373.0   yes      2.09 
2025-10-29 10:06:00  WALCHANNAG   232829     -78544.0  Dynamic   42817.0    yes      0.2  
2025-10-29 10:11:00  SANDUMA      64864      58367.0   Dynamic   14380.0    yes      13.84
2025-10-29 10:12:00  SANDUMA      81609      58367.0   Dynamic   18098.0    yes      13.81
2025-10-29 10:13:00  SUZLON       2057774    1402888.0 Dynamic   119145.0   yes      6.8  
2025-10-29 10:14:00  SUZLON       3628222    1402888.0 Dynamic   210473.0   yes      6.6  
2025-10-29 10:17:00  SANDUMA      264104     58367.0   Dynamic   59365.0    yes      12.28
2025-10-29 10:20:00  BBOX         2695       -61993.0  Dynamic   1463.0     no       7.21 
2025-10-29 10:24:00  HCC          1181763    744865.0  Dynamic   34307.0    yes      15.88
2025-10-29 10:24:00  WALCHANNAG   3753       -78544.0  Dynamic   677.0      no       2.21 
2025-10-29 10:24:00  POKARNA      17200      -58363.0  Dynamic   15323.0    no       16.2 
2025-10-29 10:26:00  PRECWIRE     3247       -18971.0  Dynamic   729.0      no       18.56
2025-10-29 10:26:00  DREDGECORP   12953      -391521.0 Dynamic   9371.0     no       7.57 
2025-10-29 10:27:00  SUZLON       1879939    1402888.0 Dynamic   109920.0   yes      5.76 
2025-10-29 10:30:00  CANBK        1277129    1138760.0 Dynamic   166103.0   yes      9.93 
2025-10-29 10:30:00  SANDUMA      67206      58367.0   Dynamic   15096.0    yes      12.35
2025-10-29 10:33:00  WALCHANNAG   19475      -78544.0  Dynamic   3539.0     no       1.41 
2025-10-29 10:35:00  BAJAJINDEF   2855       -345321.0 Dynamic   1162.0     yes      3.62 
2025-10-29 10:37:00  BAJAJINDEF   2945       -345321.0 Dynamic   1208.0     yes      2.75 
2025-10-29 10:48:00  RENUKA       1068668    908158.0  Dynamic   32594.0    no       15.15
2025-10-29 10:55:00  DREDGECORP   13406      -391521.0 Dynamic   9701.0     no       7.56 
2025-10-29 10:59:00  SOUTHBANK    1040162    886947.0  Dynamic   41034.0    yes      18.58
2025-10-29 11:07:00  ADANIPOWER   829843     799118.0  Dynamic   138476.0   yes      16.73
2025-10-29 11:08:00  RPOWER       1609548    1067164.0 Dynamic   74361.0    yes      13.44
2025-10-29 11:08:00  JISLDVREQS   13433      -208786.0 Dynamic   420.0      yes      15.65
2025-10-29 11:09:00  NDTV         22100      -169726.0 Dynamic   2120.0     yes      5.33 
2025-10-29 11:09:00  SAMPANN      7284       -85965.0  Dynamic   280.0      yes      17.55
2025-10-29 11:10:00  RRKABEL      3765       -80114.0  Dynamic   5350.0     yes      18.55
2025-10-29 11:11:00  NDTV         26851      -169726.0 Dynamic   2603.0     yes      4.19 
2025-10-29 11:11:00  RRKABEL      4579       -80114.0  Dynamic   6514.0     yes      18.42
2025-10-29 11:14:00  RPOWER       2557872    1067164.0 Dynamic   120757.0   yes      11.01
2025-10-29 11:15:00  NDTV         24911      -169726.0 Dynamic   2446.0     yes      2.88 
2025-10-29 11:23:00  NDTV         15031      -169726.0 Dynamic   1472.0     no       3.14 
2025-10-29 11:42:00  DREDGECORP   19669      -391521.0 Dynamic   13822.0    no       10.75
2025-10-29 11:48:00  POKARNA      6736       -58363.0  Dynamic   6121.0     yes      13.92
2025-10-29 11:53:00  DREDGECORP   13707      -391521.0 Dynamic   9646.0     no       10.59
2025-10-29 11:54:00  SAMPANN      13857      -85965.0  Dynamic   546.0      yes      14.77
2025-10-29 11:58:00  ZIMLAB       26617      -27506.0  Dynamic   2053.0     no       7.25 
2025-10-29 11:59:00  DREDGECORP   19237      -391521.0 Dynamic   13613.0    no       9.98 
2025-10-29 11:59:00  RPOWER       1526254    1067164.0 Dynamic   71642.0    no       11.65
2025-10-29 11:59:00  PCJEWELLER   1835483    1420497.0 Dynamic   21916.0    yes      15.75
2025-10-29 12:00:00  GMMPFAUDLR   3221       -252708.0 Dynamic   3993.0     yes      17.34
2025-10-29 12:00:00  DREDGECORP   30644      -391521.0 Dynamic   21846.0    no       9.17 
2025-10-29 12:01:00  JPPOWER      1721077    1301385.0 Dynamic   31238.0    yes      18.24
2025-10-29 12:01:00  ZIMLAB       8459       -27506.0  Dynamic   663.0      yes      5.5  
2025-10-29 12:01:00  RPOWER       1627826    1067164.0 Dynamic   77257.0    yes      10.43
2025-10-29 12:02:00  ZIMLAB       11630      -27506.0  Dynamic   914.0      yes      5.3  
2025-10-29 12:03:00  JKIL         4787       -21245.0  Dynamic   3083.0     yes      15.96
2025-10-29 12:03:00  SAMPANN      10567      -85965.0  Dynamic   422.0      yes      13.33
2025-10-29 12:05:00  DREDGECORP   18701      -391521.0 Dynamic   13334.0    no       9.16 
2025-10-29 12:08:00  SAMPANN      55581      -85965.0  Dynamic   2253.0     no       11.57
2025-10-29 12:09:00  ZIMLAB       45394      -27506.0  Dynamic   3683.0     yes      1.93 
2025-10-29 12:14:00  RPOWER       1558486    1067164.0 Dynamic   74168.0    yes      10.13
2025-10-29 12:15:00  ZIMLAB       19430      -27506.0  Dynamic   1582.0     yes      1.56 
2025-10-29 12:16:00  ZIMLAB       24352      -27506.0  Dynamic   1997.0     yes      0.87 
2025-10-29 12:18:00  CEATLTD      1669       -32407.0  Dynamic   6657.0     no       22.72
2025-10-29 12:22:00  SAMPANN      22255      -85965.0  Dynamic   918.0      yes      9.6  
2025-10-29 12:25:00  TARACHAND    10417      -31357.0  Dynamic   930.0      yes      15.81
2025-10-29 12:34:00  ESSARSHPNG   28855      -80353.0  Dynamic   1079.0     no       16.95
2025-10-29 12:35:00  ESSARSHPNG   28891      -80353.0  Dynamic   1083.0     no       16.7 
2025-10-29 12:36:00  DREDGECORP   44097      -391521.0 Dynamic   31838.0    no       7.8  
2025-10-29 12:37:00  DREDGECORP   44223      -391521.0 Dynamic   32128.0    no       7.13 
2025-10-29 12:39:00  ABREL        11805      -63635.0  Dynamic   21072.0    yes      13.92
2025-10-29 12:41:00  MANCREDIT    1665       -223716.0 Dynamic   307.0      yes      19.2 
2025-10-29 12:41:00  ESSARSHPNG   45249      -80353.0  Dynamic   1711.0     yes      15.68
2025-10-29 12:42:00  ESSARSHPNG   88433      -80353.0  Dynamic   3402.0     yes      13.7 
2025-10-29 12:43:00  ESSARSHPNG   97468      -80353.0  Dynamic   3813.0     yes      11.81
2025-10-29 12:44:00  WALCHANNAG   11671      -78544.0  Dynamic   2101.0     no       2.37 
2025-10-29 12:44:00  ESSARSHPNG   196691     -80353.0  Dynamic   7834.0     no       9.82 
2025-10-29 12:46:00  DREDGECORP   78445      -391521.0 Dynamic   57657.0    yes      5.89 
2025-10-29 13:12:00  DREDGECORP   8637       -391521.0 Dynamic   6285.0     no       6.96 
2025-10-29 13:16:00  BASML        11258      -30521.0  Dynamic   318.0      yes      12.85
2025-10-29 13:20:00  UTKARSHBNK   820128     512254.0  Dynamic   17223.0    yes      11.29
2025-10-29 13:21:00  VBL          1298710    869365.0  Dynamic   648056.0   yes      0.11 
2025-10-29 13:22:00  TARACHAND    21421      -31357.0  Dynamic   1971.0     yes      12.34
2025-10-29 13:29:00  TARACHAND    13264      -31357.0  Dynamic   1220.0     yes      12.39
2025-10-29 13:29:00  THOMASCOTT   3781       -419179.0 Dynamic   1528.0     yes      7.66 
2025-10-29 13:35:00  ABREL        5382       -63635.0  Dynamic   9670.0     yes      13.17
2025-10-29 13:37:00  ABREL        16042      -63635.0  Dynamic   28993.0    yes      12.52
2025-10-29 13:38:00  DREDGECORP   3367       -391521.0 Dynamic   2446.0     no       7.13 
2025-10-29 13:39:00  DREDGECORP   4915       -391521.0 Dynamic   3573.0     no       7.06 
2025-10-29 13:40:00  ESSARSHPNG   7146       -80353.0  Dynamic   291.0      no       7.34 
2025-10-29 13:41:00  TARACHAND    41795      -31357.0  Dynamic   3947.0     no       9.45 
2025-10-29 13:49:00  DREDGECORP   19930      -391521.0 Dynamic   14545.0    no       6.65 
2025-10-29 14:01:00  RRKABEL      2531       -80114.0  Dynamic   3600.0     yes      18.45
2025-10-29 14:03:00  DREDGECORP   4355       -391521.0 Dynamic   3150.0     no       7.6  
2025-10-29 14:04:00  APARINDS     6380       -87603.0  Dynamic   59079.0    no       18.02
2025-10-29 14:05:00  VOLTAMP      2665       -211833.0 Dynamic   19193.0    yes      18.32
2025-10-29 14:07:00  VOLTAMP      3952       -211833.0 Dynamic   28802.0    yes      16.93
2025-10-29 14:08:00  KHAICHEM     267240     152745.0  Dynamic   34279.0    no       19.15
2025-10-29 14:08:00  APARINDS     20230      -87603.0  Dynamic   192549.0   yes      14.82
2025-10-29 14:09:00  KHAICHEM     393821     152745.0  Dynamic   51862.0    yes      16.06
2025-10-29 14:12:00  PDSL         8353       -66008.0  Dynamic   2915.0     yes      13.4 
2025-10-29 14:12:00  ESSARSHPNG   18664      -80353.0  Dynamic   754.0      no       8.32 
2025-10-29 14:19:00  WALCHANNAG   1824       -78544.0  Dynamic   328.0      no       2.6  
2025-10-29 14:21:00  SAMPANN      7841       -85965.0  Dynamic   324.0      no       9.39 
2025-10-29 14:30:00  SAIL         1029387    963664.0  Dynamic   146111.0   no       2.42 
2025-10-29 14:39:00  ABREL        5642       -63635.0  Dynamic   10201.0    no       12.47
2025-10-29 14:39:00  HEIDELBERG   86526      49203.0   Dynamic   17853.0    yes      13.12
2025-10-29 14:40:00  ABREL        6324       -63635.0  Dynamic   11449.0    no       12.32
2025-10-29 14:42:00  ABREL        8149       -63635.0  Dynamic   14834.0    yes      11.71
2025-10-29 14:47:00  ABREL        22729      -63635.0  Dynamic   41615.0    yes      11.07
2025-10-29 14:49:00  KERNEX       5154       -216550.0 Dynamic   6631.0     yes      6.72 
2025-10-29 14:51:00  PRECWIRE     22769      -18971.0  Dynamic   5121.0     no       18.43
2025-10-29 14:51:00  KERNEX       7403       -216550.0 Dynamic   9623.0     yes      5.62 
2025-10-29 14:55:00  SUPREME      2340       -83934.0  Dynamic   199.0      yes      20.02
2025-10-29 14:56:00  DREDGECORP   44381      -391521.0 Dynamic   32884.0    yes      5.04 
2025-10-29 14:57:00  DREDGECORP   94582      -391521.0 Dynamic   70558.0    yes      4.33 
2025-10-29 14:58:00  NUVAMA       5273       -43851.0  Dynamic   38757.0    yes      11.38
2025-10-29 15:04:00  VEDL         1151116    910380.0  Dynamic   601573.0   yes      5.75 
2025-10-29 15:05:00  DREDGECORP   17489      -391521.0 Dynamic   13044.0    no       4.35 
2025-10-29 15:06:00  DREDGECORP   102330     -391521.0 Dynamic   77602.0    yes      2.63 
2025-10-29 15:13:00  PRECWIRE     4449       -18971.0  Dynamic   999.0      no       18.59
2025-10-29 15:14:00  BANKNIFTY1   2565       -208553.0 Dynamic   1547.0     yes      19.6 
