Time                 Symbol       Volume     VolCutoff Criteria   turnover   Days High %UC   
2025-11-03 09:17:00  TATAINVEST   152359     95596     UV        38155.0    yes      18.23 NA:NEM 
2025-11-03 09:17:00  NAVINFLUOR   162918     110167    UV        215406.0   yes      15.13 long:loss
2025-11-03 09:18:00  SANDUMA      210336     207220    UV        4551.0     yes      17.46 long:profit
2025-11-03 09:19:00  INOXGREEN    2290035    727315    UV        33022.0    yes      6.56  long:loss
2025-11-03 09:19:00  LGBBROSLTD   163131     27126     UV        29417.0    yes      6.6   long:profit
2025-11-03 09:19:00  TDPOWERSYS   879905     873263    UV        107600.0   yes      15.02 long:profit
2025-11-03 09:20:00  V2RETAIL     89525      86322     UV        15190.0    yes      0.0   NA:CTUC
2025-11-03 09:22:00  INTELLECT    694949     462947    UV        101333.0   yes      11.59 long:profit
2025-11-03 09:23:00  BANKBARODA   7200146    6806199   UV        116390.0   yes      4.95  long:loss
2025-11-03 09:25:00  STAR         386432     363285    UV        34344.0    yes      15.87 long:profit
2025-11-03 09:25:00  SEQUENT      625128     602716    UV        23854.0    yes      13.79 long:loss
2025-11-03 09:25:00  SBFC         2014718    1968642   UV        32351.0    yes      15.84 NA:NE
2025-11-03 09:25:00  RPEL         52681      40408     UV        4093.0     yes      15.37 long:profit:MB
2025-11-03 09:26:00  GULPOLY      89055      80537     UV        1679.0     yes      14.52 long:loss
2025-11-03 09:26:00  WELCORP      491074     490968    UV        51791.0    yes      17.3  NA:NE
2025-11-03 09:26:00  GSLSU        110025     106554    UV        1706.0     yes      11.08 long:loss
2025-11-03 09:27:00  SWSOLAR      2508168    1848850   UV        71764.0    yes      10.01 long:loss
2025-11-03 09:27:00  ASALCBR      39042      33621     UV        4776.0     yes      18.3  long:profit
2025-11-03 09:28:00  DREDGECORP   656228     30442     UV        98499.0    yes      8.67  long:profit:MB
2025-11-03 09:28:00  PSUBANK      47710      39565     UV        15384.0    yes      16.28 NA:LV
2025-11-03 09:34:00  GMMPFAUDLR   55137      55015     UV        22625.0    yes      19.02 NA:NEM
2025-11-03 09:35:00  LATENTVIEW   458067     412770    UV        3198.0     yes      16.66 long:profit
2025-11-03 09:35:00  APTECHT      60328      59494     UV        1288.0     yes      16.97 NA:LV
2025-11-03 09:36:00  INDRAMEDCO   592441     231107    UV        12287.0    yes      20.48 NA:NDH
2025-11-03 09:36:00  WOCKPHARMA   416580     407239    UV        63427.0    yes      13.11 long:loss
2025-11-03 09:36:00  GNA          63129      51774     UV        1124.0     yes      14.47 NA:LV
2025-11-03 09:37:00  ADANIPOWER   4963520    4874342   UV        17118.0    yes      19.67 NA:NEM
2025-11-03 09:38:00  VGUARD       275561     269246    UV        1791.0     yes      15.18 long:loss
2025-11-03 09:40:00  IIFL         1771158    1338338   UV        61500.0    yes      5.78  long:loss
2025-11-03 09:40:00  MMTC         922495     898992    UV        6451.0     yes      17.58 NA:NEM
2025-11-03 09:41:00  SHRIRAMFIN   6340029    6255594   UV        70672.0    yes      4.21  long:loss
2025-11-03 09:43:00  SOUTHBANK    7152878    7088111   UV        15344.0    yes      16.06 NA:PNQ
2025-11-03 09:46:00  SOLARA       163907     130091    UV        1353.0     yes      14.3  ----
2025-11-03 09:46:00  MAHABANK     6667231    6507294   UV        19650.0    yes      17.42 NA:NEM
2025-11-03 09:46:00  PSPPROJECT   260566     259248    UV        12049.0    yes      14.14 long:loss
2025-11-03 09:47:00  UCOBANK      6789254    6614104   UV        11144.0    yes      16.76 long:loss
2025-11-03 09:47:00  MUFIN        5104495    317794    UV        35073.0    yes      13.63 long:loss
2025-11-03 09:49:00  MEDPLUS      470995     172970    UV        27445.0    yes      11.82 long:profit
2025-11-03 09:49:00  MAHLIFE      225476     222837    UV        3884.0     yes      15.81 long:loss
2025-11-03 09:50:00  EMCURE       160735     129860    UV        2911.0     yes      9.33  NA:NDH
2025-11-03 09:51:00  CENTRALBK    4680245    4661767   UV        1581.0     yes      17.84 NA:PNQ
2025-11-03 09:55:00  VAIBHAVGBL   848219     369287    UV        12514.0    yes      14.91 NA:PNQ
2025-11-03 09:55:00  PSB          1510970    1445866   UV        2112.0     yes      17.14 NA:NEM
2025-11-03 09:55:00  CHOLAHLDNG   292948     217511    UV        166094.0   yes      16.59 NA:SS
2025-11-03 09:56:00  SALZERELEC   173505     88597     UV        1749.0     yes      25.02 NA:NDH
2025-11-03 09:57:00  KARURVYSYA   1969209    1926256   UV        25457.0    yes      13.63 long:loss
2025-11-03 10:15:00  ROLEXRINGS   60212      29551     UV        1040.0     yes      18.88 NA:LV
2025-11-03 10:16:00  ATAM         53767      26301     UV        1057.0     yes      11.87 NA:LV
2025-11-03 10:28:00  CHENNPETRO   4083365    1271429   UV        41778.0    yes      21.76 NA:PNQ
2025-11-03 10:29:00  SCHAEFFLER   119112     59389     UV        18926.0    yes      13.46 long:profit
2025-11-03 10:38:00  TICL         375447     156728    UV        2888.0     yes      3.5   NA:LV
2025-11-03 10:40:00  ORCHPHARMA   146940     73229     UV        4346.0     yes      11.34 long:loss
2025-11-03 10:40:00  BLSE         811272     73469     UV        10361.0    yes      6.91  long:loss
2025-11-03 10:41:00  ASHOKA       1498388    731259    UV        10897.0    yes      15.92 long:loss
2025-11-03 10:42:00  GRAVITA      581394     289052    UV        29139.0    yes      12.4  long:profit
2025-11-03 10:44:00  LANCORHOL    2405102    223163    UV        2021.0     yes      0.0   NA:CTUC
2025-11-03 10:55:00  BBOX         1762078    124047    UV        87011.0    yes      1.02  NA:CTUC
2025-11-03 11:15:00  RAJRATAN     297345     98951     UV        2533.0     yes      15.95 long:profit:MB
2025-11-03 11:20:00  KMEW         254621     84735     UV        12360.0    yes      6.08  long:loss
2025-11-03 11:25:00  AGIIL        382242     104124    UV        4782.0     yes      15.48 ----
2025-11-03 12:49:00  BHARATWIRE   2269804    184079    UV        387803.0   yes      13.31 NA:SS
