Time       Symbol       Volume     VolCutoff  Turnover     %UC                              Link 
09:17      PANACEABIO   806423     196620     151674.0   14.93 https://kite.zerodha.com/markets/ext/chart/web/tvc/NSE/PANACEABIO/1038081      long:loss
09:17      MMTC         6224414    898992     104315.0   10.91 https://kite.zerodha.com/markets/ext/chart/web/tvc/NSE/MMTC/4596993            long:loss
09:17      CEIGALL      313748     304618     22179.0    4.84  https://kite.zerodha.com/markets/ext/chart/web/tvc/NSE/CEIGALL/6333953         long:loss
09:18      PRAKASHSTL   2021421    170030     3253.0     0.0   https://kite.zerodha.com/markets/ext/chart/web/tvc/NSE/PRAKASHSTL/5017345      NA:CTUC
09:18      JNKINDIA     177000     62040      17028.0    15.71 https://kite.zerodha.com/markets/ext/chart/web/tvc/NSE/JNKINDIA/6046977        long;profit
09:19      ROLEXRINGS   73830      29551      5189.0     18.62 https://kite.zerodha.com/markets/ext/chart/web/tvc/NSE/ROLEXRINGS/1351425      NA:PNQ
09:21      MIDHANI      485579     415436     9440.0     13.11 https://kite.zerodha.com/markets/ext/chart/web/tvc/NSE/MIDHANI/630529          long:profit:MB
09:25      RATNAVEER    426202     341304     2576.0     18.74 https://kite.zerodha.com/markets/ext/chart/web/tvc/NSE/RATNAVEER/4716289       NA:PNQ 
09:25      AGIIL        575436     104124     133840.0   18.78 https://kite.zerodha.com/markets/ext/chart/web/tvc/NSE/AGIIL/6257921           NA:LV
09:26      WALCHANNAG   130979     115596     1127.0     18.36 https://kite.zerodha.com/markets/ext/chart/web/tvc/NSE/WALCHANNAG/956417       NA:PNQ
09:26      SURAJEST     227368     221300     2460.0     10.67 https://kite.zerodha.com/markets/ext/chart/web/tvc/NSE/SURAJEST/5330433        NA:LV
09:27      MCL          246884     38313      1257.0     0.0   https://kite.zerodha.com/markets/ext/chart/web/tvc/NSE/MCL/5724161             NA:CTUC
09:28      SAIL         10021048   9830379    53589.0    5.88  https://kite.zerodha.com/markets/ext/chart/web/tvc/NSE/SAIL/758529             long:loss
09:28      RAIN         2127706    2111840    48493.0    14.19 https://kite.zerodha.com/markets/ext/chart/web/tvc/NSE/RAIN/3926273            long:loss
09:32      PRECWIRE     214979     149019     2165.0     16.26 https://kite.zerodha.com/markets/ext/chart/web/tvc/NSE/PRECWIRE/695553         long:profit
09:32      DREDGECORP   50287      30442      14328.0    18.34 https://kite.zerodha.com/markets/ext/chart/web/tvc/NSE/DREDGECORP/2885377      NA:PNQ  
09:33      TARC         490267     483759     1724.0     15.73 https://kite.zerodha.com/markets/ext/chart/web/tvc/NSE/TARC/404737             NA:LV
09:33      COFORGE      2100538    1928536    217647.0   8.45  https://kite.zerodha.com/markets/ext/chart/web/tvc/NSE/COFORGE/2955009         NA:PNQ    
09:33      HFCL         25076100   12489220   1204472.0  8.35  https://kite.zerodha.com/markets/ext/chart/web/tvc/NSE/HFCL/5619457            NA:PNQ
09:34      GRAPHITE     708426     666474     47965.0    15.44 https://kite.zerodha.com/markets/ext/chart/web/tvc/NSE/GRAPHITE/151553         long:profit
09:36      HINDZINC     5042126    2482111    137219.0   7.69  https://kite.zerodha.com/markets/ext/chart/web/tvc/NSE/HINDZINC/364545         NA:PNQ
09:36      NBCC         11014106   7207776    51058.0    7.58  https://kite.zerodha.com/markets/ext/chart/web/tvc/NSE/NBCC/8042241            NA:PNQ
09:37      SCI          1637829    1621266    10072.0    17.13 https://kite.zerodha.com/markets/ext/chart/web/tvc/NSE/SCI/780289              ---- 
09:39      DIXON        279673     274316     78173.0    9.56  https://kite.zerodha.com/markets/ext/chart/web/tvc/NSE/DIXON/5552641           NA:PNQ
09:40      SEPC         7400596    7265976    1819.0     15.02 https://kite.zerodha.com/markets/ext/chart/web/tvc/NSE/SEPC/3918849            NA:PNQ

09:41      FCL          766447     240450     1094.0     18.54 https://kite.zerodha.com/markets/ext/chart/web/tvc/NSE/FCL/1586689
09:45      KAMDHENU     1064222    902970     1634.0     9.74  https://kite.zerodha.com/markets/ext/chart/web/tvc/NSE/KAMDHENU/3444993
09:46      NPST         39669      39566      4357.0     9.56  https://kite.zerodha.com/markets/ext/chart/web/tvc/NSE/NPST/193618945
09:47      RBA          1257188    1174518    4517.0     18.5  https://kite.zerodha.com/markets/ext/chart/web/tvc/NSE/RBA/382465
09:47      JSFB         235468     230455     6060.0     13.08 https://kite.zerodha.com/markets/ext/chart/web/tvc/NSE/JSFB/5801729
09:49      IRCTC        688284     683010     7926.0     9.53  https://kite.zerodha.com/markets/ext/chart/web/tvc/NSE/IRCTC/3484417
09:54      TITAGARH     1667809    1657653    15764.0    7.92  https://kite.zerodha.com/markets/ext/chart/web/tvc/NSE/TITAGARH/3945985
10:01      HCC          9579893    3867847    5041.0     18.96 https://kite.zerodha.com/markets/ext/chart/web/tvc/NSE/HCC/352001
10:02      JAIBALAJI    1331245    1134619    9719.0     12.84 https://kite.zerodha.com/markets/ext/chart/web/tvc/NSE/JAIBALAJI/2881537
10:06      HEG          2077380    1969049    47602.0    13.67 https://kite.zerodha.com/markets/ext/chart/web/tvc/NSE/HEG/342017
10:07      VEDL         7956610    7832775    238378.0   7.58  https://kite.zerodha.com/markets/ext/chart/web/tvc/NSE/VEDL/784129
10:08      PATELENG     2679269    2651738    3584.0     18.62 https://kite.zerodha.com/markets/ext/chart/web/tvc/NSE/PATELENG/2994945
10:10      OMAXE        637190     417809     3925.0     17.91 https://kite.zerodha.com/markets/ext/chart/web/tvc/NSE/OMAXE/3802369
10:11      SWANCORP     1904573    1901136    13813.0    14.68 https://kite.zerodha.com/markets/ext/chart/web/tvc/NSE/SWANCORP/6936321
10:13      NFL          1877819    1837363    1932.0     14.8  https://kite.zerodha.com/markets/ext/chart/web/tvc/NSE/NFL/3564801

10:25      IIFLCAPS     538623     457126     1230.0     14.36 https://kite.zerodha.com/markets/ext/chart/web/tvc/NSE/IIFLCAPS/3346433           NA:PNQ                     short:profit
10:27      RAMRAT       73938      54304      1902.0     13.51 https://kite.zerodha.com/markets/ext/chart/web/tvc/NSE/RAMRAT/2684161             NA:LV
10:48      NUVAMA       416206     134022     8798.0     11.89 https://kite.zerodha.com/markets/ext/chart/web/tvc/NSE/NUVAMA/4792577             NA:PNQ
10:57      INFIBEAM     10108819   8126318    6052.0     17.84 https://kite.zerodha.com/markets/ext/chart/web/tvc/NSE/INFIBEAM/4159745           NA:SS 
11:01      RACLGEAR     94364      31523      1167.0     16.28 https://kite.zerodha.com/markets/ext/chart/web/tvc/NSE/RACLGEAR/6955777           NA:NE
11:03      RAJMET       2578343    537206     1332.0     1.07  https://kite.zerodha.com/markets/ext/chart/web/tvc/NSE/RAJMET/555009              NA:CTUC
11:08      IPL          3586508    992428     29668.0    9.34  https://kite.zerodha.com/markets/ext/chart/web/tvc/NSE/IPL/1263105                long:loss
11:09      ANANDRATHI   195261     139390     2449.0     17.89 https://kite.zerodha.com/markets/ext/chart/web/tvc/NSE/ANANDRATHI/1829121         NA:PNQ
11:10      IMFA         201418     120372     16127.0    15.14 https://kite.zerodha.com/markets/ext/chart/web/tvc/NSE/IMFA/4924161               NA:PNQ
11:14      GAEL         710001     412803     1340.0     16.78 https://kite.zerodha.com/markets/ext/chart/web/tvc/NSE/GAEL/2259969               NA:NEM 
11:29      KIRIINDUS    565318     259710     8532.0     18.19 https://kite.zerodha.com/markets/ext/chart/web/tvc/NSE/KIRIINDUS/4259585          NA:PNQ 
11:30      MODISONLTD   302405     111737     1673.0     7.27  https://kite.zerodha.com/markets/ext/chart/web/tvc/NSE/MODISONLTD/848897          long:loss
11:44      LALPATHLAB   502945     128656     1303.0     18.98 https://kite.zerodha.com/markets/ext/chart/web/tvc/NSE/LALPATHLAB/2983425         NA:SS
12:01      SAREGAMA     788886     330021     11107.0    16.58 https://kite.zerodha.com/markets/ext/chart/web/tvc/NSE/SAREGAMA/1252353           NA:PNQ
12:02      RMDRIP       383006     42901      2263.0     18.7  https://kite.zerodha.com/markets/ext/chart/web/tvc/NSE/RMDRIP/194005505           NA:LV
12:05      KHADIM       92381      54986      1909.0     14.55 https://kite.zerodha.com/markets/ext/chart/web/tvc/NSE/KHADIM/108801              NA:LV
12:38      NAZARA       5151565    1629675    1055674.0  16.79 https://kite.zerodha.com/markets/ext/chart/web/tvc/NSE/NAZARA/764673              NA:PNQ
13:24      ABLBL        7308990    1262723    7522.0     18.87 https://kite.zerodha.com/markets/ext/chart/web/tvc/NSE/ABLBL/193751809            NA:PNQ

