Time       Symbol       Volume     VolCutoff  Turnover     %UC                              Link 
09:19      MINDACORP    143537     138881.0   87134.0    13.33 https://kite.zerodha.com/markets/ext/chart/web/tvc/NSE/MINDACORP/6629633
09:20      NAVINFLUOR   2752       -89828.0   16753.0    19.74 https://kite.zerodha.com/markets/ext/chart/web/tvc/NSE/NAVINFLUOR/3756033
09:20      UTKARSHBNK   4395327    512254.0   71952.0    26.08 https://kite.zerodha.com/markets/ext/chart/web/tvc/NSE/UTKARSHBNK/4443649
09:20      POWERINDIA   2748       -3245.0    55958.0    9.15  https://kite.zerodha.com/markets/ext/chart/web/tvc/NSE/POWERINDIA/4724993
09:21      INDORAMA     8101       -66921.0   552.0      18.74 https://kite.zerodha.com/markets/ext/chart/web/tvc/NSE/INDORAMA/2814209
09:21      NAVINFLUOR   5431       -89828.0   33162.0    19.37 https://kite.zerodha.com/markets/ext/chart/web/tvc/NSE/NAVINFLUOR/3756033
09:23      ALIVUS       3189       -172584.0  2913.0     16.99 https://kite.zerodha.com/markets/ext/chart/web/tvc/NSE/ALIVUS/1347841
09:23      GMMPFAUDLR   10520      -252708.0  12860.0    25.8  https://kite.zerodha.com/markets/ext/chart/web/tvc/NSE/GMMPFAUDLR/401921
09:23      THANGAMAYL   5529       -322406.0  17105.0    9.55  https://kite.zerodha.com/markets/ext/chart/web/tvc/NSE/THANGAMAYL/4638209
09:23      RBZJEWEL     1928       -52799.0   287.0      23.84 https://kite.zerodha.com/markets/ext/chart/web/tvc/NSE/RBZJEWEL/5343745
09:25      RPEL         3472       -325090.0  3064.0     22.91 https://kite.zerodha.com/markets/ext/chart/web/tvc/NSE/RPEL/6332161
09:26      ORCHPHARMA   4543       -185626.0  3787.0     19.45 https://kite.zerodha.com/markets/ext/chart/web/tvc/NSE/ORCHPHARMA/237057
09:28      INDORAMA     13969      -66921.0   958.0      17.93 https://kite.zerodha.com/markets/ext/chart/web/tvc/NSE/INDORAMA/2814209
09:28      MINDACORP    300153     138881.0   183258.0   12.69 https://kite.zerodha.com/markets/ext/chart/web/tvc/NSE/MINDACORP/6629633
09:32      MINDACORP    237123     138881.0   145582.0   12.06 https://kite.zerodha.com/markets/ext/chart/web/tvc/NSE/MINDACORP/6629633
09:38      TATAINVEST   5115       -123105.0  3867.0     21.62 https://kite.zerodha.com/markets/ext/chart/web/tvc/NSE/TATAINVEST/414977
09:39      INTERARCH    22262      -409806.0  54900.0    6.78  https://kite.zerodha.com/markets/ext/chart/web/tvc/NSE/INTERARCH/6376705
09:40      PRECWIRE     3144       -18971.0   697.0      22.99 https://kite.zerodha.com/markets/ext/chart/web/tvc/NSE/PRECWIRE/695553
09:40      INTERARCH    26941      -409806.0  66676.0    6.4   https://kite.zerodha.com/markets/ext/chart/web/tvc/NSE/INTERARCH/6376705
09:49      V2RETAIL     7712       -147041.0  17183.0    9.76  https://kite.zerodha.com/markets/ext/chart/web/tvc/NSE/V2RETAIL/3780097
09:54      COASTCORP    2936       -68269.0   120.0      12.65 https://kite.zerodha.com/markets/ext/chart/web/tvc/NSE/COASTCORP/1537537
09:54      CCL          106575     92930.0    106788.0   16.54 https://kite.zerodha.com/markets/ext/chart/web/tvc/NSE/CCL/2931713
09:54      INTERARCH    12019      -409806.0  29448.0    7.47  https://kite.zerodha.com/markets/ext/chart/web/tvc/NSE/INTERARCH/6376705
09:55      COASTCORP    10212      -68269.0   417.0      12.48 https://kite.zerodha.com/markets/ext/chart/web/tvc/NSE/COASTCORP/1537537
10:08      LTF          903054     892025.0   258454.0   5.77  https://kite.zerodha.com/markets/ext/chart/web/tvc/NSE/LTF/6386689
10:12      LTF          1209337    892025.0   348833.0   4.94  https://kite.zerodha.com/markets/ext/chart/web/tvc/NSE/LTF/6386689
10:14      GPPL         550165     516338.0   99266.0    14.27 https://kite.zerodha.com/markets/ext/chart/web/tvc/NSE/GPPL/5051137
10:15      UTKARSHBNK   1520425    512254.0   24981.0    25.62 https://kite.zerodha.com/markets/ext/chart/web/tvc/NSE/UTKARSHBNK/4443649
10:19      INTERARCH    17472      -409806.0  43558.0    5.62  https://kite.zerodha.com/markets/ext/chart/web/tvc/NSE/INTERARCH/6376705
10:20      THANGAMAYL   5673       -322406.0  17580.0    9.37  https://kite.zerodha.com/markets/ext/chart/web/tvc/NSE/THANGAMAYL/4638209
10:25      TATAINVEST   5443       -123105.0  4143.0     20.8  https://kite.zerodha.com/markets/ext/chart/web/tvc/NSE/TATAINVEST/414977
10:31      FCL          108971     93255.0    2761.0     20.52 https://kite.zerodha.com/markets/ext/chart/web/tvc/NSE/FCL/1586689
10:33      INTERARCH    11257      -409806.0  28234.0    4.99  https://kite.zerodha.com/markets/ext/chart/web/tvc/NSE/INTERARCH/6376705
10:34      NESCO        5842       -9706.0    7799.0     11.89 https://kite.zerodha.com/markets/ext/chart/web/tvc/NSE/NESCO/3944705
10:34      INTERARCH    18486      -409806.0  46511.0    4.66  https://kite.zerodha.com/markets/ext/chart/web/tvc/NSE/INTERARCH/6376705
10:35      SAGILITY     1332064    1257628.0  68601.0    18.02 https://kite.zerodha.com/markets/ext/chart/web/tvc/NSE/SAGILITY/6925313
10:41      CHEMCON      6750       2240.0     1664.0     13.16 https://kite.zerodha.com/markets/ext/chart/web/tvc/NSE/CHEMCON/69121
10:43      FMGOETZE     6894       -184014.0  3423.0     20.06 https://kite.zerodha.com/markets/ext/chart/web/tvc/NSE/FMGOETZE/304641
10:46      CAPLIPOINT   3333       -68806.0   6464.0     24.02 https://kite.zerodha.com/markets/ext/chart/web/tvc/NSE/CAPLIPOINT/999937
10:46      LTF          3030976    892025.0   909444.0   0.88  https://kite.zerodha.com/markets/ext/chart/web/tvc/NSE/LTF/6386689
10:48      DAMCAPITAL   437568     271715.0   120423.0   11.05 https://kite.zerodha.com/markets/ext/chart/web/tvc/NSE/DAMCAPITAL/7337473
10:52      DAMCAPITAL   395667     271715.0   111337.0   8.61  https://kite.zerodha.com/markets/ext/chart/web/tvc/NSE/DAMCAPITAL/7337473
10:54      PCJEWELLER   1621563    1420497.0  20107.0    18.39 https://kite.zerodha.com/markets/ext/chart/web/tvc/NSE/PCJEWELLER/7455745
10:56      DAMCAPITAL   421260     271715.0   120371.0   6.95  https://kite.zerodha.com/markets/ext/chart/web/tvc/NSE/DAMCAPITAL/7337473
11:08      TATAINVEST   6042       -123105.0  4642.0     19.67 https://kite.zerodha.com/markets/ext/chart/web/tvc/NSE/TATAINVEST/414977
11:09      TATAINVEST   15884      -123105.0  12257.0    19.16 https://kite.zerodha.com/markets/ext/chart/web/tvc/NSE/TATAINVEST/414977
11:10      TATAINVEST   60043      -123105.0  46674.0    18.29 https://kite.zerodha.com/markets/ext/chart/web/tvc/NSE/TATAINVEST/414977
11:13      IDEA         6484598    1934822.0  60955.0    8.4   https://kite.zerodha.com/markets/ext/chart/web/tvc/NSE/IDEA/3677697
11:15      BALAJITELE   5455       -83584.0   709.0      17.86 https://kite.zerodha.com/markets/ext/chart/web/tvc/NSE/BALAJITELE/2344449
11:18      IDEA         2387936    1934822.0  22447.0    8.4   https://kite.zerodha.com/markets/ext/chart/web/tvc/NSE/IDEA/3677697
11:21      WHIRLPOOL    16204      15110.0    21321.0    23.13 https://kite.zerodha.com/markets/ext/chart/web/tvc/NSE/WHIRLPOOL/4610817
11:25      IDEA         23979185   1934822.0  230440.0   6.04  https://kite.zerodha.com/markets/ext/chart/web/tvc/NSE/IDEA/3677697
11:26      BLSE         69198      -184858.0  13943.0    17.39 https://kite.zerodha.com/markets/ext/chart/web/tvc/NSE/BLSE/5776897
11:27      TATAINVEST   10884      -123105.0  8485.0     17.95 https://kite.zerodha.com/markets/ext/chart/web/tvc/NSE/TATAINVEST/414977
11:31      INTERARCH    97030      -409806.0  251832.0   1.46  https://kite.zerodha.com/markets/ext/chart/web/tvc/NSE/INTERARCH/6376705
11:38      HATSUN       5274       -163493.0  5517.0     17.03 https://kite.zerodha.com/markets/ext/chart/web/tvc/NSE/HATSUN/996353
11:46      ABINFRA      148320     -239560.0  3003.0     0.0   https://kite.zerodha.com/markets/ext/chart/web/tvc/NSE/ABINFRA/6917121
11:53      BLSE         5226       -184858.0  1070.0     15.57 https://kite.zerodha.com/markets/ext/chart/web/tvc/NSE/BLSE/5776897
11:55      DCAL         4044       -4630.0    1020.0     16.77 https://kite.zerodha.com/markets/ext/chart/web/tvc/NSE/DCAL/5556225
11:56      BLSE         77239      -184858.0  15896.0    14.94 https://kite.zerodha.com/markets/ext/chart/web/tvc/NSE/BLSE/5776897
12:08      RAJRATAN     20535      -115014.0  9658.0     15.42 https://kite.zerodha.com/markets/ext/chart/web/tvc/NSE/RAJRATAN/4854273
12:09      RAJRATAN     31200      -115014.0  14797.0    14.45 https://kite.zerodha.com/markets/ext/chart/web/tvc/NSE/RAJRATAN/4854273
12:27      IDEA         6385418    1934822.0  61236.0    6.26  https://kite.zerodha.com/markets/ext/chart/web/tvc/NSE/IDEA/3677697
12:37      UFO          16174      5391.0     1394.0     11.74 https://kite.zerodha.com/markets/ext/chart/web/tvc/NSE/UFO/2313985
12:42      ABCAPITAL    1536000    813282.0   519629.0   6.34  https://kite.zerodha.com/markets/ext/chart/web/tvc/NSE/ABCAPITAL/5533185
12:50      FCL          268019     93255.0    6968.0     17.46 https://kite.zerodha.com/markets/ext/chart/web/tvc/NSE/FCL/1586689
12:53      TATAINVEST   3159       -123105.0  2455.0     18.3  https://kite.zerodha.com/markets/ext/chart/web/tvc/NSE/TATAINVEST/414977
12:54      TATAINVEST   14463      -123105.0  11255.0    18.16 https://kite.zerodha.com/markets/ext/chart/web/tvc/NSE/TATAINVEST/414977
12:55      NESCO        9676       -9706.0    13201.0    9.48  https://kite.zerodha.com/markets/ext/chart/web/tvc/NSE/NESCO/3944705
12:59      CCL          97014      92930.0    99769.0    13.55 https://kite.zerodha.com/markets/ext/chart/web/tvc/NSE/CCL/2931713
13:07      TMB          6687       -206244.0  3397.0     17.0  https://kite.zerodha.com/markets/ext/chart/web/tvc/NSE/TMB/2801921
13:09      TEMBO        25726      -229310.0  17900.0    0.0   https://kite.zerodha.com/markets/ext/chart/web/tvc/NSE/TEMBO/838401
13:10      TMB          4198       -206244.0  2137.0     16.76 https://kite.zerodha.com/markets/ext/chart/web/tvc/NSE/TMB/2801921
13:11      THANGAMAYL   10424      -322406.0  34780.0    1.58  https://kite.zerodha.com/markets/ext/chart/web/tvc/NSE/THANGAMAYL/4638209
13:12      THANGAMAYL   12310      -322406.0  41108.0    1.49  https://kite.zerodha.com/markets/ext/chart/web/tvc/NSE/THANGAMAYL/4638209
13:16      BBOX         18400      -61993.0   9792.0     6.06  https://kite.zerodha.com/markets/ext/chart/web/tvc/NSE/BBOX/879361
13:25      TATAINVEST   27810      -123105.0  21810.0    17.25 https://kite.zerodha.com/markets/ext/chart/web/tvc/NSE/TATAINVEST/414977
13:27      ICICIB22     216834     134376.0   25001.0    20.33 https://kite.zerodha.com/markets/ext/chart/web/tvc/NSE/ICICIB22/133633
13:28      ORCHPHARMA   6976       -185626.0  5895.0     17.82 https://kite.zerodha.com/markets/ext/chart/web/tvc/NSE/ORCHPHARMA/237057
13:32      LTF          1798882    892025.0   544522.0   0.0   https://kite.zerodha.com/markets/ext/chart/web/tvc/NSE/LTF/6386689
13:33      SUZLON       1406391    1402888.0  81093.0    13.72 https://kite.zerodha.com/markets/ext/chart/web/tvc/NSE/SUZLON/3076609
13:33      ABCAPITAL    1481091    813282.0   502608.0   6.01  https://kite.zerodha.com/markets/ext/chart/web/tvc/NSE/ABCAPITAL/5533185
13:34      UTKARSHBNK   662451     512254.0   11222.0    21.84 https://kite.zerodha.com/markets/ext/chart/web/tvc/NSE/UTKARSHBNK/4443649
13:34      ABCAPITAL    1979048    813282.0   673272.0   5.75  https://kite.zerodha.com/markets/ext/chart/web/tvc/NSE/ABCAPITAL/5533185
13:35      UFO          12988      5391.0     1134.0     10.32 https://kite.zerodha.com/markets/ext/chart/web/tvc/NSE/UFO/2313985
13:37      TATAINVEST   3899       -123105.0  3070.0     16.76 https://kite.zerodha.com/markets/ext/chart/web/tvc/NSE/TATAINVEST/414977
13:39      UTKARSHBNK   990654     512254.0   16910.0    20.91 https://kite.zerodha.com/markets/ext/chart/web/tvc/NSE/UTKARSHBNK/4443649
13:39      BLSE         1754       -184858.0  358.0      15.95 https://kite.zerodha.com/markets/ext/chart/web/tvc/NSE/BLSE/5776897
13:50      TATAINVEST   9589       -123105.0  7544.0     16.87 https://kite.zerodha.com/markets/ext/chart/web/tvc/NSE/TATAINVEST/414977
14:03      UTKARSHBNK   594793     512254.0   10171.0    20.7  https://kite.zerodha.com/markets/ext/chart/web/tvc/NSE/UTKARSHBNK/4443649
14:03      ADFFOODS     10694      -61757.0   2481.0     16.29 https://kite.zerodha.com/markets/ext/chart/web/tvc/NSE/ADFFOODS/5058817
14:04      UTKARSHBNK   1088341    512254.0   18654.0    20.42 https://kite.zerodha.com/markets/ext/chart/web/tvc/NSE/UTKARSHBNK/4443649
14:05      RBZJEWEL     20015      -52799.0   3190.0     15.75 https://kite.zerodha.com/markets/ext/chart/web/tvc/NSE/RBZJEWEL/5343745
14:07      SOUTHBANK    1136547    886947.0   44769.0    12.01 https://kite.zerodha.com/markets/ext/chart/web/tvc/NSE/SOUTHBANK/1522689
14:10      BSE          812659     780173.0   2193285.0  0.08  https://kite.zerodha.com/markets/ext/chart/web/tvc/NSE/BSE/5013761
14:34      FCL          182342     93255.0    4825.0     15.42 https://kite.zerodha.com/markets/ext/chart/web/tvc/NSE/FCL/1586689
14:48      FCL          117981     93255.0    3125.0     15.29 https://kite.zerodha.com/markets/ext/chart/web/tvc/NSE/FCL/1586689
14:48      JKLAKSHMI    5291       -6309.0    4519.0     22.38 https://kite.zerodha.com/markets/ext/chart/web/tvc/NSE/JKLAKSHMI/3453697
14:48      BOROLTD      21073      -153731.0  7435.0     14.48 https://kite.zerodha.com/markets/ext/chart/web/tvc/NSE/BOROLTD/4966657
14:49      FCL          191272     93255.0    5113.0     14.25 https://kite.zerodha.com/markets/ext/chart/web/tvc/NSE/FCL/1586689
14:49      JKLAKSHMI    9798       -6309.0    8380.0     22.2  https://kite.zerodha.com/markets/ext/chart/web/tvc/NSE/JKLAKSHMI/3453697
14:50      FCL          399540     93255.0    10828.0    12.69 https://kite.zerodha.com/markets/ext/chart/web/tvc/NSE/FCL/1586689
14:59      ALKEM        1963       -5861.0    11125.0    9.53  https://kite.zerodha.com/markets/ext/chart/web/tvc/NSE/ALKEM/2995969
15:00      ALKEM        2211       -5861.0    12535.0    9.49  https://kite.zerodha.com/markets/ext/chart/web/tvc/NSE/ALKEM/2995969
15:01      BOROLTD      13445      -153731.0  4670.0     16.28 https://kite.zerodha.com/markets/ext/chart/web/tvc/NSE/BOROLTD/4966657
15:01      INTERARCH    7104       -409806.0  17838.0    4.87  https://kite.zerodha.com/markets/ext/chart/web/tvc/NSE/INTERARCH/6376705
15:06      DCAL         3858       -4630.0    960.0      18.43 https://kite.zerodha.com/markets/ext/chart/web/tvc/NSE/DCAL/5556225
