Time       Symbol       Volume     VolCutoff  Turnover     %UC                              Link 
09:18      KESORAMIND   712378     697719     2264.0     11.42 https://kite.zerodha.com/markets/ext/chart/web/tvc/NSE/KESORAMIND/475905        NA:PNQ
09:19      NEOGEN       50505      43242      9386.0     12.75 https://kite.zerodha.com/markets/ext/chart/web/tvc/NSE/NEOGEN/2538753           long:loss                      NA:PS
09:20      RAJSREESUG   244424     105327     2596.0     9.56  https://kite.zerodha.com/markets/ext/chart/web/tvc/NSE/RAJSREESUG/719105        NA:PNQ
09:20      INDIGO       1299587    1179706    729475.0   11.05 https://kite.zerodha.com/markets/ext/chart/web/tvc/NSE/INDIGO/2865921           NA:PNQ
09:20      KAYNES       621411     570385     408177.0   7.9   https://kite.zerodha.com/markets/ext/chart/web/tvc/NSE/KAYNES/3095553           NA:PNQ
09:22      DCMSHRIRAM   244026     202789     86120.0    13.21 https://kite.zerodha.com/markets/ext/chart/web/tvc/NSE/DCMSHRIRAM/207617        long:loss
09:27      HINDZINC     2537409    2482111    140361.0   7.91  https://kite.zerodha.com/markets/ext/chart/web/tvc/NSE/HINDZINC/364545          long:profit
09:37      BLSE         79322      73469      3355.0     16.85 https://kite.zerodha.com/markets/ext/chart/web/tvc/NSE/BLSE/5776897             NA:LV
09:39      LATENTVIEW   466201     412770     16209.0    17.59 https://kite.zerodha.com/markets/ext/chart/web/tvc/NSE/LATENTVIEW/1745409       NA:PNQ

09:42      CENTURYPLY   107401     93315      1477.0     18.41 https://kite.zerodha.com/markets/ext/chart/web/tvc/NSE/CENTURYPLY/3406081
09:43      MWL          42832      34729      2366.0     14.46 https://kite.zerodha.com/markets/ext/chart/web/tvc/NSE/MWL/194347265
09:46      DIXON        275473     274316     33602.0    8.92  https://kite.zerodha.com/markets/ext/chart/web/tvc/NSE/DIXON/5552641
09:47      NATCOPHARM   626724     614993     36518.0    16.16 https://kite.zerodha.com/markets/ext/chart/web/tvc/NSE/NATCOPHARM/1003009
10:15      LGBBROSLTD   35072      27126      1950.0     16.83 https://kite.zerodha.com/markets/ext/chart/web/tvc/NSE/LGBBROSLTD/4690177
 
10:18      HCC          6588019    3867847    9970.0     18.03 https://kite.zerodha.com/markets/ext/chart/web/tvc/NSE/HCC/352001               NA:PNQ
10:18      SUVEN        146150     138045     5291.0     16.7  https://kite.zerodha.com/markets/ext/chart/web/tvc/NSE/SUVEN/2875649            NA:LV
10:23      MMTC         1508999    898992     6591.0     17.9  https://kite.zerodha.com/markets/ext/chart/web/tvc/NSE/MMTC/4596993             NA:PNQ
10:24      GALLANTT     977140     468567     2880.0     18.93 https://kite.zerodha.com/markets/ext/chart/web/tvc/NSE/GALLANTT/3414273         NA:LV
10:32      ADANIGREEN   2394448    1527657    715116.0   9.53  https://kite.zerodha.com/markets/ext/chart/web/tvc/NSE/ADANIGREEN/912129        NA:PNQ
10:34      IRCON        3893222    3493749    23451.0    13.16 https://kite.zerodha.com/markets/ext/chart/web/tvc/NSE/IRCON/1276417            NA:PNQ
10:35      ASTEC        165012     43744      3374.0     9.0   https://kite.zerodha.com/markets/ext/chart/web/tvc/NSE/ASTEC/4538369            NA:PNQ
10:41      ANANDRATHI   219172     139390     11300.0    18.55 https://kite.zerodha.com/markets/ext/chart/web/tvc/NSE/ANANDRATHI/1829121       NA:PNQ
10:42      KTKBANK      1530982    1009435    84275.0    18.16 https://kite.zerodha.com/markets/ext/chart/web/tvc/NSE/KTKBANK/2061825          NA:PNQ
10:54      RBA          2506855    1174518    6875.0     16.73 https://kite.zerodha.com/markets/ext/chart/web/tvc/NSE/RBA/382465               NA:PNQ
10:59      AURIONPRO    164294     147175     1745.0     12.66 https://kite.zerodha.com/markets/ext/chart/web/tvc/NSE/AURIONPRO/3077633        long:profit
11:00      RATNAVEER    1045648    341304     4309.0     18.4  https://kite.zerodha.com/markets/ext/chart/web/tvc/NSE/RATNAVEER/4716289        NA:PNQ
11:05      PRECWIRE     273296     149019     1908.0     16.66 https://kite.zerodha.com/markets/ext/chart/web/tvc/NSE/PRECWIRE/695553          NA:PNQ
11:11      RICOAUTO     9799513    5596831    47104.0    8.61  https://kite.zerodha.com/markets/ext/chart/web/tvc/NSE/RICOAUTO/744705          long:profit:MB
11:17      GOLDTECH     538356     47930      1478.0     1.96  https://kite.zerodha.com/markets/ext/chart/web/tvc/NSE/GOLDTECH/2527745         NA:LV
11:51      RAMCOSYS     69413      43883      4708.0     16.05 https://kite.zerodha.com/markets/ext/chart/web/tvc/NSE/RAMCOSYS/2009857         long:profit
11:53      SHAKTIPUMP   1159648    615247     30825.0    12.22 https://kite.zerodha.com/markets/ext/chart/web/tvc/NSE/SHAKTIPUMP/6546945       NA:PNQ
12:20      ROLEXRINGS   1178004    29551      3550.0     18.79 https://kite.zerodha.com/markets/ext/chart/web/tvc/NSE/ROLEXRINGS/1351425       NA:PNQ
12:28      ABINFRA      316858     58187      1232.0     0.45  https://kite.zerodha.com/markets/ext/chart/web/tvc/NSE/ABINFRA/6917121          NA:LV
13:19      DCW          1918935    1212059    3142.0     10.04 https://kite.zerodha.com/markets/ext/chart/web/tvc/NSE/DCW/209153               NA:LV

