Time       Symbol       Quantity   VolCutoff  High/Low     %UC                              Link 
09:16      ENGINERSIN   48.0       2683368    high       6.29  https://kite.zerodha.com/markets/ext/chart/web/tvc/NSE/ENGINERSIN/1256193
09:16      SENCO        27.0       796110     low        23.62 https://kite.zerodha.com/markets/ext/chart/web/tvc/NSE/SENCO/4421377
09:17      CLSEL        33         67883      high       9.91  https://kite.zerodha.com/markets/ext/chart/web/tvc/NSE/CLSEL/891393
09:17      GVPIL        23.0       602577     high       12.29 https://kite.zerodha.com/markets/ext/chart/web/tvc/NSE/GVPIL/2012673
09:17      WEBELSOLAR   144.0      221476     low        23.26 https://kite.zerodha.com/markets/ext/chart/web/tvc/NSE/WEBELSOLAR/3738113
09:19      RATNAMANI    4.0        21058      low        24.76 https://kite.zerodha.com/markets/ext/chart/web/tvc/NSE/RATNAMANI/3443457
09:19      ZAGGLE       34         743935     low        25.43 https://kite.zerodha.com/markets/ext/chart/web/tvc/NSE/ZAGGLE/4763649
09:20      HIKAL        47.0       440728     low        23.04 https://kite.zerodha.com/markets/ext/chart/web/tvc/NSE/HIKAL/2475009
09:20      TVSSCS       77.0       832762     high       17.45 https://kite.zerodha.com/markets/ext/chart/web/tvc/NSE/TVSSCS/4646657
09:20      ITBEES       285.0      8489741    low        32.47 https://kite.zerodha.com/markets/ext/chart/web/tvc/NSE/ITBEES/4885505
09:21      PURVA        35.0       298126     high       9.88  https://kite.zerodha.com/markets/ext/chart/web/tvc/NSE/PURVA/3820033
09:21      HAPPYFORGE   7          24418      high       6.65  https://kite.zerodha.com/markets/ext/chart/web/tvc/NSE/HAPPYFORGE/5338625
09:21      BALUFORGE    19.0       172317     high       9.47  https://kite.zerodha.com/markets/ext/chart/web/tvc/NSE/BALUFORGE/6043393
09:23      MUTHOOTFIN   2.0        652085     low        21.52 https://kite.zerodha.com/markets/ext/chart/web/tvc/NSE/MUTHOOTFIN/6054401
09:27      SETFNIF50    36.0       441047     low        21.52 https://kite.zerodha.com/markets/ext/chart/web/tvc/NSE/SETFNIF50/2605057
09:28      PRAJIND      31         747665     low        27.12 https://kite.zerodha.com/markets/ext/chart/web/tvc/NSE/PRAJIND/692481
09:29      RGL          86.0       414133     low        32.6  https://kite.zerodha.com/markets/ext/chart/web/tvc/NSE/RGL/3873025
09:30      HCC          500.0      3867847    high       18.29 https://kite.zerodha.com/markets/ext/chart/web/tvc/NSE/HCC/352001
09:32      PRECWIRE     36.0       149019     low        24.62 https://kite.zerodha.com/markets/ext/chart/web/tvc/NSE/PRECWIRE/695553
09:32      IRCTC        15.0       683010     high       9.18  https://kite.zerodha.com/markets/ext/chart/web/tvc/NSE/IRCTC/3484417
09:32      ADANIPOWER   68.0       4874342    low        25.19 https://kite.zerodha.com/markets/ext/chart/web/tvc/NSE/ADANIPOWER/4451329
09:33      REDTAPE      73.0       815227     high       16.04 https://kite.zerodha.com/markets/ext/chart/web/tvc/NSE/REDTAPE/4571905
09:34      BSOFT        25.0       1052420    low        31.33 https://kite.zerodha.com/markets/ext/chart/web/tvc/NSE/BSOFT/1790465
09:37      SCHNEIDER    12.0       114722     high       17.33 https://kite.zerodha.com/markets/ext/chart/web/tvc/NSE/SCHNEIDER/7995905
09:39      SHAREINDIA   66.0       356603     low        21.72 https://kite.zerodha.com/markets/ext/chart/web/tvc/NSE/SHAREINDIA/26625
09:39      SGFIN        24.0       70033      low        21.83 https://kite.zerodha.com/markets/ext/chart/web/tvc/NSE/SGFIN/194266369
09:40      MOREALTY     121.0      332373     low        25.66 https://kite.zerodha.com/markets/ext/chart/web/tvc/NSE/MOREALTY/5935105
09:41      IFCI         166.0      5261213    low        23.59 https://kite.zerodha.com/markets/ext/chart/web/tvc/NSE/IFCI/381697
09:41      TCS          3.0        2666980    high       15.73 https://kite.zerodha.com/markets/ext/chart/web/tvc/NSE/TCS/2953217
09:41      ASHIANA      28         40073      high       18.22 https://kite.zerodha.com/markets/ext/chart/web/tvc/NSE/ASHIANA/6247169
09:44      TATAELXSI    2.0        140748     high       13.88 https://kite.zerodha.com/markets/ext/chart/web/tvc/NSE/TATAELXSI/873217
09:46      BBOX         17.0       124047     low        25.71 https://kite.zerodha.com/markets/ext/chart/web/tvc/NSE/BBOX/879361
09:46      KIRLOSENG    7          473282     high       15.76 https://kite.zerodha.com/markets/ext/chart/web/tvc/NSE/KIRLOSENG/5359617
09:50      SHAILY       5.0        227534     low        31.78 https://kite.zerodha.com/markets/ext/chart/web/tvc/NSE/SHAILY/2234113
09:50      PIIND        3.0        190670     high       11.51 https://kite.zerodha.com/markets/ext/chart/web/tvc/NSE/PIIND/6191105
09:52      LUMAXIND     1.0        31303      high       17.78 https://kite.zerodha.com/markets/ext/chart/web/tvc/NSE/LUMAXIND/516609
09:52      SCI          36.0       1621266    low        21.56 https://kite.zerodha.com/markets/ext/chart/web/tvc/NSE/SCI/780289
09:53      BLISSGVS     46.0       1145260    low        22.0  https://kite.zerodha.com/markets/ext/chart/web/tvc/NSE/BLISSGVS/4931841
09:54      ARMANFIN     6          26521      high       17.98 https://kite.zerodha.com/markets/ext/chart/web/tvc/NSE/ARMANFIN/4419329
09:57      BHEL         38.0       6872759    high       11.6  https://kite.zerodha.com/markets/ext/chart/web/tvc/NSE/BHEL/112129
09:58      HINDCOPPER   16         5504832    low        23.91 https://kite.zerodha.com/markets/ext/chart/web/tvc/NSE/HINDCOPPER/4592385
10:02      LTTS         2.0        58983      low        25.46 https://kite.zerodha.com/markets/ext/chart/web/tvc/NSE/LTTS/4752385
10:05      SIGNATURE    9.0        290236     high       14.33 https://kite.zerodha.com/markets/ext/chart/web/tvc/NSE/SIGNATURE/4798209
10:07      HAL          2.0        1224196    high       9.0   https://kite.zerodha.com/markets/ext/chart/web/tvc/NSE/HAL/589569
10:07      UTKARSHBNK   769.0      1434809    low        22.28 https://kite.zerodha.com/markets/ext/chart/web/tvc/NSE/UTKARSHBNK/4443649
10:10      ZEEMEDIA     1000.0     1930103    high       10.48 https://kite.zerodha.com/markets/ext/chart/web/tvc/NSE/ZEEMEDIA/3584769
10:14      LUMAXTECH    5.0        186365     low        28.03 https://kite.zerodha.com/markets/ext/chart/web/tvc/NSE/LUMAXTECH/3587585
10:22      GODREJAGRO   15.0       304001     high       17.76 https://kite.zerodha.com/markets/ext/chart/web/tvc/NSE/GODREJAGRO/36865
10:23      TECHM        6.0        1539502    high       13.28 https://kite.zerodha.com/markets/ext/chart/web/tvc/NSE/TECHM/3465729
10:26      INFY         7.0        8167203    high       16.24 https://kite.zerodha.com/markets/ext/chart/web/tvc/NSE/INFY/408065
10:26      TIMETECHNO   48.0       1137805    high       16.87 https://kite.zerodha.com/markets/ext/chart/web/tvc/NSE/TIMETECHNO/3764993
10:36      APEX         22         401728     high       12.17 https://kite.zerodha.com/markets/ext/chart/web/tvc/NSE/APEX/5535489
10:41      MOTISONS     625.0      2204093    high       16.07 https://kite.zerodha.com/markets/ext/chart/web/tvc/NSE/MOTISONS/5321729
10:46      COSMOFIRST   13.0       79259      high       16.49 https://kite.zerodha.com/markets/ext/chart/web/tvc/NSE/COSMOFIRST/189953
10:49      FAZE3Q       16.0       145701     high       0.0   https://kite.zerodha.com/markets/ext/chart/web/tvc/NSE/FAZE3Q/3072001
10:59      GOKEX        12.0       603322     high       7.19  https://kite.zerodha.com/markets/ext/chart/web/tvc/NSE/GOKEX/3015169
11:00      MOVALUE      81.0       63585      low        22.54 https://kite.zerodha.com/markets/ext/chart/web/tvc/NSE/MOVALUE/2771201
11:04      TATSILV      434.0      6959738    low        31.05 https://kite.zerodha.com/markets/ext/chart/web/tvc/NSE/TATSILV/5485569
11:05      SERVOTECH    113.0      615125     high       5.68  https://kite.zerodha.com/markets/ext/chart/web/tvc/NSE/SERVOTECH/1409793
11:14      COFORGE      7.0        1928536    high       14.26 https://kite.zerodha.com/markets/ext/chart/web/tvc/NSE/COFORGE/2955009
11:19      AVANTIFEED   7.0        941541     high       10.27 https://kite.zerodha.com/markets/ext/chart/web/tvc/NSE/AVANTIFEED/2031617
11:28      ZENSARTECH   16         495680     high       17.72 https://kite.zerodha.com/markets/ext/chart/web/tvc/NSE/ZENSARTECH/275457
11:32      SKYGOLD      26         1242468    high       16.57 https://kite.zerodha.com/markets/ext/chart/web/tvc/NSE/SKYGOLD/3489537
11:45      HEXT         17.0       794964     high       17.4  https://kite.zerodha.com/markets/ext/chart/web/tvc/NSE/HEXT/7594497
12:05      MPSLTD       6.0        23928      high       17.14 https://kite.zerodha.com/markets/ext/chart/web/tvc/NSE/MPSLTD/2707969
12:05      SHREEPUSHK   25.0       486426     high       6.38  https://kite.zerodha.com/markets/ext/chart/web/tvc/NSE/SHREEPUSHK/2710529
12:56      ARVIND       25.0       395773     high       14.03 https://kite.zerodha.com/markets/ext/chart/web/tvc/NSE/ARVIND/49409
12:56      KPRMILL      10.0       410503     high       13.26 https://kite.zerodha.com/markets/ext/chart/web/tvc/NSE/KPRMILL/3817473
12:57      RATEGAIN     20.0       810893     low        38.98 https://kite.zerodha.com/markets/ext/chart/web/tvc/NSE/RATEGAIN/1837313
13:03      SHILPAMED    29.0       60022      high       16.72 https://kite.zerodha.com/markets/ext/chart/web/tvc/NSE/SHILPAMED/4544513
13:05      KITEX        48.0       1090373    high       17.4  https://kite.zerodha.com/markets/ext/chart/web/tvc/NSE/KITEX/7398145
13:10      VTL          19.0       1276347    high       11.46 https://kite.zerodha.com/markets/ext/chart/web/tvc/NSE/VTL/530689
13:16      SPAL         12.0       51798      high       10.44 https://kite.zerodha.com/markets/ext/chart/web/tvc/NSE/SPAL/4672513
13:20      IDBI         88.0       7460508    high       17.83 https://kite.zerodha.com/markets/ext/chart/web/tvc/NSE/IDBI/377857
13:25      STLTECH      62.0       2188258    high       7.36  https://kite.zerodha.com/markets/ext/chart/web/tvc/NSE/STLTECH/2383105
13:32      INDGN        20.0       526623     high       17.61 https://kite.zerodha.com/markets/ext/chart/web/tvc/NSE/INDGN/6065409
13:40      JAMNAAUTO    70.0       4731124    high       17.14 https://kite.zerodha.com/markets/ext/chart/web/tvc/NSE/JAMNAAUTO/5319169
13:47      ZEEL         101.0      9329429    high       14.36 https://kite.zerodha.com/markets/ext/chart/web/tvc/NSE/ZEEL/975873
14:08      LINCOLN      14.0       162985     high       9.3   https://kite.zerodha.com/markets/ext/chart/web/tvc/NSE/LINCOLN/2968577
14:13      BLUEJET      24.0       890647     low        21.62 https://kite.zerodha.com/markets/ext/chart/web/tvc/NSE/BLUEJET/5039617
