Time       Symbol       Quantity   VolCutoff  High/Low     %UC                              Link 
09:21      LATENTVIEW   20.0       412770     high       14.88 https://kite.zerodha.com/markets/ext/chart/web/tvc/NSE/LATENTVIEW/1745409    NA:NE
09:21      WELSPUNLIV   68.0       4755587    high       0.74  https://kite.zerodha.com/markets/ext/chart/web/tvc/NSE/WELSPUNLIV/2880769    NA:CTUC
09:22      BHARATFORG   6          1011199    high       0.0   https://kite.zerodha.com/markets/ext/chart/web/tvc/NSE/BHARATFORG/108033     NA:CTUC
09:27      BHARATFORG   6          1011199    high       0.0   https://kite.zerodha.com/markets/ext/chart/web/tvc/NSE/BHARATFORG/108033     NA:CTUC 
09:27      WALCHANNAG   51.0       115596     low        21.99 https://kite.zerodha.com/markets/ext/chart/web/tvc/NSE/WALCHANNAG/956417     NA:PNQ
09:27      WELSPUNLIV   68.0       4755587    high       0.91  https://kite.zerodha.com/markets/ext/chart/web/tvc/NSE/WELSPUNLIV/2880769    NA:CTUC
09:27      ICIL         34.0       563193     high       0.0   https://kite.zerodha.com/markets/ext/chart/web/tvc/NSE/ICIL/3068673          NA:CTUC
09:27      PREMIERENE   12.0       985256     high       1.73  https://kite.zerodha.com/markets/ext/chart/web/tvc/NSE/PREMIERENE/6412545    NA:CTUC
09:28      CGPOWER      14.0       3848183    high       0.65  https://kite.zerodha.com/markets/ext/chart/web/tvc/NSE/CGPOWER/194561        NA:CTUC
09:28      PCBL         33.0       824581     high       8.79  https://kite.zerodha.com/markets/ext/chart/web/tvc/NSE/PCBL/678145           MISSED
09:31      SANGAMIND    19         33386      high       7.22  https://kite.zerodha.com/markets/ext/chart/web/tvc/NSE/SANGAMIND/1071105     NA:LV
09:31      AGIIL        39         104124     high       15.57 https://kite.zerodha.com/markets/ext/chart/web/tvc/NSE/AGIIL/6257921         NA:LV
09:32      GARFIBRES    13.0       51052      high       4.37  https://kite.zerodha.com/markets/ext/chart/web/tvc/NSE/GARFIBRES/281601      NA:PNQ
09:32      GOLDIAM      27.0       896073     high       0.0   https://kite.zerodha.com/markets/ext/chart/web/tvc/NSE/GOLDIAM/3064577       NA:LV
09:32      GOLDBEES     80.0       16887903   high       18.38 https://kite.zerodha.com/markets/ext/chart/web/tvc/NSE/GOLDBEES/3693569      NA:LV
09:32      SPAL         12.0       51798      high       0.0   https://kite.zerodha.com/markets/ext/chart/web/tvc/NSE/SPAL/4672513          NA:CTUC
09:33      MRPL         57.0       3507707    low        22.27 https://kite.zerodha.com/markets/ext/chart/web/tvc/NSE/MRPL/584449           NA:PNQ
09:33      KEI          2.0        244649     high       0.3   https://kite.zerodha.com/markets/ext/chart/web/tvc/NSE/KEI/3407361           NA:CTUC
09:33      KPRMILL      9.0        410503     high       0.0   https://kite.zerodha.com/markets/ext/chart/web/tvc/NSE/KPRMILL/3817473       NA:CTUC
09:35      PARACABLES   256        967351     high       0.62  https://kite.zerodha.com/markets/ext/chart/web/tvc/NSE/PARACABLES/3571457    NA:CTUC
09:40      ATGL         17.0       582982     high       12.26 https://kite.zerodha.com/markets/ext/chart/web/tvc/NSE/ATGL/1552897          NA:CTUC
09:40      TARIL        40.0       1011859    high       11.62 https://kite.zerodha.com/markets/ext/chart/web/tvc/NSE/TARIL/3884545         NA:CTUC

09:42      SHARDACROP   8.0        676583     low        21.59 https://kite.zerodha.com/markets/ext/chart/web/tvc/NSE/SHARDACROP/1277953
09:44      MPSLTD       5.0        23928      low        26.57 https://kite.zerodha.com/markets/ext/chart/web/tvc/NSE/MPSLTD/2707969
09:44      POWERGRID    35.0       10022062   high       6.88  https://kite.zerodha.com/markets/ext/chart/web/tvc/NSE/POWERGRID/3834113
09:44      AVALON       9.0        370788     high       0.0   https://kite.zerodha.com/markets/ext/chart/web/tvc/NSE/AVALON/3854849
09:44      ADFFOODS     48.0       124172     high       0.87  https://kite.zerodha.com/markets/ext/chart/web/tvc/NSE/ADFFOODS/5058817
09:45      UTKARSHBNK   769.0      1434809    low        23.82 https://kite.zerodha.com/markets/ext/chart/web/tvc/NSE/UTKARSHBNK/4443649
09:48      RGL          84.0       414133     high       7.68  https://kite.zerodha.com/markets/ext/chart/web/tvc/NSE/RGL/3873025
09:48      DIXON        0          274316     high       2.45  https://kite.zerodha.com/markets/ext/chart/web/tvc/NSE/DIXON/5552641
09:49      CAMLINFINE   58.0       384966     high       0.0   https://kite.zerodha.com/markets/ext/chart/web/tvc/NSE/CAMLINFINE/1591297
09:51      GRWRHITECH   2.0        72118      high       0.0   https://kite.zerodha.com/markets/ext/chart/web/tvc/NSE/GRWRHITECH/2043393
09:54      GENESYS      29.0       147151     high       9.69  https://kite.zerodha.com/markets/ext/chart/web/tvc/NSE/GENESYS/2791681
09:55      INTELLECT    12.0       462947     low        22.89 https://kite.zerodha.com/markets/ext/chart/web/tvc/NSE/INTELLECT/1517057
09:56      UNIMECH      10.0       47244      high       0.0   https://kite.zerodha.com/markets/ext/chart/web/tvc/NSE/UNIMECH/7413761
09:57      BARBEQUE     38         99840      high       7.25  https://kite.zerodha.com/markets/ext/chart/web/tvc/NSE/BARBEQUE/800513
09:57      SEQUENT      45.0       602716     high       13.12 https://kite.zerodha.com/markets/ext/chart/web/tvc/NSE/SEQUENT/3659777
10:04      LIQUIDCASE   88.0       9109743    high       4.96  https://kite.zerodha.com/markets/ext/chart/web/tvc/NSE/LIQUIDCASE/5568001
10:05      GODREJPROP   5          718898     high       3.01  https://kite.zerodha.com/markets/ext/chart/web/tvc/NSE/GODREJPROP/4576001
10:08      TRITURBINE   18         791270     high       10.22 https://kite.zerodha.com/markets/ext/chart/web/tvc/NSE/TRITURBINE/6549505
10:10      NAVINFLUOR   1          110167     high       10.99 https://kite.zerodha.com/markets/ext/chart/web/tvc/NSE/NAVINFLUOR/3756033
10:12      WAAREEENER   3.0        3190171    high       3.75  https://kite.zerodha.com/markets/ext/chart/web/tvc/NSE/WAAREEENER/6632193

10:17      JKTYRE       18.0       597055     high       16.4  https://kite.zerodha.com/markets/ext/chart/web/tvc/NSE/JKTYRE/3695361       NA:PNQ
10:18      JIOFIN       37.0       12999155   high       2.32  https://kite.zerodha.com/markets/ext/chart/web/tvc/NSE/JIOFIN/4644609       NA:PNQ
10:19      WELCORP      12.0       490968     high       12.71 https://kite.zerodha.com/markets/ext/chart/web/tvc/NSE/WELCORP/3026177      loss
10:22      RATNAVEER    63.0       341304     high       12.13 https://kite.zerodha.com/markets/ext/chart/web/tvc/NSE/RATNAVEER/4716289    NA:PNQ
10:23      MAYURUNIQ    17.0       48950      high       12.11 https://kite.zerodha.com/markets/ext/chart/web/tvc/NSE/MAYURUNIQ/7399937    MISSED
10:25      GENUSPOWER   38         900678     low        24.46 https://kite.zerodha.com/markets/ext/chart/web/tvc/NSE/GENUSPOWER/3047681   NA:PNQ
10:27      IGIL         29.0       931043     high       1.0   https://kite.zerodha.com/markets/ext/chart/web/tvc/NSE/IGIL/7264769         NA:CTUC
10:30      NAVNETEDUL   62.0       541538     high       4.58  https://kite.zerodha.com/markets/ext/chart/web/tvc/NSE/NAVNETEDUL/610561    NA:LV
10:31      KOTAKBANK    23         3474018    high       6.65  https://kite.zerodha.com/markets/ext/chart/web/tvc/NSE/KOTAKBANK/492033     NA:PNQ
10:35      MOREALTY     121.0      332373     high       12.47 https://kite.zerodha.com/markets/ext/chart/web/tvc/NSE/MOREALTY/5935105     NA:PNQ
10:37      APARINDS     1          111217     high       0.89  https://kite.zerodha.com/markets/ext/chart/web/tvc/NSE/APARINDS/2941697     NA:CTUC
10:37      SPARC        69.0       231286     high       11.78 https://kite.zerodha.com/markets/ext/chart/web/tvc/NSE/SPARC/3785729        NA:PNQ
10:40      SELAN        17.0       41715      high       3.52  https://kite.zerodha.com/markets/ext/chart/web/tvc/NSE/SELAN/3481089        NA:PNQ
10:42      WHIRLPOOL    12         172322     high       17.76 https://kite.zerodha.com/markets/ext/chart/web/tvc/NSE/WHIRLPOOL/4610817    NA:LV
10:45      SBCL         20.0       119307     high       3.38  https://kite.zerodha.com/markets/ext/chart/web/tvc/NSE/SBCL/1191937         NA:CTUC
10:50      ISGEC        12         28744      high       13.48 https://kite.zerodha.com/markets/ext/chart/web/tvc/NSE/ISGEC/852225         NA:PNQ
10:53      ANUP         4          28633      high       4.76  https://kite.zerodha.com/markets/ext/chart/web/tvc/NSE/ANUP/2307585         MISSED
10:54      SERVOTECH    125.0      615125     high       11.8  https://kite.zerodha.com/markets/ext/chart/web/tvc/NSE/SERVOTECH/1409793    NA:PNQ
10:54      WANBURY      42.0       85966      high       10.24 https://kite.zerodha.com/markets/ext/chart/web/tvc/NSE/WANBURY/3600129      NA:PNQ
11:32      ANURAS       7.0        215794     high       17.79 https://kite.zerodha.com/markets/ext/chart/web/tvc/NSE/ANURAS/724225        NA:PNQ
11:32      RAIN         61.0       2111840    high       16.05 https://kite.zerodha.com/markets/ext/chart/web/tvc/NSE/RAIN/3926273         NA:PNQ
11:44      THYROCARE    25.0       180014     low        21.68 https://kite.zerodha.com/markets/ext/chart/web/tvc/NSE/THYROCARE/4360193    NA:PNQ
11:55      ARISINFRA    92.0       638251     high       13.61 https://kite.zerodha.com/markets/ext/chart/web/tvc/NSE/ARISINFRA/193949185  NA:PNQ
12:03      TATSILV      416.0      6959738    high       18.42 https://kite.zerodha.com/markets/ext/chart/web/tvc/NSE/TATSILV/5485569      NA:PNQ
12:12      UTINIFTETF   34.0       84450      high       15.1  https://kite.zerodha.com/markets/ext/chart/web/tvc/NSE/UTINIFTETF/2690817   NA:PNQ
12:14      AVANTIFEED   10.0       941541     high       0.35  https://kite.zerodha.com/markets/ext/chart/web/tvc/NSE/AVANTIFEED/2031617   NA:CTUC
12:18      PITTIENG     11.0       76642      high       3.72  https://kite.zerodha.com/markets/ext/chart/web/tvc/NSE/PITTIENG/3618305     NA:LV
12:27      JINDALSAW    52.0       1358289    high       12.8  https://kite.zerodha.com/markets/ext/chart/web/tvc/NSE/JINDALSAW/774145     NA:PNQ
12:33      TATAINVEST   15.0       95596      high       14.72 https://kite.zerodha.com/markets/ext/chart/web/tvc/NSE/TATAINVEST/414977    NA:PNQ
12:33      SIYSIL       17.0       74727      high       5.64  https://kite.zerodha.com/markets/ext/chart/web/tvc/NSE/SIYSIL/3608577       NA:PNQ
12:36      ELECON       22         442442     high       9.55  https://kite.zerodha.com/markets/ext/chart/web/tvc/NSE/ELECON/3492609       NA:PNQ
12:50      APEX         28.0       401728     high       1.0   https://kite.zerodha.com/markets/ext/chart/web/tvc/NSE/APEX/5535489         NA:PNQ
13:12      ZYDUSWELL    23.0       584571     low        25.32 https://kite.zerodha.com/markets/ext/chart/web/tvc/NSE/ZYDUSWELL/4514561    NA:PNQ
13:20      CAPACITE     41.0       378446     high       5.65  https://kite.zerodha.com/markets/ext/chart/web/tvc/NSE/CAPACITE/5567745     NA:PNQ
13:24      AETHER       9.0        95906      high       15.86 https://kite.zerodha.com/markets/ext/chart/web/tvc/NSE/AETHER/2511361       NA:PNQ
13:49      SANDUMA      43.0       207220     high       14.87 https://kite.zerodha.com/markets/ext/chart/web/tvc/NSE/SANDUMA/4699905      NA:PNQ
