Time       Symbol       Quantity   VolCutoff  Turnover     %UC                              Link 
09:18      IREDA        70.0       5521516    93127.0    6.42  https://kite.zerodha.com/markets/ext/chart/web/tvc/NSE/IREDA/5186817          NA:PNQ
09:22      MAITHANALL   9.0        35360      10600.0    12.87 https://kite.zerodha.com/markets/ext/chart/web/tvc/NSE/MAITHANALL/6281729     NA:PNQ
09:28      HINDZINC     16.0       2482111    41594.0    7.68  https://kite.zerodha.com/markets/ext/chart/web/tvc/NSE/HINDZINC/364545        NA:PNQ
09:33      PREMIERENE   13.0       985256     93839.0    6.22  https://kite.zerodha.com/markets/ext/chart/web/tvc/NSE/PREMIERENE/6412545     NA:PNQ
09:37      DREDGECORP   10.0       30442      5056.0     18.95 https://kite.zerodha.com/markets/ext/chart/web/tvc/NSE/DREDGECORP/2885377     NA:PNQ
09:38      NDTV         109.0      78365      1597.0     16.87 https://kite.zerodha.com/markets/ext/chart/web/tvc/NSE/NDTV/2925313           NA:PNQ 
09:38      MANAPPURAM   33.0       3883529    17447.0    6.7   https://kite.zerodha.com/markets/ext/chart/web/tvc/NSE/MANAPPURAM/4879617     NA:PNQ
09:43      MTARTECH     3.0        226400     82274.0    18.94 https://kite.zerodha.com/markets/ext/chart/web/tvc/NSE/MTARTECH/693505        NA:PNQ

09:46      BESTAGRO     22.0       114987     2985.0     18.38 https://kite.zerodha.com/markets/ext/chart/web/tvc/NSE/BESTAGRO/590337
09:46      DMART        2.0        593121     62703.0    7.13  https://kite.zerodha.com/markets/ext/chart/web/tvc/NSE/DMART/5097729
09:48      GOLDBEES     86.0       16887903   19603.0    16.18 https://kite.zerodha.com/markets/ext/chart/web/tvc/NSE/GOLDBEES/3693569
09:50      KAYNES       2.0        570385     70315.0    10.24 https://kite.zerodha.com/markets/ext/chart/web/tvc/NSE/KAYNES/3095553
09:51      INTERARCH    4.0        28159      1773.0     18.72 https://kite.zerodha.com/markets/ext/chart/web/tvc/NSE/INTERARCH/6376705
09:51      SHAKTIPUMP   13.0       615247     97567.0    13.32 https://kite.zerodha.com/markets/ext/chart/web/tvc/NSE/SHAKTIPUMP/6546945
09:54      NEOGEN       8.0        43242      1638.0     17.28 https://kite.zerodha.com/markets/ext/chart/web/tvc/NSE/NEOGEN/2538753
09:57      MANAKALUCO   238        230546     2507.0     9.45  https://kite.zerodha.com/markets/ext/chart/web/tvc/NSE/MANAKALUCO/1899521
10:01      MCX          4          476918     6344.0     8.75  https://kite.zerodha.com/markets/ext/chart/web/tvc/NSE/MCX/7982337
10:02      JTLIND       178.0      2488905    9863.0     9.81  https://kite.zerodha.com/markets/ext/chart/web/tvc/NSE/JTLIND/1865473
10:02      HINDCOPPER   18.0       5504832    101310.0   17.39 https://kite.zerodha.com/markets/ext/chart/web/tvc/NSE/HINDCOPPER/4592385
10:02      GODAVARIB    35.0       59277      3031.0     18.33 https://kite.zerodha.com/markets/ext/chart/web/tvc/NSE/GODAVARIB/6640897
10:04      IFCI         192.0      5261213    21215.0    13.34 https://kite.zerodha.com/markets/ext/chart/web/tvc/NSE/IFCI/381697
10:04      NETWEB       2.0        500000     9999.0     17.23 https://kite.zerodha.com/markets/ext/chart/web/tvc/NSE/NETWEB/4462849
10:04      LGBBROSLTD   5.0        27126      2055.0     18.83 https://kite.zerodha.com/markets/ext/chart/web/tvc/NSE/LGBBROSLTD/4690177
10:05      TMB          17.0       67067      1491.0     18.95 https://kite.zerodha.com/markets/ext/chart/web/tvc/NSE/TMB/2801921
10:06      CUPID        22         4993749    95047.0    17.1  https://kite.zerodha.com/markets/ext/chart/web/tvc/NSE/CUPID/4741121
10:09      AETHER       9.0        95906      1554.0     18.55 https://kite.zerodha.com/markets/ext/chart/web/tvc/NSE/AETHER/2511361

10:19      SHANKARA     84.0       182135     2008.0     10.8  https://kite.zerodha.com/markets/ext/chart/web/tvc/NSE/SHANKARA/5202177     NA:PNQ
10:24      RELTD        64.0       135700     3477.0     10.47 https://kite.zerodha.com/markets/ext/chart/web/tvc/NSE/RELTD/6296577        NA:PNQ
10:28      MAHABANK     156.0      6507294    34113.0    17.18 https://kite.zerodha.com/markets/ext/chart/web/tvc/NSE/MAHABANK/2912513     NA:PNQ
11:12      RMDRIP       108.0      42901      7881.0     18.99 https://kite.zerodha.com/markets/ext/chart/web/tvc/NSE/RMDRIP/194005505     NA:LV
12:02      PIIND        3.0        190670     6322.0     10.01 https://kite.zerodha.com/markets/ext/chart/web/tvc/NSE/PIIND/6191105        NA:PNQ
12:20      CENTUM       4          38087      9093.0     12.2  https://kite.zerodha.com/markets/ext/chart/web/tvc/NSE/CENTUM/3835393       NA:PNQ
12:27      SEPC         1111.0     7265976    3403.0     17.55 https://kite.zerodha.com/markets/ext/chart/web/tvc/NSE/SEPC/3918849         NA:LV
12:27      SANDUMA      43.0       207220     5506.0     18.76 https://kite.zerodha.com/markets/ext/chart/web/tvc/NSE/SANDUMA/4699905      NA:PNQ
12:32      ORIENTTECH   27.0       231857     8731.0     10.41 https://kite.zerodha.com/markets/ext/chart/web/tvc/NSE/ORIENTTECH/6390017   NA:PNQ
12:39      MOGSEC       158.0      36674      2513.0     5.11  https://kite.zerodha.com/markets/ext/chart/web/tvc/NSE/MOGSEC/385793        NA:LV
12:43      AAATECH      100.0      22876      1011.0     5.09  https://kite.zerodha.com/markets/ext/chart/web/tvc/NSE/AAATECH/3208449      NA:LV
13:12      THANGAMAYL   2.0        40873      17636.0    8.37  https://kite.zerodha.com/markets/ext/chart/web/tvc/NSE/THANGAMAYL/4638209   NA:PNQ
13:19      METAL        909.0      1047927    3903.0     18.46 https://kite.zerodha.com/markets/ext/chart/web/tvc/NSE/METAL/6590465        NA:LV  
