Time       Symbol       Quantity   VolCutoff  High/Low     %UC                              Link 
09:17      HINDZINC     14.0       2482111    high       10.68 https://kite.zerodha.com/markets/ext/chart/web/tvc/NSE/HINDZINC/364545      NA:PNQ
09:18      MAFANG       58.0       257991     high       0.0   https://kite.zerodha.com/markets/ext/chart/web/tvc/NSE/MAFANG/897793        NA:CTUC
09:19      WEBELSOLAR   119.0      221476     high       17.09 https://kite.zerodha.com/markets/ext/chart/web/tvc/NSE/WEBELSOLAR/3738113   NA:PNQ
09:19      TEJASNET     28.0       978254     high       17.13 https://kite.zerodha.com/markets/ext/chart/web/tvc/NSE/TEJASNET/5409537     NA:PNQ
09:20      WALCHANNAG   55.0       115596     high       18.3  https://kite.zerodha.com/markets/ext/chart/web/tvc/NSE/WALCHANNAG/956417    NA:NE
09:20      SAGILITY     200.0      34422171   low        24.43 https://kite.zerodha.com/markets/ext/chart/web/tvc/NSE/SAGILITY/6925313     NA:PNQ
09:20      MCX          3          476918     high       7.1   https://kite.zerodha.com/markets/ext/chart/web/tvc/NSE/MCX/7982337          -----
09:22      SELAN        17         41715      high       11.36 https://kite.zerodha.com/markets/ext/chart/web/tvc/NSE/SELAN/3481089        NA:PNQ
09:22      SANDUMA      44.0       207220     high       17.86 https://kite.zerodha.com/markets/ext/chart/web/tvc/NSE/SANDUMA/4699905      NA:PNQ
09:23      HINDCOPPER   14.0       5504832    high       11.54 https://kite.zerodha.com/markets/ext/chart/web/tvc/NSE/HINDCOPPER/4592385   long:profit
09:24      INFOBEAN     11         201052     low        21.7  https://kite.zerodha.com/markets/ext/chart/web/tvc/NSE/INFOBEAN/2822913     NA:PNQ
09:24      OIL          19.0       1817949    high       6.01  https://kite.zerodha.com/markets/ext/chart/web/tvc/NSE/OIL/4464129          long:profit
09:24      DBREALTY     89.0       846337     high       9.9   https://kite.zerodha.com/markets/ext/chart/web/tvc/NSE/DBREALTY/4639745     NA:PNQ
09:25      SBICARD      12         957737     high       10.19 https://kite.zerodha.com/markets/ext/chart/web/tvc/NSE/SBICARD/4600577      NA:PNQ
09:27      MAHLOG       28.0       219296     high       18.32 https://kite.zerodha.com/markets/ext/chart/web/tvc/NSE/MAHLOG/98561         NA:PNQ
09:29      ACUTAAS      5          334716     high       14.96 https://kite.zerodha.com/markets/ext/chart/web/tvc/NSE/ACUTAAS/1427969      NA:PNQ
09:30      RNBDENIMS    64         77145      high       18.48 https://kite.zerodha.com/markets/ext/chart/web/tvc/NSE/RNBDENIMS/194299137  NA:LV
09:31      JINDRILL     20.0       113338     low        28.38 https://kite.zerodha.com/markets/ext/chart/web/tvc/NSE/JINDRILL/3552001     NA:PNQ
09:31      KITEX        55.0       1090373    low        27.37 https://kite.zerodha.com/markets/ext/chart/web/tvc/NSE/KITEX/7398145        NA:PNQ
09:32      HERITGFOOD   27.0       537690     low        31.71 https://kite.zerodha.com/markets/ext/chart/web/tvc/NSE/HERITGFOOD/1177089   NA:LV
09:35      FIVESTAR     21.0       1026452    low        30.36 https://kite.zerodha.com/markets/ext/chart/web/tvc/NSE/FIVESTAR/3080193     NA:PNQ           short:profit:MB
09:36      DATAPATTNS   3.0        284369     low        22.54 https://kite.zerodha.com/markets/ext/chart/web/tvc/NSE/DATAPATTNS/1883649   NA:PNQ
09:38      CSBBANK      23.0       562122     low        22.33 https://kite.zerodha.com/markets/ext/chart/web/tvc/NSE/CSBBANK/3831297      NA:PNQ
09:39      NATIONALUM   23.0       7394876    high       6.78  https://kite.zerodha.com/markets/ext/chart/web/tvc/NSE/NATIONALUM/1629185   long:profit
09:39      RATNAVEER    67.0       341304     high       13.38 https://kite.zerodha.com/markets/ext/chart/web/tvc/NSE/RATNAVEER/4716289    NA:PNQ
09:40      ASHAPURMIN   13.0       747250     high       9.05  https://kite.zerodha.com/markets/ext/chart/web/tvc/NSE/ASHAPURMIN/51969     NA:PNQ

09:41      ONGC         35.0       8012362    high       7.32  https://kite.zerodha.com/markets/ext/chart/web/tvc/NSE/ONGC/633601
09:42      VEDL         13.0       7832775    high       7.49  https://kite.zerodha.com/markets/ext/chart/web/tvc/NSE/VEDL/784129
09:42      BALAMINES    8.0        43980      low        22.44 https://kite.zerodha.com/markets/ext/chart/web/tvc/NSE/BALAMINES/3712257
09:43      MRPL         58.0       3507707    high       16.36 https://kite.zerodha.com/markets/ext/chart/web/tvc/NSE/MRPL/584449
09:44      HCC          500.0      3867847    low        21.68 https://kite.zerodha.com/markets/ext/chart/web/tvc/NSE/HCC/352001
09:47      THYROCARE    22.0       180014     low        25.35 https://kite.zerodha.com/markets/ext/chart/web/tvc/NSE/THYROCARE/4360193
09:48      QUESS        46.0       270423     high       14.2  https://kite.zerodha.com/markets/ext/chart/web/tvc/NSE/QUESS/4532225
09:49      MMTC         144.0      898992     high       17.91 https://kite.zerodha.com/markets/ext/chart/web/tvc/NSE/MMTC/4596993
09:56      AWHCL        18.0       67215      low        22.93 https://kite.zerodha.com/markets/ext/chart/web/tvc/NSE/AWHCL/460033
09:56      STLTECH      97.0       3188258    low        21.75 https://kite.zerodha.com/markets/ext/chart/web/tvc/NSE/STLTECH/2383105
09:57      TATAINVEST   16.0       95596      low        22.24 https://kite.zerodha.com/markets/ext/chart/web/tvc/NSE/TATAINVEST/414977
09:58      PPLPHARMA    62.0       4080457    high       7.42  https://kite.zerodha.com/markets/ext/chart/web/tvc/NSE/PPLPHARMA/2962177
09:58      ICICIGI      5.0        482420     high       10.75 https://kite.zerodha.com/markets/ext/chart/web/tvc/NSE/ICICIGI/5573121
09:59      KOTAKBANK    24.0       3474018    high       10.69 https://kite.zerodha.com/markets/ext/chart/web/tvc/NSE/KOTAKBANK/492033
10:03      GOLDBEES     67.0       16887903   high       7.31  https://kite.zerodha.com/markets/ext/chart/web/tvc/NSE/GOLDBEES/3693569
10:03      TARIL        42.0       1011859    low        23.32 https://kite.zerodha.com/markets/ext/chart/web/tvc/NSE/TARIL/3884545
10:08      LODHA        10         1709899    high       8.15  https://kite.zerodha.com/markets/ext/chart/web/tvc/NSE/LODHA/824321
10:11      STARHEALTH   21.0       1140734    high       15.88 https://kite.zerodha.com/markets/ext/chart/web/tvc/NSE/STARHEALTH/1813249
10:13      RPOWER       357.0      15282667   low        25.37 https://kite.zerodha.com/markets/ext/chart/web/tvc/NSE/RPOWER/3906305

10:27      PRECAM       64.0       1893215    high       5.93  https://kite.zerodha.com/markets/ext/chart/web/tvc/NSE/PRECAM/3226369       NA:PNQ
10:29      BALUFORGE    27.0       172317     high       8.14  https://kite.zerodha.com/markets/ext/chart/web/tvc/NSE/BALUFORGE/6043393    NA:PNQ
10:43      TMB          16.0       67067      high       16.83 https://kite.zerodha.com/markets/ext/chart/web/tvc/NSE/TMB/2801921          long:profit
10:47      MIDHANI      26         415436     high       17.8  https://kite.zerodha.com/markets/ext/chart/web/tvc/NSE/MIDHANI/630529       NA:PNQ
11:05      KARURVYSYA   32.0       1926256    high       17.05 https://kite.zerodha.com/markets/ext/chart/web/tvc/NSE/KARURVYSYA/470529    NA:PNQ
11:11      RAIN         64.0       2111840    high       12.26 https://kite.zerodha.com/markets/ext/chart/web/tvc/NSE/RAIN/3926273         long:profit:MB
11:23      DREDGECORP   9.0        30442      high       18.21 https://kite.zerodha.com/markets/ext/chart/web/tvc/NSE/DREDGECORP/2885377   NA:PNQ
11:23      AEROFLEX     54.0       1190414    high       8.95  https://kite.zerodha.com/markets/ext/chart/web/tvc/NSE/AEROFLEX/4676609     NA:PNQ
11:34      ABB          1.0        326136     high       3.37  https://kite.zerodha.com/markets/ext/chart/web/tvc/NSE/ABB/3329             NA:PNQ
11:45      KAMDHENU     434.0      902970     high       11.75 https://kite.zerodha.com/markets/ext/chart/web/tvc/NSE/KAMDHENU/3444993     NA:PNQ
11:57      RAMCOSYS     21         43883      high       9.94  https://kite.zerodha.com/markets/ext/chart/web/tvc/NSE/RAMCOSYS/2009857     NA:PNQ
12:38      AGIIL        38.0       104124     high       17.43 https://kite.zerodha.com/markets/ext/chart/web/tvc/NSE/AGIIL/6257921        NA:LV
12:46      GVT&D        3.0        493562     high       11.2  https://kite.zerodha.com/markets/ext/chart/web/tvc/NSE/GVT&D/4296449        NA:SS
12:58      INTENTECH    85.0       87338      high       8.54  https://kite.zerodha.com/markets/ext/chart/web/tvc/NSE/INTENTECH/5138177    NA:LV
13:08      KMEW         5.0        84735      high       9.56  https://kite.zerodha.com/markets/ext/chart/web/tvc/NSE/KMEW/6933505         NA:LV
13:35      WHEELS       12.0       28483      high       12.23 https://kite.zerodha.com/markets/ext/chart/web/tvc/NSE/WHEELS/964097        NA:LV
13:37      EQUITASBNK   140.0      3197649    high       17.25 https://kite.zerodha.com/markets/ext/chart/web/tvc/NSE/EQUITASBNK/233729    NA:LV
13:47      STYRENIX     5.0        28292      high       17.15 https://kite.zerodha.com/markets/ext/chart/web/tvc/NSE/STYRENIX/4865        NA:LV
13:50      GILLETTE     1.0        26038      high       15.56 https://kite.zerodha.com/markets/ext/chart/web/tvc/NSE/GILLETTE/403457      NA:LV
13:52      BLISSGVS     53.0       1145260    high       8.97  https://kite.zerodha.com/markets/ext/chart/web/tvc/NSE/BLISSGVS/4931841     NA:PNQ
13:59      WANBURY      45.0       85966      high       3.38  https://kite.zerodha.com/markets/ext/chart/web/tvc/NSE/WANBURY/3600129      NA:PNQ

