Time       Symbol       Quantity   VolCutoff  High/Low     %UC                              Link 
09:16      DREDGECORP   10.0       30442      low        23.22 https://kite.zerodha.com/markets/ext/chart/web/tvc/NSE/DREDGECORP/2885377       NA:PNQ
09:16      ADANIPORTS   6.0        1795538    high       9.95  https://kite.zerodha.com/markets/ext/chart/web/tvc/NSE/ADANIPORTS/3861249       NA:PNQ
09:17      KAYNES       2.0        570385     high       14.73 https://kite.zerodha.com/markets/ext/chart/web/tvc/NSE/KAYNES/3095553           NA:PNQ
09:18      UTKARSHBNK   714.0      1434809    high       17.44 https://kite.zerodha.com/markets/ext/chart/web/tvc/NSE/UTKARSHBNK/4443649       NA:PNQ
09:19      NYKAA        36.0       6066159    high       5.21  https://kite.zerodha.com/markets/ext/chart/web/tvc/NSE/NYKAA/1675521            long:loss(SAD)
09:20      WEBELSOLAR   151.0      221476     low        22.94 https://kite.zerodha.com/markets/ext/chart/web/tvc/NSE/WEBELSOLAR/3738113       NA:PNQ             short:profit
09:21      WESTLIFE     18         132996     low        21.63 https://kite.zerodha.com/markets/ext/chart/web/tvc/NSE/WESTLIFE/2964481         NA:PNQ
09:23      LICI         11.0       958189     high       5.15  https://kite.zerodha.com/markets/ext/chart/web/tvc/NSE/LICI/2426881             NA:MISSED
09:26      SELAN        16.0       41715      high       9.37  https://kite.zerodha.com/markets/ext/chart/web/tvc/NSE/SELAN/3481089            NA:PNQ
09:26      TALBROAUTO   34         158044     high       15.8  https://kite.zerodha.com/markets/ext/chart/web/tvc/NSE/TALBROAUTO/3493889       NA:PNQ
09:27      KOTAKBANK    24.0       3474018    high       8.95  https://kite.zerodha.com/markets/ext/chart/web/tvc/NSE/KOTAKBANK/492033         NA:PNQ
09:28      POLICYBZR    6          1091821    high       12.52 https://kite.zerodha.com/markets/ext/chart/web/tvc/NSE/POLICYBZR/1703937        NA:PNQ
09:29      KIRLOSBROS   6.0        137367     high       12.78 https://kite.zerodha.com/markets/ext/chart/web/tvc/NSE/KIRLOSBROS/4756737       NA:PNQ
09:30      MRPL         52.0       3507707    high       16.6  https://kite.zerodha.com/markets/ext/chart/web/tvc/NSE/MRPL/584449              NA:PNQ
09:32      POWERINDIA   0          159352     high       1.66  https://kite.zerodha.com/markets/ext/chart/web/tvc/NSE/POWERINDIA/4724993       NA:CTUC
09:38      UDS          67.0       256785     low        32.45 https://kite.zerodha.com/markets/ext/chart/web/tvc/NSE/UDS/4892929              NA:PNQ
09:39      HINDCOPPER   16         5504832    low        23.73 https://kite.zerodha.com/markets/ext/chart/web/tvc/NSE/HINDCOPPER/4592385       NA:PNQ
09:40      AVALON       8.0        370788     high       9.64  https://kite.zerodha.com/markets/ext/chart/web/tvc/NSE/AVALON/3854849           NA:NE
09:40      CARERATING   5          57918      high       14.53 https://kite.zerodha.com/markets/ext/chart/web/tvc/NSE/CARERATING/7452929       NA:PNQ

09:43      HINDZINC     16.0       2482111    high       12.07 https://kite.zerodha.com/markets/ext/chart/web/tvc/NSE/HINDZINC/364545
09:45      IFCI         169.0      5261213    low        21.62 https://kite.zerodha.com/markets/ext/chart/web/tvc/NSE/IFCI/381697
09:45      ASHAPURMIN   16.0       747250     low        33.41 https://kite.zerodha.com/markets/ext/chart/web/tvc/NSE/ASHAPURMIN/51969
09:45      HDBFS        13         1544388    high       18.21 https://kite.zerodha.com/markets/ext/chart/web/tvc/NSE/HDBFS/193989633
09:47      CANTABIL     31.0       121741     high       15.7  https://kite.zerodha.com/markets/ext/chart/web/tvc/NSE/CANTABIL/5160961
09:50      POKARNA      9.0        125982     high       12.92 https://kite.zerodha.com/markets/ext/chart/web/tvc/NSE/POKARNA/4518657
09:51      DEVYANI      78.0       3258174    low        25.64 https://kite.zerodha.com/markets/ext/chart/web/tvc/NSE/DEVYANI/1375489
09:54      TMB          15.0       67067      low        22.46 https://kite.zerodha.com/markets/ext/chart/web/tvc/NSE/TMB/2801921
09:59      MCX          4          476918     high       12.49 https://kite.zerodha.com/markets/ext/chart/web/tvc/NSE/MCX/7982337
09:59      SCHNEIDER    12         114722     high       14.43 https://kite.zerodha.com/markets/ext/chart/web/tvc/NSE/SCHNEIDER/7995905
10:01      AAVAS        7          205087     low        25.41 https://kite.zerodha.com/markets/ext/chart/web/tvc/NSE/AAVAS/1378561
10:03      WHIRLPOOL    11         172322     high       18.48 https://kite.zerodha.com/markets/ext/chart/web/tvc/NSE/WHIRLPOOL/4610817
10:04      CONCORDBIO   7.0        116673     high       13.0  https://kite.zerodha.com/markets/ext/chart/web/tvc/NSE/CONCORDBIO/4623361
10:07      ARISINFRA    116.0      638251     low        26.54 https://kite.zerodha.com/markets/ext/chart/web/tvc/NSE/ARISINFRA/193949185

10:20      WABAG        8          287539     high       15.52 https://kite.zerodha.com/markets/ext/chart/web/tvc/NSE/WABAG/5168129           NA:PNQ
10:38      NAZARA       36.0       1629675    low        21.75 https://kite.zerodha.com/markets/ext/chart/web/tvc/NSE/NAZARA/764673           NA:SS
10:42      EIHOTEL      27.0       754126     high       14.18 https://kite.zerodha.com/markets/ext/chart/web/tvc/NSE/EIHOTEL/235265          NA:PNQ
10:42      DATAPATTNS   3          284369     high       13.2  https://kite.zerodha.com/markets/ext/chart/web/tvc/NSE/DATAPATTNS/1883649      NA:PNQ
11:01      PFOCUS       36.0       2673454    high       16.76 https://kite.zerodha.com/markets/ext/chart/web/tvc/NSE/PFOCUS/3454977          NA:PNQ
11:14      ITC          30.0       12631184   high       6.61  https://kite.zerodha.com/markets/ext/chart/web/tvc/NSE/ITC/424961              NA:PNQ
11:21      RATNAVEER    65.0       341304     low        22.6  https://kite.zerodha.com/markets/ext/chart/web/tvc/NSE/RATNAVEER/4716289       NA:PNQ
11:46      VSTIND       41.0       217081     high       14.18 https://kite.zerodha.com/markets/ext/chart/web/tvc/NSE/VSTIND/953345           NA:PNQ
11:47      CEIGALL      33.0       304618     high       8.48  https://kite.zerodha.com/markets/ext/chart/web/tvc/NSE/CEIGALL/6333953         NA:PNQ
11:50      RNBDENIMS    58.0       77145      high       18.49 https://kite.zerodha.com/markets/ext/chart/web/tvc/NSE/RNBDENIMS/194299137     NA:LV
11:53      ABREL        7.0        123182     high       16.71 https://kite.zerodha.com/markets/ext/chart/web/tvc/NSE/ABREL/160001            NA:PNQ
11:59      SENCO        30.0       796110     high       15.55 https://kite.zerodha.com/markets/ext/chart/web/tvc/NSE/SENCO/4421377           NA:PNQ
12:02      APOLLOPIPE   35.0       64020      high       13.1  https://kite.zerodha.com/markets/ext/chart/web/tvc/NSE/APOLLOPIPE/3676417      NA:Interesting
12:30      SGFIN        27.0       70033      high       15.76 https://kite.zerodha.com/markets/ext/chart/web/tvc/NSE/SGFIN/194266369         NA:Interesting
12:35      TARSONS      47         58372      high       17.9  https://kite.zerodha.com/markets/ext/chart/web/tvc/NSE/TARSONS/1777409         NA:PNQ
12:35      SIGNATURE    11.0       290236     low        25.52 https://kite.zerodha.com/markets/ext/chart/web/tvc/NSE/SIGNATURE/4798209       NA:PNQ
13:00      THANGAMAYL   2.0        40873      high       2.11  https://kite.zerodha.com/markets/ext/chart/web/tvc/NSE/THANGAMAYL/4638209      NA:PNQ
13:17      GODAVARIB    35         59277      high       10.71 https://kite.zerodha.com/markets/ext/chart/web/tvc/NSE/GODAVARIB/6640897       NA:PNQ
13:49      FISCHER      227.0      555545     high       0.02  https://kite.zerodha.com/markets/ext/chart/web/tvc/NSE/FISCHER/193960449       NA:PNQ
