Time       Symbol       Quantity   VolCutoff  High/Low     %UC                              Link 
09:16      RATNAVEER    61.0       341304     high       15.33 https://kite.zerodha.com/markets/ext/chart/web/tvc/NSE/RATNAVEER/4716289
09:16      RNBDENIMS    52.0       77145      high       18.47 https://kite.zerodha.com/markets/ext/chart/web/tvc/NSE/RNBDENIMS/194299137
09:17      BLKASHYAP    185.0      690215     high       11.32 https://kite.zerodha.com/markets/ext/chart/web/tvc/NSE/BLKASHYAP/3402241
09:17      SELAN        15.0       41715      high       4.58  https://kite.zerodha.com/markets/ext/chart/web/tvc/NSE/SELAN/3481089
09:17      TATSILV      434.0      6959738    high       14.81 https://kite.zerodha.com/markets/ext/chart/web/tvc/NSE/TATSILV/5485569
09:18      GODFRYPHLP   3.0        722132     high       14.02 https://kite.zerodha.com/markets/ext/chart/web/tvc/NSE/GODFRYPHLP/302337
09:19      TIL          37         20302      high       3.82  https://kite.zerodha.com/markets/ext/chart/web/tvc/NSE/TIL/891905
09:19      E2E          3          94810      high       15.99 https://kite.zerodha.com/markets/ext/chart/web/tvc/NSE/E2E/2287873
09:19      NETWEB       2.0        500000     high       15.03 https://kite.zerodha.com/markets/ext/chart/web/tvc/NSE/NETWEB/4462849
09:20      TATAINVEST   14.0       95596      high       15.45 https://kite.zerodha.com/markets/ext/chart/web/tvc/NSE/TATAINVEST/414977
09:20      TARIL        32.0       1011859    high       17.27 https://kite.zerodha.com/markets/ext/chart/web/tvc/NSE/TARIL/3884545
09:20      MCX          4.0        476918     high       6.69  https://kite.zerodha.com/markets/ext/chart/web/tvc/NSE/MCX/7982337
09:22      MUFIN        81.0       317794     high       16.78 https://kite.zerodha.com/markets/ext/chart/web/tvc/NSE/MUFIN/5064449
09:24      RATNAMANI    4.0        21058      low        24.26 https://kite.zerodha.com/markets/ext/chart/web/tvc/NSE/RATNAMANI/3443457
09:25      IFCI         156.0      5261213    high       17.67 https://kite.zerodha.com/markets/ext/chart/web/tvc/NSE/IFCI/381697
09:26      NEWGEN       18.0       1666292    high       18.07 https://kite.zerodha.com/markets/ext/chart/web/tvc/NSE/NEWGEN/297985
09:27      RACLGEAR     6.0        31523      high       6.58  https://kite.zerodha.com/markets/ext/chart/web/tvc/NSE/RACLGEAR/6955777
09:32      AXISCADES    6          110277     high       0.45  https://kite.zerodha.com/markets/ext/chart/web/tvc/NSE/AXISCADES/2415617
09:33      BHARATWIRE   51.0       184079     high       16.98 https://kite.zerodha.com/markets/ext/chart/web/tvc/NSE/BHARATWIRE/4127489
09:36      PRECWIRE     33.0       149019     high       18.01 https://kite.zerodha.com/markets/ext/chart/web/tvc/NSE/PRECWIRE/695553
09:37      REFEX        38.0       306395     high       13.56 https://kite.zerodha.com/markets/ext/chart/web/tvc/NSE/REFEX/4547585
09:38      NATCOPHARM   10.0       614993     high       15.39 https://kite.zerodha.com/markets/ext/chart/web/tvc/NSE/NATCOPHARM/1003009
09:38      MANINDS      22.0       467342     high       14.46 https://kite.zerodha.com/markets/ext/chart/web/tvc/NSE/MANINDS/3042305
09:38      UNIECOM      86.0       528130     low        22.17 https://kite.zerodha.com/markets/ext/chart/web/tvc/NSE/UNIECOM/6351105
09:39      OIL          21.0       1817949    high       7.19  https://kite.zerodha.com/markets/ext/chart/web/tvc/NSE/OIL/4464129
09:42      MRPL         50.0       3507707    high       15.61 https://kite.zerodha.com/markets/ext/chart/web/tvc/NSE/MRPL/584449
09:43      APEX         22.0       401728     high       8.61  https://kite.zerodha.com/markets/ext/chart/web/tvc/NSE/APEX/5535489
09:44      AURIONPRO    9.0        147175     high       17.18 https://kite.zerodha.com/markets/ext/chart/web/tvc/NSE/AURIONPRO/3077633
09:45      AEROFLEX     44.0       1190414    low        21.99 https://kite.zerodha.com/markets/ext/chart/web/tvc/NSE/AEROFLEX/4676609
09:50      INTELLECT    13.0       462947     high       13.64 https://kite.zerodha.com/markets/ext/chart/web/tvc/NSE/INTELLECT/1517057
09:52      ORIENTTECH   30         231857     high       16.63 https://kite.zerodha.com/markets/ext/chart/web/tvc/NSE/ORIENTTECH/6390017
09:57      BHARATSE     49         180431     high       15.8  https://kite.zerodha.com/markets/ext/chart/web/tvc/NSE/BHARATSE/7742465
10:00      TMB          14.0       67067      high       18.48 https://kite.zerodha.com/markets/ext/chart/web/tvc/NSE/TMB/2801921
10:01      CIEINDIA     20.0       134373     high       16.04 https://kite.zerodha.com/markets/ext/chart/web/tvc/NSE/CIEINDIA/3823873
10:05      FISCHER      243.0      555545     high       4.11  https://kite.zerodha.com/markets/ext/chart/web/tvc/NSE/FISCHER/193960449
10:06      HSCL         20.0       996126     high       14.9  https://kite.zerodha.com/markets/ext/chart/web/tvc/NSE/HSCL/3669505
10:07      JINDALSAW    55.0       1358289    low        24.75 https://kite.zerodha.com/markets/ext/chart/web/tvc/NSE/JINDALSAW/774145
10:09      NITINSPIN    27.0       74495      high       13.69 https://kite.zerodha.com/markets/ext/chart/web/tvc/NSE/NITINSPIN/3372801
10:13      IRCTC        15.0       683010     high       8.49  https://kite.zerodha.com/markets/ext/chart/web/tvc/NSE/IRCTC/3484417
10:27      SCHNEIDER    10         114722     low        22.44 https://kite.zerodha.com/markets/ext/chart/web/tvc/NSE/SCHNEIDER/7995905
10:47      DATAMATICS   11.0       761670     high       6.59  https://kite.zerodha.com/markets/ext/chart/web/tvc/NSE/DATAMATICS/2924289
10:48      LLOYDSME     8.0        289585     low        23.63 https://kite.zerodha.com/markets/ext/chart/web/tvc/NSE/LLOYDSME/4432129
10:50      GVPIL        20.0       602577     high       13.41 https://kite.zerodha.com/markets/ext/chart/web/tvc/NSE/GVPIL/2012673
11:07      SANDUMA      48.0       207220     low        22.54 https://kite.zerodha.com/markets/ext/chart/web/tvc/NSE/SANDUMA/4699905
11:08      GODREJIND    9.0        150535     high       13.27 https://kite.zerodha.com/markets/ext/chart/web/tvc/NSE/GODREJIND/2796801
11:08      UTKARSHBNK   714.0      1434809    high       16.75 https://kite.zerodha.com/markets/ext/chart/web/tvc/NSE/UTKARSHBNK/4443649
11:22      GHCLTEXTIL   119.0      96783      high       11.34 https://kite.zerodha.com/markets/ext/chart/web/tvc/NSE/GHCLTEXTIL/4274177
11:23      EASEMYTRIP   1111.0     17857900   low        24.46 https://kite.zerodha.com/markets/ext/chart/web/tvc/NSE/EASEMYTRIP/714753
11:26      MAPMYINDIA   8.0        54982      low        23.63 https://kite.zerodha.com/markets/ext/chart/web/tvc/NSE/MAPMYINDIA/1850113
11:26      MMFL         20.0       56560      high       14.87 https://kite.zerodha.com/markets/ext/chart/web/tvc/NSE/MMFL/3544065
11:38      INDOTECH     6.0        21646      high       8.44  https://kite.zerodha.com/markets/ext/chart/web/tvc/NSE/INDOTECH/3398401
12:16      ENGINERSIN   45.0       2683368    high       18.24 https://kite.zerodha.com/markets/ext/chart/web/tvc/NSE/ENGINERSIN/1256193
12:17      UGROCAP      80.0       308467     low        25.9  https://kite.zerodha.com/markets/ext/chart/web/tvc/NSE/UGROCAP/1360129
12:27      JASH         25         145939     low        21.65 https://kite.zerodha.com/markets/ext/chart/web/tvc/NSE/JASH/3579393
12:29      SMCGLOBAL    125.0      76429      low        22.14 https://kite.zerodha.com/markets/ext/chart/web/tvc/NSE/SMCGLOBAL/593921
12:29      RKFORGE      17.0       471273     high       14.24 https://kite.zerodha.com/markets/ext/chart/web/tvc/NSE/RKFORGE/2921217
12:41      GOLDBEES     77.0       16887903   high       17.59 https://kite.zerodha.com/markets/ext/chart/web/tvc/NSE/GOLDBEES/3693569
12:53      INDOSTAR     40.0       150492     high       16.61 https://kite.zerodha.com/markets/ext/chart/web/tvc/NSE/INDOSTAR/790529
13:09      HEXT         17.0       794964     low        21.76 https://kite.zerodha.com/markets/ext/chart/web/tvc/NSE/HEXT/7594497
13:12      BALAJITELE   107.0      113139     high       16.56 https://kite.zerodha.com/markets/ext/chart/web/tvc/NSE/BALAJITELE/2344449
13:14      SATIN        64         168262     low        21.92 https://kite.zerodha.com/markets/ext/chart/web/tvc/NSE/SATIN/2675969
13:24      PNCINFRA     45.0       453489     high       17.54 https://kite.zerodha.com/markets/ext/chart/web/tvc/NSE/PNCINFRA/2402561
13:52      RELIGARE     45.0       1784398    low        24.51 https://kite.zerodha.com/markets/ext/chart/web/tvc/NSE/RELIGARE/3857409
13:56      ITETFADD     294.0      61025      low        22.0  https://kite.zerodha.com/markets/ext/chart/web/tvc/NSE/ITETFADD/4404993
14:01      HDFCNIFIT    294.0      77668      low        22.11 https://kite.zerodha.com/markets/ext/chart/web/tvc/NSE/HDFCNIFIT/3097857
