Time       Symbol       Quantity   VolCutoff  High/Low     %UC                              Link 
09:16      WALCHANNAG   52.0       115596     high       15.83 https://kite.zerodha.com/markets/ext/chart/web/tvc/NSE/WALCHANNAG/956417    NA:PNQ
09:38      CANFINHOME   10.0       199577     high       14.69 https://kite.zerodha.com/markets/ext/chart/web/tvc/NSE/CANFINHOME/149249    NA:PNQ
09:38      MTARTECH     3.0        226400     high       16.47 https://kite.zerodha.com/markets/ext/chart/web/tvc/NSE/MTARTECH/693505      NA:PNQ
09:38      LATENTVIEW   22.0       412770     high       12.78 https://kite.zerodha.com/markets/ext/chart/web/tvc/NSE/LATENTVIEW/1745409   long:profit
09:38      E2E          3.0        94810      high       0.25  https://kite.zerodha.com/markets/ext/chart/web/tvc/NSE/E2E/2287873          NA:CTUC
09:38      NETWEB       2.0        500000     high       15.09 https://kite.zerodha.com/markets/ext/chart/web/tvc/NSE/NETWEB/4462849       NA:PNQ
09:39      DREDGECORP   9.0        30442      high       17.92 https://kite.zerodha.com/markets/ext/chart/web/tvc/NSE/DREDGECORP/2885377   NA:PNQ
09:39      MODEFENCE    116.0      2161566    low        26.31 https://kite.zerodha.com/markets/ext/chart/web/tvc/NSE/MODEFENCE/6385665    NA:PNQ
09:40      WEBELSOLAR   135.0      221476     low        21.81 https://kite.zerodha.com/markets/ext/chart/web/tvc/NSE/WEBELSOLAR/3738113   NA:PNQ
09:42      TATSILV      454.0      6959738    low        85.52 https://kite.zerodha.com/markets/ext/chart/web/tvc/NSE/TATSILV/5485569      NA:PNQ
09:43      ADANIGREEN   11.0       1527657    high       5.78  https://kite.zerodha.com/markets/ext/chart/web/tvc/NSE/ADANIGREEN/912129    NA:PNQ

09:49      BARBEQUE     40.0       99840      high       6.31  https://kite.zerodha.com/markets/ext/chart/web/tvc/NSE/BARBEQUE/800513
09:52      NATIONALUM   27.0       7394876    high       6.43  https://kite.zerodha.com/markets/ext/chart/web/tvc/NSE/NATIONALUM/1629185
09:53      HINDZINC     16.0       2482111    high       7.11  https://kite.zerodha.com/markets/ext/chart/web/tvc/NSE/HINDZINC/364545
09:53      HDFCNIFTY    35.0       54314      low        21.7  https://kite.zerodha.com/markets/ext/chart/web/tvc/NSE/HDFCNIFTY/2967297
09:55      BANKINDIA    65.0       5771713    high       9.07  https://kite.zerodha.com/markets/ext/chart/web/tvc/NSE/BANKINDIA/1214721
09:55      ORIENTTECH   28.0       231857     high       9.79  https://kite.zerodha.com/markets/ext/chart/web/tvc/NSE/ORIENTTECH/6390017
09:56      DIXON        0          274316     high       6.7   https://kite.zerodha.com/markets/ext/chart/web/tvc/NSE/DIXON/5552641
09:57      SANDUMA      45.0       207220     high       18.46 https://kite.zerodha.com/markets/ext/chart/web/tvc/NSE/SANDUMA/4699905
09:58      IFCI         178.0      5261213    low        22.31 https://kite.zerodha.com/markets/ext/chart/web/tvc/NSE/IFCI/381697
10:00      LUMAXTECH    7.0        186365     high       15.07 https://kite.zerodha.com/markets/ext/chart/web/tvc/NSE/LUMAXTECH/3587585
10:04      SANGHIIND    166.0      202060     high       16.62 https://kite.zerodha.com/markets/ext/chart/web/tvc/NSE/SANGHIIND/767233
10:04      NUVAMA       7.0        134022     high       7.4   https://kite.zerodha.com/markets/ext/chart/web/tvc/NSE/NUVAMA/4792577
10:05      CLEAN        12.0       1065618    low        24.35 https://kite.zerodha.com/markets/ext/chart/web/tvc/NSE/CLEAN/1292545
10:05      HINDPETRO    22.0       3901102    high       6.62  https://kite.zerodha.com/markets/ext/chart/web/tvc/NSE/HINDPETRO/359937
10:08      RNBDENIMS    62.0       77145      high       18.47 https://kite.zerodha.com/markets/ext/chart/web/tvc/NSE/RNBDENIMS/194299137

10:16      VAIBHAVGBL   45.0       369287     low        21.53 https://kite.zerodha.com/markets/ext/chart/web/tvc/NSE/VAIBHAVGBL/2909185     NA:PNQ
10:25      BAJAJCON     29.0       977975     high       12.75 https://kite.zerodha.com/markets/ext/chart/web/tvc/NSE/BAJAJCON/4999937       NA:PNQ
10:26      AWHCL        19.0       67215      low        22.08 https://kite.zerodha.com/markets/ext/chart/web/tvc/NSE/AWHCL/460033           NA:PNQ
10:31      BECTORFOOD   46.0       106810     low        23.25 https://kite.zerodha.com/markets/ext/chart/web/tvc/NSE/BECTORFOOD/416769      NA:SS
10:31      SHILPAMED    35         60022      low        25.25 https://kite.zerodha.com/markets/ext/chart/web/tvc/NSE/SHILPAMED/4544513      NA:PNQ
10:31      MCX          4          476918     high       9.13  https://kite.zerodha.com/markets/ext/chart/web/tvc/NSE/MCX/7982337            NA:PNQ
10:32      THANGAMAYL   2          40873      high       4.9   https://kite.zerodha.com/markets/ext/chart/web/tvc/NSE/THANGAMAYL/4638209     NA:PNQ
10:33      STLTECH      91.0       2188258    low        25.11 https://kite.zerodha.com/markets/ext/chart/web/tvc/NSE/STLTECH/2383105        NA:PNQ
11:09      GAEL         78.0       412803     low        29.82 https://kite.zerodha.com/markets/ext/chart/web/tvc/NSE/GAEL/2259969           NA:PNQ
11:09      NORTHARC     43.0       1262858    low        33.8  https://kite.zerodha.com/markets/ext/chart/web/tvc/NSE/NORTHARC/6509057       NA:PNQ             short:loss
11:24      UTKARSHBNK   769.0      1434809    low        23.98 https://kite.zerodha.com/markets/ext/chart/web/tvc/NSE/UTKARSHBNK/4443649     NA:PNQ
11:55      HINDCOPPER   16.0       5504832    low        22.26 https://kite.zerodha.com/markets/ext/chart/web/tvc/NSE/HINDCOPPER/4592385     NA:PNQ
11:56      ASALCBR      11.0       33621      high       12.59 https://kite.zerodha.com/markets/ext/chart/web/tvc/NSE/ASALCBR/4505089        NA:LV
12:01      RAMCOSYS     20.0       43883      high       18.4  https://kite.zerodha.com/markets/ext/chart/web/tvc/NSE/RAMCOSYS/2009857       NA:LV
12:14      BANKIETF     166.0      362671     low        22.71 https://kite.zerodha.com/markets/ext/chart/web/tvc/NSE/BANKIETF/2825473       NA:LV
12:43      GODREJAGRO   18.0       304001     high       14.09 https://kite.zerodha.com/markets/ext/chart/web/tvc/NSE/GODREJAGRO/36865       NA:PNQ
13:17      HSCL         21.0       996126     high       14.76 https://kite.zerodha.com/markets/ext/chart/web/tvc/NSE/HSCL/3669505           NA:PNQ
13:21      SHARDACROP   9.0        676583     high       9.77  https://kite.zerodha.com/markets/ext/chart/web/tvc/NSE/SHARDACROP/1277953     NA:PNQ
13:24      MUFIN        90.0       317794     low        21.66 https://kite.zerodha.com/markets/ext/chart/web/tvc/NSE/MUFIN/5064449          NA:PNQ
13:40      MEDICO       200.0      179304     high       8.1   https://kite.zerodha.com/markets/ext/chart/web/tvc/NSE/MEDICO/2474753         NA:PNQ
13:40      AONELIQUID   9.0        24608      high       4.97  https://kite.zerodha.com/markets/ext/chart/web/tvc/NSE/AONELIQUID/7800833     NA:PNQ
13:57      AETHER       9.0        95906      high       17.18 https://kite.zerodha.com/markets/ext/chart/web/tvc/NSE/AETHER/2511361         NA:PNQ

