Time       Symbol       Quantity   VolCutoff  High/Low     %UC                              Link 
09:17      GANDHAR      64         148507     low        27.93 https://kite.zerodha.com/markets/ext/chart/web/tvc/NSE/GANDHAR/5197569      NA:PNQ
09:18      AWHCL        17.0       67215      high       17.98 https://kite.zerodha.com/markets/ext/chart/web/tvc/NSE/AWHCL/460033         NA:PNQ
09:18      DBOL         96.0       86772      high       11.54 https://kite.zerodha.com/markets/ext/chart/web/tvc/NSE/DBOL/2788609         NA:NE
09:18      LANDMARK     26         89323      high       12.72 https://kite.zerodha.com/markets/ext/chart/web/tvc/NSE/LANDMARK/3398657     NA:PNQ
09:18      SELAN        19         41715      low        21.69 https://kite.zerodha.com/markets/ext/chart/web/tvc/NSE/SELAN/3481089        NA:PNQ                long:PL
09:19      MCX          4          476918     high       6.27  https://kite.zerodha.com/markets/ext/chart/web/tvc/NSE/MCX/7982337          NA:PNQ
09:20      RMDRIP       97.0       42901      high       18.45 https://kite.zerodha.com/markets/ext/chart/web/tvc/NSE/RMDRIP/194005505     NA:LV
09:23      KARURVYSYA   35.0       1926256    high       14.89 https://kite.zerodha.com/markets/ext/chart/web/tvc/NSE/KARURVYSYA/470529    NA:PNQ(SAD)
09:23      HOMEFIRST    8.0        349393     high       13.88 https://kite.zerodha.com/markets/ext/chart/web/tvc/NSE/HOMEFIRST/526337     long:profit
09:24      IFBIND       8.0        93178      low        40.93 https://kite.zerodha.com/markets/ext/chart/web/tvc/NSE/IFBIND/380161        NA:PNQ                short:PS
09:24      DCBBANK      51.0       1414703    high       13.31 https://kite.zerodha.com/markets/ext/chart/web/tvc/NSE/DCBBANK/3513601      NA:PNQ
09:29      BALAMINES    8          43980      high       18.18 https://kite.zerodha.com/markets/ext/chart/web/tvc/NSE/BALAMINES/3712257    NA:PNQ
09:29      SANDUMA      47.0       207220     high       18.0  https://kite.zerodha.com/markets/ext/chart/web/tvc/NSE/SANDUMA/4699905      NA:PNQ
09:29      BAJAJCON     31.0       977975     high       18.16 https://kite.zerodha.com/markets/ext/chart/web/tvc/NSE/BAJAJCON/4999937     NA:PNQ
09:32      DREDGECORP   10.0       30442      high       18.28 https://kite.zerodha.com/markets/ext/chart/web/tvc/NSE/DREDGECORP/2885377   NA:PNQ
09:32      SBFC         109.0      1968642    low        34.51 https://kite.zerodha.com/markets/ext/chart/web/tvc/NSE/SBFC/4614657         NA:PNQ                 NA:NE
09:33      HINDCOPPER   17.0       5504832    high       16.73 https://kite.zerodha.com/markets/ext/chart/web/tvc/NSE/HINDCOPPER/4592385   NA:PNQ
09:33      AEGISVOPAK   46         642839     high       2.95  https://kite.zerodha.com/markets/ext/chart/web/tvc/NSE/AEGISVOPAK/193878017 NA:PNQ
09:34      GENESYS      32.0       147151     low        22.35 https://kite.zerodha.com/markets/ext/chart/web/tvc/NSE/GENESYS/2791681      NA:PNQ
09:34      APEX         34.0       401728     high       9.05  https://kite.zerodha.com/markets/ext/chart/web/tvc/NSE/APEX/5535489         NA:PNQ
09:35      WEBELSOLAR   129.0      221476     high       17.39 https://kite.zerodha.com/markets/ext/chart/web/tvc/NSE/WEBELSOLAR/3738113   NA:PNQ
09:35      PREMIERENE   13         985256     high       4.22  https://kite.zerodha.com/markets/ext/chart/web/tvc/NSE/PREMIERENE/6412545   NA:PNQ
09:36      HUDCO        50.0       3059774    high       9.16  https://kite.zerodha.com/markets/ext/chart/web/tvc/NSE/HUDCO/5331201        NA:PNQ
09:38      MMTC         151.0      898992     high       17.18 https://kite.zerodha.com/markets/ext/chart/web/tvc/NSE/MMTC/4596993         NA:PNQ
09:40      AGIIL        38.0       104124     high       17.37 https://kite.zerodha.com/markets/ext/chart/web/tvc/NSE/AGIIL/6257921        NA:PNQ

09:42      AXISBANK     7.0        6432717    high       5.62  https://kite.zerodha.com/markets/ext/chart/web/tvc/NSE/AXISBANK/1510401
09:42      MOM100       161.0      346672     low        21.82 https://kite.zerodha.com/markets/ext/chart/web/tvc/NSE/MOM100/5484289
09:44      RACLGEAR     9.0        31523      high       6.34  https://kite.zerodha.com/markets/ext/chart/web/tvc/NSE/RACLGEAR/6955777
09:44      KITEX        57.0       1090373    high       14.05 https://kite.zerodha.com/markets/ext/chart/web/tvc/NSE/KITEX/7398145
09:45      CAMS         14.0       340743     high       5.83  https://kite.zerodha.com/markets/ext/chart/web/tvc/NSE/CAMS/87553
09:48      KIRIINDUS    21.0       259710     high       18.37 https://kite.zerodha.com/markets/ext/chart/web/tvc/NSE/KIRIINDUS/4259585
09:49      TATAINVEST   16         95596      high       17.62 https://kite.zerodha.com/markets/ext/chart/web/tvc/NSE/TATAINVEST/414977
09:49      ULTRACEMCO   0          243018     high       6.92  https://kite.zerodha.com/markets/ext/chart/web/tvc/NSE/ULTRACEMCO/2952193
09:49      TARIL        42.0       1011859    high       18.17 https://kite.zerodha.com/markets/ext/chart/web/tvc/NSE/TARIL/3884545
09:51      DLF          16.0       2301295    high       8.44  https://kite.zerodha.com/markets/ext/chart/web/tvc/NSE/DLF/3771393
09:52      CHENNPETRO   11         1271429    high       15.76 https://kite.zerodha.com/markets/ext/chart/web/tvc/NSE/CHENNPETRO/524545
09:56      KIRLPNU      8.0        99909      high       15.66 https://kite.zerodha.com/markets/ext/chart/web/tvc/NSE/KIRLPNU/3886081
09:57      KALYANKJIL   26.0       5611625    high       9.3   https://kite.zerodha.com/markets/ext/chart/web/tvc/NSE/KALYANKJIL/756481
09:57      ATGL         18.0       582982     high       16.97 https://kite.zerodha.com/markets/ext/chart/web/tvc/NSE/ATGL/1552897
10:02      APLAPOLLO    4.0        639499     high       6.39  https://kite.zerodha.com/markets/ext/chart/web/tvc/NSE/APLAPOLLO/6599681
10:02      SCHNEIDER    15.0       114722     high       16.66 https://kite.zerodha.com/markets/ext/chart/web/tvc/NSE/SCHNEIDER/7995905
10:07      INDUSINDBK   11.0       3567205    high       11.16 https://kite.zerodha.com/markets/ext/chart/web/tvc/NSE/INDUSINDBK/1346049
10:09      GMRP&UI      95.0       1890173    high       17.13 https://kite.zerodha.com/markets/ext/chart/web/tvc/NSE/GMRP&UI/2183425
10:14      BANDHANBNK   66.0       4769818    high       9.97  https://kite.zerodha.com/markets/ext/chart/web/tvc/NSE/BANDHANBNK/579329

10:21      PTC          58.0       1385218    high       11.64 https://kite.zerodha.com/markets/ext/chart/web/tvc/NSE/PTC/2906881               NA:PNQ
10:30      ONESOURCE    7.0        142580     low        31.65 https://kite.zerodha.com/markets/ext/chart/web/tvc/NSE/ONESOURCE/7481345         NA:PNQ
10:32      ROUTE        17.0       82516      low        27.19 https://kite.zerodha.com/markets/ext/chart/web/tvc/NSE/ROUTE/32769               NA:PNQ
11:40      VLEGOV       714.0      253534     low        22.04 https://kite.zerodha.com/markets/ext/chart/web/tvc/NSE/VLEGOV/4611073            NA:LV
11:47      HGINFRA      16.0       82689      high       17.76 https://kite.zerodha.com/markets/ext/chart/web/tvc/NSE/HGINFRA/428033            NA:PNQ
11:51      RNBDENIMS    67.0       77145      high       13.86 https://kite.zerodha.com/markets/ext/chart/web/tvc/NSE/RNBDENIMS/194299137       NA:PNQ
12:00      SYNGENE      20.0       992534     low        21.7  https://kite.zerodha.com/markets/ext/chart/web/tvc/NSE/SYNGENE/2622209           NA:PNQ
12:10      RAYMONDLSL   10.0       243175     high       16.24 https://kite.zerodha.com/markets/ext/chart/web/tvc/NSE/RAYMONDLSL/6418689        NA:PNQ
12:23      KOTAKBANK    24.0       3474018    high       13.17 https://kite.zerodha.com/markets/ext/chart/web/tvc/NSE/KOTAKBANK/492033          NA:PNQ
12:38      JSWENERGY    22.0       2726042    low        21.85 https://kite.zerodha.com/markets/ext/chart/web/tvc/NSE/JSWENERGY/4574465         NA:PNQ
12:47      MARINE       54.0       204451     high       11.36 https://kite.zerodha.com/markets/ext/chart/web/tvc/NSE/MARINE/339969             NA:PNQ
12:49      KPRMILL      10.0       410503     high       11.84 https://kite.zerodha.com/markets/ext/chart/web/tvc/NSE/KPRMILL/3817473           NA:PNQ
13:10      ANANDRATHI   3.0        139390     low        29.94 https://kite.zerodha.com/markets/ext/chart/web/tvc/NSE/ANANDRATHI/1829121        NA:PNQ
