Time       Symbol       Quantity   VolCutoff  High/Low     %UC                              Link 
09:17      HAPPSTMNDS   23.0       324899     high       14.42 https://kite.zerodha.com/markets/ext/chart/web/tvc/NSE/HAPPSTMNDS/12289
09:17      HGINFRA      18.0       82689      high       10.7  https://kite.zerodha.com/markets/ext/chart/web/tvc/NSE/HGINFRA/428033
09:17      APOLLOPIPE   26.0       64020      low        23.32 https://kite.zerodha.com/markets/ext/chart/web/tvc/NSE/APOLLOPIPE/3676417
09:17      WEBELSOLAR   175.0      221476     high       15.22 https://kite.zerodha.com/markets/ext/chart/web/tvc/NSE/WEBELSOLAR/3738113
09:17      VPRPL        232.0      1206246    high       8.51  https://kite.zerodha.com/markets/ext/chart/web/tvc/NSE/VPRPL/4695297
09:17      EMSLIMITED   34.0       189812     high       7.79  https://kite.zerodha.com/markets/ext/chart/web/tvc/NSE/EMSLIMITED/4759809
09:17      BOROLTD      37.0       83895      high       15.77 https://kite.zerodha.com/markets/ext/chart/web/tvc/NSE/BOROLTD/4966657
09:18      JINDALSAW    55.0       1358289    high       11.69 https://kite.zerodha.com/markets/ext/chart/web/tvc/NSE/JINDALSAW/774145
09:18      AIIL         21.0       309578     low        26.07 https://kite.zerodha.com/markets/ext/chart/web/tvc/NSE/AIIL/6029569
09:18      AGIIL        31.0       104124     high       17.63 https://kite.zerodha.com/markets/ext/chart/web/tvc/NSE/AGIIL/6257921
09:19      ELECTCAST    136.0      1482085    high       4.25  https://kite.zerodha.com/markets/ext/chart/web/tvc/NSE/ELECTCAST/237569
09:19      TEJASNET     20.0       978254     high       4.58  https://kite.zerodha.com/markets/ext/chart/web/tvc/NSE/TEJASNET/5409537
09:19      SHAKTIPUMP   18         615247     high       7.87  https://kite.zerodha.com/markets/ext/chart/web/tvc/NSE/SHAKTIPUMP/6546945
09:20      RCF          78.0       2189909    low        21.61 https://kite.zerodha.com/markets/ext/chart/web/tvc/NSE/RCF/733697
09:21      ATGL         19.0       582982     high       8.66  https://kite.zerodha.com/markets/ext/chart/web/tvc/NSE/ATGL/1552897
09:21      OSWALPUMPS   30.0       757856     high       1.01  https://kite.zerodha.com/markets/ext/chart/web/tvc/NSE/OSWALPUMPS/193741313
09:24      ABSLAMC      9.0        302263     high       15.16 https://kite.zerodha.com/markets/ext/chart/web/tvc/NSE/ABSLAMC/1540609
09:24      CUPID        113.0      4993749    low        27.83 https://kite.zerodha.com/markets/ext/chart/web/tvc/NSE/CUPID/4741121
09:25      TTKPRESTIG   18.0       67222      high       7.0   https://kite.zerodha.com/markets/ext/chart/web/tvc/NSE/TTKPRESTIG/907777
09:25      RSYSTEMS     31.0       754757     low        24.61 https://kite.zerodha.com/markets/ext/chart/web/tvc/NSE/RSYSTEMS/3433985
09:25      JINDRILL     18.0       113338     low        21.62 https://kite.zerodha.com/markets/ext/chart/web/tvc/NSE/JINDRILL/3552001
09:26      KTKBANK      44.0       1009435    high       18.0  https://kite.zerodha.com/markets/ext/chart/web/tvc/NSE/KTKBANK/2061825
09:27      SANDUMA      48.0       207220     high       16.3  https://kite.zerodha.com/markets/ext/chart/web/tvc/NSE/SANDUMA/4699905
09:28      JAIBALAJI    151.0      1134619    high       12.02 https://kite.zerodha.com/markets/ext/chart/web/tvc/NSE/JAIBALAJI/2881537
09:30      SPMLINFRA    55.0       778841     high       8.78  https://kite.zerodha.com/markets/ext/chart/web/tvc/NSE/SPMLINFRA/850177
09:31      ROTO         166.0      244706     high       8.3   https://kite.zerodha.com/markets/ext/chart/web/tvc/NSE/ROTO/2316545
09:31      SYMPHONY     11.0       53478      high       14.99 https://kite.zerodha.com/markets/ext/chart/web/tvc/NSE/SYMPHONY/6192641
09:32      EIEL         61.0       2806407    high       5.21  https://kite.zerodha.com/markets/ext/chart/web/tvc/NSE/EIEL/6966529
09:33      GUJGASLTD    25.0       267541     high       13.73 https://kite.zerodha.com/markets/ext/chart/web/tvc/NSE/GUJGASLTD/2713345
09:34      IONEXCHANG   26.0       233994     high       11.62 https://kite.zerodha.com/markets/ext/chart/web/tvc/NSE/IONEXCHANG/417281
09:34      NFL          128.0      1837363    low        22.58 https://kite.zerodha.com/markets/ext/chart/web/tvc/NSE/NFL/3564801
09:35      PRINCEPIPE   36         303342     high       10.46 https://kite.zerodha.com/markets/ext/chart/web/tvc/NSE/PRINCEPIPE/4107521
09:36      RAMRAT       30.0       54304      low        29.72 https://kite.zerodha.com/markets/ext/chart/web/tvc/NSE/RAMRAT/2684161
09:37      WELCORP      11         490968     high       14.81 https://kite.zerodha.com/markets/ext/chart/web/tvc/NSE/WELCORP/3026177
09:40      J&KBANK      81.0       1766003    high       18.38 https://kite.zerodha.com/markets/ext/chart/web/tvc/NSE/J&KBANK/1442049
09:41      DREDGECORP   9          30442      high       16.14 https://kite.zerodha.com/markets/ext/chart/web/tvc/NSE/DREDGECORP/2885377
09:41      AVADHSUGAR   22.0       35999      high       15.38 https://kite.zerodha.com/markets/ext/chart/web/tvc/NSE/AVADHSUGAR/5479937
09:44      JINDALPOLY   11.0       249764     high       6.54  https://kite.zerodha.com/markets/ext/chart/web/tvc/NSE/JINDALPOLY/449537
09:44      STLTECH      53.0       2188258    high       6.28  https://kite.zerodha.com/markets/ext/chart/web/tvc/NSE/STLTECH/2383105
09:45      KANSAINER    51.0       453418     high       16.36 https://kite.zerodha.com/markets/ext/chart/web/tvc/NSE/KANSAINER/306177
09:48      KOTAKBANK    25         3474018    high       11.08 https://kite.zerodha.com/markets/ext/chart/web/tvc/NSE/KOTAKBANK/492033
09:48      DEEDEV       31         492404     high       9.68  https://kite.zerodha.com/markets/ext/chart/web/tvc/NSE/DEEDEV/6183425
09:49      CAMS         14.0       340743     high       8.5   https://kite.zerodha.com/markets/ext/chart/web/tvc/NSE/CAMS/87553
09:56      SCI          38.0       1621266    high       15.32 https://kite.zerodha.com/markets/ext/chart/web/tvc/NSE/SCI/780289
09:57      FACT         11.0       494234     high       13.53 https://kite.zerodha.com/markets/ext/chart/web/tvc/NSE/FACT/258049
09:57      SEPC         1666.0     7265976    high       12.01 https://kite.zerodha.com/markets/ext/chart/web/tvc/NSE/SEPC/3918849
09:58      WABAG        7.0        287539     high       10.82 https://kite.zerodha.com/markets/ext/chart/web/tvc/NSE/WABAG/5168129
10:01      LTFOODS      25.0       674050     high       15.52 https://kite.zerodha.com/markets/ext/chart/web/tvc/NSE/LTFOODS/3536897
10:01      NIBE         8          74202      high       6.01  https://kite.zerodha.com/markets/ext/chart/web/tvc/NSE/NIBE/7548673
10:04      BAJAJINDEF   36.0       37069      high       0.57  https://kite.zerodha.com/markets/ext/chart/web/tvc/NSE/BAJAJINDEF/7597569
10:05      AWHCL        19         67215      high       11.0  https://kite.zerodha.com/markets/ext/chart/web/tvc/NSE/AWHCL/460033
10:05      CEWATER      36.0       77240      high       6.56  https://kite.zerodha.com/markets/ext/chart/web/tvc/NSE/CEWATER/7363585
10:06      INDIANHUME   27.0       37987      high       4.36  https://kite.zerodha.com/markets/ext/chart/web/tvc/NSE/INDIANHUME/391681
10:07      MCX          3.0        476918     high       9.35  https://kite.zerodha.com/markets/ext/chart/web/tvc/NSE/MCX/7982337
10:09      SGIL         20.0       36833      low        25.26 https://kite.zerodha.com/markets/ext/chart/web/tvc/NSE/SGIL/1309185
10:11      HCC          625.0      3867847    high       17.38 https://kite.zerodha.com/markets/ext/chart/web/tvc/NSE/HCC/352001
10:13      POLICYBZR    6          1091821    high       7.86  https://kite.zerodha.com/markets/ext/chart/web/tvc/NSE/POLICYBZR/1703937
10:13      GODAVARIB    33.0       59277      low        21.85 https://kite.zerodha.com/markets/ext/chart/web/tvc/NSE/GODAVARIB/6640897
10:16      RRKABEL      6.0        114825     low        22.89 https://kite.zerodha.com/markets/ext/chart/web/tvc/NSE/RRKABEL/4752897
10:18      PHARMABEES   416.0      4239347    high       17.58 https://kite.zerodha.com/markets/ext/chart/web/tvc/NSE/PHARMABEES/1273089
10:21      ARVSMART     18         98688      high       17.98 https://kite.zerodha.com/markets/ext/chart/web/tvc/NSE/ARVSMART/2676993
10:28      SHILPAMED    28         60022      high       18.47 https://kite.zerodha.com/markets/ext/chart/web/tvc/NSE/SHILPAMED/4544513
10:32      JISLJALEQS   277.0      5965196    high       6.09  https://kite.zerodha.com/markets/ext/chart/web/tvc/NSE/JISLJALEQS/2661633
10:40      RATNAMANI    4.0        21058      high       11.93 https://kite.zerodha.com/markets/ext/chart/web/tvc/NSE/RATNAMANI/3443457
10:43      ADANIPOWER   70.0       4874342    high       18.23 https://kite.zerodha.com/markets/ext/chart/web/tvc/NSE/ADANIPOWER/4451329
10:49      STANLEY      60.0       43497      high       17.5  https://kite.zerodha.com/markets/ext/chart/web/tvc/NSE/STANLEY/6201857
11:03      CYIENTDLM    30         177865     high       11.89 https://kite.zerodha.com/markets/ext/chart/web/tvc/NSE/CYIENTDLM/4399873
11:18      TEMBO        18.0       60786      low        21.96 https://kite.zerodha.com/markets/ext/chart/web/tvc/NSE/TEMBO/838401
11:25      PRECWIRE     28.0       149019     low        23.64 https://kite.zerodha.com/markets/ext/chart/web/tvc/NSE/PRECWIRE/695553
11:27      AWL          53.0       1239765    high       16.21 https://kite.zerodha.com/markets/ext/chart/web/tvc/NSE/AWL/2076161
11:30      ISGEC        10.0       28744      high       14.81 https://kite.zerodha.com/markets/ext/chart/web/tvc/NSE/ISGEC/852225
12:00      FCL          434.0      240450     high       17.37 https://kite.zerodha.com/markets/ext/chart/web/tvc/NSE/FCL/1586689
12:02      AWFIS        35.0       376202     high       8.57  https://kite.zerodha.com/markets/ext/chart/web/tvc/NSE/AWFIS/6109185
12:23      PREMIERENE   12.0       985256     high       4.35  https://kite.zerodha.com/markets/ext/chart/web/tvc/NSE/PREMIERENE/6412545
12:29      SCHAEFFLER   2.0        59389      low        23.26 https://kite.zerodha.com/markets/ext/chart/web/tvc/NSE/SCHAEFFLER/258817
12:37      BIRLACORPN   11.0       147223     high       16.61 https://kite.zerodha.com/markets/ext/chart/web/tvc/NSE/BIRLACORPN/122881
12:40      BUTTERFLY    15.0       37536      high       10.68 https://kite.zerodha.com/markets/ext/chart/web/tvc/NSE/BUTTERFLY/695297
13:03      STOVEKRAFT   19         198149     high       12.01 https://kite.zerodha.com/markets/ext/chart/web/tvc/NSE/STOVEKRAFT/539393
13:35      CGCL         58         3948868    high       16.88 https://kite.zerodha.com/markets/ext/chart/web/tvc/NSE/CGCL/5204225
13:55      TICL         400.0      156728     high       2.64  https://kite.zerodha.com/markets/ext/chart/web/tvc/NSE/TICL/4992257
