Time       Symbol       Quantity   VolCutoff  High/Low     %UC                              Link 
09:16      DALMIASUG    26.0       87342      low        22.5  https://kite.zerodha.com/markets/ext/chart/web/tvc/NSE/DALMIASUG/199937
09:16      WEL          117.0      374268     high       4.9   https://kite.zerodha.com/markets/ext/chart/web/tvc/NSE/WEL/2005761
09:16      VMART        19.0       169437     high       11.22 https://kite.zerodha.com/markets/ext/chart/web/tvc/NSE/VMART/7496705
09:17      MAFANG       64.0       257991     high       0.0   https://kite.zerodha.com/markets/ext/chart/web/tvc/NSE/MAFANG/897793
09:17      RPSGVENT     10.0       49829      high       14.06 https://kite.zerodha.com/markets/ext/chart/web/tvc/NSE/RPSGVENT/2078465
09:17      CONFIPET     222.0      457415     high       18.16 https://kite.zerodha.com/markets/ext/chart/web/tvc/NSE/CONFIPET/2620929
09:17      WEBELSOLAR   135.0      221476     high       6.95  https://kite.zerodha.com/markets/ext/chart/web/tvc/NSE/WEBELSOLAR/3738113
09:18      V2RETAIL     54.0       86322      low        25.24 https://kite.zerodha.com/markets/ext/chart/web/tvc/NSE/V2RETAIL/3780097
09:18      ZAGGLE       44.0       743935     high       15.99 https://kite.zerodha.com/markets/ext/chart/web/tvc/NSE/ZAGGLE/4763649
09:23      INFOBEAN     69.0       201052     high       5.41  https://kite.zerodha.com/markets/ext/chart/web/tvc/NSE/INFOBEAN/2822913
09:23      AGIIL        33.0       104124     high       18.06 https://kite.zerodha.com/markets/ext/chart/web/tvc/NSE/AGIIL/6257921
09:29      LATENTVIEW   37.0       412770     high       16.81 https://kite.zerodha.com/markets/ext/chart/web/tvc/NSE/LATENTVIEW/1745409
09:30      GANECOS      9.0        51112      high       18.0  https://kite.zerodha.com/markets/ext/chart/web/tvc/NSE/GANECOS/1777665
09:30      METROPOLIS   23.0       61355      low        22.79 https://kite.zerodha.com/markets/ext/chart/web/tvc/NSE/METROPOLIS/2452737
09:32      TEJASNET     24.0       978254     high       11.92 https://kite.zerodha.com/markets/ext/chart/web/tvc/NSE/TEJASNET/5409537
09:34      HSCL         22         996126     low        23.55 https://kite.zerodha.com/markets/ext/chart/web/tvc/NSE/HSCL/3669505
09:39      GRSE         4.0        1117482    low        26.33 https://kite.zerodha.com/markets/ext/chart/web/tvc/NSE/GRSE/1401601
09:39      SEPC         2000.0     7265976    high       9.11  https://kite.zerodha.com/markets/ext/chart/web/tvc/NSE/SEPC/3918849
09:39      ADANIPOWER   64         4874342    high       12.22 https://kite.zerodha.com/markets/ext/chart/web/tvc/NSE/ADANIPOWER/4451329
10:06      TCI          10.0       21953      high       13.7  https://kite.zerodha.com/markets/ext/chart/web/tvc/NSE/TCI/2708481
10:07      PAGEIND      0          21557      high       8.32  https://kite.zerodha.com/markets/ext/chart/web/tvc/NSE/PAGEIND/3689729
10:08      SAPPHIRE     70.0       577814     low        31.96 https://kite.zerodha.com/markets/ext/chart/web/tvc/NSE/SAPPHIRE/1719809
10:08      RPOWER       476.0      15282667   low        25.92 https://kite.zerodha.com/markets/ext/chart/web/tvc/NSE/RPOWER/3906305
10:08      SANDUMA      56.0       207220     low        24.33 https://kite.zerodha.com/markets/ext/chart/web/tvc/NSE/SANDUMA/4699905
10:13      KOTAKBANK    28.0       3474018    high       12.46 https://kite.zerodha.com/markets/ext/chart/web/tvc/NSE/KOTAKBANK/492033
10:22      BANSALWIRE   38         87479      high       0.49  https://kite.zerodha.com/markets/ext/chart/web/tvc/NSE/BANSALWIRE/6242817
10:25      GUJALKALI    16         69397      high       9.31  https://kite.zerodha.com/markets/ext/chart/web/tvc/NSE/GUJALKALI/324353
11:02      SIGNATURE    13.0       290236     high       17.3  https://kite.zerodha.com/markets/ext/chart/web/tvc/NSE/SIGNATURE/4798209
11:10      TTML         277.0      772913     high       18.16 https://kite.zerodha.com/markets/ext/chart/web/tvc/NSE/TTML/2292225
11:17      RMDRIP       232.0      42901      high       0.0   https://kite.zerodha.com/markets/ext/chart/web/tvc/NSE/RMDRIP/194005505
11:29      TATSILV      454.0      6959738    low        21.7  https://kite.zerodha.com/markets/ext/chart/web/tvc/NSE/TATSILV/5485569
11:50      SHILPAMED    26.0       60022      high       18.44 https://kite.zerodha.com/markets/ext/chart/web/tvc/NSE/SHILPAMED/4544513
11:54      EMUDHRA      24.0       86339      high       17.59 https://kite.zerodha.com/markets/ext/chart/web/tvc/NSE/EMUDHRA/2497537
11:54      MCX          4.0        476918     high       12.69 https://kite.zerodha.com/markets/ext/chart/web/tvc/NSE/MCX/7982337
11:57      BLUESTARCO   6.0        436486     high       12.73 https://kite.zerodha.com/markets/ext/chart/web/tvc/NSE/BLUESTARCO/2127617
12:21      TATACHEM     15.0       826451     high       13.24 https://kite.zerodha.com/markets/ext/chart/web/tvc/NSE/TATACHEM/871681
12:27      STERTOOLS    50.0       105739     high       9.79  https://kite.zerodha.com/markets/ext/chart/web/tvc/NSE/STERTOOLS/1100545
12:32      SUVEN        64.0       138045     high       14.95 https://kite.zerodha.com/markets/ext/chart/web/tvc/NSE/SUVEN/2875649
12:46      HEXT         22.0       794964     high       18.35 https://kite.zerodha.com/markets/ext/chart/web/tvc/NSE/HEXT/7594497
13:17      APOLLOPIPE   22.0       64020      high       18.44 https://kite.zerodha.com/markets/ext/chart/web/tvc/NSE/APOLLOPIPE/3676417
13:26      CRISIL       2.0        34241      low        22.28 https://kite.zerodha.com/markets/ext/chart/web/tvc/NSE/CRISIL/193793
13:31      AKZOINDIA    3          34842      high       15.24 https://kite.zerodha.com/markets/ext/chart/web/tvc/NSE/AKZOINDIA/375553
13:36      ROSSARI      22.0       58958      high       9.82  https://kite.zerodha.com/markets/ext/chart/web/tvc/NSE/ROSSARI/4968961
13:44      AWHCL        23.0       67215      high       12.77 https://kite.zerodha.com/markets/ext/chart/web/tvc/NSE/AWHCL/460033
13:44      ANGELONE     41.0       965804     high       10.76 https://kite.zerodha.com/markets/ext/chart/web/tvc/NSE/ANGELONE/82945
13:50      GUJGASLTD    32.0       267541     low        23.54 https://kite.zerodha.com/markets/ext/chart/web/tvc/NSE/GUJGASLTD/2713345
13:55      BALAJITELE   120.0      113139     high       15.01 https://kite.zerodha.com/markets/ext/chart/web/tvc/NSE/BALAJITELE/2344449
13:58      HCC          666.0      3867847    high       18.24 https://kite.zerodha.com/markets/ext/chart/web/tvc/NSE/HCC/352001
