Time       Symbol       Volume     VolCutoff  Turnover     %UC                              Link 
09:17      KIRIINDUS    1966882    259710     282102.0   12.22 https://kite.zerodha.com/markets/ext/chart/web/tvc/NSE/KIRIINDUS/4259585       long:loss
09:17      BIGBLOC      140753     94505      2993.0     17.42 https://kite.zerodha.com/markets/ext/chart/web/tvc/NSE/BIGBLOC/4718337         NA:PNQ
09:17      MCL          574498     38313      8320.0     0.0   https://kite.zerodha.com/markets/ext/chart/web/tvc/NSE/MCL/5724161             NA:CTUC 
09:17      AGIIL        3783981    104124     14875.0    16.85 https://kite.zerodha.com/markets/ext/chart/web/tvc/NSE/AGIIL/6257921           NA:PNQ 
09:19      TARIL        1201562    1011859    72313.0    12.12 https://kite.zerodha.com/markets/ext/chart/web/tvc/NSE/TARIL/3884545           NA:PNQ
09:19      PANAMAPET    92331      50434      9586.0     7.25  https://kite.zerodha.com/markets/ext/chart/web/tvc/NSE/PANAMAPET/6500353       long:loss 
09:20      HINDCOPPER   6337157    5504832    447618.0   17.08 https://kite.zerodha.com/markets/ext/chart/web/tvc/NSE/HINDCOPPER/4592385      NA:PNQ
09:20      SANDUMA      224677     207220     9223.0     18.77 https://kite.zerodha.com/markets/ext/chart/web/tvc/NSE/SANDUMA/4699905         NA:PNQ
09:20      FILATFASH    37730788   34933596   2747.0     3.23  https://kite.zerodha.com/markets/ext/chart/web/tvc/NSE/FILATFASH/6053633       NA:LV
09:21      DREDGECORP   57135      30442      33973.0    16.67 https://kite.zerodha.com/markets/ext/chart/web/tvc/NSE/DREDGECORP/2885377      NA:PNQ 
09:23      RMDRIP       222350     42901      2483.0     18.96 https://kite.zerodha.com/markets/ext/chart/web/tvc/NSE/RMDRIP/194005505        NA:LV
09:24      VGUARD       365582     269246     10648.0    13.48 https://kite.zerodha.com/markets/ext/chart/web/tvc/NSE/VGUARD/3932673          long:loss
09:24      MSCIINDIA    150645     45717      4678.0     18.84 https://kite.zerodha.com/markets/ext/chart/web/tvc/NSE/MSCIINDIA/7618049       NA:LV
09:26      KHADIM       70015      54986      1031.0     12.36 https://kite.zerodha.com/markets/ext/chart/web/tvc/NSE/KHADIM/108801           NA:LV
09:28      HFCL         13234804   12489220   127731.0   15.39 https://kite.zerodha.com/markets/ext/chart/web/tvc/NSE/HFCL/5619457            NA:PNQ
09:35      PRECWIRE     159742     149019     3569.0     17.47 https://kite.zerodha.com/markets/ext/chart/web/tvc/NSE/PRECWIRE/695553         NA:PNQ
09:35      LUMAXTECH    189343     186365     7550.0     13.96 https://kite.zerodha.com/markets/ext/chart/web/tvc/NSE/LUMAXTECH/3587585       NA:PNQ
09:36      VPRPL        2717107    1206246    6074.0     18.89 https://kite.zerodha.com/markets/ext/chart/web/tvc/NSE/VPRPL/4695297           NA:PNQ 
09:40      MRPL         3531603    3507707    40579.0    18.89 https://kite.zerodha.com/markets/ext/chart/web/tvc/NSE/MRPL/584449             NA:PNQ

09:41      NDTV         84830      78365      1862.0     17.64 https://kite.zerodha.com/markets/ext/chart/web/tvc/NSE/NDTV/2925313            
09:45      ATGL         643749     582982     142337.0   11.12 https://kite.zerodha.com/markets/ext/chart/web/tvc/NSE/ATGL/1552897
09:47      HCC          5360098    3867847    1243.0     18.95 https://kite.zerodha.com/markets/ext/chart/web/tvc/NSE/HCC/352001
09:47      ADANIPOWER   5711247    4874342    163216.0   14.6  https://kite.zerodha.com/markets/ext/chart/web/tvc/NSE/ADANIPOWER/4451329
09:51      PICCADIL     307243     243989     17736.0    10.51 https://kite.zerodha.com/markets/ext/chart/web/tvc/NSE/PICCADIL/193985025
09:52      IIFLCAPS     460411     457126     4553.0     16.19 https://kite.zerodha.com/markets/ext/chart/web/tvc/NSE/IIFLCAPS/3346433
09:53      SUNTV        280781     266915     1854.0     18.25 https://kite.zerodha.com/markets/ext/chart/web/tvc/NSE/SUNTV/3431425
09:56      VENKEYS      53279      53148      3040.0     14.56 https://kite.zerodha.com/markets/ext/chart/web/tvc/NSE/VENKEYS/961793
10:04      IDEA         621870483  617517788  51571.0    4.41  https://kite.zerodha.com/markets/ext/chart/web/tvc/NSE/IDEA/3677697
10:07      BAJAJINDEF   41905      37069      2843.0     10.28 https://kite.zerodha.com/markets/ext/chart/web/tvc/NSE/BAJAJINDEF/7597569
10:13      ARMANFIN     52615      26521      1536.0     18.39 https://kite.zerodha.com/markets/ext/chart/web/tvc/NSE/ARMANFIN/4419329
10:14      MAHABANK     6516322    6507294    4157.0     18.49 https://kite.zerodha.com/markets/ext/chart/web/tvc/NSE/MAHABANK/2912513
 
10:17      FISCHER      926890     555545     22075.0    0.0   https://kite.zerodha.com/markets/ext/chart/web/tvc/NSE/FISCHER/193960449      NA:LV
10:18      UNIVCABLES   51908      48373      5308.0     15.22 https://kite.zerodha.com/markets/ext/chart/web/tvc/NSE/UNIVCABLES/923393      long:profit 
10:28      GODAVARIB    98989      59277      2116.0     14.33 https://kite.zerodha.com/markets/ext/chart/web/tvc/NSE/GODAVARIB/6640897      NA:LV
10:39      INDIGOPNTS   66774      41848      7884.0     14.0  https://kite.zerodha.com/markets/ext/chart/web/tvc/NSE/INDIGOPNTS/524289      NA:NE
10:50      SUNTECK      709257     408888     24266.0    10.91 https://kite.zerodha.com/markets/ext/chart/web/tvc/NSE/SUNTECK/4516097        long:loss
11:02      SSWL         277770     262015     12035.0    12.29 https://kite.zerodha.com/markets/ext/chart/web/tvc/NSE/SSWL/3028225           long:loss
11:02      QPOWER       1393774    961297     79350.0    8.13  https://kite.zerodha.com/markets/ext/chart/web/tvc/NSE/QPOWER/7606017         long:profit
11:06      VLSFINANCE   60773      22560      2314.0     17.42 https://kite.zerodha.com/markets/ext/chart/web/tvc/NSE/VLSFINANCE/951041      NA:LV 
11:12      KROSS        5053518    3129054    32628.0    6.84  https://kite.zerodha.com/markets/ext/chart/web/tvc/NSE/KROSS/6464513          ----
11:23      AETHER       116024     95906      11406.0    13.79 https://kite.zerodha.com/markets/ext/chart/web/tvc/NSE/AETHER/2511361         long:loss
11:23      ORIENTCER    202718     79600      1969.0     10.99 https://kite.zerodha.com/markets/ext/chart/web/tvc/NSE/ORIENTCER/3356417      NA:PNQ
11:38      SHAKTIPUMP   1265392    615247     18629.0    16.76 https://kite.zerodha.com/markets/ext/chart/web/tvc/NSE/SHAKTIPUMP/6546945     NA:PNQ
11:46      SUBEXLTD     1029321    556860     3529.0     15.29 https://kite.zerodha.com/markets/ext/chart/web/tvc/NSE/SUBEXLTD/247553        NA:LV
11:54      BECTORFOOD   198558     106810     30964.0    14.77 https://kite.zerodha.com/markets/ext/chart/web/tvc/NSE/BECTORFOOD/416769      NA:PNQ
11:55      AJANTPHARM   115644     94986      14868.0    14.73 https://kite.zerodha.com/markets/ext/chart/web/tvc/NSE/AJANTPHARM/2079745     long:profit
11:56      INDOSTAR     274297     150492     4750.0     9.43  https://kite.zerodha.com/markets/ext/chart/web/tvc/NSE/INDOSTAR/790529        long:loss
12:00      JKTYRE       1224651    597055     15203.0    16.61 https://kite.zerodha.com/markets/ext/chart/web/tvc/NSE/JKTYRE/3695361         NA:PNQ
12:12      GRAPHITE     2197387    666474     95967.0    16.73 https://kite.zerodha.com/markets/ext/chart/web/tvc/NSE/GRAPHITE/151553        NA:PNQ
12:36      ORIENTHOT    344299     257642     6090.0     10.7  https://kite.zerodha.com/markets/ext/chart/web/tvc/NSE/ORIENTHOT/638209       NA:LV
12:50      ALMONDZ      385152     204625     1724.0     11.2  https://kite.zerodha.com/markets/ext/chart/web/tvc/NSE/ALMONDZ/4280065        NA:LV
12:55      KARURVYSYA   2166372    1926256    30481.0    16.38 https://kite.zerodha.com/markets/ext/chart/web/tvc/NSE/KARURVYSYA/470529      NA:LV 
12:59      ATULAUTO     1017582    802846     16224.0    12.22 https://kite.zerodha.com/markets/ext/chart/web/tvc/NSE/ATULAUTO/7685889       long:profit
13:11      ENTERO       141237     82885      3749.0     13.22 https://kite.zerodha.com/markets/ext/chart/web/tvc/NSE/ENTERO/5815553         long:profit
13:23      AROGRANITE   61010      39019      1121.0     8.87  https://kite.zerodha.com/markets/ext/chart/web/tvc/NSE/AROGRANITE/3726593     NA:LV
13:26      FINCABLES    377999     234736     12265.0    15.15 https://kite.zerodha.com/markets/ext/chart/web/tvc/NSE/FINCABLES/265729       NA:PNQ
13:27      INDOWIND     1229217    165024     1784.0     12.05 https://kite.zerodha.com/markets/ext/chart/web/tvc/NSE/INDOWIND/3827713       NA:LV

